[2025-07-06T20:14:55.988+0000] {processor.py:186} INFO - Started process (PID=68) to work on /opt/airflow/dags/clientes_sisdat_etl_dag.py
[2025-07-06T20:14:55.989+0000] {processor.py:914} INFO - Processing file /opt/airflow/dags/clientes_sisdat_etl_dag.py for tasks to queue
[2025-07-06T20:14:55.992+0000] {logging_mixin.py:190} INFO - [2025-07-06T20:14:55.992+0000] {dagbag.py:588} INFO - Filling up the DagBag from /opt/airflow/dags/clientes_sisdat_etl_dag.py
[2025-07-06T20:14:57.027+0000] {logging_mixin.py:190} INFO - [2025-07-06T20:14:57.019+0000] {dagbag.py:387} ERROR - Failed to import: /opt/airflow/dags/clientes_sisdat_etl_dag.py
Traceback (most recent call last):
  File "/home/airflow/.local/lib/python3.12/site-packages/airflow/models/dagbag.py", line 383, in parse
    loader.exec_module(new_module)
  File "<frozen importlib._bootstrap_external>", line 999, in exec_module
  File "<frozen importlib._bootstrap>", line 488, in _call_with_frames_removed
  File "/opt/airflow/dags/clientes_sisdat_etl_dag.py", line 12, in <module>
    from utilities import construir_columna_fecha, obtener_cliente_db
  File "/opt/airflow/utils/utilities.py", line 3, in <module>
    from pymongo.mongo_client import MongoClient
ModuleNotFoundError: No module named 'pymongo'
[2025-07-06T20:14:57.029+0000] {processor.py:927} WARNING - No viable dags retrieved from /opt/airflow/dags/clientes_sisdat_etl_dag.py
[2025-07-06T20:14:57.108+0000] {processor.py:208} INFO - Processing /opt/airflow/dags/clientes_sisdat_etl_dag.py took 1.126 seconds
[2025-07-06T20:15:27.509+0000] {processor.py:186} INFO - Started process (PID=86) to work on /opt/airflow/dags/clientes_sisdat_etl_dag.py
[2025-07-06T20:15:27.510+0000] {processor.py:914} INFO - Processing file /opt/airflow/dags/clientes_sisdat_etl_dag.py for tasks to queue
[2025-07-06T20:15:27.513+0000] {logging_mixin.py:190} INFO - [2025-07-06T20:15:27.512+0000] {dagbag.py:588} INFO - Filling up the DagBag from /opt/airflow/dags/clientes_sisdat_etl_dag.py
[2025-07-06T20:15:27.992+0000] {logging_mixin.py:190} INFO - [2025-07-06T20:15:27.986+0000] {dagbag.py:387} ERROR - Failed to import: /opt/airflow/dags/clientes_sisdat_etl_dag.py
Traceback (most recent call last):
  File "/home/airflow/.local/lib/python3.12/site-packages/airflow/models/dagbag.py", line 383, in parse
    loader.exec_module(new_module)
  File "<frozen importlib._bootstrap_external>", line 999, in exec_module
  File "<frozen importlib._bootstrap>", line 488, in _call_with_frames_removed
  File "/opt/airflow/dags/clientes_sisdat_etl_dag.py", line 12, in <module>
    from utilities import construir_columna_fecha, obtener_cliente_db
  File "/opt/airflow/utils/utilities.py", line 3, in <module>
    from pymongo.mongo_client import MongoClient
ModuleNotFoundError: No module named 'pymongo'
[2025-07-06T20:15:27.993+0000] {processor.py:927} WARNING - No viable dags retrieved from /opt/airflow/dags/clientes_sisdat_etl_dag.py
[2025-07-06T20:15:28.011+0000] {processor.py:208} INFO - Processing /opt/airflow/dags/clientes_sisdat_etl_dag.py took 0.509 seconds
[2025-07-06T20:15:58.222+0000] {processor.py:186} INFO - Started process (PID=104) to work on /opt/airflow/dags/clientes_sisdat_etl_dag.py
[2025-07-06T20:15:58.223+0000] {processor.py:914} INFO - Processing file /opt/airflow/dags/clientes_sisdat_etl_dag.py for tasks to queue
[2025-07-06T20:15:58.225+0000] {logging_mixin.py:190} INFO - [2025-07-06T20:15:58.225+0000] {dagbag.py:588} INFO - Filling up the DagBag from /opt/airflow/dags/clientes_sisdat_etl_dag.py
[2025-07-06T20:15:58.652+0000] {logging_mixin.py:190} INFO - [2025-07-06T20:15:58.647+0000] {dagbag.py:387} ERROR - Failed to import: /opt/airflow/dags/clientes_sisdat_etl_dag.py
Traceback (most recent call last):
  File "/home/airflow/.local/lib/python3.12/site-packages/airflow/models/dagbag.py", line 383, in parse
    loader.exec_module(new_module)
  File "<frozen importlib._bootstrap_external>", line 999, in exec_module
  File "<frozen importlib._bootstrap>", line 488, in _call_with_frames_removed
  File "/opt/airflow/dags/clientes_sisdat_etl_dag.py", line 12, in <module>
    from utilities import construir_columna_fecha, obtener_cliente_db
  File "/opt/airflow/utils/utilities.py", line 3, in <module>
    from pymongo.mongo_client import MongoClient
ModuleNotFoundError: No module named 'pymongo'
[2025-07-06T20:15:58.654+0000] {processor.py:927} WARNING - No viable dags retrieved from /opt/airflow/dags/clientes_sisdat_etl_dag.py
[2025-07-06T20:15:58.671+0000] {processor.py:208} INFO - Processing /opt/airflow/dags/clientes_sisdat_etl_dag.py took 0.455 seconds
[2025-07-06T20:16:28.941+0000] {processor.py:186} INFO - Started process (PID=122) to work on /opt/airflow/dags/clientes_sisdat_etl_dag.py
[2025-07-06T20:16:28.942+0000] {processor.py:914} INFO - Processing file /opt/airflow/dags/clientes_sisdat_etl_dag.py for tasks to queue
[2025-07-06T20:16:28.945+0000] {logging_mixin.py:190} INFO - [2025-07-06T20:16:28.944+0000] {dagbag.py:588} INFO - Filling up the DagBag from /opt/airflow/dags/clientes_sisdat_etl_dag.py
[2025-07-06T20:16:29.374+0000] {logging_mixin.py:190} INFO - [2025-07-06T20:16:29.369+0000] {dagbag.py:387} ERROR - Failed to import: /opt/airflow/dags/clientes_sisdat_etl_dag.py
Traceback (most recent call last):
  File "/home/airflow/.local/lib/python3.12/site-packages/airflow/models/dagbag.py", line 383, in parse
    loader.exec_module(new_module)
  File "<frozen importlib._bootstrap_external>", line 999, in exec_module
  File "<frozen importlib._bootstrap>", line 488, in _call_with_frames_removed
  File "/opt/airflow/dags/clientes_sisdat_etl_dag.py", line 12, in <module>
    from utilities import construir_columna_fecha, obtener_cliente_db
  File "/opt/airflow/utils/utilities.py", line 3, in <module>
    from pymongo.mongo_client import MongoClient
ModuleNotFoundError: No module named 'pymongo'
[2025-07-06T20:16:29.375+0000] {processor.py:927} WARNING - No viable dags retrieved from /opt/airflow/dags/clientes_sisdat_etl_dag.py
[2025-07-06T20:16:29.395+0000] {processor.py:208} INFO - Processing /opt/airflow/dags/clientes_sisdat_etl_dag.py took 0.460 seconds
[2025-07-06T20:16:59.753+0000] {processor.py:186} INFO - Started process (PID=140) to work on /opt/airflow/dags/clientes_sisdat_etl_dag.py
[2025-07-06T20:16:59.755+0000] {processor.py:914} INFO - Processing file /opt/airflow/dags/clientes_sisdat_etl_dag.py for tasks to queue
[2025-07-06T20:16:59.757+0000] {logging_mixin.py:190} INFO - [2025-07-06T20:16:59.757+0000] {dagbag.py:588} INFO - Filling up the DagBag from /opt/airflow/dags/clientes_sisdat_etl_dag.py
[2025-07-06T20:17:00.284+0000] {logging_mixin.py:190} INFO - [2025-07-06T20:17:00.279+0000] {dagbag.py:387} ERROR - Failed to import: /opt/airflow/dags/clientes_sisdat_etl_dag.py
Traceback (most recent call last):
  File "/home/airflow/.local/lib/python3.12/site-packages/airflow/models/dagbag.py", line 383, in parse
    loader.exec_module(new_module)
  File "<frozen importlib._bootstrap_external>", line 999, in exec_module
  File "<frozen importlib._bootstrap>", line 488, in _call_with_frames_removed
  File "/opt/airflow/dags/clientes_sisdat_etl_dag.py", line 12, in <module>
    from utilities import construir_columna_fecha, obtener_cliente_db
  File "/opt/airflow/utils/utilities.py", line 3, in <module>
    from pymongo.mongo_client import MongoClient
ModuleNotFoundError: No module named 'pymongo'
[2025-07-06T20:17:00.285+0000] {processor.py:927} WARNING - No viable dags retrieved from /opt/airflow/dags/clientes_sisdat_etl_dag.py
[2025-07-06T20:17:00.301+0000] {processor.py:208} INFO - Processing /opt/airflow/dags/clientes_sisdat_etl_dag.py took 0.555 seconds
[2025-07-06T20:17:30.622+0000] {processor.py:186} INFO - Started process (PID=158) to work on /opt/airflow/dags/clientes_sisdat_etl_dag.py
[2025-07-06T20:17:30.623+0000] {processor.py:914} INFO - Processing file /opt/airflow/dags/clientes_sisdat_etl_dag.py for tasks to queue
[2025-07-06T20:17:30.626+0000] {logging_mixin.py:190} INFO - [2025-07-06T20:17:30.625+0000] {dagbag.py:588} INFO - Filling up the DagBag from /opt/airflow/dags/clientes_sisdat_etl_dag.py
[2025-07-06T20:17:31.044+0000] {logging_mixin.py:190} INFO - [2025-07-06T20:17:31.039+0000] {dagbag.py:387} ERROR - Failed to import: /opt/airflow/dags/clientes_sisdat_etl_dag.py
Traceback (most recent call last):
  File "/home/airflow/.local/lib/python3.12/site-packages/airflow/models/dagbag.py", line 383, in parse
    loader.exec_module(new_module)
  File "<frozen importlib._bootstrap_external>", line 999, in exec_module
  File "<frozen importlib._bootstrap>", line 488, in _call_with_frames_removed
  File "/opt/airflow/dags/clientes_sisdat_etl_dag.py", line 12, in <module>
    from utilities import construir_columna_fecha, obtener_cliente_db
  File "/opt/airflow/utils/utilities.py", line 3, in <module>
    from pymongo.mongo_client import MongoClient
ModuleNotFoundError: No module named 'pymongo'
[2025-07-06T20:17:31.045+0000] {processor.py:927} WARNING - No viable dags retrieved from /opt/airflow/dags/clientes_sisdat_etl_dag.py
[2025-07-06T20:17:31.064+0000] {processor.py:208} INFO - Processing /opt/airflow/dags/clientes_sisdat_etl_dag.py took 0.448 seconds
[2025-07-06T20:18:01.410+0000] {processor.py:186} INFO - Started process (PID=176) to work on /opt/airflow/dags/clientes_sisdat_etl_dag.py
[2025-07-06T20:18:01.411+0000] {processor.py:914} INFO - Processing file /opt/airflow/dags/clientes_sisdat_etl_dag.py for tasks to queue
[2025-07-06T20:18:01.413+0000] {logging_mixin.py:190} INFO - [2025-07-06T20:18:01.413+0000] {dagbag.py:588} INFO - Filling up the DagBag from /opt/airflow/dags/clientes_sisdat_etl_dag.py
[2025-07-06T20:18:01.855+0000] {logging_mixin.py:190} INFO - [2025-07-06T20:18:01.850+0000] {dagbag.py:387} ERROR - Failed to import: /opt/airflow/dags/clientes_sisdat_etl_dag.py
Traceback (most recent call last):
  File "/home/airflow/.local/lib/python3.12/site-packages/airflow/models/dagbag.py", line 383, in parse
    loader.exec_module(new_module)
  File "<frozen importlib._bootstrap_external>", line 999, in exec_module
  File "<frozen importlib._bootstrap>", line 488, in _call_with_frames_removed
  File "/opt/airflow/dags/clientes_sisdat_etl_dag.py", line 12, in <module>
    from utilities import construir_columna_fecha, obtener_cliente_db
  File "/opt/airflow/utils/utilities.py", line 3, in <module>
    from pymongo.mongo_client import MongoClient
ModuleNotFoundError: No module named 'pymongo'
[2025-07-06T20:18:01.857+0000] {processor.py:927} WARNING - No viable dags retrieved from /opt/airflow/dags/clientes_sisdat_etl_dag.py
[2025-07-06T20:18:01.874+0000] {processor.py:208} INFO - Processing /opt/airflow/dags/clientes_sisdat_etl_dag.py took 0.470 seconds
[2025-07-06T20:18:32.162+0000] {processor.py:186} INFO - Started process (PID=194) to work on /opt/airflow/dags/clientes_sisdat_etl_dag.py
[2025-07-06T20:18:32.163+0000] {processor.py:914} INFO - Processing file /opt/airflow/dags/clientes_sisdat_etl_dag.py for tasks to queue
[2025-07-06T20:18:32.165+0000] {logging_mixin.py:190} INFO - [2025-07-06T20:18:32.165+0000] {dagbag.py:588} INFO - Filling up the DagBag from /opt/airflow/dags/clientes_sisdat_etl_dag.py
[2025-07-06T20:18:32.584+0000] {logging_mixin.py:190} INFO - [2025-07-06T20:18:32.580+0000] {dagbag.py:387} ERROR - Failed to import: /opt/airflow/dags/clientes_sisdat_etl_dag.py
Traceback (most recent call last):
  File "/home/airflow/.local/lib/python3.12/site-packages/airflow/models/dagbag.py", line 383, in parse
    loader.exec_module(new_module)
  File "<frozen importlib._bootstrap_external>", line 999, in exec_module
  File "<frozen importlib._bootstrap>", line 488, in _call_with_frames_removed
  File "/opt/airflow/dags/clientes_sisdat_etl_dag.py", line 12, in <module>
    from utilities import construir_columna_fecha, obtener_cliente_db
  File "/opt/airflow/utils/utilities.py", line 3, in <module>
    from pymongo.mongo_client import MongoClient
ModuleNotFoundError: No module named 'pymongo'
[2025-07-06T20:18:32.585+0000] {processor.py:927} WARNING - No viable dags retrieved from /opt/airflow/dags/clientes_sisdat_etl_dag.py
[2025-07-06T20:18:32.605+0000] {processor.py:208} INFO - Processing /opt/airflow/dags/clientes_sisdat_etl_dag.py took 0.448 seconds
[2025-07-06T20:19:02.955+0000] {processor.py:186} INFO - Started process (PID=212) to work on /opt/airflow/dags/clientes_sisdat_etl_dag.py
[2025-07-06T20:19:02.956+0000] {processor.py:914} INFO - Processing file /opt/airflow/dags/clientes_sisdat_etl_dag.py for tasks to queue
[2025-07-06T20:19:02.959+0000] {logging_mixin.py:190} INFO - [2025-07-06T20:19:02.958+0000] {dagbag.py:588} INFO - Filling up the DagBag from /opt/airflow/dags/clientes_sisdat_etl_dag.py
[2025-07-06T20:19:03.377+0000] {logging_mixin.py:190} INFO - [2025-07-06T20:19:03.372+0000] {dagbag.py:387} ERROR - Failed to import: /opt/airflow/dags/clientes_sisdat_etl_dag.py
Traceback (most recent call last):
  File "/home/airflow/.local/lib/python3.12/site-packages/airflow/models/dagbag.py", line 383, in parse
    loader.exec_module(new_module)
  File "<frozen importlib._bootstrap_external>", line 999, in exec_module
  File "<frozen importlib._bootstrap>", line 488, in _call_with_frames_removed
  File "/opt/airflow/dags/clientes_sisdat_etl_dag.py", line 12, in <module>
    from utilities import construir_columna_fecha, obtener_cliente_db
  File "/opt/airflow/utils/utilities.py", line 3, in <module>
    from pymongo.mongo_client import MongoClient
ModuleNotFoundError: No module named 'pymongo'
[2025-07-06T20:19:03.378+0000] {processor.py:927} WARNING - No viable dags retrieved from /opt/airflow/dags/clientes_sisdat_etl_dag.py
[2025-07-06T20:19:03.395+0000] {processor.py:208} INFO - Processing /opt/airflow/dags/clientes_sisdat_etl_dag.py took 0.446 seconds
[2025-07-06T20:19:34.216+0000] {processor.py:186} INFO - Started process (PID=230) to work on /opt/airflow/dags/clientes_sisdat_etl_dag.py
[2025-07-06T20:19:34.217+0000] {processor.py:914} INFO - Processing file /opt/airflow/dags/clientes_sisdat_etl_dag.py for tasks to queue
[2025-07-06T20:19:34.219+0000] {logging_mixin.py:190} INFO - [2025-07-06T20:19:34.219+0000] {dagbag.py:588} INFO - Filling up the DagBag from /opt/airflow/dags/clientes_sisdat_etl_dag.py
[2025-07-06T20:19:34.805+0000] {logging_mixin.py:190} INFO - [2025-07-06T20:19:34.798+0000] {dagbag.py:387} ERROR - Failed to import: /opt/airflow/dags/clientes_sisdat_etl_dag.py
Traceback (most recent call last):
  File "/home/airflow/.local/lib/python3.12/site-packages/airflow/models/dagbag.py", line 383, in parse
    loader.exec_module(new_module)
  File "<frozen importlib._bootstrap_external>", line 999, in exec_module
  File "<frozen importlib._bootstrap>", line 488, in _call_with_frames_removed
  File "/opt/airflow/dags/clientes_sisdat_etl_dag.py", line 12, in <module>
    from utilities import construir_columna_fecha, obtener_cliente_db
  File "/opt/airflow/utils/utilities.py", line 3, in <module>
    from pymongo.mongo_client import MongoClient
ModuleNotFoundError: No module named 'pymongo'
[2025-07-06T20:19:34.807+0000] {processor.py:927} WARNING - No viable dags retrieved from /opt/airflow/dags/clientes_sisdat_etl_dag.py
[2025-07-06T20:19:34.832+0000] {processor.py:208} INFO - Processing /opt/airflow/dags/clientes_sisdat_etl_dag.py took 0.624 seconds
[2025-07-06T20:20:04.904+0000] {processor.py:186} INFO - Started process (PID=248) to work on /opt/airflow/dags/clientes_sisdat_etl_dag.py
[2025-07-06T20:20:04.905+0000] {processor.py:914} INFO - Processing file /opt/airflow/dags/clientes_sisdat_etl_dag.py for tasks to queue
[2025-07-06T20:20:04.907+0000] {logging_mixin.py:190} INFO - [2025-07-06T20:20:04.906+0000] {dagbag.py:588} INFO - Filling up the DagBag from /opt/airflow/dags/clientes_sisdat_etl_dag.py
[2025-07-06T20:20:05.318+0000] {logging_mixin.py:190} INFO - [2025-07-06T20:20:05.313+0000] {dagbag.py:387} ERROR - Failed to import: /opt/airflow/dags/clientes_sisdat_etl_dag.py
Traceback (most recent call last):
  File "/home/airflow/.local/lib/python3.12/site-packages/airflow/models/dagbag.py", line 383, in parse
    loader.exec_module(new_module)
  File "<frozen importlib._bootstrap_external>", line 999, in exec_module
  File "<frozen importlib._bootstrap>", line 488, in _call_with_frames_removed
  File "/opt/airflow/dags/clientes_sisdat_etl_dag.py", line 12, in <module>
    from utilities import construir_columna_fecha, obtener_cliente_db
  File "/opt/airflow/utils/utilities.py", line 3, in <module>
    from pymongo.mongo_client import MongoClient
ModuleNotFoundError: No module named 'pymongo'
[2025-07-06T20:20:05.319+0000] {processor.py:927} WARNING - No viable dags retrieved from /opt/airflow/dags/clientes_sisdat_etl_dag.py
[2025-07-06T20:20:05.338+0000] {processor.py:208} INFO - Processing /opt/airflow/dags/clientes_sisdat_etl_dag.py took 0.440 seconds
[2025-07-06T20:20:35.648+0000] {processor.py:186} INFO - Started process (PID=265) to work on /opt/airflow/dags/clientes_sisdat_etl_dag.py
[2025-07-06T20:20:35.649+0000] {processor.py:914} INFO - Processing file /opt/airflow/dags/clientes_sisdat_etl_dag.py for tasks to queue
[2025-07-06T20:20:35.651+0000] {logging_mixin.py:190} INFO - [2025-07-06T20:20:35.650+0000] {dagbag.py:588} INFO - Filling up the DagBag from /opt/airflow/dags/clientes_sisdat_etl_dag.py
[2025-07-06T20:20:36.166+0000] {logging_mixin.py:190} INFO - [2025-07-06T20:20:36.161+0000] {dagbag.py:387} ERROR - Failed to import: /opt/airflow/dags/clientes_sisdat_etl_dag.py
Traceback (most recent call last):
  File "/home/airflow/.local/lib/python3.12/site-packages/airflow/models/dagbag.py", line 383, in parse
    loader.exec_module(new_module)
  File "<frozen importlib._bootstrap_external>", line 999, in exec_module
  File "<frozen importlib._bootstrap>", line 488, in _call_with_frames_removed
  File "/opt/airflow/dags/clientes_sisdat_etl_dag.py", line 12, in <module>
    from utilities import construir_columna_fecha, obtener_cliente_db
  File "/opt/airflow/utils/utilities.py", line 3, in <module>
    from pymongo.mongo_client import MongoClient
ModuleNotFoundError: No module named 'pymongo'
[2025-07-06T20:20:36.168+0000] {processor.py:927} WARNING - No viable dags retrieved from /opt/airflow/dags/clientes_sisdat_etl_dag.py
[2025-07-06T20:20:36.193+0000] {processor.py:208} INFO - Processing /opt/airflow/dags/clientes_sisdat_etl_dag.py took 0.551 seconds
[2025-07-06T20:21:06.531+0000] {processor.py:186} INFO - Started process (PID=283) to work on /opt/airflow/dags/clientes_sisdat_etl_dag.py
[2025-07-06T20:21:06.531+0000] {processor.py:914} INFO - Processing file /opt/airflow/dags/clientes_sisdat_etl_dag.py for tasks to queue
[2025-07-06T20:21:06.534+0000] {logging_mixin.py:190} INFO - [2025-07-06T20:21:06.534+0000] {dagbag.py:588} INFO - Filling up the DagBag from /opt/airflow/dags/clientes_sisdat_etl_dag.py
[2025-07-06T20:21:07.054+0000] {logging_mixin.py:190} INFO - [2025-07-06T20:21:07.049+0000] {dagbag.py:387} ERROR - Failed to import: /opt/airflow/dags/clientes_sisdat_etl_dag.py
Traceback (most recent call last):
  File "/home/airflow/.local/lib/python3.12/site-packages/airflow/models/dagbag.py", line 383, in parse
    loader.exec_module(new_module)
  File "<frozen importlib._bootstrap_external>", line 999, in exec_module
  File "<frozen importlib._bootstrap>", line 488, in _call_with_frames_removed
  File "/opt/airflow/dags/clientes_sisdat_etl_dag.py", line 12, in <module>
    from utilities import construir_columna_fecha, obtener_cliente_db
  File "/opt/airflow/utils/utilities.py", line 3, in <module>
    from pymongo.mongo_client import MongoClient
ModuleNotFoundError: No module named 'pymongo'
[2025-07-06T20:21:07.056+0000] {processor.py:927} WARNING - No viable dags retrieved from /opt/airflow/dags/clientes_sisdat_etl_dag.py
[2025-07-06T20:21:07.074+0000] {processor.py:208} INFO - Processing /opt/airflow/dags/clientes_sisdat_etl_dag.py took 0.549 seconds
[2025-07-06T20:21:37.511+0000] {processor.py:186} INFO - Started process (PID=301) to work on /opt/airflow/dags/clientes_sisdat_etl_dag.py
[2025-07-06T20:21:37.512+0000] {processor.py:914} INFO - Processing file /opt/airflow/dags/clientes_sisdat_etl_dag.py for tasks to queue
[2025-07-06T20:21:37.514+0000] {logging_mixin.py:190} INFO - [2025-07-06T20:21:37.514+0000] {dagbag.py:588} INFO - Filling up the DagBag from /opt/airflow/dags/clientes_sisdat_etl_dag.py
[2025-07-06T20:21:38.028+0000] {logging_mixin.py:190} INFO - [2025-07-06T20:21:38.023+0000] {dagbag.py:387} ERROR - Failed to import: /opt/airflow/dags/clientes_sisdat_etl_dag.py
Traceback (most recent call last):
  File "/home/airflow/.local/lib/python3.12/site-packages/airflow/models/dagbag.py", line 383, in parse
    loader.exec_module(new_module)
  File "<frozen importlib._bootstrap_external>", line 999, in exec_module
  File "<frozen importlib._bootstrap>", line 488, in _call_with_frames_removed
  File "/opt/airflow/dags/clientes_sisdat_etl_dag.py", line 12, in <module>
    from utilities import construir_columna_fecha, obtener_cliente_db
  File "/opt/airflow/utils/utilities.py", line 3, in <module>
    from pymongo.mongo_client import MongoClient
ModuleNotFoundError: No module named 'pymongo'
[2025-07-06T20:21:38.030+0000] {processor.py:927} WARNING - No viable dags retrieved from /opt/airflow/dags/clientes_sisdat_etl_dag.py
[2025-07-06T20:21:38.049+0000] {processor.py:208} INFO - Processing /opt/airflow/dags/clientes_sisdat_etl_dag.py took 0.545 seconds
[2025-07-06T20:22:08.419+0000] {processor.py:186} INFO - Started process (PID=319) to work on /opt/airflow/dags/clientes_sisdat_etl_dag.py
[2025-07-06T20:22:08.419+0000] {processor.py:914} INFO - Processing file /opt/airflow/dags/clientes_sisdat_etl_dag.py for tasks to queue
[2025-07-06T20:22:08.422+0000] {logging_mixin.py:190} INFO - [2025-07-06T20:22:08.421+0000] {dagbag.py:588} INFO - Filling up the DagBag from /opt/airflow/dags/clientes_sisdat_etl_dag.py
[2025-07-06T20:22:08.863+0000] {logging_mixin.py:190} INFO - [2025-07-06T20:22:08.858+0000] {dagbag.py:387} ERROR - Failed to import: /opt/airflow/dags/clientes_sisdat_etl_dag.py
Traceback (most recent call last):
  File "/home/airflow/.local/lib/python3.12/site-packages/airflow/models/dagbag.py", line 383, in parse
    loader.exec_module(new_module)
  File "<frozen importlib._bootstrap_external>", line 999, in exec_module
  File "<frozen importlib._bootstrap>", line 488, in _call_with_frames_removed
  File "/opt/airflow/dags/clientes_sisdat_etl_dag.py", line 12, in <module>
    from utilities import construir_columna_fecha, obtener_cliente_db
  File "/opt/airflow/utils/utilities.py", line 3, in <module>
    from pymongo.mongo_client import MongoClient
ModuleNotFoundError: No module named 'pymongo'
[2025-07-06T20:22:08.864+0000] {processor.py:927} WARNING - No viable dags retrieved from /opt/airflow/dags/clientes_sisdat_etl_dag.py
[2025-07-06T20:22:08.884+0000] {processor.py:208} INFO - Processing /opt/airflow/dags/clientes_sisdat_etl_dag.py took 0.472 seconds
[2025-07-06T20:22:39.453+0000] {processor.py:186} INFO - Started process (PID=338) to work on /opt/airflow/dags/clientes_sisdat_etl_dag.py
[2025-07-06T20:22:39.454+0000] {processor.py:914} INFO - Processing file /opt/airflow/dags/clientes_sisdat_etl_dag.py for tasks to queue
[2025-07-06T20:22:39.457+0000] {logging_mixin.py:190} INFO - [2025-07-06T20:22:39.457+0000] {dagbag.py:588} INFO - Filling up the DagBag from /opt/airflow/dags/clientes_sisdat_etl_dag.py
[2025-07-06T20:22:39.755+0000] {logging_mixin.py:190} INFO - [2025-07-06T20:22:39.750+0000] {dagbag.py:387} ERROR - Failed to import: /opt/airflow/dags/clientes_sisdat_etl_dag.py
Traceback (most recent call last):
  File "/home/airflow/.local/lib/python3.12/site-packages/airflow/models/dagbag.py", line 383, in parse
    loader.exec_module(new_module)
  File "<frozen importlib._bootstrap_external>", line 999, in exec_module
  File "<frozen importlib._bootstrap>", line 488, in _call_with_frames_removed
  File "/opt/airflow/dags/clientes_sisdat_etl_dag.py", line 12, in <module>
    from utilities import construir_columna_fecha, obtener_cliente_db
  File "/opt/airflow/utils/utilities.py", line 3, in <module>
    from pymongo.mongo_client import MongoClient
ModuleNotFoundError: No module named 'pymongo'
[2025-07-06T20:22:39.756+0000] {processor.py:927} WARNING - No viable dags retrieved from /opt/airflow/dags/clientes_sisdat_etl_dag.py
[2025-07-06T20:22:39.778+0000] {processor.py:208} INFO - Processing /opt/airflow/dags/clientes_sisdat_etl_dag.py took 0.331 seconds
[2025-07-06T20:23:10.694+0000] {processor.py:186} INFO - Started process (PID=364) to work on /opt/airflow/dags/clientes_sisdat_etl_dag.py
[2025-07-06T20:23:10.695+0000] {processor.py:914} INFO - Processing file /opt/airflow/dags/clientes_sisdat_etl_dag.py for tasks to queue
[2025-07-06T20:23:10.697+0000] {logging_mixin.py:190} INFO - [2025-07-06T20:23:10.697+0000] {dagbag.py:588} INFO - Filling up the DagBag from /opt/airflow/dags/clientes_sisdat_etl_dag.py
[2025-07-06T20:23:10.990+0000] {logging_mixin.py:190} INFO - [2025-07-06T20:23:10.985+0000] {dagbag.py:387} ERROR - Failed to import: /opt/airflow/dags/clientes_sisdat_etl_dag.py
Traceback (most recent call last):
  File "/home/airflow/.local/lib/python3.12/site-packages/airflow/models/dagbag.py", line 383, in parse
    loader.exec_module(new_module)
  File "<frozen importlib._bootstrap_external>", line 999, in exec_module
  File "<frozen importlib._bootstrap>", line 488, in _call_with_frames_removed
  File "/opt/airflow/dags/clientes_sisdat_etl_dag.py", line 12, in <module>
    from utilities import construir_columna_fecha, obtener_cliente_db
  File "/opt/airflow/utils/utilities.py", line 3, in <module>
    from pymongo.mongo_client import MongoClient
ModuleNotFoundError: No module named 'pymongo'
[2025-07-06T20:23:10.992+0000] {processor.py:927} WARNING - No viable dags retrieved from /opt/airflow/dags/clientes_sisdat_etl_dag.py
[2025-07-06T20:23:11.015+0000] {processor.py:208} INFO - Processing /opt/airflow/dags/clientes_sisdat_etl_dag.py took 0.327 seconds
[2025-07-06T20:23:41.198+0000] {processor.py:186} INFO - Started process (PID=400) to work on /opt/airflow/dags/clientes_sisdat_etl_dag.py
[2025-07-06T20:23:41.199+0000] {processor.py:914} INFO - Processing file /opt/airflow/dags/clientes_sisdat_etl_dag.py for tasks to queue
[2025-07-06T20:23:41.201+0000] {logging_mixin.py:190} INFO - [2025-07-06T20:23:41.201+0000] {dagbag.py:588} INFO - Filling up the DagBag from /opt/airflow/dags/clientes_sisdat_etl_dag.py
[2025-07-06T20:23:41.552+0000] {processor.py:925} INFO - DAG(s) 'etl_dag_datos_num_clientes_sisdat' retrieved from /opt/airflow/dags/clientes_sisdat_etl_dag.py
[2025-07-06T20:23:41.662+0000] {logging_mixin.py:190} INFO - [2025-07-06T20:23:41.661+0000] {override.py:1912} INFO - Created Permission View: can edit on DAG:etl_dag_datos_num_clientes_sisdat
[2025-07-06T20:23:41.672+0000] {logging_mixin.py:190} INFO - [2025-07-06T20:23:41.672+0000] {override.py:1912} INFO - Created Permission View: can delete on DAG:etl_dag_datos_num_clientes_sisdat
[2025-07-06T20:23:41.682+0000] {logging_mixin.py:190} INFO - [2025-07-06T20:23:41.682+0000] {override.py:1912} INFO - Created Permission View: can read on DAG:etl_dag_datos_num_clientes_sisdat
[2025-07-06T20:23:41.706+0000] {logging_mixin.py:190} INFO - [2025-07-06T20:23:41.705+0000] {override.py:1912} INFO - Created Permission View: can create on DAG Run:etl_dag_datos_num_clientes_sisdat
[2025-07-06T20:23:41.714+0000] {logging_mixin.py:190} INFO - [2025-07-06T20:23:41.714+0000] {override.py:1912} INFO - Created Permission View: can delete on DAG Run:etl_dag_datos_num_clientes_sisdat
[2025-07-06T20:23:41.721+0000] {logging_mixin.py:190} INFO - [2025-07-06T20:23:41.721+0000] {override.py:1912} INFO - Created Permission View: can read on DAG Run:etl_dag_datos_num_clientes_sisdat
[2025-07-06T20:23:41.728+0000] {logging_mixin.py:190} INFO - [2025-07-06T20:23:41.728+0000] {override.py:1912} INFO - Created Permission View: menu access on DAG Run:etl_dag_datos_num_clientes_sisdat
[2025-07-06T20:23:41.729+0000] {logging_mixin.py:190} INFO - [2025-07-06T20:23:41.728+0000] {dag.py:3239} INFO - Sync 1 DAGs
[2025-07-06T20:23:41.741+0000] {logging_mixin.py:190} INFO - [2025-07-06T20:23:41.740+0000] {dag.py:3262} INFO - Creating ORM DAG for etl_dag_datos_num_clientes_sisdat
[2025-07-06T20:23:41.741+0000] {logging_mixin.py:190} INFO - [2025-07-06T20:23:41.741+0000] {dag.py:4180} INFO - Setting next_dagrun for etl_dag_datos_num_clientes_sisdat to None, run_after=None
[2025-07-06T20:23:41.769+0000] {processor.py:208} INFO - Processing /opt/airflow/dags/clientes_sisdat_etl_dag.py took 0.580 seconds
[2025-07-06T20:24:12.607+0000] {processor.py:186} INFO - Started process (PID=61) to work on /opt/airflow/dags/clientes_sisdat_etl_dag.py
[2025-07-06T20:24:12.608+0000] {processor.py:914} INFO - Processing file /opt/airflow/dags/clientes_sisdat_etl_dag.py for tasks to queue
[2025-07-06T20:24:12.612+0000] {logging_mixin.py:190} INFO - [2025-07-06T20:24:12.611+0000] {dagbag.py:588} INFO - Filling up the DagBag from /opt/airflow/dags/clientes_sisdat_etl_dag.py
[2025-07-06T20:24:13.307+0000] {processor.py:925} INFO - DAG(s) 'etl_dag_datos_num_clientes_sisdat' retrieved from /opt/airflow/dags/clientes_sisdat_etl_dag.py
[2025-07-06T20:24:13.329+0000] {logging_mixin.py:190} INFO - [2025-07-06T20:24:13.329+0000] {dag.py:3239} INFO - Sync 1 DAGs
[2025-07-06T20:24:13.341+0000] {logging_mixin.py:190} INFO - [2025-07-06T20:24:13.340+0000] {dag.py:4180} INFO - Setting next_dagrun for etl_dag_datos_num_clientes_sisdat to None, run_after=None
[2025-07-06T20:24:13.356+0000] {processor.py:208} INFO - Processing /opt/airflow/dags/clientes_sisdat_etl_dag.py took 0.755 seconds
[2025-07-06T20:24:43.716+0000] {processor.py:186} INFO - Started process (PID=80) to work on /opt/airflow/dags/clientes_sisdat_etl_dag.py
[2025-07-06T20:24:43.718+0000] {processor.py:914} INFO - Processing file /opt/airflow/dags/clientes_sisdat_etl_dag.py for tasks to queue
[2025-07-06T20:24:43.721+0000] {logging_mixin.py:190} INFO - [2025-07-06T20:24:43.720+0000] {dagbag.py:588} INFO - Filling up the DagBag from /opt/airflow/dags/clientes_sisdat_etl_dag.py
[2025-07-06T20:24:44.349+0000] {processor.py:925} INFO - DAG(s) 'etl_dag_datos_num_clientes_sisdat' retrieved from /opt/airflow/dags/clientes_sisdat_etl_dag.py
[2025-07-06T20:24:44.370+0000] {logging_mixin.py:190} INFO - [2025-07-06T20:24:44.370+0000] {dag.py:3239} INFO - Sync 1 DAGs
[2025-07-06T20:24:44.385+0000] {logging_mixin.py:190} INFO - [2025-07-06T20:24:44.385+0000] {dag.py:4180} INFO - Setting next_dagrun for etl_dag_datos_num_clientes_sisdat to None, run_after=None
[2025-07-06T20:24:44.403+0000] {processor.py:208} INFO - Processing /opt/airflow/dags/clientes_sisdat_etl_dag.py took 0.695 seconds
[2025-07-06T20:25:14.882+0000] {processor.py:186} INFO - Started process (PID=98) to work on /opt/airflow/dags/clientes_sisdat_etl_dag.py
[2025-07-06T20:25:14.883+0000] {processor.py:914} INFO - Processing file /opt/airflow/dags/clientes_sisdat_etl_dag.py for tasks to queue
[2025-07-06T20:25:14.886+0000] {logging_mixin.py:190} INFO - [2025-07-06T20:25:14.885+0000] {dagbag.py:588} INFO - Filling up the DagBag from /opt/airflow/dags/clientes_sisdat_etl_dag.py
[2025-07-06T20:25:15.406+0000] {processor.py:925} INFO - DAG(s) 'etl_dag_datos_num_clientes_sisdat' retrieved from /opt/airflow/dags/clientes_sisdat_etl_dag.py
[2025-07-06T20:25:15.426+0000] {logging_mixin.py:190} INFO - [2025-07-06T20:25:15.426+0000] {dag.py:3239} INFO - Sync 1 DAGs
[2025-07-06T20:25:15.436+0000] {logging_mixin.py:190} INFO - [2025-07-06T20:25:15.436+0000] {dag.py:4180} INFO - Setting next_dagrun for etl_dag_datos_num_clientes_sisdat to None, run_after=None
[2025-07-06T20:25:15.449+0000] {processor.py:208} INFO - Processing /opt/airflow/dags/clientes_sisdat_etl_dag.py took 0.577 seconds
[2025-07-06T20:25:45.749+0000] {processor.py:186} INFO - Started process (PID=116) to work on /opt/airflow/dags/clientes_sisdat_etl_dag.py
[2025-07-06T20:25:45.750+0000] {processor.py:914} INFO - Processing file /opt/airflow/dags/clientes_sisdat_etl_dag.py for tasks to queue
[2025-07-06T20:25:45.752+0000] {logging_mixin.py:190} INFO - [2025-07-06T20:25:45.751+0000] {dagbag.py:588} INFO - Filling up the DagBag from /opt/airflow/dags/clientes_sisdat_etl_dag.py
[2025-07-06T20:25:46.216+0000] {processor.py:925} INFO - DAG(s) 'etl_dag_datos_num_clientes_sisdat' retrieved from /opt/airflow/dags/clientes_sisdat_etl_dag.py
[2025-07-06T20:25:46.239+0000] {logging_mixin.py:190} INFO - [2025-07-06T20:25:46.239+0000] {dag.py:3239} INFO - Sync 1 DAGs
[2025-07-06T20:25:46.254+0000] {logging_mixin.py:190} INFO - [2025-07-06T20:25:46.254+0000] {dag.py:4180} INFO - Setting next_dagrun for etl_dag_datos_num_clientes_sisdat to None, run_after=None
[2025-07-06T20:25:46.272+0000] {processor.py:208} INFO - Processing /opt/airflow/dags/clientes_sisdat_etl_dag.py took 0.529 seconds
[2025-07-06T20:26:16.639+0000] {processor.py:186} INFO - Started process (PID=140) to work on /opt/airflow/dags/clientes_sisdat_etl_dag.py
[2025-07-06T20:26:16.641+0000] {processor.py:914} INFO - Processing file /opt/airflow/dags/clientes_sisdat_etl_dag.py for tasks to queue
[2025-07-06T20:26:16.643+0000] {logging_mixin.py:190} INFO - [2025-07-06T20:26:16.643+0000] {dagbag.py:588} INFO - Filling up the DagBag from /opt/airflow/dags/clientes_sisdat_etl_dag.py
[2025-07-06T20:26:17.174+0000] {processor.py:925} INFO - DAG(s) 'etl_dag_datos_num_clientes_sisdat' retrieved from /opt/airflow/dags/clientes_sisdat_etl_dag.py
[2025-07-06T20:26:17.194+0000] {logging_mixin.py:190} INFO - [2025-07-06T20:26:17.194+0000] {dag.py:3239} INFO - Sync 1 DAGs
[2025-07-06T20:26:17.205+0000] {logging_mixin.py:190} INFO - [2025-07-06T20:26:17.205+0000] {dag.py:4180} INFO - Setting next_dagrun for etl_dag_datos_num_clientes_sisdat to None, run_after=None
[2025-07-06T20:26:17.223+0000] {processor.py:208} INFO - Processing /opt/airflow/dags/clientes_sisdat_etl_dag.py took 0.591 seconds
[2025-07-06T20:26:47.334+0000] {processor.py:186} INFO - Started process (PID=157) to work on /opt/airflow/dags/clientes_sisdat_etl_dag.py
[2025-07-06T20:26:47.334+0000] {processor.py:914} INFO - Processing file /opt/airflow/dags/clientes_sisdat_etl_dag.py for tasks to queue
[2025-07-06T20:26:47.336+0000] {logging_mixin.py:190} INFO - [2025-07-06T20:26:47.336+0000] {dagbag.py:588} INFO - Filling up the DagBag from /opt/airflow/dags/clientes_sisdat_etl_dag.py
[2025-07-06T20:26:47.858+0000] {processor.py:925} INFO - DAG(s) 'etl_dag_datos_num_clientes_sisdat' retrieved from /opt/airflow/dags/clientes_sisdat_etl_dag.py
[2025-07-06T20:26:47.880+0000] {logging_mixin.py:190} INFO - [2025-07-06T20:26:47.880+0000] {dag.py:3239} INFO - Sync 1 DAGs
[2025-07-06T20:26:47.891+0000] {logging_mixin.py:190} INFO - [2025-07-06T20:26:47.891+0000] {dag.py:4180} INFO - Setting next_dagrun for etl_dag_datos_num_clientes_sisdat to None, run_after=None
[2025-07-06T20:26:47.905+0000] {processor.py:208} INFO - Processing /opt/airflow/dags/clientes_sisdat_etl_dag.py took 0.577 seconds
[2025-07-06T20:27:18.773+0000] {processor.py:186} INFO - Started process (PID=175) to work on /opt/airflow/dags/clientes_sisdat_etl_dag.py
[2025-07-06T20:27:18.774+0000] {processor.py:914} INFO - Processing file /opt/airflow/dags/clientes_sisdat_etl_dag.py for tasks to queue
[2025-07-06T20:27:18.776+0000] {logging_mixin.py:190} INFO - [2025-07-06T20:27:18.776+0000] {dagbag.py:588} INFO - Filling up the DagBag from /opt/airflow/dags/clientes_sisdat_etl_dag.py
[2025-07-06T20:27:19.274+0000] {processor.py:925} INFO - DAG(s) 'etl_dag_datos_num_clientes_sisdat' retrieved from /opt/airflow/dags/clientes_sisdat_etl_dag.py
[2025-07-06T20:27:19.301+0000] {logging_mixin.py:190} INFO - [2025-07-06T20:27:19.300+0000] {dag.py:3239} INFO - Sync 1 DAGs
[2025-07-06T20:27:19.319+0000] {logging_mixin.py:190} INFO - [2025-07-06T20:27:19.318+0000] {dag.py:4180} INFO - Setting next_dagrun for etl_dag_datos_num_clientes_sisdat to None, run_after=None
[2025-07-06T20:27:19.336+0000] {processor.py:208} INFO - Processing /opt/airflow/dags/clientes_sisdat_etl_dag.py took 0.568 seconds
[2025-07-06T20:27:49.741+0000] {processor.py:186} INFO - Started process (PID=193) to work on /opt/airflow/dags/clientes_sisdat_etl_dag.py
[2025-07-06T20:27:49.742+0000] {processor.py:914} INFO - Processing file /opt/airflow/dags/clientes_sisdat_etl_dag.py for tasks to queue
[2025-07-06T20:27:49.744+0000] {logging_mixin.py:190} INFO - [2025-07-06T20:27:49.744+0000] {dagbag.py:588} INFO - Filling up the DagBag from /opt/airflow/dags/clientes_sisdat_etl_dag.py
[2025-07-06T20:27:50.234+0000] {processor.py:925} INFO - DAG(s) 'etl_dag_datos_num_clientes_sisdat' retrieved from /opt/airflow/dags/clientes_sisdat_etl_dag.py
[2025-07-06T20:27:50.254+0000] {logging_mixin.py:190} INFO - [2025-07-06T20:27:50.254+0000] {dag.py:3239} INFO - Sync 1 DAGs
[2025-07-06T20:27:50.264+0000] {logging_mixin.py:190} INFO - [2025-07-06T20:27:50.264+0000] {dag.py:4180} INFO - Setting next_dagrun for etl_dag_datos_num_clientes_sisdat to None, run_after=None
[2025-07-06T20:27:50.277+0000] {processor.py:208} INFO - Processing /opt/airflow/dags/clientes_sisdat_etl_dag.py took 0.542 seconds
[2025-07-06T20:28:20.607+0000] {processor.py:186} INFO - Started process (PID=211) to work on /opt/airflow/dags/clientes_sisdat_etl_dag.py
[2025-07-06T20:28:20.608+0000] {processor.py:914} INFO - Processing file /opt/airflow/dags/clientes_sisdat_etl_dag.py for tasks to queue
[2025-07-06T20:28:20.610+0000] {logging_mixin.py:190} INFO - [2025-07-06T20:28:20.609+0000] {dagbag.py:588} INFO - Filling up the DagBag from /opt/airflow/dags/clientes_sisdat_etl_dag.py
[2025-07-06T20:28:21.106+0000] {processor.py:925} INFO - DAG(s) 'etl_dag_datos_num_clientes_sisdat' retrieved from /opt/airflow/dags/clientes_sisdat_etl_dag.py
[2025-07-06T20:28:21.126+0000] {logging_mixin.py:190} INFO - [2025-07-06T20:28:21.126+0000] {dag.py:3239} INFO - Sync 1 DAGs
[2025-07-06T20:28:21.136+0000] {logging_mixin.py:190} INFO - [2025-07-06T20:28:21.136+0000] {dag.py:4180} INFO - Setting next_dagrun for etl_dag_datos_num_clientes_sisdat to None, run_after=None
[2025-07-06T20:28:21.150+0000] {processor.py:208} INFO - Processing /opt/airflow/dags/clientes_sisdat_etl_dag.py took 0.548 seconds
[2025-07-06T20:28:51.486+0000] {processor.py:186} INFO - Started process (PID=229) to work on /opt/airflow/dags/clientes_sisdat_etl_dag.py
[2025-07-06T20:28:51.487+0000] {processor.py:914} INFO - Processing file /opt/airflow/dags/clientes_sisdat_etl_dag.py for tasks to queue
[2025-07-06T20:28:51.489+0000] {logging_mixin.py:190} INFO - [2025-07-06T20:28:51.489+0000] {dagbag.py:588} INFO - Filling up the DagBag from /opt/airflow/dags/clientes_sisdat_etl_dag.py
[2025-07-06T20:28:51.987+0000] {processor.py:925} INFO - DAG(s) 'etl_dag_datos_num_clientes_sisdat' retrieved from /opt/airflow/dags/clientes_sisdat_etl_dag.py
[2025-07-06T20:28:52.006+0000] {logging_mixin.py:190} INFO - [2025-07-06T20:28:52.006+0000] {dag.py:3239} INFO - Sync 1 DAGs
[2025-07-06T20:28:52.016+0000] {logging_mixin.py:190} INFO - [2025-07-06T20:28:52.016+0000] {dag.py:4180} INFO - Setting next_dagrun for etl_dag_datos_num_clientes_sisdat to None, run_after=None
[2025-07-06T20:28:52.031+0000] {processor.py:208} INFO - Processing /opt/airflow/dags/clientes_sisdat_etl_dag.py took 0.550 seconds
[2025-07-06T20:29:22.264+0000] {processor.py:186} INFO - Started process (PID=247) to work on /opt/airflow/dags/clientes_sisdat_etl_dag.py
[2025-07-06T20:29:22.265+0000] {processor.py:914} INFO - Processing file /opt/airflow/dags/clientes_sisdat_etl_dag.py for tasks to queue
[2025-07-06T20:29:22.267+0000] {logging_mixin.py:190} INFO - [2025-07-06T20:29:22.267+0000] {dagbag.py:588} INFO - Filling up the DagBag from /opt/airflow/dags/clientes_sisdat_etl_dag.py
[2025-07-06T20:29:22.781+0000] {processor.py:925} INFO - DAG(s) 'etl_dag_datos_num_clientes_sisdat' retrieved from /opt/airflow/dags/clientes_sisdat_etl_dag.py
[2025-07-06T20:29:22.801+0000] {logging_mixin.py:190} INFO - [2025-07-06T20:29:22.801+0000] {dag.py:3239} INFO - Sync 1 DAGs
[2025-07-06T20:29:22.813+0000] {logging_mixin.py:190} INFO - [2025-07-06T20:29:22.812+0000] {dag.py:4180} INFO - Setting next_dagrun for etl_dag_datos_num_clientes_sisdat to None, run_after=None
[2025-07-06T20:29:22.827+0000] {processor.py:208} INFO - Processing /opt/airflow/dags/clientes_sisdat_etl_dag.py took 0.568 seconds
[2025-07-06T20:29:53.432+0000] {processor.py:186} INFO - Started process (PID=267) to work on /opt/airflow/dags/clientes_sisdat_etl_dag.py
[2025-07-06T20:29:53.433+0000] {processor.py:914} INFO - Processing file /opt/airflow/dags/clientes_sisdat_etl_dag.py for tasks to queue
[2025-07-06T20:29:53.435+0000] {logging_mixin.py:190} INFO - [2025-07-06T20:29:53.435+0000] {dagbag.py:588} INFO - Filling up the DagBag from /opt/airflow/dags/clientes_sisdat_etl_dag.py
[2025-07-06T20:29:53.936+0000] {processor.py:925} INFO - DAG(s) 'etl_dag_datos_num_clientes_sisdat' retrieved from /opt/airflow/dags/clientes_sisdat_etl_dag.py
[2025-07-06T20:29:53.958+0000] {logging_mixin.py:190} INFO - [2025-07-06T20:29:53.957+0000] {dag.py:3239} INFO - Sync 1 DAGs
[2025-07-06T20:29:53.971+0000] {logging_mixin.py:190} INFO - [2025-07-06T20:29:53.970+0000] {dag.py:4180} INFO - Setting next_dagrun for etl_dag_datos_num_clientes_sisdat to None, run_after=None
[2025-07-06T20:29:53.988+0000] {processor.py:208} INFO - Processing /opt/airflow/dags/clientes_sisdat_etl_dag.py took 0.562 seconds
[2025-07-06T20:30:24.416+0000] {processor.py:186} INFO - Started process (PID=285) to work on /opt/airflow/dags/clientes_sisdat_etl_dag.py
[2025-07-06T20:30:24.417+0000] {processor.py:914} INFO - Processing file /opt/airflow/dags/clientes_sisdat_etl_dag.py for tasks to queue
[2025-07-06T20:30:24.419+0000] {logging_mixin.py:190} INFO - [2025-07-06T20:30:24.419+0000] {dagbag.py:588} INFO - Filling up the DagBag from /opt/airflow/dags/clientes_sisdat_etl_dag.py
[2025-07-06T20:30:24.935+0000] {processor.py:925} INFO - DAG(s) 'etl_dag_datos_num_clientes_sisdat' retrieved from /opt/airflow/dags/clientes_sisdat_etl_dag.py
[2025-07-06T20:30:24.960+0000] {logging_mixin.py:190} INFO - [2025-07-06T20:30:24.960+0000] {dag.py:3239} INFO - Sync 1 DAGs
[2025-07-06T20:30:24.973+0000] {logging_mixin.py:190} INFO - [2025-07-06T20:30:24.973+0000] {dag.py:4180} INFO - Setting next_dagrun for etl_dag_datos_num_clientes_sisdat to None, run_after=None
[2025-07-06T20:30:24.990+0000] {processor.py:208} INFO - Processing /opt/airflow/dags/clientes_sisdat_etl_dag.py took 0.579 seconds
[2025-07-06T20:30:55.454+0000] {processor.py:186} INFO - Started process (PID=303) to work on /opt/airflow/dags/clientes_sisdat_etl_dag.py
[2025-07-06T20:30:55.455+0000] {processor.py:914} INFO - Processing file /opt/airflow/dags/clientes_sisdat_etl_dag.py for tasks to queue
[2025-07-06T20:30:55.456+0000] {logging_mixin.py:190} INFO - [2025-07-06T20:30:55.456+0000] {dagbag.py:588} INFO - Filling up the DagBag from /opt/airflow/dags/clientes_sisdat_etl_dag.py
[2025-07-06T20:30:56.036+0000] {processor.py:925} INFO - DAG(s) 'etl_dag_datos_num_clientes_sisdat' retrieved from /opt/airflow/dags/clientes_sisdat_etl_dag.py
[2025-07-06T20:30:56.062+0000] {logging_mixin.py:190} INFO - [2025-07-06T20:30:56.062+0000] {dag.py:3239} INFO - Sync 1 DAGs
[2025-07-06T20:30:56.073+0000] {logging_mixin.py:190} INFO - [2025-07-06T20:30:56.073+0000] {dag.py:4180} INFO - Setting next_dagrun for etl_dag_datos_num_clientes_sisdat to None, run_after=None
[2025-07-06T20:30:56.088+0000] {processor.py:208} INFO - Processing /opt/airflow/dags/clientes_sisdat_etl_dag.py took 0.640 seconds
[2025-07-06T20:31:26.163+0000] {processor.py:186} INFO - Started process (PID=322) to work on /opt/airflow/dags/clientes_sisdat_etl_dag.py
[2025-07-06T20:31:26.163+0000] {processor.py:914} INFO - Processing file /opt/airflow/dags/clientes_sisdat_etl_dag.py for tasks to queue
[2025-07-06T20:31:26.165+0000] {logging_mixin.py:190} INFO - [2025-07-06T20:31:26.165+0000] {dagbag.py:588} INFO - Filling up the DagBag from /opt/airflow/dags/clientes_sisdat_etl_dag.py
[2025-07-06T20:31:26.665+0000] {processor.py:925} INFO - DAG(s) 'etl_dag_datos_num_clientes_sisdat' retrieved from /opt/airflow/dags/clientes_sisdat_etl_dag.py
[2025-07-06T20:31:26.684+0000] {logging_mixin.py:190} INFO - [2025-07-06T20:31:26.684+0000] {dag.py:3239} INFO - Sync 1 DAGs
[2025-07-06T20:31:26.695+0000] {logging_mixin.py:190} INFO - [2025-07-06T20:31:26.695+0000] {dag.py:4180} INFO - Setting next_dagrun for etl_dag_datos_num_clientes_sisdat to None, run_after=None
[2025-07-06T20:31:26.709+0000] {processor.py:208} INFO - Processing /opt/airflow/dags/clientes_sisdat_etl_dag.py took 0.552 seconds
[2025-07-06T20:31:57.075+0000] {processor.py:186} INFO - Started process (PID=364) to work on /opt/airflow/dags/clientes_sisdat_etl_dag.py
[2025-07-06T20:31:57.076+0000] {processor.py:914} INFO - Processing file /opt/airflow/dags/clientes_sisdat_etl_dag.py for tasks to queue
[2025-07-06T20:31:57.078+0000] {logging_mixin.py:190} INFO - [2025-07-06T20:31:57.078+0000] {dagbag.py:588} INFO - Filling up the DagBag from /opt/airflow/dags/clientes_sisdat_etl_dag.py
[2025-07-06T20:31:57.677+0000] {processor.py:925} INFO - DAG(s) 'etl_dag_datos_num_clientes_sisdat' retrieved from /opt/airflow/dags/clientes_sisdat_etl_dag.py
[2025-07-06T20:31:57.706+0000] {logging_mixin.py:190} INFO - [2025-07-06T20:31:57.705+0000] {dag.py:3239} INFO - Sync 1 DAGs
[2025-07-06T20:31:57.724+0000] {logging_mixin.py:190} INFO - [2025-07-06T20:31:57.723+0000] {dag.py:4180} INFO - Setting next_dagrun for etl_dag_datos_num_clientes_sisdat to None, run_after=None
[2025-07-06T20:31:57.742+0000] {processor.py:208} INFO - Processing /opt/airflow/dags/clientes_sisdat_etl_dag.py took 0.675 seconds
[2025-07-06T20:32:28.181+0000] {processor.py:186} INFO - Started process (PID=386) to work on /opt/airflow/dags/clientes_sisdat_etl_dag.py
[2025-07-06T20:32:28.182+0000] {processor.py:914} INFO - Processing file /opt/airflow/dags/clientes_sisdat_etl_dag.py for tasks to queue
[2025-07-06T20:32:28.184+0000] {logging_mixin.py:190} INFO - [2025-07-06T20:32:28.183+0000] {dagbag.py:588} INFO - Filling up the DagBag from /opt/airflow/dags/clientes_sisdat_etl_dag.py
[2025-07-06T20:32:28.677+0000] {processor.py:925} INFO - DAG(s) 'etl_dag_datos_num_clientes_sisdat' retrieved from /opt/airflow/dags/clientes_sisdat_etl_dag.py
[2025-07-06T20:32:28.699+0000] {logging_mixin.py:190} INFO - [2025-07-06T20:32:28.698+0000] {dag.py:3239} INFO - Sync 1 DAGs
[2025-07-06T20:32:28.710+0000] {logging_mixin.py:190} INFO - [2025-07-06T20:32:28.709+0000] {dag.py:4180} INFO - Setting next_dagrun for etl_dag_datos_num_clientes_sisdat to None, run_after=None
[2025-07-06T20:32:28.724+0000] {processor.py:208} INFO - Processing /opt/airflow/dags/clientes_sisdat_etl_dag.py took 0.552 seconds
[2025-07-06T20:32:59.576+0000] {processor.py:186} INFO - Started process (PID=404) to work on /opt/airflow/dags/clientes_sisdat_etl_dag.py
[2025-07-06T20:32:59.577+0000] {processor.py:914} INFO - Processing file /opt/airflow/dags/clientes_sisdat_etl_dag.py for tasks to queue
[2025-07-06T20:32:59.580+0000] {logging_mixin.py:190} INFO - [2025-07-06T20:32:59.579+0000] {dagbag.py:588} INFO - Filling up the DagBag from /opt/airflow/dags/clientes_sisdat_etl_dag.py
[2025-07-06T20:33:00.048+0000] {processor.py:925} INFO - DAG(s) 'etl_dag_datos_num_clientes_sisdat' retrieved from /opt/airflow/dags/clientes_sisdat_etl_dag.py
[2025-07-06T20:33:00.066+0000] {logging_mixin.py:190} INFO - [2025-07-06T20:33:00.066+0000] {dag.py:3239} INFO - Sync 1 DAGs
[2025-07-06T20:33:00.077+0000] {logging_mixin.py:190} INFO - [2025-07-06T20:33:00.077+0000] {dag.py:4180} INFO - Setting next_dagrun for etl_dag_datos_num_clientes_sisdat to None, run_after=None
[2025-07-06T20:33:00.091+0000] {processor.py:208} INFO - Processing /opt/airflow/dags/clientes_sisdat_etl_dag.py took 0.524 seconds
[2025-07-06T20:33:30.420+0000] {processor.py:186} INFO - Started process (PID=422) to work on /opt/airflow/dags/clientes_sisdat_etl_dag.py
[2025-07-06T20:33:30.421+0000] {processor.py:914} INFO - Processing file /opt/airflow/dags/clientes_sisdat_etl_dag.py for tasks to queue
[2025-07-06T20:33:30.424+0000] {logging_mixin.py:190} INFO - [2025-07-06T20:33:30.423+0000] {dagbag.py:588} INFO - Filling up the DagBag from /opt/airflow/dags/clientes_sisdat_etl_dag.py
[2025-07-06T20:33:30.963+0000] {processor.py:925} INFO - DAG(s) 'etl_dag_datos_num_clientes_sisdat' retrieved from /opt/airflow/dags/clientes_sisdat_etl_dag.py
[2025-07-06T20:33:30.988+0000] {logging_mixin.py:190} INFO - [2025-07-06T20:33:30.987+0000] {dag.py:3239} INFO - Sync 1 DAGs
[2025-07-06T20:33:30.998+0000] {logging_mixin.py:190} INFO - [2025-07-06T20:33:30.998+0000] {dag.py:4180} INFO - Setting next_dagrun for etl_dag_datos_num_clientes_sisdat to None, run_after=None
[2025-07-06T20:33:31.012+0000] {processor.py:208} INFO - Processing /opt/airflow/dags/clientes_sisdat_etl_dag.py took 0.603 seconds
[2025-07-06T20:34:01.400+0000] {processor.py:186} INFO - Started process (PID=444) to work on /opt/airflow/dags/clientes_sisdat_etl_dag.py
[2025-07-06T20:34:01.401+0000] {processor.py:914} INFO - Processing file /opt/airflow/dags/clientes_sisdat_etl_dag.py for tasks to queue
[2025-07-06T20:34:01.403+0000] {logging_mixin.py:190} INFO - [2025-07-06T20:34:01.403+0000] {dagbag.py:588} INFO - Filling up the DagBag from /opt/airflow/dags/clientes_sisdat_etl_dag.py
[2025-07-06T20:34:01.948+0000] {processor.py:925} INFO - DAG(s) 'etl_dag_datos_num_clientes_sisdat' retrieved from /opt/airflow/dags/clientes_sisdat_etl_dag.py
[2025-07-06T20:34:01.967+0000] {logging_mixin.py:190} INFO - [2025-07-06T20:34:01.967+0000] {dag.py:3239} INFO - Sync 1 DAGs
[2025-07-06T20:34:01.977+0000] {logging_mixin.py:190} INFO - [2025-07-06T20:34:01.977+0000] {dag.py:4180} INFO - Setting next_dagrun for etl_dag_datos_num_clientes_sisdat to None, run_after=None
[2025-07-06T20:34:01.992+0000] {processor.py:208} INFO - Processing /opt/airflow/dags/clientes_sisdat_etl_dag.py took 0.601 seconds
[2025-07-06T20:34:32.370+0000] {processor.py:186} INFO - Started process (PID=462) to work on /opt/airflow/dags/clientes_sisdat_etl_dag.py
[2025-07-06T20:34:32.371+0000] {processor.py:914} INFO - Processing file /opt/airflow/dags/clientes_sisdat_etl_dag.py for tasks to queue
[2025-07-06T20:34:32.375+0000] {logging_mixin.py:190} INFO - [2025-07-06T20:34:32.374+0000] {dagbag.py:588} INFO - Filling up the DagBag from /opt/airflow/dags/clientes_sisdat_etl_dag.py
[2025-07-06T20:34:33.080+0000] {processor.py:925} INFO - DAG(s) 'etl_dag_datos_num_clientes_sisdat' retrieved from /opt/airflow/dags/clientes_sisdat_etl_dag.py
[2025-07-06T20:34:33.102+0000] {logging_mixin.py:190} INFO - [2025-07-06T20:34:33.101+0000] {dag.py:3239} INFO - Sync 1 DAGs
[2025-07-06T20:34:33.112+0000] {logging_mixin.py:190} INFO - [2025-07-06T20:34:33.112+0000] {dag.py:4180} INFO - Setting next_dagrun for etl_dag_datos_num_clientes_sisdat to None, run_after=None
[2025-07-06T20:34:33.128+0000] {processor.py:208} INFO - Processing /opt/airflow/dags/clientes_sisdat_etl_dag.py took 0.768 seconds
[2025-07-06T20:35:03.582+0000] {processor.py:186} INFO - Started process (PID=480) to work on /opt/airflow/dags/clientes_sisdat_etl_dag.py
[2025-07-06T20:35:03.583+0000] {processor.py:914} INFO - Processing file /opt/airflow/dags/clientes_sisdat_etl_dag.py for tasks to queue
[2025-07-06T20:35:03.586+0000] {logging_mixin.py:190} INFO - [2025-07-06T20:35:03.586+0000] {dagbag.py:588} INFO - Filling up the DagBag from /opt/airflow/dags/clientes_sisdat_etl_dag.py
[2025-07-06T20:35:03.943+0000] {processor.py:925} INFO - DAG(s) 'etl_dag_datos_num_clientes_sisdat' retrieved from /opt/airflow/dags/clientes_sisdat_etl_dag.py
[2025-07-06T20:35:03.971+0000] {logging_mixin.py:190} INFO - [2025-07-06T20:35:03.971+0000] {dag.py:3239} INFO - Sync 1 DAGs
[2025-07-06T20:35:03.988+0000] {logging_mixin.py:190} INFO - [2025-07-06T20:35:03.988+0000] {dag.py:4180} INFO - Setting next_dagrun for etl_dag_datos_num_clientes_sisdat to None, run_after=None
[2025-07-06T20:35:04.008+0000] {processor.py:208} INFO - Processing /opt/airflow/dags/clientes_sisdat_etl_dag.py took 0.437 seconds
[2025-07-06T20:35:34.320+0000] {processor.py:186} INFO - Started process (PID=506) to work on /opt/airflow/dags/clientes_sisdat_etl_dag.py
[2025-07-06T20:35:34.321+0000] {processor.py:914} INFO - Processing file /opt/airflow/dags/clientes_sisdat_etl_dag.py for tasks to queue
[2025-07-06T20:35:34.323+0000] {logging_mixin.py:190} INFO - [2025-07-06T20:35:34.323+0000] {dagbag.py:588} INFO - Filling up the DagBag from /opt/airflow/dags/clientes_sisdat_etl_dag.py
[2025-07-06T20:35:34.640+0000] {processor.py:925} INFO - DAG(s) 'etl_dag_datos_num_clientes_sisdat' retrieved from /opt/airflow/dags/clientes_sisdat_etl_dag.py
[2025-07-06T20:35:34.662+0000] {logging_mixin.py:190} INFO - [2025-07-06T20:35:34.661+0000] {dag.py:3239} INFO - Sync 1 DAGs
[2025-07-06T20:35:34.673+0000] {logging_mixin.py:190} INFO - [2025-07-06T20:35:34.673+0000] {dag.py:4180} INFO - Setting next_dagrun for etl_dag_datos_num_clientes_sisdat to None, run_after=None
[2025-07-06T20:35:34.687+0000] {processor.py:208} INFO - Processing /opt/airflow/dags/clientes_sisdat_etl_dag.py took 0.375 seconds
[2025-07-06T20:36:04.786+0000] {processor.py:186} INFO - Started process (PID=524) to work on /opt/airflow/dags/clientes_sisdat_etl_dag.py
[2025-07-06T20:36:04.787+0000] {processor.py:914} INFO - Processing file /opt/airflow/dags/clientes_sisdat_etl_dag.py for tasks to queue
[2025-07-06T20:36:04.790+0000] {logging_mixin.py:190} INFO - [2025-07-06T20:36:04.789+0000] {dagbag.py:588} INFO - Filling up the DagBag from /opt/airflow/dags/clientes_sisdat_etl_dag.py
[2025-07-06T20:36:05.105+0000] {processor.py:925} INFO - DAG(s) 'etl_dag_datos_num_clientes_sisdat' retrieved from /opt/airflow/dags/clientes_sisdat_etl_dag.py
[2025-07-06T20:36:05.129+0000] {logging_mixin.py:190} INFO - [2025-07-06T20:36:05.129+0000] {dag.py:3239} INFO - Sync 1 DAGs
[2025-07-06T20:36:05.142+0000] {logging_mixin.py:190} INFO - [2025-07-06T20:36:05.142+0000] {dag.py:4180} INFO - Setting next_dagrun for etl_dag_datos_num_clientes_sisdat to None, run_after=None
[2025-07-06T20:36:05.158+0000] {processor.py:208} INFO - Processing /opt/airflow/dags/clientes_sisdat_etl_dag.py took 0.380 seconds
[2025-07-06T20:36:35.234+0000] {processor.py:186} INFO - Started process (PID=542) to work on /opt/airflow/dags/clientes_sisdat_etl_dag.py
[2025-07-06T20:36:35.235+0000] {processor.py:914} INFO - Processing file /opt/airflow/dags/clientes_sisdat_etl_dag.py for tasks to queue
[2025-07-06T20:36:35.238+0000] {logging_mixin.py:190} INFO - [2025-07-06T20:36:35.237+0000] {dagbag.py:588} INFO - Filling up the DagBag from /opt/airflow/dags/clientes_sisdat_etl_dag.py
[2025-07-06T20:36:35.586+0000] {processor.py:925} INFO - DAG(s) 'etl_dag_datos_num_clientes_sisdat' retrieved from /opt/airflow/dags/clientes_sisdat_etl_dag.py
[2025-07-06T20:36:35.609+0000] {logging_mixin.py:190} INFO - [2025-07-06T20:36:35.608+0000] {dag.py:3239} INFO - Sync 1 DAGs
[2025-07-06T20:36:35.621+0000] {logging_mixin.py:190} INFO - [2025-07-06T20:36:35.621+0000] {dag.py:4180} INFO - Setting next_dagrun for etl_dag_datos_num_clientes_sisdat to None, run_after=None
[2025-07-06T20:36:35.638+0000] {processor.py:208} INFO - Processing /opt/airflow/dags/clientes_sisdat_etl_dag.py took 0.414 seconds
[2025-07-06T20:37:05.775+0000] {processor.py:186} INFO - Started process (PID=560) to work on /opt/airflow/dags/clientes_sisdat_etl_dag.py
[2025-07-06T20:37:05.776+0000] {processor.py:914} INFO - Processing file /opt/airflow/dags/clientes_sisdat_etl_dag.py for tasks to queue
[2025-07-06T20:37:05.778+0000] {logging_mixin.py:190} INFO - [2025-07-06T20:37:05.778+0000] {dagbag.py:588} INFO - Filling up the DagBag from /opt/airflow/dags/clientes_sisdat_etl_dag.py
[2025-07-06T20:37:06.096+0000] {processor.py:925} INFO - DAG(s) 'etl_dag_datos_num_clientes_sisdat' retrieved from /opt/airflow/dags/clientes_sisdat_etl_dag.py
[2025-07-06T20:37:06.119+0000] {logging_mixin.py:190} INFO - [2025-07-06T20:37:06.118+0000] {dag.py:3239} INFO - Sync 1 DAGs
[2025-07-06T20:37:06.132+0000] {logging_mixin.py:190} INFO - [2025-07-06T20:37:06.132+0000] {dag.py:4180} INFO - Setting next_dagrun for etl_dag_datos_num_clientes_sisdat to None, run_after=None
[2025-07-06T20:37:06.149+0000] {processor.py:208} INFO - Processing /opt/airflow/dags/clientes_sisdat_etl_dag.py took 0.383 seconds
[2025-07-06T20:37:36.242+0000] {processor.py:186} INFO - Started process (PID=578) to work on /opt/airflow/dags/clientes_sisdat_etl_dag.py
[2025-07-06T20:37:36.243+0000] {processor.py:914} INFO - Processing file /opt/airflow/dags/clientes_sisdat_etl_dag.py for tasks to queue
[2025-07-06T20:37:36.245+0000] {logging_mixin.py:190} INFO - [2025-07-06T20:37:36.244+0000] {dagbag.py:588} INFO - Filling up the DagBag from /opt/airflow/dags/clientes_sisdat_etl_dag.py
[2025-07-06T20:37:36.573+0000] {processor.py:925} INFO - DAG(s) 'etl_dag_datos_num_clientes_sisdat' retrieved from /opt/airflow/dags/clientes_sisdat_etl_dag.py
[2025-07-06T20:37:36.597+0000] {logging_mixin.py:190} INFO - [2025-07-06T20:37:36.596+0000] {dag.py:3239} INFO - Sync 1 DAGs
[2025-07-06T20:37:36.611+0000] {logging_mixin.py:190} INFO - [2025-07-06T20:37:36.611+0000] {dag.py:4180} INFO - Setting next_dagrun for etl_dag_datos_num_clientes_sisdat to None, run_after=None
[2025-07-06T20:37:36.628+0000] {processor.py:208} INFO - Processing /opt/airflow/dags/clientes_sisdat_etl_dag.py took 0.394 seconds
[2025-07-06T20:38:06.730+0000] {processor.py:186} INFO - Started process (PID=596) to work on /opt/airflow/dags/clientes_sisdat_etl_dag.py
[2025-07-06T20:38:06.731+0000] {processor.py:914} INFO - Processing file /opt/airflow/dags/clientes_sisdat_etl_dag.py for tasks to queue
[2025-07-06T20:38:06.733+0000] {logging_mixin.py:190} INFO - [2025-07-06T20:38:06.733+0000] {dagbag.py:588} INFO - Filling up the DagBag from /opt/airflow/dags/clientes_sisdat_etl_dag.py
[2025-07-06T20:38:07.042+0000] {processor.py:925} INFO - DAG(s) 'etl_dag_datos_num_clientes_sisdat' retrieved from /opt/airflow/dags/clientes_sisdat_etl_dag.py
[2025-07-06T20:38:07.066+0000] {logging_mixin.py:190} INFO - [2025-07-06T20:38:07.066+0000] {dag.py:3239} INFO - Sync 1 DAGs
[2025-07-06T20:38:07.078+0000] {logging_mixin.py:190} INFO - [2025-07-06T20:38:07.078+0000] {dag.py:4180} INFO - Setting next_dagrun for etl_dag_datos_num_clientes_sisdat to None, run_after=None
[2025-07-06T20:38:07.094+0000] {processor.py:208} INFO - Processing /opt/airflow/dags/clientes_sisdat_etl_dag.py took 0.372 seconds
[2025-07-06T20:38:37.222+0000] {processor.py:186} INFO - Started process (PID=614) to work on /opt/airflow/dags/clientes_sisdat_etl_dag.py
[2025-07-06T20:38:37.223+0000] {processor.py:914} INFO - Processing file /opt/airflow/dags/clientes_sisdat_etl_dag.py for tasks to queue
[2025-07-06T20:38:37.225+0000] {logging_mixin.py:190} INFO - [2025-07-06T20:38:37.225+0000] {dagbag.py:588} INFO - Filling up the DagBag from /opt/airflow/dags/clientes_sisdat_etl_dag.py
[2025-07-06T20:38:37.563+0000] {processor.py:925} INFO - DAG(s) 'etl_dag_datos_num_clientes_sisdat' retrieved from /opt/airflow/dags/clientes_sisdat_etl_dag.py
[2025-07-06T20:38:37.585+0000] {logging_mixin.py:190} INFO - [2025-07-06T20:38:37.585+0000] {dag.py:3239} INFO - Sync 1 DAGs
[2025-07-06T20:38:37.599+0000] {logging_mixin.py:190} INFO - [2025-07-06T20:38:37.598+0000] {dag.py:4180} INFO - Setting next_dagrun for etl_dag_datos_num_clientes_sisdat to None, run_after=None
[2025-07-06T20:38:37.614+0000] {processor.py:208} INFO - Processing /opt/airflow/dags/clientes_sisdat_etl_dag.py took 0.401 seconds
[2025-07-06T20:39:07.779+0000] {processor.py:186} INFO - Started process (PID=632) to work on /opt/airflow/dags/clientes_sisdat_etl_dag.py
[2025-07-06T20:39:07.780+0000] {processor.py:914} INFO - Processing file /opt/airflow/dags/clientes_sisdat_etl_dag.py for tasks to queue
[2025-07-06T20:39:07.783+0000] {logging_mixin.py:190} INFO - [2025-07-06T20:39:07.782+0000] {dagbag.py:588} INFO - Filling up the DagBag from /opt/airflow/dags/clientes_sisdat_etl_dag.py
[2025-07-06T20:39:08.135+0000] {processor.py:925} INFO - DAG(s) 'etl_dag_datos_num_clientes_sisdat' retrieved from /opt/airflow/dags/clientes_sisdat_etl_dag.py
[2025-07-06T20:39:08.158+0000] {logging_mixin.py:190} INFO - [2025-07-06T20:39:08.157+0000] {dag.py:3239} INFO - Sync 1 DAGs
[2025-07-06T20:39:08.175+0000] {logging_mixin.py:190} INFO - [2025-07-06T20:39:08.174+0000] {dag.py:4180} INFO - Setting next_dagrun for etl_dag_datos_num_clientes_sisdat to None, run_after=None
[2025-07-06T20:39:08.194+0000] {processor.py:208} INFO - Processing /opt/airflow/dags/clientes_sisdat_etl_dag.py took 0.424 seconds
[2025-07-06T20:39:38.384+0000] {processor.py:186} INFO - Started process (PID=658) to work on /opt/airflow/dags/clientes_sisdat_etl_dag.py
[2025-07-06T20:39:38.386+0000] {processor.py:914} INFO - Processing file /opt/airflow/dags/clientes_sisdat_etl_dag.py for tasks to queue
[2025-07-06T20:39:38.388+0000] {logging_mixin.py:190} INFO - [2025-07-06T20:39:38.388+0000] {dagbag.py:588} INFO - Filling up the DagBag from /opt/airflow/dags/clientes_sisdat_etl_dag.py
[2025-07-06T20:39:38.817+0000] {processor.py:925} INFO - DAG(s) 'etl_dag_datos_num_clientes_sisdat' retrieved from /opt/airflow/dags/clientes_sisdat_etl_dag.py
[2025-07-06T20:39:38.837+0000] {logging_mixin.py:190} INFO - [2025-07-06T20:39:38.837+0000] {dag.py:3239} INFO - Sync 1 DAGs
[2025-07-06T20:39:38.848+0000] {logging_mixin.py:190} INFO - [2025-07-06T20:39:38.848+0000] {dag.py:4180} INFO - Setting next_dagrun for etl_dag_datos_num_clientes_sisdat to None, run_after=None
[2025-07-06T20:39:38.863+0000] {processor.py:208} INFO - Processing /opt/airflow/dags/clientes_sisdat_etl_dag.py took 0.491 seconds
[2025-07-06T20:40:08.973+0000] {processor.py:186} INFO - Started process (PID=676) to work on /opt/airflow/dags/clientes_sisdat_etl_dag.py
[2025-07-06T20:40:08.974+0000] {processor.py:914} INFO - Processing file /opt/airflow/dags/clientes_sisdat_etl_dag.py for tasks to queue
[2025-07-06T20:40:08.976+0000] {logging_mixin.py:190} INFO - [2025-07-06T20:40:08.975+0000] {dagbag.py:588} INFO - Filling up the DagBag from /opt/airflow/dags/clientes_sisdat_etl_dag.py
[2025-07-06T20:40:09.358+0000] {processor.py:925} INFO - DAG(s) 'etl_dag_datos_num_clientes_sisdat' retrieved from /opt/airflow/dags/clientes_sisdat_etl_dag.py
[2025-07-06T20:40:09.385+0000] {logging_mixin.py:190} INFO - [2025-07-06T20:40:09.385+0000] {dag.py:3239} INFO - Sync 1 DAGs
[2025-07-06T20:40:09.400+0000] {logging_mixin.py:190} INFO - [2025-07-06T20:40:09.400+0000] {dag.py:4180} INFO - Setting next_dagrun for etl_dag_datos_num_clientes_sisdat to None, run_after=None
[2025-07-06T20:40:09.420+0000] {processor.py:208} INFO - Processing /opt/airflow/dags/clientes_sisdat_etl_dag.py took 0.457 seconds
[2025-07-06T20:40:39.619+0000] {processor.py:186} INFO - Started process (PID=694) to work on /opt/airflow/dags/clientes_sisdat_etl_dag.py
[2025-07-06T20:40:39.620+0000] {processor.py:914} INFO - Processing file /opt/airflow/dags/clientes_sisdat_etl_dag.py for tasks to queue
[2025-07-06T20:40:39.623+0000] {logging_mixin.py:190} INFO - [2025-07-06T20:40:39.623+0000] {dagbag.py:588} INFO - Filling up the DagBag from /opt/airflow/dags/clientes_sisdat_etl_dag.py
[2025-07-06T20:40:40.007+0000] {processor.py:925} INFO - DAG(s) 'etl_dag_datos_num_clientes_sisdat' retrieved from /opt/airflow/dags/clientes_sisdat_etl_dag.py
[2025-07-06T20:40:40.031+0000] {logging_mixin.py:190} INFO - [2025-07-06T20:40:40.031+0000] {dag.py:3239} INFO - Sync 1 DAGs
[2025-07-06T20:40:40.044+0000] {logging_mixin.py:190} INFO - [2025-07-06T20:40:40.043+0000] {dag.py:4180} INFO - Setting next_dagrun for etl_dag_datos_num_clientes_sisdat to None, run_after=None
[2025-07-06T20:40:40.059+0000] {processor.py:208} INFO - Processing /opt/airflow/dags/clientes_sisdat_etl_dag.py took 0.451 seconds
[2025-07-06T20:41:10.167+0000] {processor.py:186} INFO - Started process (PID=712) to work on /opt/airflow/dags/clientes_sisdat_etl_dag.py
[2025-07-06T20:41:10.167+0000] {processor.py:914} INFO - Processing file /opt/airflow/dags/clientes_sisdat_etl_dag.py for tasks to queue
[2025-07-06T20:41:10.170+0000] {logging_mixin.py:190} INFO - [2025-07-06T20:41:10.169+0000] {dagbag.py:588} INFO - Filling up the DagBag from /opt/airflow/dags/clientes_sisdat_etl_dag.py
[2025-07-06T20:41:10.501+0000] {processor.py:925} INFO - DAG(s) 'etl_dag_datos_num_clientes_sisdat' retrieved from /opt/airflow/dags/clientes_sisdat_etl_dag.py
[2025-07-06T20:41:10.529+0000] {logging_mixin.py:190} INFO - [2025-07-06T20:41:10.528+0000] {dag.py:3239} INFO - Sync 1 DAGs
[2025-07-06T20:41:10.544+0000] {logging_mixin.py:190} INFO - [2025-07-06T20:41:10.544+0000] {dag.py:4180} INFO - Setting next_dagrun for etl_dag_datos_num_clientes_sisdat to None, run_after=None
[2025-07-06T20:41:10.560+0000] {processor.py:208} INFO - Processing /opt/airflow/dags/clientes_sisdat_etl_dag.py took 0.402 seconds
[2025-07-06T20:41:40.672+0000] {processor.py:186} INFO - Started process (PID=730) to work on /opt/airflow/dags/clientes_sisdat_etl_dag.py
[2025-07-06T20:41:40.673+0000] {processor.py:914} INFO - Processing file /opt/airflow/dags/clientes_sisdat_etl_dag.py for tasks to queue
[2025-07-06T20:41:40.675+0000] {logging_mixin.py:190} INFO - [2025-07-06T20:41:40.674+0000] {dagbag.py:588} INFO - Filling up the DagBag from /opt/airflow/dags/clientes_sisdat_etl_dag.py
[2025-07-06T20:41:41.004+0000] {processor.py:925} INFO - DAG(s) 'etl_dag_datos_num_clientes_sisdat' retrieved from /opt/airflow/dags/clientes_sisdat_etl_dag.py
[2025-07-06T20:41:41.031+0000] {logging_mixin.py:190} INFO - [2025-07-06T20:41:41.030+0000] {dag.py:3239} INFO - Sync 1 DAGs
[2025-07-06T20:41:41.045+0000] {logging_mixin.py:190} INFO - [2025-07-06T20:41:41.044+0000] {dag.py:4180} INFO - Setting next_dagrun for etl_dag_datos_num_clientes_sisdat to None, run_after=None
[2025-07-06T20:41:41.060+0000] {processor.py:208} INFO - Processing /opt/airflow/dags/clientes_sisdat_etl_dag.py took 0.396 seconds
[2025-07-06T20:42:11.169+0000] {processor.py:186} INFO - Started process (PID=748) to work on /opt/airflow/dags/clientes_sisdat_etl_dag.py
[2025-07-06T20:42:11.170+0000] {processor.py:914} INFO - Processing file /opt/airflow/dags/clientes_sisdat_etl_dag.py for tasks to queue
[2025-07-06T20:42:11.172+0000] {logging_mixin.py:190} INFO - [2025-07-06T20:42:11.171+0000] {dagbag.py:588} INFO - Filling up the DagBag from /opt/airflow/dags/clientes_sisdat_etl_dag.py
[2025-07-06T20:42:11.540+0000] {processor.py:925} INFO - DAG(s) 'etl_dag_datos_num_clientes_sisdat' retrieved from /opt/airflow/dags/clientes_sisdat_etl_dag.py
[2025-07-06T20:42:11.564+0000] {logging_mixin.py:190} INFO - [2025-07-06T20:42:11.564+0000] {dag.py:3239} INFO - Sync 1 DAGs
[2025-07-06T20:42:11.578+0000] {logging_mixin.py:190} INFO - [2025-07-06T20:42:11.578+0000] {dag.py:4180} INFO - Setting next_dagrun for etl_dag_datos_num_clientes_sisdat to None, run_after=None
[2025-07-06T20:42:11.596+0000] {processor.py:208} INFO - Processing /opt/airflow/dags/clientes_sisdat_etl_dag.py took 0.435 seconds
[2025-07-06T20:42:41.701+0000] {processor.py:186} INFO - Started process (PID=766) to work on /opt/airflow/dags/clientes_sisdat_etl_dag.py
[2025-07-06T20:42:41.702+0000] {processor.py:914} INFO - Processing file /opt/airflow/dags/clientes_sisdat_etl_dag.py for tasks to queue
[2025-07-06T20:42:41.704+0000] {logging_mixin.py:190} INFO - [2025-07-06T20:42:41.704+0000] {dagbag.py:588} INFO - Filling up the DagBag from /opt/airflow/dags/clientes_sisdat_etl_dag.py
[2025-07-06T20:42:42.013+0000] {processor.py:925} INFO - DAG(s) 'etl_dag_datos_num_clientes_sisdat' retrieved from /opt/airflow/dags/clientes_sisdat_etl_dag.py
[2025-07-06T20:42:42.041+0000] {logging_mixin.py:190} INFO - [2025-07-06T20:42:42.041+0000] {dag.py:3239} INFO - Sync 1 DAGs
[2025-07-06T20:42:42.055+0000] {logging_mixin.py:190} INFO - [2025-07-06T20:42:42.054+0000] {dag.py:4180} INFO - Setting next_dagrun for etl_dag_datos_num_clientes_sisdat to None, run_after=None
[2025-07-06T20:42:42.071+0000] {processor.py:208} INFO - Processing /opt/airflow/dags/clientes_sisdat_etl_dag.py took 0.379 seconds
[2025-07-06T20:43:12.193+0000] {processor.py:186} INFO - Started process (PID=784) to work on /opt/airflow/dags/clientes_sisdat_etl_dag.py
[2025-07-06T20:43:12.194+0000] {processor.py:914} INFO - Processing file /opt/airflow/dags/clientes_sisdat_etl_dag.py for tasks to queue
[2025-07-06T20:43:12.196+0000] {logging_mixin.py:190} INFO - [2025-07-06T20:43:12.196+0000] {dagbag.py:588} INFO - Filling up the DagBag from /opt/airflow/dags/clientes_sisdat_etl_dag.py
[2025-07-06T20:43:12.533+0000] {processor.py:925} INFO - DAG(s) 'etl_dag_datos_num_clientes_sisdat' retrieved from /opt/airflow/dags/clientes_sisdat_etl_dag.py
[2025-07-06T20:43:12.558+0000] {logging_mixin.py:190} INFO - [2025-07-06T20:43:12.558+0000] {dag.py:3239} INFO - Sync 1 DAGs
[2025-07-06T20:43:12.571+0000] {logging_mixin.py:190} INFO - [2025-07-06T20:43:12.571+0000] {dag.py:4180} INFO - Setting next_dagrun for etl_dag_datos_num_clientes_sisdat to None, run_after=None
[2025-07-06T20:43:12.592+0000] {processor.py:208} INFO - Processing /opt/airflow/dags/clientes_sisdat_etl_dag.py took 0.408 seconds
[2025-07-06T20:43:42.759+0000] {processor.py:186} INFO - Started process (PID=802) to work on /opt/airflow/dags/clientes_sisdat_etl_dag.py
[2025-07-06T20:43:42.760+0000] {processor.py:914} INFO - Processing file /opt/airflow/dags/clientes_sisdat_etl_dag.py for tasks to queue
[2025-07-06T20:43:42.763+0000] {logging_mixin.py:190} INFO - [2025-07-06T20:43:42.762+0000] {dagbag.py:588} INFO - Filling up the DagBag from /opt/airflow/dags/clientes_sisdat_etl_dag.py
[2025-07-06T20:43:43.101+0000] {processor.py:925} INFO - DAG(s) 'etl_dag_datos_num_clientes_sisdat' retrieved from /opt/airflow/dags/clientes_sisdat_etl_dag.py
[2025-07-06T20:43:43.126+0000] {logging_mixin.py:190} INFO - [2025-07-06T20:43:43.126+0000] {dag.py:3239} INFO - Sync 1 DAGs
[2025-07-06T20:43:43.139+0000] {logging_mixin.py:190} INFO - [2025-07-06T20:43:43.139+0000] {dag.py:4180} INFO - Setting next_dagrun for etl_dag_datos_num_clientes_sisdat to None, run_after=None
[2025-07-06T20:43:43.156+0000] {processor.py:208} INFO - Processing /opt/airflow/dags/clientes_sisdat_etl_dag.py took 0.406 seconds
[2025-07-06T20:44:13.283+0000] {processor.py:186} INFO - Started process (PID=820) to work on /opt/airflow/dags/clientes_sisdat_etl_dag.py
[2025-07-06T20:44:13.284+0000] {processor.py:914} INFO - Processing file /opt/airflow/dags/clientes_sisdat_etl_dag.py for tasks to queue
[2025-07-06T20:44:13.286+0000] {logging_mixin.py:190} INFO - [2025-07-06T20:44:13.286+0000] {dagbag.py:588} INFO - Filling up the DagBag from /opt/airflow/dags/clientes_sisdat_etl_dag.py
[2025-07-06T20:44:13.599+0000] {processor.py:925} INFO - DAG(s) 'etl_dag_datos_num_clientes_sisdat' retrieved from /opt/airflow/dags/clientes_sisdat_etl_dag.py
[2025-07-06T20:44:13.624+0000] {logging_mixin.py:190} INFO - [2025-07-06T20:44:13.624+0000] {dag.py:3239} INFO - Sync 1 DAGs
[2025-07-06T20:44:13.637+0000] {logging_mixin.py:190} INFO - [2025-07-06T20:44:13.637+0000] {dag.py:4180} INFO - Setting next_dagrun for etl_dag_datos_num_clientes_sisdat to None, run_after=None
[2025-07-06T20:44:13.652+0000] {processor.py:208} INFO - Processing /opt/airflow/dags/clientes_sisdat_etl_dag.py took 0.377 seconds
[2025-07-06T20:44:43.794+0000] {processor.py:186} INFO - Started process (PID=838) to work on /opt/airflow/dags/clientes_sisdat_etl_dag.py
[2025-07-06T20:44:43.795+0000] {processor.py:914} INFO - Processing file /opt/airflow/dags/clientes_sisdat_etl_dag.py for tasks to queue
[2025-07-06T20:44:43.797+0000] {logging_mixin.py:190} INFO - [2025-07-06T20:44:43.797+0000] {dagbag.py:588} INFO - Filling up the DagBag from /opt/airflow/dags/clientes_sisdat_etl_dag.py
[2025-07-06T20:44:44.136+0000] {processor.py:925} INFO - DAG(s) 'etl_dag_datos_num_clientes_sisdat' retrieved from /opt/airflow/dags/clientes_sisdat_etl_dag.py
[2025-07-06T20:44:44.161+0000] {logging_mixin.py:190} INFO - [2025-07-06T20:44:44.161+0000] {dag.py:3239} INFO - Sync 1 DAGs
[2025-07-06T20:44:44.175+0000] {logging_mixin.py:190} INFO - [2025-07-06T20:44:44.174+0000] {dag.py:4180} INFO - Setting next_dagrun for etl_dag_datos_num_clientes_sisdat to None, run_after=None
[2025-07-06T20:44:44.192+0000] {processor.py:208} INFO - Processing /opt/airflow/dags/clientes_sisdat_etl_dag.py took 0.407 seconds
[2025-07-06T20:45:14.334+0000] {processor.py:186} INFO - Started process (PID=864) to work on /opt/airflow/dags/clientes_sisdat_etl_dag.py
[2025-07-06T20:45:14.335+0000] {processor.py:914} INFO - Processing file /opt/airflow/dags/clientes_sisdat_etl_dag.py for tasks to queue
[2025-07-06T20:45:14.338+0000] {logging_mixin.py:190} INFO - [2025-07-06T20:45:14.337+0000] {dagbag.py:588} INFO - Filling up the DagBag from /opt/airflow/dags/clientes_sisdat_etl_dag.py
[2025-07-06T20:45:14.688+0000] {processor.py:925} INFO - DAG(s) 'etl_dag_datos_num_clientes_sisdat' retrieved from /opt/airflow/dags/clientes_sisdat_etl_dag.py
[2025-07-06T20:45:14.713+0000] {logging_mixin.py:190} INFO - [2025-07-06T20:45:14.712+0000] {dag.py:3239} INFO - Sync 1 DAGs
[2025-07-06T20:45:14.727+0000] {logging_mixin.py:190} INFO - [2025-07-06T20:45:14.727+0000] {dag.py:4180} INFO - Setting next_dagrun for etl_dag_datos_num_clientes_sisdat to None, run_after=None
[2025-07-06T20:45:14.743+0000] {processor.py:208} INFO - Processing /opt/airflow/dags/clientes_sisdat_etl_dag.py took 0.419 seconds
[2025-07-06T20:45:44.898+0000] {processor.py:186} INFO - Started process (PID=882) to work on /opt/airflow/dags/clientes_sisdat_etl_dag.py
[2025-07-06T20:45:44.898+0000] {processor.py:914} INFO - Processing file /opt/airflow/dags/clientes_sisdat_etl_dag.py for tasks to queue
[2025-07-06T20:45:44.901+0000] {logging_mixin.py:190} INFO - [2025-07-06T20:45:44.900+0000] {dagbag.py:588} INFO - Filling up the DagBag from /opt/airflow/dags/clientes_sisdat_etl_dag.py
[2025-07-06T20:45:45.222+0000] {processor.py:925} INFO - DAG(s) 'etl_dag_datos_num_clientes_sisdat' retrieved from /opt/airflow/dags/clientes_sisdat_etl_dag.py
[2025-07-06T20:45:45.249+0000] {logging_mixin.py:190} INFO - [2025-07-06T20:45:45.249+0000] {dag.py:3239} INFO - Sync 1 DAGs
[2025-07-06T20:45:45.263+0000] {logging_mixin.py:190} INFO - [2025-07-06T20:45:45.263+0000] {dag.py:4180} INFO - Setting next_dagrun for etl_dag_datos_num_clientes_sisdat to None, run_after=None
[2025-07-06T20:45:45.281+0000] {processor.py:208} INFO - Processing /opt/airflow/dags/clientes_sisdat_etl_dag.py took 0.392 seconds
[2025-07-06T20:46:15.372+0000] {processor.py:186} INFO - Started process (PID=900) to work on /opt/airflow/dags/clientes_sisdat_etl_dag.py
[2025-07-06T20:46:15.373+0000] {processor.py:914} INFO - Processing file /opt/airflow/dags/clientes_sisdat_etl_dag.py for tasks to queue
[2025-07-06T20:46:15.375+0000] {logging_mixin.py:190} INFO - [2025-07-06T20:46:15.374+0000] {dagbag.py:588} INFO - Filling up the DagBag from /opt/airflow/dags/clientes_sisdat_etl_dag.py
[2025-07-06T20:46:15.712+0000] {processor.py:925} INFO - DAG(s) 'etl_dag_datos_num_clientes_sisdat' retrieved from /opt/airflow/dags/clientes_sisdat_etl_dag.py
[2025-07-06T20:46:15.740+0000] {logging_mixin.py:190} INFO - [2025-07-06T20:46:15.739+0000] {dag.py:3239} INFO - Sync 1 DAGs
[2025-07-06T20:46:15.756+0000] {logging_mixin.py:190} INFO - [2025-07-06T20:46:15.756+0000] {dag.py:4180} INFO - Setting next_dagrun for etl_dag_datos_num_clientes_sisdat to None, run_after=None
[2025-07-06T20:46:15.778+0000] {processor.py:208} INFO - Processing /opt/airflow/dags/clientes_sisdat_etl_dag.py took 0.414 seconds
[2025-07-06T20:46:45.895+0000] {processor.py:186} INFO - Started process (PID=918) to work on /opt/airflow/dags/clientes_sisdat_etl_dag.py
[2025-07-06T20:46:45.896+0000] {processor.py:914} INFO - Processing file /opt/airflow/dags/clientes_sisdat_etl_dag.py for tasks to queue
[2025-07-06T20:46:45.898+0000] {logging_mixin.py:190} INFO - [2025-07-06T20:46:45.898+0000] {dagbag.py:588} INFO - Filling up the DagBag from /opt/airflow/dags/clientes_sisdat_etl_dag.py
[2025-07-06T20:46:46.234+0000] {processor.py:925} INFO - DAG(s) 'etl_dag_datos_num_clientes_sisdat' retrieved from /opt/airflow/dags/clientes_sisdat_etl_dag.py
[2025-07-06T20:46:46.265+0000] {logging_mixin.py:190} INFO - [2025-07-06T20:46:46.264+0000] {dag.py:3239} INFO - Sync 1 DAGs
[2025-07-06T20:46:46.280+0000] {logging_mixin.py:190} INFO - [2025-07-06T20:46:46.280+0000] {dag.py:4180} INFO - Setting next_dagrun for etl_dag_datos_num_clientes_sisdat to None, run_after=None
[2025-07-06T20:46:46.296+0000] {processor.py:208} INFO - Processing /opt/airflow/dags/clientes_sisdat_etl_dag.py took 0.409 seconds
[2025-07-06T20:47:16.468+0000] {processor.py:186} INFO - Started process (PID=936) to work on /opt/airflow/dags/clientes_sisdat_etl_dag.py
[2025-07-06T20:47:16.469+0000] {processor.py:914} INFO - Processing file /opt/airflow/dags/clientes_sisdat_etl_dag.py for tasks to queue
[2025-07-06T20:47:16.471+0000] {logging_mixin.py:190} INFO - [2025-07-06T20:47:16.471+0000] {dagbag.py:588} INFO - Filling up the DagBag from /opt/airflow/dags/clientes_sisdat_etl_dag.py
[2025-07-06T20:47:16.782+0000] {processor.py:925} INFO - DAG(s) 'etl_dag_datos_num_clientes_sisdat' retrieved from /opt/airflow/dags/clientes_sisdat_etl_dag.py
[2025-07-06T20:47:16.805+0000] {logging_mixin.py:190} INFO - [2025-07-06T20:47:16.805+0000] {dag.py:3239} INFO - Sync 1 DAGs
[2025-07-06T20:47:16.818+0000] {logging_mixin.py:190} INFO - [2025-07-06T20:47:16.818+0000] {dag.py:4180} INFO - Setting next_dagrun for etl_dag_datos_num_clientes_sisdat to None, run_after=None
[2025-07-06T20:47:16.834+0000] {processor.py:208} INFO - Processing /opt/airflow/dags/clientes_sisdat_etl_dag.py took 0.374 seconds
[2025-07-06T20:47:46.935+0000] {processor.py:186} INFO - Started process (PID=954) to work on /opt/airflow/dags/clientes_sisdat_etl_dag.py
[2025-07-06T20:47:46.936+0000] {processor.py:914} INFO - Processing file /opt/airflow/dags/clientes_sisdat_etl_dag.py for tasks to queue
[2025-07-06T20:47:46.938+0000] {logging_mixin.py:190} INFO - [2025-07-06T20:47:46.938+0000] {dagbag.py:588} INFO - Filling up the DagBag from /opt/airflow/dags/clientes_sisdat_etl_dag.py
[2025-07-06T20:47:47.271+0000] {processor.py:925} INFO - DAG(s) 'etl_dag_datos_num_clientes_sisdat' retrieved from /opt/airflow/dags/clientes_sisdat_etl_dag.py
[2025-07-06T20:47:47.303+0000] {logging_mixin.py:190} INFO - [2025-07-06T20:47:47.303+0000] {dag.py:3239} INFO - Sync 1 DAGs
[2025-07-06T20:47:47.321+0000] {logging_mixin.py:190} INFO - [2025-07-06T20:47:47.320+0000] {dag.py:4180} INFO - Setting next_dagrun for etl_dag_datos_num_clientes_sisdat to None, run_after=None
[2025-07-06T20:47:47.341+0000] {processor.py:208} INFO - Processing /opt/airflow/dags/clientes_sisdat_etl_dag.py took 0.414 seconds
[2025-07-06T20:48:17.455+0000] {processor.py:186} INFO - Started process (PID=972) to work on /opt/airflow/dags/clientes_sisdat_etl_dag.py
[2025-07-06T20:48:17.456+0000] {processor.py:914} INFO - Processing file /opt/airflow/dags/clientes_sisdat_etl_dag.py for tasks to queue
[2025-07-06T20:48:17.458+0000] {logging_mixin.py:190} INFO - [2025-07-06T20:48:17.458+0000] {dagbag.py:588} INFO - Filling up the DagBag from /opt/airflow/dags/clientes_sisdat_etl_dag.py
[2025-07-06T20:48:17.770+0000] {processor.py:925} INFO - DAG(s) 'etl_dag_datos_num_clientes_sisdat' retrieved from /opt/airflow/dags/clientes_sisdat_etl_dag.py
[2025-07-06T20:48:17.795+0000] {logging_mixin.py:190} INFO - [2025-07-06T20:48:17.794+0000] {dag.py:3239} INFO - Sync 1 DAGs
[2025-07-06T20:48:17.809+0000] {logging_mixin.py:190} INFO - [2025-07-06T20:48:17.808+0000] {dag.py:4180} INFO - Setting next_dagrun for etl_dag_datos_num_clientes_sisdat to None, run_after=None
[2025-07-06T20:48:17.825+0000] {processor.py:208} INFO - Processing /opt/airflow/dags/clientes_sisdat_etl_dag.py took 0.378 seconds
[2025-07-06T20:48:47.974+0000] {processor.py:186} INFO - Started process (PID=990) to work on /opt/airflow/dags/clientes_sisdat_etl_dag.py
[2025-07-06T20:48:47.975+0000] {processor.py:914} INFO - Processing file /opt/airflow/dags/clientes_sisdat_etl_dag.py for tasks to queue
[2025-07-06T20:48:47.977+0000] {logging_mixin.py:190} INFO - [2025-07-06T20:48:47.977+0000] {dagbag.py:588} INFO - Filling up the DagBag from /opt/airflow/dags/clientes_sisdat_etl_dag.py
[2025-07-06T20:48:48.271+0000] {processor.py:925} INFO - DAG(s) 'etl_dag_datos_num_clientes_sisdat' retrieved from /opt/airflow/dags/clientes_sisdat_etl_dag.py
[2025-07-06T20:48:48.295+0000] {logging_mixin.py:190} INFO - [2025-07-06T20:48:48.294+0000] {dag.py:3239} INFO - Sync 1 DAGs
[2025-07-06T20:48:48.307+0000] {logging_mixin.py:190} INFO - [2025-07-06T20:48:48.307+0000] {dag.py:4180} INFO - Setting next_dagrun for etl_dag_datos_num_clientes_sisdat to None, run_after=None
[2025-07-06T20:48:48.322+0000] {processor.py:208} INFO - Processing /opt/airflow/dags/clientes_sisdat_etl_dag.py took 0.356 seconds
[2025-07-06T20:49:18.415+0000] {processor.py:186} INFO - Started process (PID=1008) to work on /opt/airflow/dags/clientes_sisdat_etl_dag.py
[2025-07-06T20:49:18.415+0000] {processor.py:914} INFO - Processing file /opt/airflow/dags/clientes_sisdat_etl_dag.py for tasks to queue
[2025-07-06T20:49:18.417+0000] {logging_mixin.py:190} INFO - [2025-07-06T20:49:18.417+0000] {dagbag.py:588} INFO - Filling up the DagBag from /opt/airflow/dags/clientes_sisdat_etl_dag.py
[2025-07-06T20:49:18.741+0000] {processor.py:925} INFO - DAG(s) 'etl_dag_datos_num_clientes_sisdat' retrieved from /opt/airflow/dags/clientes_sisdat_etl_dag.py
[2025-07-06T20:49:18.768+0000] {logging_mixin.py:190} INFO - [2025-07-06T20:49:18.768+0000] {dag.py:3239} INFO - Sync 1 DAGs
[2025-07-06T20:49:18.781+0000] {logging_mixin.py:190} INFO - [2025-07-06T20:49:18.780+0000] {dag.py:4180} INFO - Setting next_dagrun for etl_dag_datos_num_clientes_sisdat to None, run_after=None
[2025-07-06T20:49:18.794+0000] {processor.py:208} INFO - Processing /opt/airflow/dags/clientes_sisdat_etl_dag.py took 0.388 seconds
[2025-07-06T20:49:48.886+0000] {processor.py:186} INFO - Started process (PID=1026) to work on /opt/airflow/dags/clientes_sisdat_etl_dag.py
[2025-07-06T20:49:48.887+0000] {processor.py:914} INFO - Processing file /opt/airflow/dags/clientes_sisdat_etl_dag.py for tasks to queue
[2025-07-06T20:49:48.890+0000] {logging_mixin.py:190} INFO - [2025-07-06T20:49:48.890+0000] {dagbag.py:588} INFO - Filling up the DagBag from /opt/airflow/dags/clientes_sisdat_etl_dag.py
[2025-07-06T20:49:49.226+0000] {processor.py:925} INFO - DAG(s) 'etl_dag_datos_num_clientes_sisdat' retrieved from /opt/airflow/dags/clientes_sisdat_etl_dag.py
[2025-07-06T20:49:49.253+0000] {logging_mixin.py:190} INFO - [2025-07-06T20:49:49.252+0000] {dag.py:3239} INFO - Sync 1 DAGs
[2025-07-06T20:49:49.266+0000] {logging_mixin.py:190} INFO - [2025-07-06T20:49:49.266+0000] {dag.py:4180} INFO - Setting next_dagrun for etl_dag_datos_num_clientes_sisdat to None, run_after=None
[2025-07-06T20:49:49.284+0000] {processor.py:208} INFO - Processing /opt/airflow/dags/clientes_sisdat_etl_dag.py took 0.408 seconds
[2025-07-06T20:50:19.450+0000] {processor.py:186} INFO - Started process (PID=1050) to work on /opt/airflow/dags/clientes_sisdat_etl_dag.py
[2025-07-06T20:50:19.451+0000] {processor.py:914} INFO - Processing file /opt/airflow/dags/clientes_sisdat_etl_dag.py for tasks to queue
[2025-07-06T20:50:19.453+0000] {logging_mixin.py:190} INFO - [2025-07-06T20:50:19.453+0000] {dagbag.py:588} INFO - Filling up the DagBag from /opt/airflow/dags/clientes_sisdat_etl_dag.py
[2025-07-06T20:50:19.769+0000] {processor.py:925} INFO - DAG(s) 'etl_dag_datos_num_clientes_sisdat' retrieved from /opt/airflow/dags/clientes_sisdat_etl_dag.py
[2025-07-06T20:50:19.797+0000] {logging_mixin.py:190} INFO - [2025-07-06T20:50:19.797+0000] {dag.py:3239} INFO - Sync 1 DAGs
[2025-07-06T20:50:19.809+0000] {logging_mixin.py:190} INFO - [2025-07-06T20:50:19.809+0000] {dag.py:4180} INFO - Setting next_dagrun for etl_dag_datos_num_clientes_sisdat to None, run_after=None
[2025-07-06T20:50:19.828+0000] {processor.py:208} INFO - Processing /opt/airflow/dags/clientes_sisdat_etl_dag.py took 0.389 seconds
