[2025-07-06T20:14:55.838+0000] {processor.py:186} INFO - Started process (PID=66) to work on /opt/airflow/dags/ener_fact_sisdat_etl_dag.py
[2025-07-06T20:14:55.839+0000] {processor.py:914} INFO - Processing file /opt/airflow/dags/ener_fact_sisdat_etl_dag.py for tasks to queue
[2025-07-06T20:14:55.842+0000] {logging_mixin.py:190} INFO - [2025-07-06T20:14:55.842+0000] {dagbag.py:588} INFO - Filling up the DagBag from /opt/airflow/dags/ener_fact_sisdat_etl_dag.py
[2025-07-06T20:14:56.656+0000] {logging_mixin.py:190} INFO - [2025-07-06T20:14:56.650+0000] {dagbag.py:387} ERROR - Failed to import: /opt/airflow/dags/ener_fact_sisdat_etl_dag.py
Traceback (most recent call last):
  File "/home/airflow/.local/lib/python3.12/site-packages/airflow/models/dagbag.py", line 383, in parse
    loader.exec_module(new_module)
  File "<frozen importlib._bootstrap_external>", line 999, in exec_module
  File "<frozen importlib._bootstrap>", line 488, in _call_with_frames_removed
  File "/opt/airflow/dags/ener_fact_sisdat_etl_dag.py", line 12, in <module>
    from utilities import construir_columna_fecha, obtener_cliente_db, ajustar_atipicos_por_anio
  File "/opt/airflow/utils/utilities.py", line 3, in <module>
    from pymongo.mongo_client import MongoClient
ModuleNotFoundError: No module named 'pymongo'
[2025-07-06T20:14:56.658+0000] {processor.py:927} WARNING - No viable dags retrieved from /opt/airflow/dags/ener_fact_sisdat_etl_dag.py
[2025-07-06T20:14:56.694+0000] {processor.py:208} INFO - Processing /opt/airflow/dags/ener_fact_sisdat_etl_dag.py took 0.866 seconds
[2025-07-06T20:15:26.936+0000] {processor.py:186} INFO - Started process (PID=84) to work on /opt/airflow/dags/ener_fact_sisdat_etl_dag.py
[2025-07-06T20:15:26.937+0000] {processor.py:914} INFO - Processing file /opt/airflow/dags/ener_fact_sisdat_etl_dag.py for tasks to queue
[2025-07-06T20:15:26.939+0000] {logging_mixin.py:190} INFO - [2025-07-06T20:15:26.939+0000] {dagbag.py:588} INFO - Filling up the DagBag from /opt/airflow/dags/ener_fact_sisdat_etl_dag.py
[2025-07-06T20:15:27.422+0000] {logging_mixin.py:190} INFO - [2025-07-06T20:15:27.416+0000] {dagbag.py:387} ERROR - Failed to import: /opt/airflow/dags/ener_fact_sisdat_etl_dag.py
Traceback (most recent call last):
  File "/home/airflow/.local/lib/python3.12/site-packages/airflow/models/dagbag.py", line 383, in parse
    loader.exec_module(new_module)
  File "<frozen importlib._bootstrap_external>", line 999, in exec_module
  File "<frozen importlib._bootstrap>", line 488, in _call_with_frames_removed
  File "/opt/airflow/dags/ener_fact_sisdat_etl_dag.py", line 12, in <module>
    from utilities import construir_columna_fecha, obtener_cliente_db, ajustar_atipicos_por_anio
  File "/opt/airflow/utils/utilities.py", line 3, in <module>
    from pymongo.mongo_client import MongoClient
ModuleNotFoundError: No module named 'pymongo'
[2025-07-06T20:15:27.424+0000] {processor.py:927} WARNING - No viable dags retrieved from /opt/airflow/dags/ener_fact_sisdat_etl_dag.py
[2025-07-06T20:15:27.442+0000] {processor.py:208} INFO - Processing /opt/airflow/dags/ener_fact_sisdat_etl_dag.py took 0.513 seconds
[2025-07-06T20:15:57.719+0000] {processor.py:186} INFO - Started process (PID=102) to work on /opt/airflow/dags/ener_fact_sisdat_etl_dag.py
[2025-07-06T20:15:57.720+0000] {processor.py:914} INFO - Processing file /opt/airflow/dags/ener_fact_sisdat_etl_dag.py for tasks to queue
[2025-07-06T20:15:57.722+0000] {logging_mixin.py:190} INFO - [2025-07-06T20:15:57.722+0000] {dagbag.py:588} INFO - Filling up the DagBag from /opt/airflow/dags/ener_fact_sisdat_etl_dag.py
[2025-07-06T20:15:58.149+0000] {logging_mixin.py:190} INFO - [2025-07-06T20:15:58.144+0000] {dagbag.py:387} ERROR - Failed to import: /opt/airflow/dags/ener_fact_sisdat_etl_dag.py
Traceback (most recent call last):
  File "/home/airflow/.local/lib/python3.12/site-packages/airflow/models/dagbag.py", line 383, in parse
    loader.exec_module(new_module)
  File "<frozen importlib._bootstrap_external>", line 999, in exec_module
  File "<frozen importlib._bootstrap>", line 488, in _call_with_frames_removed
  File "/opt/airflow/dags/ener_fact_sisdat_etl_dag.py", line 12, in <module>
    from utilities import construir_columna_fecha, obtener_cliente_db, ajustar_atipicos_por_anio
  File "/opt/airflow/utils/utilities.py", line 3, in <module>
    from pymongo.mongo_client import MongoClient
ModuleNotFoundError: No module named 'pymongo'
[2025-07-06T20:15:58.150+0000] {processor.py:927} WARNING - No viable dags retrieved from /opt/airflow/dags/ener_fact_sisdat_etl_dag.py
[2025-07-06T20:15:58.171+0000] {processor.py:208} INFO - Processing /opt/airflow/dags/ener_fact_sisdat_etl_dag.py took 0.458 seconds
[2025-07-06T20:16:28.469+0000] {processor.py:186} INFO - Started process (PID=120) to work on /opt/airflow/dags/ener_fact_sisdat_etl_dag.py
[2025-07-06T20:16:28.470+0000] {processor.py:914} INFO - Processing file /opt/airflow/dags/ener_fact_sisdat_etl_dag.py for tasks to queue
[2025-07-06T20:16:28.473+0000] {logging_mixin.py:190} INFO - [2025-07-06T20:16:28.472+0000] {dagbag.py:588} INFO - Filling up the DagBag from /opt/airflow/dags/ener_fact_sisdat_etl_dag.py
[2025-07-06T20:16:28.909+0000] {logging_mixin.py:190} INFO - [2025-07-06T20:16:28.903+0000] {dagbag.py:387} ERROR - Failed to import: /opt/airflow/dags/ener_fact_sisdat_etl_dag.py
Traceback (most recent call last):
  File "/home/airflow/.local/lib/python3.12/site-packages/airflow/models/dagbag.py", line 383, in parse
    loader.exec_module(new_module)
  File "<frozen importlib._bootstrap_external>", line 999, in exec_module
  File "<frozen importlib._bootstrap>", line 488, in _call_with_frames_removed
  File "/opt/airflow/dags/ener_fact_sisdat_etl_dag.py", line 12, in <module>
    from utilities import construir_columna_fecha, obtener_cliente_db, ajustar_atipicos_por_anio
  File "/opt/airflow/utils/utilities.py", line 3, in <module>
    from pymongo.mongo_client import MongoClient
ModuleNotFoundError: No module named 'pymongo'
[2025-07-06T20:16:28.910+0000] {processor.py:927} WARNING - No viable dags retrieved from /opt/airflow/dags/ener_fact_sisdat_etl_dag.py
[2025-07-06T20:16:28.932+0000] {processor.py:208} INFO - Processing /opt/airflow/dags/ener_fact_sisdat_etl_dag.py took 0.469 seconds
[2025-07-06T20:16:59.205+0000] {processor.py:186} INFO - Started process (PID=138) to work on /opt/airflow/dags/ener_fact_sisdat_etl_dag.py
[2025-07-06T20:16:59.206+0000] {processor.py:914} INFO - Processing file /opt/airflow/dags/ener_fact_sisdat_etl_dag.py for tasks to queue
[2025-07-06T20:16:59.209+0000] {logging_mixin.py:190} INFO - [2025-07-06T20:16:59.209+0000] {dagbag.py:588} INFO - Filling up the DagBag from /opt/airflow/dags/ener_fact_sisdat_etl_dag.py
[2025-07-06T20:16:59.673+0000] {logging_mixin.py:190} INFO - [2025-07-06T20:16:59.667+0000] {dagbag.py:387} ERROR - Failed to import: /opt/airflow/dags/ener_fact_sisdat_etl_dag.py
Traceback (most recent call last):
  File "/home/airflow/.local/lib/python3.12/site-packages/airflow/models/dagbag.py", line 383, in parse
    loader.exec_module(new_module)
  File "<frozen importlib._bootstrap_external>", line 999, in exec_module
  File "<frozen importlib._bootstrap>", line 488, in _call_with_frames_removed
  File "/opt/airflow/dags/ener_fact_sisdat_etl_dag.py", line 12, in <module>
    from utilities import construir_columna_fecha, obtener_cliente_db, ajustar_atipicos_por_anio
  File "/opt/airflow/utils/utilities.py", line 3, in <module>
    from pymongo.mongo_client import MongoClient
ModuleNotFoundError: No module named 'pymongo'
[2025-07-06T20:16:59.675+0000] {processor.py:927} WARNING - No viable dags retrieved from /opt/airflow/dags/ener_fact_sisdat_etl_dag.py
[2025-07-06T20:16:59.693+0000] {processor.py:208} INFO - Processing /opt/airflow/dags/ener_fact_sisdat_etl_dag.py took 0.496 seconds
[2025-07-06T20:17:30.130+0000] {processor.py:186} INFO - Started process (PID=156) to work on /opt/airflow/dags/ener_fact_sisdat_etl_dag.py
[2025-07-06T20:17:30.131+0000] {processor.py:914} INFO - Processing file /opt/airflow/dags/ener_fact_sisdat_etl_dag.py for tasks to queue
[2025-07-06T20:17:30.133+0000] {logging_mixin.py:190} INFO - [2025-07-06T20:17:30.133+0000] {dagbag.py:588} INFO - Filling up the DagBag from /opt/airflow/dags/ener_fact_sisdat_etl_dag.py
[2025-07-06T20:17:30.553+0000] {logging_mixin.py:190} INFO - [2025-07-06T20:17:30.548+0000] {dagbag.py:387} ERROR - Failed to import: /opt/airflow/dags/ener_fact_sisdat_etl_dag.py
Traceback (most recent call last):
  File "/home/airflow/.local/lib/python3.12/site-packages/airflow/models/dagbag.py", line 383, in parse
    loader.exec_module(new_module)
  File "<frozen importlib._bootstrap_external>", line 999, in exec_module
  File "<frozen importlib._bootstrap>", line 488, in _call_with_frames_removed
  File "/opt/airflow/dags/ener_fact_sisdat_etl_dag.py", line 12, in <module>
    from utilities import construir_columna_fecha, obtener_cliente_db, ajustar_atipicos_por_anio
  File "/opt/airflow/utils/utilities.py", line 3, in <module>
    from pymongo.mongo_client import MongoClient
ModuleNotFoundError: No module named 'pymongo'
[2025-07-06T20:17:30.554+0000] {processor.py:927} WARNING - No viable dags retrieved from /opt/airflow/dags/ener_fact_sisdat_etl_dag.py
[2025-07-06T20:17:30.569+0000] {processor.py:208} INFO - Processing /opt/airflow/dags/ener_fact_sisdat_etl_dag.py took 0.446 seconds
[2025-07-06T20:18:00.924+0000] {processor.py:186} INFO - Started process (PID=174) to work on /opt/airflow/dags/ener_fact_sisdat_etl_dag.py
[2025-07-06T20:18:00.925+0000] {processor.py:914} INFO - Processing file /opt/airflow/dags/ener_fact_sisdat_etl_dag.py for tasks to queue
[2025-07-06T20:18:00.927+0000] {logging_mixin.py:190} INFO - [2025-07-06T20:18:00.927+0000] {dagbag.py:588} INFO - Filling up the DagBag from /opt/airflow/dags/ener_fact_sisdat_etl_dag.py
[2025-07-06T20:18:01.335+0000] {logging_mixin.py:190} INFO - [2025-07-06T20:18:01.330+0000] {dagbag.py:387} ERROR - Failed to import: /opt/airflow/dags/ener_fact_sisdat_etl_dag.py
Traceback (most recent call last):
  File "/home/airflow/.local/lib/python3.12/site-packages/airflow/models/dagbag.py", line 383, in parse
    loader.exec_module(new_module)
  File "<frozen importlib._bootstrap_external>", line 999, in exec_module
  File "<frozen importlib._bootstrap>", line 488, in _call_with_frames_removed
  File "/opt/airflow/dags/ener_fact_sisdat_etl_dag.py", line 12, in <module>
    from utilities import construir_columna_fecha, obtener_cliente_db, ajustar_atipicos_por_anio
  File "/opt/airflow/utils/utilities.py", line 3, in <module>
    from pymongo.mongo_client import MongoClient
ModuleNotFoundError: No module named 'pymongo'
[2025-07-06T20:18:01.336+0000] {processor.py:927} WARNING - No viable dags retrieved from /opt/airflow/dags/ener_fact_sisdat_etl_dag.py
[2025-07-06T20:18:01.355+0000] {processor.py:208} INFO - Processing /opt/airflow/dags/ener_fact_sisdat_etl_dag.py took 0.439 seconds
[2025-07-06T20:18:31.667+0000] {processor.py:186} INFO - Started process (PID=192) to work on /opt/airflow/dags/ener_fact_sisdat_etl_dag.py
[2025-07-06T20:18:31.668+0000] {processor.py:914} INFO - Processing file /opt/airflow/dags/ener_fact_sisdat_etl_dag.py for tasks to queue
[2025-07-06T20:18:31.670+0000] {logging_mixin.py:190} INFO - [2025-07-06T20:18:31.670+0000] {dagbag.py:588} INFO - Filling up the DagBag from /opt/airflow/dags/ener_fact_sisdat_etl_dag.py
[2025-07-06T20:18:32.088+0000] {logging_mixin.py:190} INFO - [2025-07-06T20:18:32.084+0000] {dagbag.py:387} ERROR - Failed to import: /opt/airflow/dags/ener_fact_sisdat_etl_dag.py
Traceback (most recent call last):
  File "/home/airflow/.local/lib/python3.12/site-packages/airflow/models/dagbag.py", line 383, in parse
    loader.exec_module(new_module)
  File "<frozen importlib._bootstrap_external>", line 999, in exec_module
  File "<frozen importlib._bootstrap>", line 488, in _call_with_frames_removed
  File "/opt/airflow/dags/ener_fact_sisdat_etl_dag.py", line 12, in <module>
    from utilities import construir_columna_fecha, obtener_cliente_db, ajustar_atipicos_por_anio
  File "/opt/airflow/utils/utilities.py", line 3, in <module>
    from pymongo.mongo_client import MongoClient
ModuleNotFoundError: No module named 'pymongo'
[2025-07-06T20:18:32.090+0000] {processor.py:927} WARNING - No viable dags retrieved from /opt/airflow/dags/ener_fact_sisdat_etl_dag.py
[2025-07-06T20:18:32.110+0000] {processor.py:208} INFO - Processing /opt/airflow/dags/ener_fact_sisdat_etl_dag.py took 0.448 seconds
[2025-07-06T20:19:02.438+0000] {processor.py:186} INFO - Started process (PID=210) to work on /opt/airflow/dags/ener_fact_sisdat_etl_dag.py
[2025-07-06T20:19:02.439+0000] {processor.py:914} INFO - Processing file /opt/airflow/dags/ener_fact_sisdat_etl_dag.py for tasks to queue
[2025-07-06T20:19:02.442+0000] {logging_mixin.py:190} INFO - [2025-07-06T20:19:02.441+0000] {dagbag.py:588} INFO - Filling up the DagBag from /opt/airflow/dags/ener_fact_sisdat_etl_dag.py
[2025-07-06T20:19:02.883+0000] {logging_mixin.py:190} INFO - [2025-07-06T20:19:02.878+0000] {dagbag.py:387} ERROR - Failed to import: /opt/airflow/dags/ener_fact_sisdat_etl_dag.py
Traceback (most recent call last):
  File "/home/airflow/.local/lib/python3.12/site-packages/airflow/models/dagbag.py", line 383, in parse
    loader.exec_module(new_module)
  File "<frozen importlib._bootstrap_external>", line 999, in exec_module
  File "<frozen importlib._bootstrap>", line 488, in _call_with_frames_removed
  File "/opt/airflow/dags/ener_fact_sisdat_etl_dag.py", line 12, in <module>
    from utilities import construir_columna_fecha, obtener_cliente_db, ajustar_atipicos_por_anio
  File "/opt/airflow/utils/utilities.py", line 3, in <module>
    from pymongo.mongo_client import MongoClient
ModuleNotFoundError: No module named 'pymongo'
[2025-07-06T20:19:02.885+0000] {processor.py:927} WARNING - No viable dags retrieved from /opt/airflow/dags/ener_fact_sisdat_etl_dag.py
[2025-07-06T20:19:02.903+0000] {processor.py:208} INFO - Processing /opt/airflow/dags/ener_fact_sisdat_etl_dag.py took 0.472 seconds
[2025-07-06T20:19:33.248+0000] {processor.py:186} INFO - Started process (PID=228) to work on /opt/airflow/dags/ener_fact_sisdat_etl_dag.py
[2025-07-06T20:19:33.249+0000] {processor.py:914} INFO - Processing file /opt/airflow/dags/ener_fact_sisdat_etl_dag.py for tasks to queue
[2025-07-06T20:19:33.251+0000] {logging_mixin.py:190} INFO - [2025-07-06T20:19:33.251+0000] {dagbag.py:588} INFO - Filling up the DagBag from /opt/airflow/dags/ener_fact_sisdat_etl_dag.py
[2025-07-06T20:19:34.112+0000] {logging_mixin.py:190} INFO - [2025-07-06T20:19:34.105+0000] {dagbag.py:387} ERROR - Failed to import: /opt/airflow/dags/ener_fact_sisdat_etl_dag.py
Traceback (most recent call last):
  File "/home/airflow/.local/lib/python3.12/site-packages/airflow/models/dagbag.py", line 383, in parse
    loader.exec_module(new_module)
  File "<frozen importlib._bootstrap_external>", line 999, in exec_module
  File "<frozen importlib._bootstrap>", line 488, in _call_with_frames_removed
  File "/opt/airflow/dags/ener_fact_sisdat_etl_dag.py", line 12, in <module>
    from utilities import construir_columna_fecha, obtener_cliente_db, ajustar_atipicos_por_anio
  File "/opt/airflow/utils/utilities.py", line 3, in <module>
    from pymongo.mongo_client import MongoClient
ModuleNotFoundError: No module named 'pymongo'
[2025-07-06T20:19:34.116+0000] {processor.py:927} WARNING - No viable dags retrieved from /opt/airflow/dags/ener_fact_sisdat_etl_dag.py
[2025-07-06T20:19:34.143+0000] {processor.py:208} INFO - Processing /opt/airflow/dags/ener_fact_sisdat_etl_dag.py took 0.904 seconds
[2025-07-06T20:20:04.405+0000] {processor.py:186} INFO - Started process (PID=246) to work on /opt/airflow/dags/ener_fact_sisdat_etl_dag.py
[2025-07-06T20:20:04.406+0000] {processor.py:914} INFO - Processing file /opt/airflow/dags/ener_fact_sisdat_etl_dag.py for tasks to queue
[2025-07-06T20:20:04.408+0000] {logging_mixin.py:190} INFO - [2025-07-06T20:20:04.408+0000] {dagbag.py:588} INFO - Filling up the DagBag from /opt/airflow/dags/ener_fact_sisdat_etl_dag.py
[2025-07-06T20:20:04.830+0000] {logging_mixin.py:190} INFO - [2025-07-06T20:20:04.825+0000] {dagbag.py:387} ERROR - Failed to import: /opt/airflow/dags/ener_fact_sisdat_etl_dag.py
Traceback (most recent call last):
  File "/home/airflow/.local/lib/python3.12/site-packages/airflow/models/dagbag.py", line 383, in parse
    loader.exec_module(new_module)
  File "<frozen importlib._bootstrap_external>", line 999, in exec_module
  File "<frozen importlib._bootstrap>", line 488, in _call_with_frames_removed
  File "/opt/airflow/dags/ener_fact_sisdat_etl_dag.py", line 12, in <module>
    from utilities import construir_columna_fecha, obtener_cliente_db, ajustar_atipicos_por_anio
  File "/opt/airflow/utils/utilities.py", line 3, in <module>
    from pymongo.mongo_client import MongoClient
ModuleNotFoundError: No module named 'pymongo'
[2025-07-06T20:20:04.832+0000] {processor.py:927} WARNING - No viable dags retrieved from /opt/airflow/dags/ener_fact_sisdat_etl_dag.py
[2025-07-06T20:20:04.851+0000] {processor.py:208} INFO - Processing /opt/airflow/dags/ener_fact_sisdat_etl_dag.py took 0.451 seconds
[2025-07-06T20:20:35.639+0000] {processor.py:186} INFO - Started process (PID=264) to work on /opt/airflow/dags/ener_fact_sisdat_etl_dag.py
[2025-07-06T20:20:35.640+0000] {processor.py:914} INFO - Processing file /opt/airflow/dags/ener_fact_sisdat_etl_dag.py for tasks to queue
[2025-07-06T20:20:35.642+0000] {logging_mixin.py:190} INFO - [2025-07-06T20:20:35.641+0000] {dagbag.py:588} INFO - Filling up the DagBag from /opt/airflow/dags/ener_fact_sisdat_etl_dag.py
[2025-07-06T20:20:36.152+0000] {logging_mixin.py:190} INFO - [2025-07-06T20:20:36.147+0000] {dagbag.py:387} ERROR - Failed to import: /opt/airflow/dags/ener_fact_sisdat_etl_dag.py
Traceback (most recent call last):
  File "/home/airflow/.local/lib/python3.12/site-packages/airflow/models/dagbag.py", line 383, in parse
    loader.exec_module(new_module)
  File "<frozen importlib._bootstrap_external>", line 999, in exec_module
  File "<frozen importlib._bootstrap>", line 488, in _call_with_frames_removed
  File "/opt/airflow/dags/ener_fact_sisdat_etl_dag.py", line 12, in <module>
    from utilities import construir_columna_fecha, obtener_cliente_db, ajustar_atipicos_por_anio
  File "/opt/airflow/utils/utilities.py", line 3, in <module>
    from pymongo.mongo_client import MongoClient
ModuleNotFoundError: No module named 'pymongo'
[2025-07-06T20:20:36.154+0000] {processor.py:927} WARNING - No viable dags retrieved from /opt/airflow/dags/ener_fact_sisdat_etl_dag.py
[2025-07-06T20:20:36.174+0000] {processor.py:208} INFO - Processing /opt/airflow/dags/ener_fact_sisdat_etl_dag.py took 0.541 seconds
[2025-07-06T20:21:06.522+0000] {processor.py:186} INFO - Started process (PID=282) to work on /opt/airflow/dags/ener_fact_sisdat_etl_dag.py
[2025-07-06T20:21:06.523+0000] {processor.py:914} INFO - Processing file /opt/airflow/dags/ener_fact_sisdat_etl_dag.py for tasks to queue
[2025-07-06T20:21:06.525+0000] {logging_mixin.py:190} INFO - [2025-07-06T20:21:06.525+0000] {dagbag.py:588} INFO - Filling up the DagBag from /opt/airflow/dags/ener_fact_sisdat_etl_dag.py
[2025-07-06T20:21:07.035+0000] {logging_mixin.py:190} INFO - [2025-07-06T20:21:07.030+0000] {dagbag.py:387} ERROR - Failed to import: /opt/airflow/dags/ener_fact_sisdat_etl_dag.py
Traceback (most recent call last):
  File "/home/airflow/.local/lib/python3.12/site-packages/airflow/models/dagbag.py", line 383, in parse
    loader.exec_module(new_module)
  File "<frozen importlib._bootstrap_external>", line 999, in exec_module
  File "<frozen importlib._bootstrap>", line 488, in _call_with_frames_removed
  File "/opt/airflow/dags/ener_fact_sisdat_etl_dag.py", line 12, in <module>
    from utilities import construir_columna_fecha, obtener_cliente_db, ajustar_atipicos_por_anio
  File "/opt/airflow/utils/utilities.py", line 3, in <module>
    from pymongo.mongo_client import MongoClient
ModuleNotFoundError: No module named 'pymongo'
[2025-07-06T20:21:07.036+0000] {processor.py:927} WARNING - No viable dags retrieved from /opt/airflow/dags/ener_fact_sisdat_etl_dag.py
[2025-07-06T20:21:07.060+0000] {processor.py:208} INFO - Processing /opt/airflow/dags/ener_fact_sisdat_etl_dag.py took 0.545 seconds
[2025-07-06T20:21:37.501+0000] {processor.py:186} INFO - Started process (PID=300) to work on /opt/airflow/dags/ener_fact_sisdat_etl_dag.py
[2025-07-06T20:21:37.502+0000] {processor.py:914} INFO - Processing file /opt/airflow/dags/ener_fact_sisdat_etl_dag.py for tasks to queue
[2025-07-06T20:21:37.504+0000] {logging_mixin.py:190} INFO - [2025-07-06T20:21:37.504+0000] {dagbag.py:588} INFO - Filling up the DagBag from /opt/airflow/dags/ener_fact_sisdat_etl_dag.py
[2025-07-06T20:21:38.009+0000] {logging_mixin.py:190} INFO - [2025-07-06T20:21:38.003+0000] {dagbag.py:387} ERROR - Failed to import: /opt/airflow/dags/ener_fact_sisdat_etl_dag.py
Traceback (most recent call last):
  File "/home/airflow/.local/lib/python3.12/site-packages/airflow/models/dagbag.py", line 383, in parse
    loader.exec_module(new_module)
  File "<frozen importlib._bootstrap_external>", line 999, in exec_module
  File "<frozen importlib._bootstrap>", line 488, in _call_with_frames_removed
  File "/opt/airflow/dags/ener_fact_sisdat_etl_dag.py", line 12, in <module>
    from utilities import construir_columna_fecha, obtener_cliente_db, ajustar_atipicos_por_anio
  File "/opt/airflow/utils/utilities.py", line 3, in <module>
    from pymongo.mongo_client import MongoClient
ModuleNotFoundError: No module named 'pymongo'
[2025-07-06T20:21:38.010+0000] {processor.py:927} WARNING - No viable dags retrieved from /opt/airflow/dags/ener_fact_sisdat_etl_dag.py
[2025-07-06T20:21:38.030+0000] {processor.py:208} INFO - Processing /opt/airflow/dags/ener_fact_sisdat_etl_dag.py took 0.535 seconds
[2025-07-06T20:22:08.410+0000] {processor.py:186} INFO - Started process (PID=318) to work on /opt/airflow/dags/ener_fact_sisdat_etl_dag.py
[2025-07-06T20:22:08.411+0000] {processor.py:914} INFO - Processing file /opt/airflow/dags/ener_fact_sisdat_etl_dag.py for tasks to queue
[2025-07-06T20:22:08.413+0000] {logging_mixin.py:190} INFO - [2025-07-06T20:22:08.412+0000] {dagbag.py:588} INFO - Filling up the DagBag from /opt/airflow/dags/ener_fact_sisdat_etl_dag.py
[2025-07-06T20:22:08.863+0000] {logging_mixin.py:190} INFO - [2025-07-06T20:22:08.858+0000] {dagbag.py:387} ERROR - Failed to import: /opt/airflow/dags/ener_fact_sisdat_etl_dag.py
Traceback (most recent call last):
  File "/home/airflow/.local/lib/python3.12/site-packages/airflow/models/dagbag.py", line 383, in parse
    loader.exec_module(new_module)
  File "<frozen importlib._bootstrap_external>", line 999, in exec_module
  File "<frozen importlib._bootstrap>", line 488, in _call_with_frames_removed
  File "/opt/airflow/dags/ener_fact_sisdat_etl_dag.py", line 12, in <module>
    from utilities import construir_columna_fecha, obtener_cliente_db, ajustar_atipicos_por_anio
  File "/opt/airflow/utils/utilities.py", line 3, in <module>
    from pymongo.mongo_client import MongoClient
ModuleNotFoundError: No module named 'pymongo'
[2025-07-06T20:22:08.864+0000] {processor.py:927} WARNING - No viable dags retrieved from /opt/airflow/dags/ener_fact_sisdat_etl_dag.py
[2025-07-06T20:22:08.884+0000] {processor.py:208} INFO - Processing /opt/airflow/dags/ener_fact_sisdat_etl_dag.py took 0.481 seconds
[2025-07-06T20:22:39.279+0000] {processor.py:186} INFO - Started process (PID=337) to work on /opt/airflow/dags/ener_fact_sisdat_etl_dag.py
[2025-07-06T20:22:39.280+0000] {processor.py:914} INFO - Processing file /opt/airflow/dags/ener_fact_sisdat_etl_dag.py for tasks to queue
[2025-07-06T20:22:39.285+0000] {logging_mixin.py:190} INFO - [2025-07-06T20:22:39.284+0000] {dagbag.py:588} INFO - Filling up the DagBag from /opt/airflow/dags/ener_fact_sisdat_etl_dag.py
[2025-07-06T20:22:39.719+0000] {logging_mixin.py:190} INFO - [2025-07-06T20:22:39.714+0000] {dagbag.py:387} ERROR - Failed to import: /opt/airflow/dags/ener_fact_sisdat_etl_dag.py
Traceback (most recent call last):
  File "/home/airflow/.local/lib/python3.12/site-packages/airflow/models/dagbag.py", line 383, in parse
    loader.exec_module(new_module)
  File "<frozen importlib._bootstrap_external>", line 999, in exec_module
  File "<frozen importlib._bootstrap>", line 488, in _call_with_frames_removed
  File "/opt/airflow/dags/ener_fact_sisdat_etl_dag.py", line 12, in <module>
    from utilities import construir_columna_fecha, obtener_cliente_db, ajustar_atipicos_por_anio
  File "/opt/airflow/utils/utilities.py", line 3, in <module>
    from pymongo.mongo_client import MongoClient
ModuleNotFoundError: No module named 'pymongo'
[2025-07-06T20:22:39.720+0000] {processor.py:927} WARNING - No viable dags retrieved from /opt/airflow/dags/ener_fact_sisdat_etl_dag.py
[2025-07-06T20:22:39.740+0000] {processor.py:208} INFO - Processing /opt/airflow/dags/ener_fact_sisdat_etl_dag.py took 0.467 seconds
[2025-07-06T20:23:10.688+0000] {processor.py:186} INFO - Started process (PID=363) to work on /opt/airflow/dags/ener_fact_sisdat_etl_dag.py
[2025-07-06T20:23:10.689+0000] {processor.py:914} INFO - Processing file /opt/airflow/dags/ener_fact_sisdat_etl_dag.py for tasks to queue
[2025-07-06T20:23:10.691+0000] {logging_mixin.py:190} INFO - [2025-07-06T20:23:10.691+0000] {dagbag.py:588} INFO - Filling up the DagBag from /opt/airflow/dags/ener_fact_sisdat_etl_dag.py
[2025-07-06T20:23:10.986+0000] {logging_mixin.py:190} INFO - [2025-07-06T20:23:10.980+0000] {dagbag.py:387} ERROR - Failed to import: /opt/airflow/dags/ener_fact_sisdat_etl_dag.py
Traceback (most recent call last):
  File "/home/airflow/.local/lib/python3.12/site-packages/airflow/models/dagbag.py", line 383, in parse
    loader.exec_module(new_module)
  File "<frozen importlib._bootstrap_external>", line 999, in exec_module
  File "<frozen importlib._bootstrap>", line 488, in _call_with_frames_removed
  File "/opt/airflow/dags/ener_fact_sisdat_etl_dag.py", line 12, in <module>
    from utilities import construir_columna_fecha, obtener_cliente_db, ajustar_atipicos_por_anio
  File "/opt/airflow/utils/utilities.py", line 3, in <module>
    from pymongo.mongo_client import MongoClient
ModuleNotFoundError: No module named 'pymongo'
[2025-07-06T20:23:10.987+0000] {processor.py:927} WARNING - No viable dags retrieved from /opt/airflow/dags/ener_fact_sisdat_etl_dag.py
[2025-07-06T20:23:11.010+0000] {processor.py:208} INFO - Processing /opt/airflow/dags/ener_fact_sisdat_etl_dag.py took 0.328 seconds
[2025-07-06T20:23:41.189+0000] {processor.py:186} INFO - Started process (PID=399) to work on /opt/airflow/dags/ener_fact_sisdat_etl_dag.py
[2025-07-06T20:23:41.190+0000] {processor.py:914} INFO - Processing file /opt/airflow/dags/ener_fact_sisdat_etl_dag.py for tasks to queue
[2025-07-06T20:23:41.192+0000] {logging_mixin.py:190} INFO - [2025-07-06T20:23:41.192+0000] {dagbag.py:588} INFO - Filling up the DagBag from /opt/airflow/dags/ener_fact_sisdat_etl_dag.py
[2025-07-06T20:23:41.550+0000] {processor.py:925} INFO - DAG(s) 'etl_dag_datos_ener_facturada_sisdat' retrieved from /opt/airflow/dags/ener_fact_sisdat_etl_dag.py
[2025-07-06T20:23:41.659+0000] {logging_mixin.py:190} INFO - [2025-07-06T20:23:41.659+0000] {override.py:1912} INFO - Created Permission View: can edit on DAG:etl_dag_datos_ener_facturada_sisdat
[2025-07-06T20:23:41.668+0000] {logging_mixin.py:190} INFO - [2025-07-06T20:23:41.668+0000] {override.py:1912} INFO - Created Permission View: can delete on DAG:etl_dag_datos_ener_facturada_sisdat
[2025-07-06T20:23:41.676+0000] {logging_mixin.py:190} INFO - [2025-07-06T20:23:41.676+0000] {override.py:1912} INFO - Created Permission View: can read on DAG:etl_dag_datos_ener_facturada_sisdat
[2025-07-06T20:23:41.700+0000] {logging_mixin.py:190} INFO - [2025-07-06T20:23:41.700+0000] {override.py:1912} INFO - Created Permission View: can create on DAG Run:etl_dag_datos_ener_facturada_sisdat
[2025-07-06T20:23:41.711+0000] {logging_mixin.py:190} INFO - [2025-07-06T20:23:41.711+0000] {override.py:1912} INFO - Created Permission View: can delete on DAG Run:etl_dag_datos_ener_facturada_sisdat
[2025-07-06T20:23:41.718+0000] {logging_mixin.py:190} INFO - [2025-07-06T20:23:41.718+0000] {override.py:1912} INFO - Created Permission View: can read on DAG Run:etl_dag_datos_ener_facturada_sisdat
[2025-07-06T20:23:41.725+0000] {logging_mixin.py:190} INFO - [2025-07-06T20:23:41.725+0000] {override.py:1912} INFO - Created Permission View: menu access on DAG Run:etl_dag_datos_ener_facturada_sisdat
[2025-07-06T20:23:41.726+0000] {logging_mixin.py:190} INFO - [2025-07-06T20:23:41.726+0000] {dag.py:3239} INFO - Sync 1 DAGs
[2025-07-06T20:23:41.737+0000] {logging_mixin.py:190} INFO - [2025-07-06T20:23:41.736+0000] {dag.py:3262} INFO - Creating ORM DAG for etl_dag_datos_ener_facturada_sisdat
[2025-07-06T20:23:41.738+0000] {logging_mixin.py:190} INFO - [2025-07-06T20:23:41.737+0000] {dag.py:4180} INFO - Setting next_dagrun for etl_dag_datos_ener_facturada_sisdat to None, run_after=None
[2025-07-06T20:23:41.763+0000] {processor.py:208} INFO - Processing /opt/airflow/dags/ener_fact_sisdat_etl_dag.py took 0.584 seconds
[2025-07-06T20:24:12.571+0000] {processor.py:186} INFO - Started process (PID=60) to work on /opt/airflow/dags/ener_fact_sisdat_etl_dag.py
[2025-07-06T20:24:12.573+0000] {processor.py:914} INFO - Processing file /opt/airflow/dags/ener_fact_sisdat_etl_dag.py for tasks to queue
[2025-07-06T20:24:12.575+0000] {logging_mixin.py:190} INFO - [2025-07-06T20:24:12.575+0000] {dagbag.py:588} INFO - Filling up the DagBag from /opt/airflow/dags/ener_fact_sisdat_etl_dag.py
[2025-07-06T20:24:13.283+0000] {processor.py:925} INFO - DAG(s) 'etl_dag_datos_ener_facturada_sisdat' retrieved from /opt/airflow/dags/ener_fact_sisdat_etl_dag.py
[2025-07-06T20:24:13.307+0000] {logging_mixin.py:190} INFO - [2025-07-06T20:24:13.306+0000] {dag.py:3239} INFO - Sync 1 DAGs
[2025-07-06T20:24:13.318+0000] {logging_mixin.py:190} INFO - [2025-07-06T20:24:13.318+0000] {dag.py:4180} INFO - Setting next_dagrun for etl_dag_datos_ener_facturada_sisdat to None, run_after=None
[2025-07-06T20:24:13.334+0000] {processor.py:208} INFO - Processing /opt/airflow/dags/ener_fact_sisdat_etl_dag.py took 0.771 seconds
[2025-07-06T20:24:43.527+0000] {processor.py:186} INFO - Started process (PID=78) to work on /opt/airflow/dags/ener_fact_sisdat_etl_dag.py
[2025-07-06T20:24:43.529+0000] {processor.py:914} INFO - Processing file /opt/airflow/dags/ener_fact_sisdat_etl_dag.py for tasks to queue
[2025-07-06T20:24:43.531+0000] {logging_mixin.py:190} INFO - [2025-07-06T20:24:43.530+0000] {dagbag.py:588} INFO - Filling up the DagBag from /opt/airflow/dags/ener_fact_sisdat_etl_dag.py
[2025-07-06T20:24:44.128+0000] {processor.py:925} INFO - DAG(s) 'etl_dag_datos_ener_facturada_sisdat' retrieved from /opt/airflow/dags/ener_fact_sisdat_etl_dag.py
[2025-07-06T20:24:44.157+0000] {logging_mixin.py:190} INFO - [2025-07-06T20:24:44.156+0000] {dag.py:3239} INFO - Sync 1 DAGs
[2025-07-06T20:24:44.173+0000] {logging_mixin.py:190} INFO - [2025-07-06T20:24:44.173+0000] {dag.py:4180} INFO - Setting next_dagrun for etl_dag_datos_ener_facturada_sisdat to None, run_after=None
[2025-07-06T20:24:44.191+0000] {processor.py:208} INFO - Processing /opt/airflow/dags/ener_fact_sisdat_etl_dag.py took 0.669 seconds
[2025-07-06T20:25:14.488+0000] {processor.py:186} INFO - Started process (PID=96) to work on /opt/airflow/dags/ener_fact_sisdat_etl_dag.py
[2025-07-06T20:25:14.489+0000] {processor.py:914} INFO - Processing file /opt/airflow/dags/ener_fact_sisdat_etl_dag.py for tasks to queue
[2025-07-06T20:25:14.492+0000] {logging_mixin.py:190} INFO - [2025-07-06T20:25:14.491+0000] {dagbag.py:588} INFO - Filling up the DagBag from /opt/airflow/dags/ener_fact_sisdat_etl_dag.py
[2025-07-06T20:25:15.083+0000] {processor.py:925} INFO - DAG(s) 'etl_dag_datos_ener_facturada_sisdat' retrieved from /opt/airflow/dags/ener_fact_sisdat_etl_dag.py
[2025-07-06T20:25:15.104+0000] {logging_mixin.py:190} INFO - [2025-07-06T20:25:15.104+0000] {dag.py:3239} INFO - Sync 1 DAGs
[2025-07-06T20:25:15.114+0000] {logging_mixin.py:190} INFO - [2025-07-06T20:25:15.114+0000] {dag.py:4180} INFO - Setting next_dagrun for etl_dag_datos_ener_facturada_sisdat to None, run_after=None
[2025-07-06T20:25:15.129+0000] {processor.py:208} INFO - Processing /opt/airflow/dags/ener_fact_sisdat_etl_dag.py took 0.650 seconds
[2025-07-06T20:25:45.186+0000] {processor.py:186} INFO - Started process (PID=114) to work on /opt/airflow/dags/ener_fact_sisdat_etl_dag.py
[2025-07-06T20:25:45.187+0000] {processor.py:914} INFO - Processing file /opt/airflow/dags/ener_fact_sisdat_etl_dag.py for tasks to queue
[2025-07-06T20:25:45.189+0000] {logging_mixin.py:190} INFO - [2025-07-06T20:25:45.189+0000] {dagbag.py:588} INFO - Filling up the DagBag from /opt/airflow/dags/ener_fact_sisdat_etl_dag.py
[2025-07-06T20:25:45.657+0000] {processor.py:925} INFO - DAG(s) 'etl_dag_datos_ener_facturada_sisdat' retrieved from /opt/airflow/dags/ener_fact_sisdat_etl_dag.py
[2025-07-06T20:25:45.678+0000] {logging_mixin.py:190} INFO - [2025-07-06T20:25:45.677+0000] {dag.py:3239} INFO - Sync 1 DAGs
[2025-07-06T20:25:45.687+0000] {logging_mixin.py:190} INFO - [2025-07-06T20:25:45.687+0000] {dag.py:4180} INFO - Setting next_dagrun for etl_dag_datos_ener_facturada_sisdat to None, run_after=None
[2025-07-06T20:25:45.699+0000] {processor.py:208} INFO - Processing /opt/airflow/dags/ener_fact_sisdat_etl_dag.py took 0.519 seconds
[2025-07-06T20:26:16.224+0000] {processor.py:186} INFO - Started process (PID=132) to work on /opt/airflow/dags/ener_fact_sisdat_etl_dag.py
[2025-07-06T20:26:16.226+0000] {processor.py:914} INFO - Processing file /opt/airflow/dags/ener_fact_sisdat_etl_dag.py for tasks to queue
[2025-07-06T20:26:16.228+0000] {logging_mixin.py:190} INFO - [2025-07-06T20:26:16.228+0000] {dagbag.py:588} INFO - Filling up the DagBag from /opt/airflow/dags/ener_fact_sisdat_etl_dag.py
[2025-07-06T20:26:16.738+0000] {processor.py:925} INFO - DAG(s) 'etl_dag_datos_ener_facturada_sisdat' retrieved from /opt/airflow/dags/ener_fact_sisdat_etl_dag.py
[2025-07-06T20:26:16.759+0000] {logging_mixin.py:190} INFO - [2025-07-06T20:26:16.759+0000] {dag.py:3239} INFO - Sync 1 DAGs
[2025-07-06T20:26:16.771+0000] {logging_mixin.py:190} INFO - [2025-07-06T20:26:16.770+0000] {dag.py:4180} INFO - Setting next_dagrun for etl_dag_datos_ener_facturada_sisdat to None, run_after=None
[2025-07-06T20:26:16.789+0000] {processor.py:208} INFO - Processing /opt/airflow/dags/ener_fact_sisdat_etl_dag.py took 0.570 seconds
[2025-07-06T20:26:47.323+0000] {processor.py:186} INFO - Started process (PID=156) to work on /opt/airflow/dags/ener_fact_sisdat_etl_dag.py
[2025-07-06T20:26:47.324+0000] {processor.py:914} INFO - Processing file /opt/airflow/dags/ener_fact_sisdat_etl_dag.py for tasks to queue
[2025-07-06T20:26:47.326+0000] {logging_mixin.py:190} INFO - [2025-07-06T20:26:47.325+0000] {dagbag.py:588} INFO - Filling up the DagBag from /opt/airflow/dags/ener_fact_sisdat_etl_dag.py
[2025-07-06T20:26:47.864+0000] {processor.py:925} INFO - DAG(s) 'etl_dag_datos_ener_facturada_sisdat' retrieved from /opt/airflow/dags/ener_fact_sisdat_etl_dag.py
[2025-07-06T20:26:47.885+0000] {logging_mixin.py:190} INFO - [2025-07-06T20:26:47.884+0000] {dag.py:3239} INFO - Sync 1 DAGs
[2025-07-06T20:26:47.896+0000] {logging_mixin.py:190} INFO - [2025-07-06T20:26:47.896+0000] {dag.py:4180} INFO - Setting next_dagrun for etl_dag_datos_ener_facturada_sisdat to None, run_after=None
[2025-07-06T20:26:47.910+0000] {processor.py:208} INFO - Processing /opt/airflow/dags/ener_fact_sisdat_etl_dag.py took 0.592 seconds
[2025-07-06T20:27:18.765+0000] {processor.py:186} INFO - Started process (PID=174) to work on /opt/airflow/dags/ener_fact_sisdat_etl_dag.py
[2025-07-06T20:27:18.766+0000] {processor.py:914} INFO - Processing file /opt/airflow/dags/ener_fact_sisdat_etl_dag.py for tasks to queue
[2025-07-06T20:27:18.768+0000] {logging_mixin.py:190} INFO - [2025-07-06T20:27:18.768+0000] {dagbag.py:588} INFO - Filling up the DagBag from /opt/airflow/dags/ener_fact_sisdat_etl_dag.py
[2025-07-06T20:27:19.280+0000] {processor.py:925} INFO - DAG(s) 'etl_dag_datos_ener_facturada_sisdat' retrieved from /opt/airflow/dags/ener_fact_sisdat_etl_dag.py
[2025-07-06T20:27:19.303+0000] {logging_mixin.py:190} INFO - [2025-07-06T20:27:19.303+0000] {dag.py:3239} INFO - Sync 1 DAGs
[2025-07-06T20:27:19.321+0000] {logging_mixin.py:190} INFO - [2025-07-06T20:27:19.321+0000] {dag.py:4180} INFO - Setting next_dagrun for etl_dag_datos_ener_facturada_sisdat to None, run_after=None
[2025-07-06T20:27:19.337+0000] {processor.py:208} INFO - Processing /opt/airflow/dags/ener_fact_sisdat_etl_dag.py took 0.577 seconds
[2025-07-06T20:27:49.733+0000] {processor.py:186} INFO - Started process (PID=192) to work on /opt/airflow/dags/ener_fact_sisdat_etl_dag.py
[2025-07-06T20:27:49.734+0000] {processor.py:914} INFO - Processing file /opt/airflow/dags/ener_fact_sisdat_etl_dag.py for tasks to queue
[2025-07-06T20:27:49.736+0000] {logging_mixin.py:190} INFO - [2025-07-06T20:27:49.736+0000] {dagbag.py:588} INFO - Filling up the DagBag from /opt/airflow/dags/ener_fact_sisdat_etl_dag.py
[2025-07-06T20:27:50.234+0000] {processor.py:925} INFO - DAG(s) 'etl_dag_datos_ener_facturada_sisdat' retrieved from /opt/airflow/dags/ener_fact_sisdat_etl_dag.py
[2025-07-06T20:27:50.255+0000] {logging_mixin.py:190} INFO - [2025-07-06T20:27:50.255+0000] {dag.py:3239} INFO - Sync 1 DAGs
[2025-07-06T20:27:50.269+0000] {logging_mixin.py:190} INFO - [2025-07-06T20:27:50.269+0000] {dag.py:4180} INFO - Setting next_dagrun for etl_dag_datos_ener_facturada_sisdat to None, run_after=None
[2025-07-06T20:27:50.283+0000] {processor.py:208} INFO - Processing /opt/airflow/dags/ener_fact_sisdat_etl_dag.py took 0.555 seconds
[2025-07-06T20:28:20.599+0000] {processor.py:186} INFO - Started process (PID=210) to work on /opt/airflow/dags/ener_fact_sisdat_etl_dag.py
[2025-07-06T20:28:20.599+0000] {processor.py:914} INFO - Processing file /opt/airflow/dags/ener_fact_sisdat_etl_dag.py for tasks to queue
[2025-07-06T20:28:20.602+0000] {logging_mixin.py:190} INFO - [2025-07-06T20:28:20.601+0000] {dagbag.py:588} INFO - Filling up the DagBag from /opt/airflow/dags/ener_fact_sisdat_etl_dag.py
[2025-07-06T20:28:21.077+0000] {processor.py:925} INFO - DAG(s) 'etl_dag_datos_ener_facturada_sisdat' retrieved from /opt/airflow/dags/ener_fact_sisdat_etl_dag.py
[2025-07-06T20:28:21.098+0000] {logging_mixin.py:190} INFO - [2025-07-06T20:28:21.098+0000] {dag.py:3239} INFO - Sync 1 DAGs
[2025-07-06T20:28:21.109+0000] {logging_mixin.py:190} INFO - [2025-07-06T20:28:21.109+0000] {dag.py:4180} INFO - Setting next_dagrun for etl_dag_datos_ener_facturada_sisdat to None, run_after=None
[2025-07-06T20:28:21.123+0000] {processor.py:208} INFO - Processing /opt/airflow/dags/ener_fact_sisdat_etl_dag.py took 0.530 seconds
[2025-07-06T20:28:51.478+0000] {processor.py:186} INFO - Started process (PID=228) to work on /opt/airflow/dags/ener_fact_sisdat_etl_dag.py
[2025-07-06T20:28:51.479+0000] {processor.py:914} INFO - Processing file /opt/airflow/dags/ener_fact_sisdat_etl_dag.py for tasks to queue
[2025-07-06T20:28:51.481+0000] {logging_mixin.py:190} INFO - [2025-07-06T20:28:51.481+0000] {dagbag.py:588} INFO - Filling up the DagBag from /opt/airflow/dags/ener_fact_sisdat_etl_dag.py
[2025-07-06T20:28:51.985+0000] {processor.py:925} INFO - DAG(s) 'etl_dag_datos_ener_facturada_sisdat' retrieved from /opt/airflow/dags/ener_fact_sisdat_etl_dag.py
[2025-07-06T20:28:52.006+0000] {logging_mixin.py:190} INFO - [2025-07-06T20:28:52.006+0000] {dag.py:3239} INFO - Sync 1 DAGs
[2025-07-06T20:28:52.016+0000] {logging_mixin.py:190} INFO - [2025-07-06T20:28:52.015+0000] {dag.py:4180} INFO - Setting next_dagrun for etl_dag_datos_ener_facturada_sisdat to None, run_after=None
[2025-07-06T20:28:52.029+0000] {processor.py:208} INFO - Processing /opt/airflow/dags/ener_fact_sisdat_etl_dag.py took 0.556 seconds
[2025-07-06T20:29:22.256+0000] {processor.py:186} INFO - Started process (PID=246) to work on /opt/airflow/dags/ener_fact_sisdat_etl_dag.py
[2025-07-06T20:29:22.257+0000] {processor.py:914} INFO - Processing file /opt/airflow/dags/ener_fact_sisdat_etl_dag.py for tasks to queue
[2025-07-06T20:29:22.260+0000] {logging_mixin.py:190} INFO - [2025-07-06T20:29:22.259+0000] {dagbag.py:588} INFO - Filling up the DagBag from /opt/airflow/dags/ener_fact_sisdat_etl_dag.py
[2025-07-06T20:29:22.783+0000] {processor.py:925} INFO - DAG(s) 'etl_dag_datos_ener_facturada_sisdat' retrieved from /opt/airflow/dags/ener_fact_sisdat_etl_dag.py
[2025-07-06T20:29:22.803+0000] {logging_mixin.py:190} INFO - [2025-07-06T20:29:22.802+0000] {dag.py:3239} INFO - Sync 1 DAGs
[2025-07-06T20:29:22.814+0000] {logging_mixin.py:190} INFO - [2025-07-06T20:29:22.814+0000] {dag.py:4180} INFO - Setting next_dagrun for etl_dag_datos_ener_facturada_sisdat to None, run_after=None
[2025-07-06T20:29:22.828+0000] {processor.py:208} INFO - Processing /opt/airflow/dags/ener_fact_sisdat_etl_dag.py took 0.577 seconds
[2025-07-06T20:29:53.423+0000] {processor.py:186} INFO - Started process (PID=266) to work on /opt/airflow/dags/ener_fact_sisdat_etl_dag.py
[2025-07-06T20:29:53.424+0000] {processor.py:914} INFO - Processing file /opt/airflow/dags/ener_fact_sisdat_etl_dag.py for tasks to queue
[2025-07-06T20:29:53.426+0000] {logging_mixin.py:190} INFO - [2025-07-06T20:29:53.426+0000] {dagbag.py:588} INFO - Filling up the DagBag from /opt/airflow/dags/ener_fact_sisdat_etl_dag.py
[2025-07-06T20:29:53.936+0000] {processor.py:925} INFO - DAG(s) 'etl_dag_datos_ener_facturada_sisdat' retrieved from /opt/airflow/dags/ener_fact_sisdat_etl_dag.py
[2025-07-06T20:29:53.959+0000] {logging_mixin.py:190} INFO - [2025-07-06T20:29:53.959+0000] {dag.py:3239} INFO - Sync 1 DAGs
[2025-07-06T20:29:53.972+0000] {logging_mixin.py:190} INFO - [2025-07-06T20:29:53.972+0000] {dag.py:4180} INFO - Setting next_dagrun for etl_dag_datos_ener_facturada_sisdat to None, run_after=None
[2025-07-06T20:29:53.989+0000] {processor.py:208} INFO - Processing /opt/airflow/dags/ener_fact_sisdat_etl_dag.py took 0.571 seconds
[2025-07-06T20:30:24.414+0000] {processor.py:186} INFO - Started process (PID=284) to work on /opt/airflow/dags/ener_fact_sisdat_etl_dag.py
[2025-07-06T20:30:24.415+0000] {processor.py:914} INFO - Processing file /opt/airflow/dags/ener_fact_sisdat_etl_dag.py for tasks to queue
[2025-07-06T20:30:24.417+0000] {logging_mixin.py:190} INFO - [2025-07-06T20:30:24.416+0000] {dagbag.py:588} INFO - Filling up the DagBag from /opt/airflow/dags/ener_fact_sisdat_etl_dag.py
[2025-07-06T20:30:24.936+0000] {processor.py:925} INFO - DAG(s) 'etl_dag_datos_ener_facturada_sisdat' retrieved from /opt/airflow/dags/ener_fact_sisdat_etl_dag.py
[2025-07-06T20:30:24.962+0000] {logging_mixin.py:190} INFO - [2025-07-06T20:30:24.962+0000] {dag.py:3239} INFO - Sync 1 DAGs
[2025-07-06T20:30:24.974+0000] {logging_mixin.py:190} INFO - [2025-07-06T20:30:24.974+0000] {dag.py:4180} INFO - Setting next_dagrun for etl_dag_datos_ener_facturada_sisdat to None, run_after=None
[2025-07-06T20:30:24.991+0000] {processor.py:208} INFO - Processing /opt/airflow/dags/ener_fact_sisdat_etl_dag.py took 0.583 seconds
[2025-07-06T20:30:55.444+0000] {processor.py:186} INFO - Started process (PID=302) to work on /opt/airflow/dags/ener_fact_sisdat_etl_dag.py
[2025-07-06T20:30:55.445+0000] {processor.py:914} INFO - Processing file /opt/airflow/dags/ener_fact_sisdat_etl_dag.py for tasks to queue
[2025-07-06T20:30:55.447+0000] {logging_mixin.py:190} INFO - [2025-07-06T20:30:55.447+0000] {dagbag.py:588} INFO - Filling up the DagBag from /opt/airflow/dags/ener_fact_sisdat_etl_dag.py
[2025-07-06T20:30:56.039+0000] {processor.py:925} INFO - DAG(s) 'etl_dag_datos_ener_facturada_sisdat' retrieved from /opt/airflow/dags/ener_fact_sisdat_etl_dag.py
[2025-07-06T20:30:56.061+0000] {logging_mixin.py:190} INFO - [2025-07-06T20:30:56.061+0000] {dag.py:3239} INFO - Sync 1 DAGs
[2025-07-06T20:30:56.073+0000] {logging_mixin.py:190} INFO - [2025-07-06T20:30:56.073+0000] {dag.py:4180} INFO - Setting next_dagrun for etl_dag_datos_ener_facturada_sisdat to None, run_after=None
[2025-07-06T20:30:56.087+0000] {processor.py:208} INFO - Processing /opt/airflow/dags/ener_fact_sisdat_etl_dag.py took 0.648 seconds
[2025-07-06T20:31:26.154+0000] {processor.py:186} INFO - Started process (PID=321) to work on /opt/airflow/dags/ener_fact_sisdat_etl_dag.py
[2025-07-06T20:31:26.155+0000] {processor.py:914} INFO - Processing file /opt/airflow/dags/ener_fact_sisdat_etl_dag.py for tasks to queue
[2025-07-06T20:31:26.156+0000] {logging_mixin.py:190} INFO - [2025-07-06T20:31:26.156+0000] {dagbag.py:588} INFO - Filling up the DagBag from /opt/airflow/dags/ener_fact_sisdat_etl_dag.py
[2025-07-06T20:31:26.664+0000] {processor.py:925} INFO - DAG(s) 'etl_dag_datos_ener_facturada_sisdat' retrieved from /opt/airflow/dags/ener_fact_sisdat_etl_dag.py
[2025-07-06T20:31:26.684+0000] {logging_mixin.py:190} INFO - [2025-07-06T20:31:26.684+0000] {dag.py:3239} INFO - Sync 1 DAGs
[2025-07-06T20:31:26.695+0000] {logging_mixin.py:190} INFO - [2025-07-06T20:31:26.695+0000] {dag.py:4180} INFO - Setting next_dagrun for etl_dag_datos_ener_facturada_sisdat to None, run_after=None
[2025-07-06T20:31:26.709+0000] {processor.py:208} INFO - Processing /opt/airflow/dags/ener_fact_sisdat_etl_dag.py took 0.561 seconds
[2025-07-06T20:31:57.066+0000] {processor.py:186} INFO - Started process (PID=363) to work on /opt/airflow/dags/ener_fact_sisdat_etl_dag.py
[2025-07-06T20:31:57.067+0000] {processor.py:914} INFO - Processing file /opt/airflow/dags/ener_fact_sisdat_etl_dag.py for tasks to queue
[2025-07-06T20:31:57.069+0000] {logging_mixin.py:190} INFO - [2025-07-06T20:31:57.069+0000] {dagbag.py:588} INFO - Filling up the DagBag from /opt/airflow/dags/ener_fact_sisdat_etl_dag.py
[2025-07-06T20:31:57.667+0000] {processor.py:925} INFO - DAG(s) 'etl_dag_datos_ener_facturada_sisdat' retrieved from /opt/airflow/dags/ener_fact_sisdat_etl_dag.py
[2025-07-06T20:31:57.697+0000] {logging_mixin.py:190} INFO - [2025-07-06T20:31:57.697+0000] {dag.py:3239} INFO - Sync 1 DAGs
[2025-07-06T20:31:57.715+0000] {logging_mixin.py:190} INFO - [2025-07-06T20:31:57.715+0000] {dag.py:4180} INFO - Setting next_dagrun for etl_dag_datos_ener_facturada_sisdat to None, run_after=None
[2025-07-06T20:31:57.732+0000] {processor.py:208} INFO - Processing /opt/airflow/dags/ener_fact_sisdat_etl_dag.py took 0.675 seconds
[2025-07-06T20:32:28.172+0000] {processor.py:186} INFO - Started process (PID=385) to work on /opt/airflow/dags/ener_fact_sisdat_etl_dag.py
[2025-07-06T20:32:28.173+0000] {processor.py:914} INFO - Processing file /opt/airflow/dags/ener_fact_sisdat_etl_dag.py for tasks to queue
[2025-07-06T20:32:28.175+0000] {logging_mixin.py:190} INFO - [2025-07-06T20:32:28.175+0000] {dagbag.py:588} INFO - Filling up the DagBag from /opt/airflow/dags/ener_fact_sisdat_etl_dag.py
[2025-07-06T20:32:28.680+0000] {processor.py:925} INFO - DAG(s) 'etl_dag_datos_ener_facturada_sisdat' retrieved from /opt/airflow/dags/ener_fact_sisdat_etl_dag.py
[2025-07-06T20:32:28.701+0000] {logging_mixin.py:190} INFO - [2025-07-06T20:32:28.700+0000] {dag.py:3239} INFO - Sync 1 DAGs
[2025-07-06T20:32:28.711+0000] {logging_mixin.py:190} INFO - [2025-07-06T20:32:28.711+0000] {dag.py:4180} INFO - Setting next_dagrun for etl_dag_datos_ener_facturada_sisdat to None, run_after=None
[2025-07-06T20:32:28.727+0000] {processor.py:208} INFO - Processing /opt/airflow/dags/ener_fact_sisdat_etl_dag.py took 0.563 seconds
[2025-07-06T20:32:59.566+0000] {processor.py:186} INFO - Started process (PID=403) to work on /opt/airflow/dags/ener_fact_sisdat_etl_dag.py
[2025-07-06T20:32:59.567+0000] {processor.py:914} INFO - Processing file /opt/airflow/dags/ener_fact_sisdat_etl_dag.py for tasks to queue
[2025-07-06T20:32:59.569+0000] {logging_mixin.py:190} INFO - [2025-07-06T20:32:59.569+0000] {dagbag.py:588} INFO - Filling up the DagBag from /opt/airflow/dags/ener_fact_sisdat_etl_dag.py
[2025-07-06T20:33:00.042+0000] {processor.py:925} INFO - DAG(s) 'etl_dag_datos_ener_facturada_sisdat' retrieved from /opt/airflow/dags/ener_fact_sisdat_etl_dag.py
[2025-07-06T20:33:00.061+0000] {logging_mixin.py:190} INFO - [2025-07-06T20:33:00.061+0000] {dag.py:3239} INFO - Sync 1 DAGs
[2025-07-06T20:33:00.070+0000] {logging_mixin.py:190} INFO - [2025-07-06T20:33:00.070+0000] {dag.py:4180} INFO - Setting next_dagrun for etl_dag_datos_ener_facturada_sisdat to None, run_after=None
[2025-07-06T20:33:00.085+0000] {processor.py:208} INFO - Processing /opt/airflow/dags/ener_fact_sisdat_etl_dag.py took 0.527 seconds
[2025-07-06T20:33:30.409+0000] {processor.py:186} INFO - Started process (PID=421) to work on /opt/airflow/dags/ener_fact_sisdat_etl_dag.py
[2025-07-06T20:33:30.410+0000] {processor.py:914} INFO - Processing file /opt/airflow/dags/ener_fact_sisdat_etl_dag.py for tasks to queue
[2025-07-06T20:33:30.412+0000] {logging_mixin.py:190} INFO - [2025-07-06T20:33:30.411+0000] {dagbag.py:588} INFO - Filling up the DagBag from /opt/airflow/dags/ener_fact_sisdat_etl_dag.py
[2025-07-06T20:33:30.942+0000] {processor.py:925} INFO - DAG(s) 'etl_dag_datos_ener_facturada_sisdat' retrieved from /opt/airflow/dags/ener_fact_sisdat_etl_dag.py
[2025-07-06T20:33:30.966+0000] {logging_mixin.py:190} INFO - [2025-07-06T20:33:30.965+0000] {dag.py:3239} INFO - Sync 1 DAGs
[2025-07-06T20:33:30.980+0000] {logging_mixin.py:190} INFO - [2025-07-06T20:33:30.980+0000] {dag.py:4180} INFO - Setting next_dagrun for etl_dag_datos_ener_facturada_sisdat to None, run_after=None
[2025-07-06T20:33:30.996+0000] {processor.py:208} INFO - Processing /opt/airflow/dags/ener_fact_sisdat_etl_dag.py took 0.595 seconds
[2025-07-06T20:34:01.392+0000] {processor.py:186} INFO - Started process (PID=443) to work on /opt/airflow/dags/ener_fact_sisdat_etl_dag.py
[2025-07-06T20:34:01.393+0000] {processor.py:914} INFO - Processing file /opt/airflow/dags/ener_fact_sisdat_etl_dag.py for tasks to queue
[2025-07-06T20:34:01.395+0000] {logging_mixin.py:190} INFO - [2025-07-06T20:34:01.395+0000] {dagbag.py:588} INFO - Filling up the DagBag from /opt/airflow/dags/ener_fact_sisdat_etl_dag.py
[2025-07-06T20:34:01.946+0000] {processor.py:925} INFO - DAG(s) 'etl_dag_datos_ener_facturada_sisdat' retrieved from /opt/airflow/dags/ener_fact_sisdat_etl_dag.py
[2025-07-06T20:34:01.967+0000] {logging_mixin.py:190} INFO - [2025-07-06T20:34:01.966+0000] {dag.py:3239} INFO - Sync 1 DAGs
[2025-07-06T20:34:01.977+0000] {logging_mixin.py:190} INFO - [2025-07-06T20:34:01.977+0000] {dag.py:4180} INFO - Setting next_dagrun for etl_dag_datos_ener_facturada_sisdat to None, run_after=None
[2025-07-06T20:34:01.992+0000] {processor.py:208} INFO - Processing /opt/airflow/dags/ener_fact_sisdat_etl_dag.py took 0.610 seconds
[2025-07-06T20:34:32.360+0000] {processor.py:186} INFO - Started process (PID=461) to work on /opt/airflow/dags/ener_fact_sisdat_etl_dag.py
[2025-07-06T20:34:32.361+0000] {processor.py:914} INFO - Processing file /opt/airflow/dags/ener_fact_sisdat_etl_dag.py for tasks to queue
[2025-07-06T20:34:32.367+0000] {logging_mixin.py:190} INFO - [2025-07-06T20:34:32.367+0000] {dagbag.py:588} INFO - Filling up the DagBag from /opt/airflow/dags/ener_fact_sisdat_etl_dag.py
[2025-07-06T20:34:33.119+0000] {processor.py:925} INFO - DAG(s) 'etl_dag_datos_ener_facturada_sisdat' retrieved from /opt/airflow/dags/ener_fact_sisdat_etl_dag.py
[2025-07-06T20:34:33.143+0000] {logging_mixin.py:190} INFO - [2025-07-06T20:34:33.142+0000] {dag.py:3239} INFO - Sync 1 DAGs
[2025-07-06T20:34:33.156+0000] {logging_mixin.py:190} INFO - [2025-07-06T20:34:33.156+0000] {dag.py:4180} INFO - Setting next_dagrun for etl_dag_datos_ener_facturada_sisdat to None, run_after=None
[2025-07-06T20:34:33.172+0000] {processor.py:208} INFO - Processing /opt/airflow/dags/ener_fact_sisdat_etl_dag.py took 0.821 seconds
[2025-07-06T20:35:03.574+0000] {processor.py:186} INFO - Started process (PID=479) to work on /opt/airflow/dags/ener_fact_sisdat_etl_dag.py
[2025-07-06T20:35:03.576+0000] {processor.py:914} INFO - Processing file /opt/airflow/dags/ener_fact_sisdat_etl_dag.py for tasks to queue
[2025-07-06T20:35:03.579+0000] {logging_mixin.py:190} INFO - [2025-07-06T20:35:03.578+0000] {dagbag.py:588} INFO - Filling up the DagBag from /opt/airflow/dags/ener_fact_sisdat_etl_dag.py
[2025-07-06T20:35:03.944+0000] {processor.py:925} INFO - DAG(s) 'etl_dag_datos_ener_facturada_sisdat' retrieved from /opt/airflow/dags/ener_fact_sisdat_etl_dag.py
[2025-07-06T20:35:03.970+0000] {logging_mixin.py:190} INFO - [2025-07-06T20:35:03.970+0000] {dag.py:3239} INFO - Sync 1 DAGs
[2025-07-06T20:35:03.987+0000] {logging_mixin.py:190} INFO - [2025-07-06T20:35:03.987+0000] {dag.py:4180} INFO - Setting next_dagrun for etl_dag_datos_ener_facturada_sisdat to None, run_after=None
[2025-07-06T20:35:04.008+0000] {processor.py:208} INFO - Processing /opt/airflow/dags/ener_fact_sisdat_etl_dag.py took 0.444 seconds
[2025-07-06T20:35:34.312+0000] {processor.py:186} INFO - Started process (PID=505) to work on /opt/airflow/dags/ener_fact_sisdat_etl_dag.py
[2025-07-06T20:35:34.313+0000] {processor.py:914} INFO - Processing file /opt/airflow/dags/ener_fact_sisdat_etl_dag.py for tasks to queue
[2025-07-06T20:35:34.315+0000] {logging_mixin.py:190} INFO - [2025-07-06T20:35:34.314+0000] {dagbag.py:588} INFO - Filling up the DagBag from /opt/airflow/dags/ener_fact_sisdat_etl_dag.py
[2025-07-06T20:35:34.636+0000] {processor.py:925} INFO - DAG(s) 'etl_dag_datos_ener_facturada_sisdat' retrieved from /opt/airflow/dags/ener_fact_sisdat_etl_dag.py
[2025-07-06T20:35:34.660+0000] {logging_mixin.py:190} INFO - [2025-07-06T20:35:34.660+0000] {dag.py:3239} INFO - Sync 1 DAGs
[2025-07-06T20:35:34.673+0000] {logging_mixin.py:190} INFO - [2025-07-06T20:35:34.673+0000] {dag.py:4180} INFO - Setting next_dagrun for etl_dag_datos_ener_facturada_sisdat to None, run_after=None
[2025-07-06T20:35:34.688+0000] {processor.py:208} INFO - Processing /opt/airflow/dags/ener_fact_sisdat_etl_dag.py took 0.384 seconds
[2025-07-06T20:36:04.777+0000] {processor.py:186} INFO - Started process (PID=523) to work on /opt/airflow/dags/ener_fact_sisdat_etl_dag.py
[2025-07-06T20:36:04.778+0000] {processor.py:914} INFO - Processing file /opt/airflow/dags/ener_fact_sisdat_etl_dag.py for tasks to queue
[2025-07-06T20:36:04.780+0000] {logging_mixin.py:190} INFO - [2025-07-06T20:36:04.780+0000] {dagbag.py:588} INFO - Filling up the DagBag from /opt/airflow/dags/ener_fact_sisdat_etl_dag.py
[2025-07-06T20:36:05.094+0000] {processor.py:925} INFO - DAG(s) 'etl_dag_datos_ener_facturada_sisdat' retrieved from /opt/airflow/dags/ener_fact_sisdat_etl_dag.py
[2025-07-06T20:36:05.115+0000] {logging_mixin.py:190} INFO - [2025-07-06T20:36:05.115+0000] {dag.py:3239} INFO - Sync 1 DAGs
[2025-07-06T20:36:05.128+0000] {logging_mixin.py:190} INFO - [2025-07-06T20:36:05.128+0000] {dag.py:4180} INFO - Setting next_dagrun for etl_dag_datos_ener_facturada_sisdat to None, run_after=None
[2025-07-06T20:36:05.143+0000] {processor.py:208} INFO - Processing /opt/airflow/dags/ener_fact_sisdat_etl_dag.py took 0.374 seconds
[2025-07-06T20:36:35.223+0000] {processor.py:186} INFO - Started process (PID=541) to work on /opt/airflow/dags/ener_fact_sisdat_etl_dag.py
[2025-07-06T20:36:35.224+0000] {processor.py:914} INFO - Processing file /opt/airflow/dags/ener_fact_sisdat_etl_dag.py for tasks to queue
[2025-07-06T20:36:35.226+0000] {logging_mixin.py:190} INFO - [2025-07-06T20:36:35.226+0000] {dagbag.py:588} INFO - Filling up the DagBag from /opt/airflow/dags/ener_fact_sisdat_etl_dag.py
[2025-07-06T20:36:35.579+0000] {processor.py:925} INFO - DAG(s) 'etl_dag_datos_ener_facturada_sisdat' retrieved from /opt/airflow/dags/ener_fact_sisdat_etl_dag.py
[2025-07-06T20:36:35.604+0000] {logging_mixin.py:190} INFO - [2025-07-06T20:36:35.603+0000] {dag.py:3239} INFO - Sync 1 DAGs
[2025-07-06T20:36:35.617+0000] {logging_mixin.py:190} INFO - [2025-07-06T20:36:35.617+0000] {dag.py:4180} INFO - Setting next_dagrun for etl_dag_datos_ener_facturada_sisdat to None, run_after=None
[2025-07-06T20:36:35.633+0000] {processor.py:208} INFO - Processing /opt/airflow/dags/ener_fact_sisdat_etl_dag.py took 0.418 seconds
[2025-07-06T20:37:05.766+0000] {processor.py:186} INFO - Started process (PID=559) to work on /opt/airflow/dags/ener_fact_sisdat_etl_dag.py
[2025-07-06T20:37:05.767+0000] {processor.py:914} INFO - Processing file /opt/airflow/dags/ener_fact_sisdat_etl_dag.py for tasks to queue
[2025-07-06T20:37:05.769+0000] {logging_mixin.py:190} INFO - [2025-07-06T20:37:05.769+0000] {dagbag.py:588} INFO - Filling up the DagBag from /opt/airflow/dags/ener_fact_sisdat_etl_dag.py
[2025-07-06T20:37:06.095+0000] {processor.py:925} INFO - DAG(s) 'etl_dag_datos_ener_facturada_sisdat' retrieved from /opt/airflow/dags/ener_fact_sisdat_etl_dag.py
[2025-07-06T20:37:06.119+0000] {logging_mixin.py:190} INFO - [2025-07-06T20:37:06.118+0000] {dag.py:3239} INFO - Sync 1 DAGs
[2025-07-06T20:37:06.132+0000] {logging_mixin.py:190} INFO - [2025-07-06T20:37:06.132+0000] {dag.py:4180} INFO - Setting next_dagrun for etl_dag_datos_ener_facturada_sisdat to None, run_after=None
[2025-07-06T20:37:06.148+0000] {processor.py:208} INFO - Processing /opt/airflow/dags/ener_fact_sisdat_etl_dag.py took 0.391 seconds
[2025-07-06T20:37:36.233+0000] {processor.py:186} INFO - Started process (PID=577) to work on /opt/airflow/dags/ener_fact_sisdat_etl_dag.py
[2025-07-06T20:37:36.234+0000] {processor.py:914} INFO - Processing file /opt/airflow/dags/ener_fact_sisdat_etl_dag.py for tasks to queue
[2025-07-06T20:37:36.236+0000] {logging_mixin.py:190} INFO - [2025-07-06T20:37:36.236+0000] {dagbag.py:588} INFO - Filling up the DagBag from /opt/airflow/dags/ener_fact_sisdat_etl_dag.py
[2025-07-06T20:37:36.569+0000] {processor.py:925} INFO - DAG(s) 'etl_dag_datos_ener_facturada_sisdat' retrieved from /opt/airflow/dags/ener_fact_sisdat_etl_dag.py
[2025-07-06T20:37:36.594+0000] {logging_mixin.py:190} INFO - [2025-07-06T20:37:36.593+0000] {dag.py:3239} INFO - Sync 1 DAGs
[2025-07-06T20:37:36.607+0000] {logging_mixin.py:190} INFO - [2025-07-06T20:37:36.607+0000] {dag.py:4180} INFO - Setting next_dagrun for etl_dag_datos_ener_facturada_sisdat to None, run_after=None
[2025-07-06T20:37:36.626+0000] {processor.py:208} INFO - Processing /opt/airflow/dags/ener_fact_sisdat_etl_dag.py took 0.402 seconds
[2025-07-06T20:38:06.722+0000] {processor.py:186} INFO - Started process (PID=595) to work on /opt/airflow/dags/ener_fact_sisdat_etl_dag.py
[2025-07-06T20:38:06.723+0000] {processor.py:914} INFO - Processing file /opt/airflow/dags/ener_fact_sisdat_etl_dag.py for tasks to queue
[2025-07-06T20:38:06.725+0000] {logging_mixin.py:190} INFO - [2025-07-06T20:38:06.725+0000] {dagbag.py:588} INFO - Filling up the DagBag from /opt/airflow/dags/ener_fact_sisdat_etl_dag.py
[2025-07-06T20:38:07.042+0000] {processor.py:925} INFO - DAG(s) 'etl_dag_datos_ener_facturada_sisdat' retrieved from /opt/airflow/dags/ener_fact_sisdat_etl_dag.py
[2025-07-06T20:38:07.066+0000] {logging_mixin.py:190} INFO - [2025-07-06T20:38:07.066+0000] {dag.py:3239} INFO - Sync 1 DAGs
[2025-07-06T20:38:07.078+0000] {logging_mixin.py:190} INFO - [2025-07-06T20:38:07.078+0000] {dag.py:4180} INFO - Setting next_dagrun for etl_dag_datos_ener_facturada_sisdat to None, run_after=None
[2025-07-06T20:38:07.096+0000] {processor.py:208} INFO - Processing /opt/airflow/dags/ener_fact_sisdat_etl_dag.py took 0.382 seconds
[2025-07-06T20:38:37.213+0000] {processor.py:186} INFO - Started process (PID=613) to work on /opt/airflow/dags/ener_fact_sisdat_etl_dag.py
[2025-07-06T20:38:37.214+0000] {processor.py:914} INFO - Processing file /opt/airflow/dags/ener_fact_sisdat_etl_dag.py for tasks to queue
[2025-07-06T20:38:37.216+0000] {logging_mixin.py:190} INFO - [2025-07-06T20:38:37.216+0000] {dagbag.py:588} INFO - Filling up the DagBag from /opt/airflow/dags/ener_fact_sisdat_etl_dag.py
[2025-07-06T20:38:37.557+0000] {processor.py:925} INFO - DAG(s) 'etl_dag_datos_ener_facturada_sisdat' retrieved from /opt/airflow/dags/ener_fact_sisdat_etl_dag.py
[2025-07-06T20:38:37.582+0000] {logging_mixin.py:190} INFO - [2025-07-06T20:38:37.582+0000] {dag.py:3239} INFO - Sync 1 DAGs
[2025-07-06T20:38:37.595+0000] {logging_mixin.py:190} INFO - [2025-07-06T20:38:37.595+0000] {dag.py:4180} INFO - Setting next_dagrun for etl_dag_datos_ener_facturada_sisdat to None, run_after=None
[2025-07-06T20:38:37.612+0000] {processor.py:208} INFO - Processing /opt/airflow/dags/ener_fact_sisdat_etl_dag.py took 0.407 seconds
[2025-07-06T20:39:07.770+0000] {processor.py:186} INFO - Started process (PID=631) to work on /opt/airflow/dags/ener_fact_sisdat_etl_dag.py
[2025-07-06T20:39:07.771+0000] {processor.py:914} INFO - Processing file /opt/airflow/dags/ener_fact_sisdat_etl_dag.py for tasks to queue
[2025-07-06T20:39:07.774+0000] {logging_mixin.py:190} INFO - [2025-07-06T20:39:07.774+0000] {dagbag.py:588} INFO - Filling up the DagBag from /opt/airflow/dags/ener_fact_sisdat_etl_dag.py
[2025-07-06T20:39:08.128+0000] {processor.py:925} INFO - DAG(s) 'etl_dag_datos_ener_facturada_sisdat' retrieved from /opt/airflow/dags/ener_fact_sisdat_etl_dag.py
[2025-07-06T20:39:08.152+0000] {logging_mixin.py:190} INFO - [2025-07-06T20:39:08.151+0000] {dag.py:3239} INFO - Sync 1 DAGs
[2025-07-06T20:39:08.166+0000] {logging_mixin.py:190} INFO - [2025-07-06T20:39:08.165+0000] {dag.py:4180} INFO - Setting next_dagrun for etl_dag_datos_ener_facturada_sisdat to None, run_after=None
[2025-07-06T20:39:08.185+0000] {processor.py:208} INFO - Processing /opt/airflow/dags/ener_fact_sisdat_etl_dag.py took 0.428 seconds
[2025-07-06T20:39:38.371+0000] {processor.py:186} INFO - Started process (PID=657) to work on /opt/airflow/dags/ener_fact_sisdat_etl_dag.py
[2025-07-06T20:39:38.372+0000] {processor.py:914} INFO - Processing file /opt/airflow/dags/ener_fact_sisdat_etl_dag.py for tasks to queue
[2025-07-06T20:39:38.374+0000] {logging_mixin.py:190} INFO - [2025-07-06T20:39:38.374+0000] {dagbag.py:588} INFO - Filling up the DagBag from /opt/airflow/dags/ener_fact_sisdat_etl_dag.py
[2025-07-06T20:39:38.814+0000] {processor.py:925} INFO - DAG(s) 'etl_dag_datos_ener_facturada_sisdat' retrieved from /opt/airflow/dags/ener_fact_sisdat_etl_dag.py
[2025-07-06T20:39:38.837+0000] {logging_mixin.py:190} INFO - [2025-07-06T20:39:38.837+0000] {dag.py:3239} INFO - Sync 1 DAGs
[2025-07-06T20:39:38.849+0000] {logging_mixin.py:190} INFO - [2025-07-06T20:39:38.848+0000] {dag.py:4180} INFO - Setting next_dagrun for etl_dag_datos_ener_facturada_sisdat to None, run_after=None
[2025-07-06T20:39:38.863+0000] {processor.py:208} INFO - Processing /opt/airflow/dags/ener_fact_sisdat_etl_dag.py took 0.501 seconds
[2025-07-06T20:40:08.963+0000] {processor.py:186} INFO - Started process (PID=675) to work on /opt/airflow/dags/ener_fact_sisdat_etl_dag.py
[2025-07-06T20:40:08.963+0000] {processor.py:914} INFO - Processing file /opt/airflow/dags/ener_fact_sisdat_etl_dag.py for tasks to queue
[2025-07-06T20:40:08.966+0000] {logging_mixin.py:190} INFO - [2025-07-06T20:40:08.965+0000] {dagbag.py:588} INFO - Filling up the DagBag from /opt/airflow/dags/ener_fact_sisdat_etl_dag.py
[2025-07-06T20:40:09.353+0000] {processor.py:925} INFO - DAG(s) 'etl_dag_datos_ener_facturada_sisdat' retrieved from /opt/airflow/dags/ener_fact_sisdat_etl_dag.py
[2025-07-06T20:40:09.386+0000] {logging_mixin.py:190} INFO - [2025-07-06T20:40:09.385+0000] {dag.py:3239} INFO - Sync 1 DAGs
[2025-07-06T20:40:09.401+0000] {logging_mixin.py:190} INFO - [2025-07-06T20:40:09.401+0000] {dag.py:4180} INFO - Setting next_dagrun for etl_dag_datos_ener_facturada_sisdat to None, run_after=None
[2025-07-06T20:40:09.422+0000] {processor.py:208} INFO - Processing /opt/airflow/dags/ener_fact_sisdat_etl_dag.py took 0.468 seconds
[2025-07-06T20:40:39.606+0000] {processor.py:186} INFO - Started process (PID=693) to work on /opt/airflow/dags/ener_fact_sisdat_etl_dag.py
[2025-07-06T20:40:39.607+0000] {processor.py:914} INFO - Processing file /opt/airflow/dags/ener_fact_sisdat_etl_dag.py for tasks to queue
[2025-07-06T20:40:39.610+0000] {logging_mixin.py:190} INFO - [2025-07-06T20:40:39.610+0000] {dagbag.py:588} INFO - Filling up the DagBag from /opt/airflow/dags/ener_fact_sisdat_etl_dag.py
[2025-07-06T20:40:39.991+0000] {processor.py:925} INFO - DAG(s) 'etl_dag_datos_ener_facturada_sisdat' retrieved from /opt/airflow/dags/ener_fact_sisdat_etl_dag.py
[2025-07-06T20:40:40.017+0000] {logging_mixin.py:190} INFO - [2025-07-06T20:40:40.017+0000] {dag.py:3239} INFO - Sync 1 DAGs
[2025-07-06T20:40:40.031+0000] {logging_mixin.py:190} INFO - [2025-07-06T20:40:40.031+0000] {dag.py:4180} INFO - Setting next_dagrun for etl_dag_datos_ener_facturada_sisdat to None, run_after=None
[2025-07-06T20:40:40.046+0000] {processor.py:208} INFO - Processing /opt/airflow/dags/ener_fact_sisdat_etl_dag.py took 0.453 seconds
[2025-07-06T20:41:10.158+0000] {processor.py:186} INFO - Started process (PID=711) to work on /opt/airflow/dags/ener_fact_sisdat_etl_dag.py
[2025-07-06T20:41:10.159+0000] {processor.py:914} INFO - Processing file /opt/airflow/dags/ener_fact_sisdat_etl_dag.py for tasks to queue
[2025-07-06T20:41:10.161+0000] {logging_mixin.py:190} INFO - [2025-07-06T20:41:10.161+0000] {dagbag.py:588} INFO - Filling up the DagBag from /opt/airflow/dags/ener_fact_sisdat_etl_dag.py
[2025-07-06T20:41:10.501+0000] {processor.py:925} INFO - DAG(s) 'etl_dag_datos_ener_facturada_sisdat' retrieved from /opt/airflow/dags/ener_fact_sisdat_etl_dag.py
[2025-07-06T20:41:10.527+0000] {logging_mixin.py:190} INFO - [2025-07-06T20:41:10.527+0000] {dag.py:3239} INFO - Sync 1 DAGs
[2025-07-06T20:41:10.543+0000] {logging_mixin.py:190} INFO - [2025-07-06T20:41:10.542+0000] {dag.py:4180} INFO - Setting next_dagrun for etl_dag_datos_ener_facturada_sisdat to None, run_after=None
[2025-07-06T20:41:10.563+0000] {processor.py:208} INFO - Processing /opt/airflow/dags/ener_fact_sisdat_etl_dag.py took 0.413 seconds
[2025-07-06T20:41:40.663+0000] {processor.py:186} INFO - Started process (PID=729) to work on /opt/airflow/dags/ener_fact_sisdat_etl_dag.py
[2025-07-06T20:41:40.664+0000] {processor.py:914} INFO - Processing file /opt/airflow/dags/ener_fact_sisdat_etl_dag.py for tasks to queue
[2025-07-06T20:41:40.666+0000] {logging_mixin.py:190} INFO - [2025-07-06T20:41:40.666+0000] {dagbag.py:588} INFO - Filling up the DagBag from /opt/airflow/dags/ener_fact_sisdat_etl_dag.py
[2025-07-06T20:41:41.001+0000] {processor.py:925} INFO - DAG(s) 'etl_dag_datos_ener_facturada_sisdat' retrieved from /opt/airflow/dags/ener_fact_sisdat_etl_dag.py
[2025-07-06T20:41:41.028+0000] {logging_mixin.py:190} INFO - [2025-07-06T20:41:41.028+0000] {dag.py:3239} INFO - Sync 1 DAGs
[2025-07-06T20:41:41.043+0000] {logging_mixin.py:190} INFO - [2025-07-06T20:41:41.042+0000] {dag.py:4180} INFO - Setting next_dagrun for etl_dag_datos_ener_facturada_sisdat to None, run_after=None
[2025-07-06T20:41:41.058+0000] {processor.py:208} INFO - Processing /opt/airflow/dags/ener_fact_sisdat_etl_dag.py took 0.403 seconds
[2025-07-06T20:42:11.159+0000] {processor.py:186} INFO - Started process (PID=747) to work on /opt/airflow/dags/ener_fact_sisdat_etl_dag.py
[2025-07-06T20:42:11.160+0000] {processor.py:914} INFO - Processing file /opt/airflow/dags/ener_fact_sisdat_etl_dag.py for tasks to queue
[2025-07-06T20:42:11.162+0000] {logging_mixin.py:190} INFO - [2025-07-06T20:42:11.162+0000] {dagbag.py:588} INFO - Filling up the DagBag from /opt/airflow/dags/ener_fact_sisdat_etl_dag.py
[2025-07-06T20:42:11.537+0000] {processor.py:925} INFO - DAG(s) 'etl_dag_datos_ener_facturada_sisdat' retrieved from /opt/airflow/dags/ener_fact_sisdat_etl_dag.py
[2025-07-06T20:42:11.563+0000] {logging_mixin.py:190} INFO - [2025-07-06T20:42:11.563+0000] {dag.py:3239} INFO - Sync 1 DAGs
[2025-07-06T20:42:11.578+0000] {logging_mixin.py:190} INFO - [2025-07-06T20:42:11.578+0000] {dag.py:4180} INFO - Setting next_dagrun for etl_dag_datos_ener_facturada_sisdat to None, run_after=None
[2025-07-06T20:42:11.595+0000] {processor.py:208} INFO - Processing /opt/airflow/dags/ener_fact_sisdat_etl_dag.py took 0.445 seconds
[2025-07-06T20:42:41.691+0000] {processor.py:186} INFO - Started process (PID=765) to work on /opt/airflow/dags/ener_fact_sisdat_etl_dag.py
[2025-07-06T20:42:41.692+0000] {processor.py:914} INFO - Processing file /opt/airflow/dags/ener_fact_sisdat_etl_dag.py for tasks to queue
[2025-07-06T20:42:41.694+0000] {logging_mixin.py:190} INFO - [2025-07-06T20:42:41.694+0000] {dagbag.py:588} INFO - Filling up the DagBag from /opt/airflow/dags/ener_fact_sisdat_etl_dag.py
[2025-07-06T20:42:42.014+0000] {processor.py:925} INFO - DAG(s) 'etl_dag_datos_ener_facturada_sisdat' retrieved from /opt/airflow/dags/ener_fact_sisdat_etl_dag.py
[2025-07-06T20:42:42.041+0000] {logging_mixin.py:190} INFO - [2025-07-06T20:42:42.041+0000] {dag.py:3239} INFO - Sync 1 DAGs
[2025-07-06T20:42:42.054+0000] {logging_mixin.py:190} INFO - [2025-07-06T20:42:42.054+0000] {dag.py:4180} INFO - Setting next_dagrun for etl_dag_datos_ener_facturada_sisdat to None, run_after=None
[2025-07-06T20:42:42.070+0000] {processor.py:208} INFO - Processing /opt/airflow/dags/ener_fact_sisdat_etl_dag.py took 0.387 seconds
[2025-07-06T20:43:12.186+0000] {processor.py:186} INFO - Started process (PID=783) to work on /opt/airflow/dags/ener_fact_sisdat_etl_dag.py
[2025-07-06T20:43:12.187+0000] {processor.py:914} INFO - Processing file /opt/airflow/dags/ener_fact_sisdat_etl_dag.py for tasks to queue
[2025-07-06T20:43:12.190+0000] {logging_mixin.py:190} INFO - [2025-07-06T20:43:12.189+0000] {dagbag.py:588} INFO - Filling up the DagBag from /opt/airflow/dags/ener_fact_sisdat_etl_dag.py
[2025-07-06T20:43:12.532+0000] {processor.py:925} INFO - DAG(s) 'etl_dag_datos_ener_facturada_sisdat' retrieved from /opt/airflow/dags/ener_fact_sisdat_etl_dag.py
[2025-07-06T20:43:12.558+0000] {logging_mixin.py:190} INFO - [2025-07-06T20:43:12.558+0000] {dag.py:3239} INFO - Sync 1 DAGs
[2025-07-06T20:43:12.572+0000] {logging_mixin.py:190} INFO - [2025-07-06T20:43:12.571+0000] {dag.py:4180} INFO - Setting next_dagrun for etl_dag_datos_ener_facturada_sisdat to None, run_after=None
[2025-07-06T20:43:12.593+0000] {processor.py:208} INFO - Processing /opt/airflow/dags/ener_fact_sisdat_etl_dag.py took 0.419 seconds
[2025-07-06T20:43:42.750+0000] {processor.py:186} INFO - Started process (PID=801) to work on /opt/airflow/dags/ener_fact_sisdat_etl_dag.py
[2025-07-06T20:43:42.751+0000] {processor.py:914} INFO - Processing file /opt/airflow/dags/ener_fact_sisdat_etl_dag.py for tasks to queue
[2025-07-06T20:43:42.753+0000] {logging_mixin.py:190} INFO - [2025-07-06T20:43:42.753+0000] {dagbag.py:588} INFO - Filling up the DagBag from /opt/airflow/dags/ener_fact_sisdat_etl_dag.py
[2025-07-06T20:43:43.101+0000] {processor.py:925} INFO - DAG(s) 'etl_dag_datos_ener_facturada_sisdat' retrieved from /opt/airflow/dags/ener_fact_sisdat_etl_dag.py
[2025-07-06T20:43:43.127+0000] {logging_mixin.py:190} INFO - [2025-07-06T20:43:43.126+0000] {dag.py:3239} INFO - Sync 1 DAGs
[2025-07-06T20:43:43.140+0000] {logging_mixin.py:190} INFO - [2025-07-06T20:43:43.140+0000] {dag.py:4180} INFO - Setting next_dagrun for etl_dag_datos_ener_facturada_sisdat to None, run_after=None
[2025-07-06T20:43:43.158+0000] {processor.py:208} INFO - Processing /opt/airflow/dags/ener_fact_sisdat_etl_dag.py took 0.417 seconds
[2025-07-06T20:44:13.275+0000] {processor.py:186} INFO - Started process (PID=819) to work on /opt/airflow/dags/ener_fact_sisdat_etl_dag.py
[2025-07-06T20:44:13.276+0000] {processor.py:914} INFO - Processing file /opt/airflow/dags/ener_fact_sisdat_etl_dag.py for tasks to queue
[2025-07-06T20:44:13.278+0000] {logging_mixin.py:190} INFO - [2025-07-06T20:44:13.277+0000] {dagbag.py:588} INFO - Filling up the DagBag from /opt/airflow/dags/ener_fact_sisdat_etl_dag.py
[2025-07-06T20:44:13.599+0000] {processor.py:925} INFO - DAG(s) 'etl_dag_datos_ener_facturada_sisdat' retrieved from /opt/airflow/dags/ener_fact_sisdat_etl_dag.py
[2025-07-06T20:44:13.626+0000] {logging_mixin.py:190} INFO - [2025-07-06T20:44:13.625+0000] {dag.py:3239} INFO - Sync 1 DAGs
[2025-07-06T20:44:13.639+0000] {logging_mixin.py:190} INFO - [2025-07-06T20:44:13.639+0000] {dag.py:4180} INFO - Setting next_dagrun for etl_dag_datos_ener_facturada_sisdat to None, run_after=None
[2025-07-06T20:44:13.654+0000] {processor.py:208} INFO - Processing /opt/airflow/dags/ener_fact_sisdat_etl_dag.py took 0.387 seconds
[2025-07-06T20:44:43.785+0000] {processor.py:186} INFO - Started process (PID=837) to work on /opt/airflow/dags/ener_fact_sisdat_etl_dag.py
[2025-07-06T20:44:43.786+0000] {processor.py:914} INFO - Processing file /opt/airflow/dags/ener_fact_sisdat_etl_dag.py for tasks to queue
[2025-07-06T20:44:43.788+0000] {logging_mixin.py:190} INFO - [2025-07-06T20:44:43.788+0000] {dagbag.py:588} INFO - Filling up the DagBag from /opt/airflow/dags/ener_fact_sisdat_etl_dag.py
[2025-07-06T20:44:44.132+0000] {processor.py:925} INFO - DAG(s) 'etl_dag_datos_ener_facturada_sisdat' retrieved from /opt/airflow/dags/ener_fact_sisdat_etl_dag.py
[2025-07-06T20:44:44.159+0000] {logging_mixin.py:190} INFO - [2025-07-06T20:44:44.158+0000] {dag.py:3239} INFO - Sync 1 DAGs
[2025-07-06T20:44:44.173+0000] {logging_mixin.py:190} INFO - [2025-07-06T20:44:44.173+0000] {dag.py:4180} INFO - Setting next_dagrun for etl_dag_datos_ener_facturada_sisdat to None, run_after=None
[2025-07-06T20:44:44.191+0000] {processor.py:208} INFO - Processing /opt/airflow/dags/ener_fact_sisdat_etl_dag.py took 0.417 seconds
[2025-07-06T20:45:14.324+0000] {processor.py:186} INFO - Started process (PID=863) to work on /opt/airflow/dags/ener_fact_sisdat_etl_dag.py
[2025-07-06T20:45:14.325+0000] {processor.py:914} INFO - Processing file /opt/airflow/dags/ener_fact_sisdat_etl_dag.py for tasks to queue
[2025-07-06T20:45:14.327+0000] {logging_mixin.py:190} INFO - [2025-07-06T20:45:14.327+0000] {dagbag.py:588} INFO - Filling up the DagBag from /opt/airflow/dags/ener_fact_sisdat_etl_dag.py
[2025-07-06T20:45:14.688+0000] {processor.py:925} INFO - DAG(s) 'etl_dag_datos_ener_facturada_sisdat' retrieved from /opt/airflow/dags/ener_fact_sisdat_etl_dag.py
[2025-07-06T20:45:14.713+0000] {logging_mixin.py:190} INFO - [2025-07-06T20:45:14.713+0000] {dag.py:3239} INFO - Sync 1 DAGs
[2025-07-06T20:45:14.728+0000] {logging_mixin.py:190} INFO - [2025-07-06T20:45:14.728+0000] {dag.py:4180} INFO - Setting next_dagrun for etl_dag_datos_ener_facturada_sisdat to None, run_after=None
[2025-07-06T20:45:14.744+0000] {processor.py:208} INFO - Processing /opt/airflow/dags/ener_fact_sisdat_etl_dag.py took 0.428 seconds
[2025-07-06T20:45:44.895+0000] {processor.py:186} INFO - Started process (PID=881) to work on /opt/airflow/dags/ener_fact_sisdat_etl_dag.py
[2025-07-06T20:45:44.895+0000] {processor.py:914} INFO - Processing file /opt/airflow/dags/ener_fact_sisdat_etl_dag.py for tasks to queue
[2025-07-06T20:45:44.898+0000] {logging_mixin.py:190} INFO - [2025-07-06T20:45:44.897+0000] {dagbag.py:588} INFO - Filling up the DagBag from /opt/airflow/dags/ener_fact_sisdat_etl_dag.py
[2025-07-06T20:45:45.222+0000] {processor.py:925} INFO - DAG(s) 'etl_dag_datos_ener_facturada_sisdat' retrieved from /opt/airflow/dags/ener_fact_sisdat_etl_dag.py
[2025-07-06T20:45:45.248+0000] {logging_mixin.py:190} INFO - [2025-07-06T20:45:45.248+0000] {dag.py:3239} INFO - Sync 1 DAGs
[2025-07-06T20:45:45.264+0000] {logging_mixin.py:190} INFO - [2025-07-06T20:45:45.264+0000] {dag.py:4180} INFO - Setting next_dagrun for etl_dag_datos_ener_facturada_sisdat to None, run_after=None
[2025-07-06T20:45:45.280+0000] {processor.py:208} INFO - Processing /opt/airflow/dags/ener_fact_sisdat_etl_dag.py took 0.394 seconds
[2025-07-06T20:46:15.363+0000] {processor.py:186} INFO - Started process (PID=899) to work on /opt/airflow/dags/ener_fact_sisdat_etl_dag.py
[2025-07-06T20:46:15.364+0000] {processor.py:914} INFO - Processing file /opt/airflow/dags/ener_fact_sisdat_etl_dag.py for tasks to queue
[2025-07-06T20:46:15.366+0000] {logging_mixin.py:190} INFO - [2025-07-06T20:46:15.366+0000] {dagbag.py:588} INFO - Filling up the DagBag from /opt/airflow/dags/ener_fact_sisdat_etl_dag.py
[2025-07-06T20:46:15.709+0000] {processor.py:925} INFO - DAG(s) 'etl_dag_datos_ener_facturada_sisdat' retrieved from /opt/airflow/dags/ener_fact_sisdat_etl_dag.py
[2025-07-06T20:46:15.738+0000] {logging_mixin.py:190} INFO - [2025-07-06T20:46:15.738+0000] {dag.py:3239} INFO - Sync 1 DAGs
[2025-07-06T20:46:15.756+0000] {logging_mixin.py:190} INFO - [2025-07-06T20:46:15.756+0000] {dag.py:4180} INFO - Setting next_dagrun for etl_dag_datos_ener_facturada_sisdat to None, run_after=None
[2025-07-06T20:46:15.777+0000] {processor.py:208} INFO - Processing /opt/airflow/dags/ener_fact_sisdat_etl_dag.py took 0.423 seconds
[2025-07-06T20:46:45.887+0000] {processor.py:186} INFO - Started process (PID=917) to work on /opt/airflow/dags/ener_fact_sisdat_etl_dag.py
[2025-07-06T20:46:45.888+0000] {processor.py:914} INFO - Processing file /opt/airflow/dags/ener_fact_sisdat_etl_dag.py for tasks to queue
[2025-07-06T20:46:45.890+0000] {logging_mixin.py:190} INFO - [2025-07-06T20:46:45.890+0000] {dagbag.py:588} INFO - Filling up the DagBag from /opt/airflow/dags/ener_fact_sisdat_etl_dag.py
[2025-07-06T20:46:46.221+0000] {processor.py:925} INFO - DAG(s) 'etl_dag_datos_ener_facturada_sisdat' retrieved from /opt/airflow/dags/ener_fact_sisdat_etl_dag.py
[2025-07-06T20:46:46.250+0000] {logging_mixin.py:190} INFO - [2025-07-06T20:46:46.250+0000] {dag.py:3239} INFO - Sync 1 DAGs
[2025-07-06T20:46:46.264+0000] {logging_mixin.py:190} INFO - [2025-07-06T20:46:46.264+0000] {dag.py:4180} INFO - Setting next_dagrun for etl_dag_datos_ener_facturada_sisdat to None, run_after=None
[2025-07-06T20:46:46.281+0000] {processor.py:208} INFO - Processing /opt/airflow/dags/ener_fact_sisdat_etl_dag.py took 0.402 seconds
[2025-07-06T20:47:16.459+0000] {processor.py:186} INFO - Started process (PID=935) to work on /opt/airflow/dags/ener_fact_sisdat_etl_dag.py
[2025-07-06T20:47:16.460+0000] {processor.py:914} INFO - Processing file /opt/airflow/dags/ener_fact_sisdat_etl_dag.py for tasks to queue
[2025-07-06T20:47:16.462+0000] {logging_mixin.py:190} INFO - [2025-07-06T20:47:16.462+0000] {dagbag.py:588} INFO - Filling up the DagBag from /opt/airflow/dags/ener_fact_sisdat_etl_dag.py
[2025-07-06T20:47:16.781+0000] {processor.py:925} INFO - DAG(s) 'etl_dag_datos_ener_facturada_sisdat' retrieved from /opt/airflow/dags/ener_fact_sisdat_etl_dag.py
[2025-07-06T20:47:16.805+0000] {logging_mixin.py:190} INFO - [2025-07-06T20:47:16.805+0000] {dag.py:3239} INFO - Sync 1 DAGs
[2025-07-06T20:47:16.818+0000] {logging_mixin.py:190} INFO - [2025-07-06T20:47:16.818+0000] {dag.py:4180} INFO - Setting next_dagrun for etl_dag_datos_ener_facturada_sisdat to None, run_after=None
[2025-07-06T20:47:16.834+0000] {processor.py:208} INFO - Processing /opt/airflow/dags/ener_fact_sisdat_etl_dag.py took 0.383 seconds
[2025-07-06T20:47:46.925+0000] {processor.py:186} INFO - Started process (PID=953) to work on /opt/airflow/dags/ener_fact_sisdat_etl_dag.py
[2025-07-06T20:47:46.926+0000] {processor.py:914} INFO - Processing file /opt/airflow/dags/ener_fact_sisdat_etl_dag.py for tasks to queue
[2025-07-06T20:47:46.928+0000] {logging_mixin.py:190} INFO - [2025-07-06T20:47:46.928+0000] {dagbag.py:588} INFO - Filling up the DagBag from /opt/airflow/dags/ener_fact_sisdat_etl_dag.py
[2025-07-06T20:47:47.266+0000] {processor.py:925} INFO - DAG(s) 'etl_dag_datos_ener_facturada_sisdat' retrieved from /opt/airflow/dags/ener_fact_sisdat_etl_dag.py
[2025-07-06T20:47:47.302+0000] {logging_mixin.py:190} INFO - [2025-07-06T20:47:47.301+0000] {dag.py:3239} INFO - Sync 1 DAGs
[2025-07-06T20:47:47.321+0000] {logging_mixin.py:190} INFO - [2025-07-06T20:47:47.321+0000] {dag.py:4180} INFO - Setting next_dagrun for etl_dag_datos_ener_facturada_sisdat to None, run_after=None
[2025-07-06T20:47:47.342+0000] {processor.py:208} INFO - Processing /opt/airflow/dags/ener_fact_sisdat_etl_dag.py took 0.425 seconds
[2025-07-06T20:48:17.446+0000] {processor.py:186} INFO - Started process (PID=971) to work on /opt/airflow/dags/ener_fact_sisdat_etl_dag.py
[2025-07-06T20:48:17.447+0000] {processor.py:914} INFO - Processing file /opt/airflow/dags/ener_fact_sisdat_etl_dag.py for tasks to queue
[2025-07-06T20:48:17.449+0000] {logging_mixin.py:190} INFO - [2025-07-06T20:48:17.449+0000] {dagbag.py:588} INFO - Filling up the DagBag from /opt/airflow/dags/ener_fact_sisdat_etl_dag.py
[2025-07-06T20:48:17.759+0000] {processor.py:925} INFO - DAG(s) 'etl_dag_datos_ener_facturada_sisdat' retrieved from /opt/airflow/dags/ener_fact_sisdat_etl_dag.py
[2025-07-06T20:48:17.785+0000] {logging_mixin.py:190} INFO - [2025-07-06T20:48:17.785+0000] {dag.py:3239} INFO - Sync 1 DAGs
[2025-07-06T20:48:17.799+0000] {logging_mixin.py:190} INFO - [2025-07-06T20:48:17.799+0000] {dag.py:4180} INFO - Setting next_dagrun for etl_dag_datos_ener_facturada_sisdat to None, run_after=None
[2025-07-06T20:48:17.814+0000] {processor.py:208} INFO - Processing /opt/airflow/dags/ener_fact_sisdat_etl_dag.py took 0.376 seconds
[2025-07-06T20:48:47.965+0000] {processor.py:186} INFO - Started process (PID=989) to work on /opt/airflow/dags/ener_fact_sisdat_etl_dag.py
[2025-07-06T20:48:47.966+0000] {processor.py:914} INFO - Processing file /opt/airflow/dags/ener_fact_sisdat_etl_dag.py for tasks to queue
[2025-07-06T20:48:47.968+0000] {logging_mixin.py:190} INFO - [2025-07-06T20:48:47.967+0000] {dagbag.py:588} INFO - Filling up the DagBag from /opt/airflow/dags/ener_fact_sisdat_etl_dag.py
[2025-07-06T20:48:48.272+0000] {processor.py:925} INFO - DAG(s) 'etl_dag_datos_ener_facturada_sisdat' retrieved from /opt/airflow/dags/ener_fact_sisdat_etl_dag.py
[2025-07-06T20:48:48.295+0000] {logging_mixin.py:190} INFO - [2025-07-06T20:48:48.294+0000] {dag.py:3239} INFO - Sync 1 DAGs
[2025-07-06T20:48:48.307+0000] {logging_mixin.py:190} INFO - [2025-07-06T20:48:48.307+0000] {dag.py:4180} INFO - Setting next_dagrun for etl_dag_datos_ener_facturada_sisdat to None, run_after=None
[2025-07-06T20:48:48.323+0000] {processor.py:208} INFO - Processing /opt/airflow/dags/ener_fact_sisdat_etl_dag.py took 0.366 seconds
[2025-07-06T20:49:18.406+0000] {processor.py:186} INFO - Started process (PID=1007) to work on /opt/airflow/dags/ener_fact_sisdat_etl_dag.py
[2025-07-06T20:49:18.407+0000] {processor.py:914} INFO - Processing file /opt/airflow/dags/ener_fact_sisdat_etl_dag.py for tasks to queue
[2025-07-06T20:49:18.409+0000] {logging_mixin.py:190} INFO - [2025-07-06T20:49:18.409+0000] {dagbag.py:588} INFO - Filling up the DagBag from /opt/airflow/dags/ener_fact_sisdat_etl_dag.py
[2025-07-06T20:49:18.732+0000] {processor.py:925} INFO - DAG(s) 'etl_dag_datos_ener_facturada_sisdat' retrieved from /opt/airflow/dags/ener_fact_sisdat_etl_dag.py
[2025-07-06T20:49:18.757+0000] {logging_mixin.py:190} INFO - [2025-07-06T20:49:18.756+0000] {dag.py:3239} INFO - Sync 1 DAGs
[2025-07-06T20:49:18.770+0000] {logging_mixin.py:190} INFO - [2025-07-06T20:49:18.770+0000] {dag.py:4180} INFO - Setting next_dagrun for etl_dag_datos_ener_facturada_sisdat to None, run_after=None
[2025-07-06T20:49:18.785+0000] {processor.py:208} INFO - Processing /opt/airflow/dags/ener_fact_sisdat_etl_dag.py took 0.387 seconds
[2025-07-06T20:49:48.875+0000] {processor.py:186} INFO - Started process (PID=1025) to work on /opt/airflow/dags/ener_fact_sisdat_etl_dag.py
[2025-07-06T20:49:48.876+0000] {processor.py:914} INFO - Processing file /opt/airflow/dags/ener_fact_sisdat_etl_dag.py for tasks to queue
[2025-07-06T20:49:48.880+0000] {logging_mixin.py:190} INFO - [2025-07-06T20:49:48.879+0000] {dagbag.py:588} INFO - Filling up the DagBag from /opt/airflow/dags/ener_fact_sisdat_etl_dag.py
[2025-07-06T20:49:49.223+0000] {processor.py:925} INFO - DAG(s) 'etl_dag_datos_ener_facturada_sisdat' retrieved from /opt/airflow/dags/ener_fact_sisdat_etl_dag.py
[2025-07-06T20:49:49.254+0000] {logging_mixin.py:190} INFO - [2025-07-06T20:49:49.253+0000] {dag.py:3239} INFO - Sync 1 DAGs
[2025-07-06T20:49:49.266+0000] {logging_mixin.py:190} INFO - [2025-07-06T20:49:49.266+0000] {dag.py:4180} INFO - Setting next_dagrun for etl_dag_datos_ener_facturada_sisdat to None, run_after=None
[2025-07-06T20:49:49.282+0000] {processor.py:208} INFO - Processing /opt/airflow/dags/ener_fact_sisdat_etl_dag.py took 0.417 seconds
[2025-07-06T20:50:19.438+0000] {processor.py:186} INFO - Started process (PID=1049) to work on /opt/airflow/dags/ener_fact_sisdat_etl_dag.py
[2025-07-06T20:50:19.439+0000] {processor.py:914} INFO - Processing file /opt/airflow/dags/ener_fact_sisdat_etl_dag.py for tasks to queue
[2025-07-06T20:50:19.441+0000] {logging_mixin.py:190} INFO - [2025-07-06T20:50:19.441+0000] {dagbag.py:588} INFO - Filling up the DagBag from /opt/airflow/dags/ener_fact_sisdat_etl_dag.py
[2025-07-06T20:50:19.761+0000] {processor.py:925} INFO - DAG(s) 'etl_dag_datos_ener_facturada_sisdat' retrieved from /opt/airflow/dags/ener_fact_sisdat_etl_dag.py
[2025-07-06T20:50:19.787+0000] {logging_mixin.py:190} INFO - [2025-07-06T20:50:19.786+0000] {dag.py:3239} INFO - Sync 1 DAGs
[2025-07-06T20:50:19.800+0000] {logging_mixin.py:190} INFO - [2025-07-06T20:50:19.800+0000] {dag.py:4180} INFO - Setting next_dagrun for etl_dag_datos_ener_facturada_sisdat to None, run_after=None
[2025-07-06T20:50:19.817+0000] {processor.py:208} INFO - Processing /opt/airflow/dags/ener_fact_sisdat_etl_dag.py took 0.388 seconds
