[2025-07-06T20:14:52.865+0000] {processor.py:186} INFO - Started process (PID=56) to work on /opt/airflow/dags/ener_suministrada_etl_dag.py
[2025-07-06T20:14:52.871+0000] {processor.py:914} INFO - Processing file /opt/airflow/dags/ener_suministrada_etl_dag.py for tasks to queue
[2025-07-06T20:14:52.878+0000] {logging_mixin.py:190} INFO - [2025-07-06T20:14:52.877+0000] {dagbag.py:588} INFO - Filling up the DagBag from /opt/airflow/dags/ener_suministrada_etl_dag.py
[2025-07-06T20:14:55.714+0000] {logging_mixin.py:190} INFO - [2025-07-06T20:14:55.681+0000] {dagbag.py:387} ERROR - Failed to import: /opt/airflow/dags/ener_suministrada_etl_dag.py
Traceback (most recent call last):
  File "/home/airflow/.local/lib/python3.12/site-packages/airflow/models/dagbag.py", line 383, in parse
    loader.exec_module(new_module)
  File "<frozen importlib._bootstrap_external>", line 999, in exec_module
  File "<frozen importlib._bootstrap>", line 488, in _call_with_frames_removed
  File "/opt/airflow/dags/ener_suministrada_etl_dag.py", line 11, in <module>
    from utilities import construir_columna_fecha, obtener_cliente_db
  File "/opt/airflow/utils/utilities.py", line 3, in <module>
    from pymongo.mongo_client import MongoClient
ModuleNotFoundError: No module named 'pymongo'
[2025-07-06T20:14:55.716+0000] {processor.py:927} WARNING - No viable dags retrieved from /opt/airflow/dags/ener_suministrada_etl_dag.py
[2025-07-06T20:14:55.752+0000] {processor.py:208} INFO - Processing /opt/airflow/dags/ener_suministrada_etl_dag.py took 2.915 seconds
[2025-07-06T20:15:26.233+0000] {processor.py:186} INFO - Started process (PID=80) to work on /opt/airflow/dags/ener_suministrada_etl_dag.py
[2025-07-06T20:15:26.234+0000] {processor.py:914} INFO - Processing file /opt/airflow/dags/ener_suministrada_etl_dag.py for tasks to queue
[2025-07-06T20:15:26.240+0000] {logging_mixin.py:190} INFO - [2025-07-06T20:15:26.239+0000] {dagbag.py:588} INFO - Filling up the DagBag from /opt/airflow/dags/ener_suministrada_etl_dag.py
[2025-07-06T20:15:26.854+0000] {logging_mixin.py:190} INFO - [2025-07-06T20:15:26.848+0000] {dagbag.py:387} ERROR - Failed to import: /opt/airflow/dags/ener_suministrada_etl_dag.py
Traceback (most recent call last):
  File "/home/airflow/.local/lib/python3.12/site-packages/airflow/models/dagbag.py", line 383, in parse
    loader.exec_module(new_module)
  File "<frozen importlib._bootstrap_external>", line 999, in exec_module
  File "<frozen importlib._bootstrap>", line 488, in _call_with_frames_removed
  File "/opt/airflow/dags/ener_suministrada_etl_dag.py", line 11, in <module>
    from utilities import construir_columna_fecha, obtener_cliente_db
  File "/opt/airflow/utils/utilities.py", line 3, in <module>
    from pymongo.mongo_client import MongoClient
ModuleNotFoundError: No module named 'pymongo'
[2025-07-06T20:15:26.855+0000] {processor.py:927} WARNING - No viable dags retrieved from /opt/airflow/dags/ener_suministrada_etl_dag.py
[2025-07-06T20:15:26.876+0000] {processor.py:208} INFO - Processing /opt/airflow/dags/ener_suministrada_etl_dag.py took 0.657 seconds
[2025-07-06T20:15:57.231+0000] {processor.py:186} INFO - Started process (PID=100) to work on /opt/airflow/dags/ener_suministrada_etl_dag.py
[2025-07-06T20:15:57.232+0000] {processor.py:914} INFO - Processing file /opt/airflow/dags/ener_suministrada_etl_dag.py for tasks to queue
[2025-07-06T20:15:57.235+0000] {logging_mixin.py:190} INFO - [2025-07-06T20:15:57.235+0000] {dagbag.py:588} INFO - Filling up the DagBag from /opt/airflow/dags/ener_suministrada_etl_dag.py
[2025-07-06T20:15:57.692+0000] {logging_mixin.py:190} INFO - [2025-07-06T20:15:57.687+0000] {dagbag.py:387} ERROR - Failed to import: /opt/airflow/dags/ener_suministrada_etl_dag.py
Traceback (most recent call last):
  File "/home/airflow/.local/lib/python3.12/site-packages/airflow/models/dagbag.py", line 383, in parse
    loader.exec_module(new_module)
  File "<frozen importlib._bootstrap_external>", line 999, in exec_module
  File "<frozen importlib._bootstrap>", line 488, in _call_with_frames_removed
  File "/opt/airflow/dags/ener_suministrada_etl_dag.py", line 11, in <module>
    from utilities import construir_columna_fecha, obtener_cliente_db
  File "/opt/airflow/utils/utilities.py", line 3, in <module>
    from pymongo.mongo_client import MongoClient
ModuleNotFoundError: No module named 'pymongo'
[2025-07-06T20:15:57.693+0000] {processor.py:927} WARNING - No viable dags retrieved from /opt/airflow/dags/ener_suministrada_etl_dag.py
[2025-07-06T20:15:57.713+0000] {processor.py:208} INFO - Processing /opt/airflow/dags/ener_suministrada_etl_dag.py took 0.489 seconds
[2025-07-06T20:16:27.923+0000] {processor.py:186} INFO - Started process (PID=118) to work on /opt/airflow/dags/ener_suministrada_etl_dag.py
[2025-07-06T20:16:27.924+0000] {processor.py:914} INFO - Processing file /opt/airflow/dags/ener_suministrada_etl_dag.py for tasks to queue
[2025-07-06T20:16:27.927+0000] {logging_mixin.py:190} INFO - [2025-07-06T20:16:27.927+0000] {dagbag.py:588} INFO - Filling up the DagBag from /opt/airflow/dags/ener_suministrada_etl_dag.py
[2025-07-06T20:16:28.392+0000] {logging_mixin.py:190} INFO - [2025-07-06T20:16:28.387+0000] {dagbag.py:387} ERROR - Failed to import: /opt/airflow/dags/ener_suministrada_etl_dag.py
Traceback (most recent call last):
  File "/home/airflow/.local/lib/python3.12/site-packages/airflow/models/dagbag.py", line 383, in parse
    loader.exec_module(new_module)
  File "<frozen importlib._bootstrap_external>", line 999, in exec_module
  File "<frozen importlib._bootstrap>", line 488, in _call_with_frames_removed
  File "/opt/airflow/dags/ener_suministrada_etl_dag.py", line 11, in <module>
    from utilities import construir_columna_fecha, obtener_cliente_db
  File "/opt/airflow/utils/utilities.py", line 3, in <module>
    from pymongo.mongo_client import MongoClient
ModuleNotFoundError: No module named 'pymongo'
[2025-07-06T20:16:28.394+0000] {processor.py:927} WARNING - No viable dags retrieved from /opt/airflow/dags/ener_suministrada_etl_dag.py
[2025-07-06T20:16:28.415+0000] {processor.py:208} INFO - Processing /opt/airflow/dags/ener_suministrada_etl_dag.py took 0.499 seconds
[2025-07-06T20:16:58.723+0000] {processor.py:186} INFO - Started process (PID=136) to work on /opt/airflow/dags/ener_suministrada_etl_dag.py
[2025-07-06T20:16:58.724+0000] {processor.py:914} INFO - Processing file /opt/airflow/dags/ener_suministrada_etl_dag.py for tasks to queue
[2025-07-06T20:16:58.726+0000] {logging_mixin.py:190} INFO - [2025-07-06T20:16:58.725+0000] {dagbag.py:588} INFO - Filling up the DagBag from /opt/airflow/dags/ener_suministrada_etl_dag.py
[2025-07-06T20:16:59.197+0000] {logging_mixin.py:190} INFO - [2025-07-06T20:16:59.192+0000] {dagbag.py:387} ERROR - Failed to import: /opt/airflow/dags/ener_suministrada_etl_dag.py
Traceback (most recent call last):
  File "/home/airflow/.local/lib/python3.12/site-packages/airflow/models/dagbag.py", line 383, in parse
    loader.exec_module(new_module)
  File "<frozen importlib._bootstrap_external>", line 999, in exec_module
  File "<frozen importlib._bootstrap>", line 488, in _call_with_frames_removed
  File "/opt/airflow/dags/ener_suministrada_etl_dag.py", line 11, in <module>
    from utilities import construir_columna_fecha, obtener_cliente_db
  File "/opt/airflow/utils/utilities.py", line 3, in <module>
    from pymongo.mongo_client import MongoClient
ModuleNotFoundError: No module named 'pymongo'
[2025-07-06T20:16:59.199+0000] {processor.py:927} WARNING - No viable dags retrieved from /opt/airflow/dags/ener_suministrada_etl_dag.py
[2025-07-06T20:16:59.218+0000] {processor.py:208} INFO - Processing /opt/airflow/dags/ener_suministrada_etl_dag.py took 0.502 seconds
[2025-07-06T20:17:29.611+0000] {processor.py:186} INFO - Started process (PID=154) to work on /opt/airflow/dags/ener_suministrada_etl_dag.py
[2025-07-06T20:17:29.612+0000] {processor.py:914} INFO - Processing file /opt/airflow/dags/ener_suministrada_etl_dag.py for tasks to queue
[2025-07-06T20:17:29.614+0000] {logging_mixin.py:190} INFO - [2025-07-06T20:17:29.614+0000] {dagbag.py:588} INFO - Filling up the DagBag from /opt/airflow/dags/ener_suministrada_etl_dag.py
[2025-07-06T20:17:30.100+0000] {logging_mixin.py:190} INFO - [2025-07-06T20:17:30.095+0000] {dagbag.py:387} ERROR - Failed to import: /opt/airflow/dags/ener_suministrada_etl_dag.py
Traceback (most recent call last):
  File "/home/airflow/.local/lib/python3.12/site-packages/airflow/models/dagbag.py", line 383, in parse
    loader.exec_module(new_module)
  File "<frozen importlib._bootstrap_external>", line 999, in exec_module
  File "<frozen importlib._bootstrap>", line 488, in _call_with_frames_removed
  File "/opt/airflow/dags/ener_suministrada_etl_dag.py", line 11, in <module>
    from utilities import construir_columna_fecha, obtener_cliente_db
  File "/opt/airflow/utils/utilities.py", line 3, in <module>
    from pymongo.mongo_client import MongoClient
ModuleNotFoundError: No module named 'pymongo'
[2025-07-06T20:17:30.101+0000] {processor.py:927} WARNING - No viable dags retrieved from /opt/airflow/dags/ener_suministrada_etl_dag.py
[2025-07-06T20:17:30.116+0000] {processor.py:208} INFO - Processing /opt/airflow/dags/ener_suministrada_etl_dag.py took 0.511 seconds
[2025-07-06T20:18:00.435+0000] {processor.py:186} INFO - Started process (PID=172) to work on /opt/airflow/dags/ener_suministrada_etl_dag.py
[2025-07-06T20:18:00.436+0000] {processor.py:914} INFO - Processing file /opt/airflow/dags/ener_suministrada_etl_dag.py for tasks to queue
[2025-07-06T20:18:00.438+0000] {logging_mixin.py:190} INFO - [2025-07-06T20:18:00.438+0000] {dagbag.py:588} INFO - Filling up the DagBag from /opt/airflow/dags/ener_suministrada_etl_dag.py
[2025-07-06T20:18:00.907+0000] {logging_mixin.py:190} INFO - [2025-07-06T20:18:00.901+0000] {dagbag.py:387} ERROR - Failed to import: /opt/airflow/dags/ener_suministrada_etl_dag.py
Traceback (most recent call last):
  File "/home/airflow/.local/lib/python3.12/site-packages/airflow/models/dagbag.py", line 383, in parse
    loader.exec_module(new_module)
  File "<frozen importlib._bootstrap_external>", line 999, in exec_module
  File "<frozen importlib._bootstrap>", line 488, in _call_with_frames_removed
  File "/opt/airflow/dags/ener_suministrada_etl_dag.py", line 11, in <module>
    from utilities import construir_columna_fecha, obtener_cliente_db
  File "/opt/airflow/utils/utilities.py", line 3, in <module>
    from pymongo.mongo_client import MongoClient
ModuleNotFoundError: No module named 'pymongo'
[2025-07-06T20:18:00.908+0000] {processor.py:927} WARNING - No viable dags retrieved from /opt/airflow/dags/ener_suministrada_etl_dag.py
[2025-07-06T20:18:00.935+0000] {processor.py:208} INFO - Processing /opt/airflow/dags/ener_suministrada_etl_dag.py took 0.506 seconds
[2025-07-06T20:18:31.150+0000] {processor.py:186} INFO - Started process (PID=190) to work on /opt/airflow/dags/ener_suministrada_etl_dag.py
[2025-07-06T20:18:31.151+0000] {processor.py:914} INFO - Processing file /opt/airflow/dags/ener_suministrada_etl_dag.py for tasks to queue
[2025-07-06T20:18:31.153+0000] {logging_mixin.py:190} INFO - [2025-07-06T20:18:31.153+0000] {dagbag.py:588} INFO - Filling up the DagBag from /opt/airflow/dags/ener_suministrada_etl_dag.py
[2025-07-06T20:18:31.595+0000] {logging_mixin.py:190} INFO - [2025-07-06T20:18:31.590+0000] {dagbag.py:387} ERROR - Failed to import: /opt/airflow/dags/ener_suministrada_etl_dag.py
Traceback (most recent call last):
  File "/home/airflow/.local/lib/python3.12/site-packages/airflow/models/dagbag.py", line 383, in parse
    loader.exec_module(new_module)
  File "<frozen importlib._bootstrap_external>", line 999, in exec_module
  File "<frozen importlib._bootstrap>", line 488, in _call_with_frames_removed
  File "/opt/airflow/dags/ener_suministrada_etl_dag.py", line 11, in <module>
    from utilities import construir_columna_fecha, obtener_cliente_db
  File "/opt/airflow/utils/utilities.py", line 3, in <module>
    from pymongo.mongo_client import MongoClient
ModuleNotFoundError: No module named 'pymongo'
[2025-07-06T20:18:31.597+0000] {processor.py:927} WARNING - No viable dags retrieved from /opt/airflow/dags/ener_suministrada_etl_dag.py
[2025-07-06T20:18:31.614+0000] {processor.py:208} INFO - Processing /opt/airflow/dags/ener_suministrada_etl_dag.py took 0.470 seconds
[2025-07-06T20:19:01.990+0000] {processor.py:186} INFO - Started process (PID=208) to work on /opt/airflow/dags/ener_suministrada_etl_dag.py
[2025-07-06T20:19:01.991+0000] {processor.py:914} INFO - Processing file /opt/airflow/dags/ener_suministrada_etl_dag.py for tasks to queue
[2025-07-06T20:19:01.993+0000] {logging_mixin.py:190} INFO - [2025-07-06T20:19:01.993+0000] {dagbag.py:588} INFO - Filling up the DagBag from /opt/airflow/dags/ener_suministrada_etl_dag.py
[2025-07-06T20:19:02.425+0000] {logging_mixin.py:190} INFO - [2025-07-06T20:19:02.420+0000] {dagbag.py:387} ERROR - Failed to import: /opt/airflow/dags/ener_suministrada_etl_dag.py
Traceback (most recent call last):
  File "/home/airflow/.local/lib/python3.12/site-packages/airflow/models/dagbag.py", line 383, in parse
    loader.exec_module(new_module)
  File "<frozen importlib._bootstrap_external>", line 999, in exec_module
  File "<frozen importlib._bootstrap>", line 488, in _call_with_frames_removed
  File "/opt/airflow/dags/ener_suministrada_etl_dag.py", line 11, in <module>
    from utilities import construir_columna_fecha, obtener_cliente_db
  File "/opt/airflow/utils/utilities.py", line 3, in <module>
    from pymongo.mongo_client import MongoClient
ModuleNotFoundError: No module named 'pymongo'
[2025-07-06T20:19:02.426+0000] {processor.py:927} WARNING - No viable dags retrieved from /opt/airflow/dags/ener_suministrada_etl_dag.py
[2025-07-06T20:19:02.443+0000] {processor.py:208} INFO - Processing /opt/airflow/dags/ener_suministrada_etl_dag.py took 0.458 seconds
[2025-07-06T20:19:32.706+0000] {processor.py:186} INFO - Started process (PID=226) to work on /opt/airflow/dags/ener_suministrada_etl_dag.py
[2025-07-06T20:19:32.707+0000] {processor.py:914} INFO - Processing file /opt/airflow/dags/ener_suministrada_etl_dag.py for tasks to queue
[2025-07-06T20:19:32.709+0000] {logging_mixin.py:190} INFO - [2025-07-06T20:19:32.709+0000] {dagbag.py:588} INFO - Filling up the DagBag from /opt/airflow/dags/ener_suministrada_etl_dag.py
[2025-07-06T20:19:33.218+0000] {logging_mixin.py:190} INFO - [2025-07-06T20:19:33.211+0000] {dagbag.py:387} ERROR - Failed to import: /opt/airflow/dags/ener_suministrada_etl_dag.py
Traceback (most recent call last):
  File "/home/airflow/.local/lib/python3.12/site-packages/airflow/models/dagbag.py", line 383, in parse
    loader.exec_module(new_module)
  File "<frozen importlib._bootstrap_external>", line 999, in exec_module
  File "<frozen importlib._bootstrap>", line 488, in _call_with_frames_removed
  File "/opt/airflow/dags/ener_suministrada_etl_dag.py", line 11, in <module>
    from utilities import construir_columna_fecha, obtener_cliente_db
  File "/opt/airflow/utils/utilities.py", line 3, in <module>
    from pymongo.mongo_client import MongoClient
ModuleNotFoundError: No module named 'pymongo'
[2025-07-06T20:19:33.219+0000] {processor.py:927} WARNING - No viable dags retrieved from /opt/airflow/dags/ener_suministrada_etl_dag.py
[2025-07-06T20:19:33.243+0000] {processor.py:208} INFO - Processing /opt/airflow/dags/ener_suministrada_etl_dag.py took 0.543 seconds
[2025-07-06T20:20:03.390+0000] {processor.py:186} INFO - Started process (PID=244) to work on /opt/airflow/dags/ener_suministrada_etl_dag.py
[2025-07-06T20:20:03.391+0000] {processor.py:914} INFO - Processing file /opt/airflow/dags/ener_suministrada_etl_dag.py for tasks to queue
[2025-07-06T20:20:03.393+0000] {logging_mixin.py:190} INFO - [2025-07-06T20:20:03.393+0000] {dagbag.py:588} INFO - Filling up the DagBag from /opt/airflow/dags/ener_suministrada_etl_dag.py
[2025-07-06T20:20:03.863+0000] {logging_mixin.py:190} INFO - [2025-07-06T20:20:03.859+0000] {dagbag.py:387} ERROR - Failed to import: /opt/airflow/dags/ener_suministrada_etl_dag.py
Traceback (most recent call last):
  File "/home/airflow/.local/lib/python3.12/site-packages/airflow/models/dagbag.py", line 383, in parse
    loader.exec_module(new_module)
  File "<frozen importlib._bootstrap_external>", line 999, in exec_module
  File "<frozen importlib._bootstrap>", line 488, in _call_with_frames_removed
  File "/opt/airflow/dags/ener_suministrada_etl_dag.py", line 11, in <module>
    from utilities import construir_columna_fecha, obtener_cliente_db
  File "/opt/airflow/utils/utilities.py", line 3, in <module>
    from pymongo.mongo_client import MongoClient
ModuleNotFoundError: No module named 'pymongo'
[2025-07-06T20:20:03.865+0000] {processor.py:927} WARNING - No viable dags retrieved from /opt/airflow/dags/ener_suministrada_etl_dag.py
[2025-07-06T20:20:03.884+0000] {processor.py:208} INFO - Processing /opt/airflow/dags/ener_suministrada_etl_dag.py took 0.500 seconds
[2025-07-06T20:20:34.157+0000] {processor.py:186} INFO - Started process (PID=262) to work on /opt/airflow/dags/ener_suministrada_etl_dag.py
[2025-07-06T20:20:34.158+0000] {processor.py:914} INFO - Processing file /opt/airflow/dags/ener_suministrada_etl_dag.py for tasks to queue
[2025-07-06T20:20:34.161+0000] {logging_mixin.py:190} INFO - [2025-07-06T20:20:34.161+0000] {dagbag.py:588} INFO - Filling up the DagBag from /opt/airflow/dags/ener_suministrada_etl_dag.py
[2025-07-06T20:20:34.665+0000] {logging_mixin.py:190} INFO - [2025-07-06T20:20:34.660+0000] {dagbag.py:387} ERROR - Failed to import: /opt/airflow/dags/ener_suministrada_etl_dag.py
Traceback (most recent call last):
  File "/home/airflow/.local/lib/python3.12/site-packages/airflow/models/dagbag.py", line 383, in parse
    loader.exec_module(new_module)
  File "<frozen importlib._bootstrap_external>", line 999, in exec_module
  File "<frozen importlib._bootstrap>", line 488, in _call_with_frames_removed
  File "/opt/airflow/dags/ener_suministrada_etl_dag.py", line 11, in <module>
    from utilities import construir_columna_fecha, obtener_cliente_db
  File "/opt/airflow/utils/utilities.py", line 3, in <module>
    from pymongo.mongo_client import MongoClient
ModuleNotFoundError: No module named 'pymongo'
[2025-07-06T20:20:34.667+0000] {processor.py:927} WARNING - No viable dags retrieved from /opt/airflow/dags/ener_suministrada_etl_dag.py
[2025-07-06T20:20:34.685+0000] {processor.py:208} INFO - Processing /opt/airflow/dags/ener_suministrada_etl_dag.py took 0.536 seconds
[2025-07-06T20:21:04.991+0000] {processor.py:186} INFO - Started process (PID=280) to work on /opt/airflow/dags/ener_suministrada_etl_dag.py
[2025-07-06T20:21:04.992+0000] {processor.py:914} INFO - Processing file /opt/airflow/dags/ener_suministrada_etl_dag.py for tasks to queue
[2025-07-06T20:21:04.994+0000] {logging_mixin.py:190} INFO - [2025-07-06T20:21:04.994+0000] {dagbag.py:588} INFO - Filling up the DagBag from /opt/airflow/dags/ener_suministrada_etl_dag.py
[2025-07-06T20:21:05.440+0000] {logging_mixin.py:190} INFO - [2025-07-06T20:21:05.435+0000] {dagbag.py:387} ERROR - Failed to import: /opt/airflow/dags/ener_suministrada_etl_dag.py
Traceback (most recent call last):
  File "/home/airflow/.local/lib/python3.12/site-packages/airflow/models/dagbag.py", line 383, in parse
    loader.exec_module(new_module)
  File "<frozen importlib._bootstrap_external>", line 999, in exec_module
  File "<frozen importlib._bootstrap>", line 488, in _call_with_frames_removed
  File "/opt/airflow/dags/ener_suministrada_etl_dag.py", line 11, in <module>
    from utilities import construir_columna_fecha, obtener_cliente_db
  File "/opt/airflow/utils/utilities.py", line 3, in <module>
    from pymongo.mongo_client import MongoClient
ModuleNotFoundError: No module named 'pymongo'
[2025-07-06T20:21:05.441+0000] {processor.py:927} WARNING - No viable dags retrieved from /opt/airflow/dags/ener_suministrada_etl_dag.py
[2025-07-06T20:21:05.460+0000] {processor.py:208} INFO - Processing /opt/airflow/dags/ener_suministrada_etl_dag.py took 0.475 seconds
[2025-07-06T20:21:35.983+0000] {processor.py:186} INFO - Started process (PID=298) to work on /opt/airflow/dags/ener_suministrada_etl_dag.py
[2025-07-06T20:21:35.984+0000] {processor.py:914} INFO - Processing file /opt/airflow/dags/ener_suministrada_etl_dag.py for tasks to queue
[2025-07-06T20:21:35.986+0000] {logging_mixin.py:190} INFO - [2025-07-06T20:21:35.985+0000] {dagbag.py:588} INFO - Filling up the DagBag from /opt/airflow/dags/ener_suministrada_etl_dag.py
[2025-07-06T20:21:36.457+0000] {logging_mixin.py:190} INFO - [2025-07-06T20:21:36.453+0000] {dagbag.py:387} ERROR - Failed to import: /opt/airflow/dags/ener_suministrada_etl_dag.py
Traceback (most recent call last):
  File "/home/airflow/.local/lib/python3.12/site-packages/airflow/models/dagbag.py", line 383, in parse
    loader.exec_module(new_module)
  File "<frozen importlib._bootstrap_external>", line 999, in exec_module
  File "<frozen importlib._bootstrap>", line 488, in _call_with_frames_removed
  File "/opt/airflow/dags/ener_suministrada_etl_dag.py", line 11, in <module>
    from utilities import construir_columna_fecha, obtener_cliente_db
  File "/opt/airflow/utils/utilities.py", line 3, in <module>
    from pymongo.mongo_client import MongoClient
ModuleNotFoundError: No module named 'pymongo'
[2025-07-06T20:21:36.459+0000] {processor.py:927} WARNING - No viable dags retrieved from /opt/airflow/dags/ener_suministrada_etl_dag.py
[2025-07-06T20:21:36.479+0000] {processor.py:208} INFO - Processing /opt/airflow/dags/ener_suministrada_etl_dag.py took 0.502 seconds
[2025-07-06T20:22:06.912+0000] {processor.py:186} INFO - Started process (PID=316) to work on /opt/airflow/dags/ener_suministrada_etl_dag.py
[2025-07-06T20:22:06.913+0000] {processor.py:914} INFO - Processing file /opt/airflow/dags/ener_suministrada_etl_dag.py for tasks to queue
[2025-07-06T20:22:06.915+0000] {logging_mixin.py:190} INFO - [2025-07-06T20:22:06.915+0000] {dagbag.py:588} INFO - Filling up the DagBag from /opt/airflow/dags/ener_suministrada_etl_dag.py
[2025-07-06T20:22:07.374+0000] {logging_mixin.py:190} INFO - [2025-07-06T20:22:07.369+0000] {dagbag.py:387} ERROR - Failed to import: /opt/airflow/dags/ener_suministrada_etl_dag.py
Traceback (most recent call last):
  File "/home/airflow/.local/lib/python3.12/site-packages/airflow/models/dagbag.py", line 383, in parse
    loader.exec_module(new_module)
  File "<frozen importlib._bootstrap_external>", line 999, in exec_module
  File "<frozen importlib._bootstrap>", line 488, in _call_with_frames_removed
  File "/opt/airflow/dags/ener_suministrada_etl_dag.py", line 11, in <module>
    from utilities import construir_columna_fecha, obtener_cliente_db
  File "/opt/airflow/utils/utilities.py", line 3, in <module>
    from pymongo.mongo_client import MongoClient
ModuleNotFoundError: No module named 'pymongo'
[2025-07-06T20:22:07.376+0000] {processor.py:927} WARNING - No viable dags retrieved from /opt/airflow/dags/ener_suministrada_etl_dag.py
[2025-07-06T20:22:07.402+0000] {processor.py:208} INFO - Processing /opt/airflow/dags/ener_suministrada_etl_dag.py took 0.495 seconds
[2025-07-06T20:22:37.746+0000] {processor.py:186} INFO - Started process (PID=335) to work on /opt/airflow/dags/ener_suministrada_etl_dag.py
[2025-07-06T20:22:37.747+0000] {processor.py:914} INFO - Processing file /opt/airflow/dags/ener_suministrada_etl_dag.py for tasks to queue
[2025-07-06T20:22:37.749+0000] {logging_mixin.py:190} INFO - [2025-07-06T20:22:37.748+0000] {dagbag.py:588} INFO - Filling up the DagBag from /opt/airflow/dags/ener_suministrada_etl_dag.py
[2025-07-06T20:22:38.203+0000] {logging_mixin.py:190} INFO - [2025-07-06T20:22:38.198+0000] {dagbag.py:387} ERROR - Failed to import: /opt/airflow/dags/ener_suministrada_etl_dag.py
Traceback (most recent call last):
  File "/home/airflow/.local/lib/python3.12/site-packages/airflow/models/dagbag.py", line 383, in parse
    loader.exec_module(new_module)
  File "<frozen importlib._bootstrap_external>", line 999, in exec_module
  File "<frozen importlib._bootstrap>", line 488, in _call_with_frames_removed
  File "/opt/airflow/dags/ener_suministrada_etl_dag.py", line 11, in <module>
    from utilities import construir_columna_fecha, obtener_cliente_db
  File "/opt/airflow/utils/utilities.py", line 3, in <module>
    from pymongo.mongo_client import MongoClient
ModuleNotFoundError: No module named 'pymongo'
[2025-07-06T20:22:38.204+0000] {processor.py:927} WARNING - No viable dags retrieved from /opt/airflow/dags/ener_suministrada_etl_dag.py
[2025-07-06T20:22:38.221+0000] {processor.py:208} INFO - Processing /opt/airflow/dags/ener_suministrada_etl_dag.py took 0.481 seconds
[2025-07-06T20:23:08.367+0000] {processor.py:186} INFO - Started process (PID=361) to work on /opt/airflow/dags/ener_suministrada_etl_dag.py
[2025-07-06T20:23:08.368+0000] {processor.py:914} INFO - Processing file /opt/airflow/dags/ener_suministrada_etl_dag.py for tasks to queue
[2025-07-06T20:23:08.370+0000] {logging_mixin.py:190} INFO - [2025-07-06T20:23:08.370+0000] {dagbag.py:588} INFO - Filling up the DagBag from /opt/airflow/dags/ener_suministrada_etl_dag.py
[2025-07-06T20:23:08.647+0000] {logging_mixin.py:190} INFO - [2025-07-06T20:23:08.639+0000] {dagbag.py:387} ERROR - Failed to import: /opt/airflow/dags/ener_suministrada_etl_dag.py
Traceback (most recent call last):
  File "/home/airflow/.local/lib/python3.12/site-packages/airflow/models/dagbag.py", line 383, in parse
    loader.exec_module(new_module)
  File "<frozen importlib._bootstrap_external>", line 999, in exec_module
  File "<frozen importlib._bootstrap>", line 488, in _call_with_frames_removed
  File "/opt/airflow/dags/ener_suministrada_etl_dag.py", line 11, in <module>
    from utilities import construir_columna_fecha, obtener_cliente_db
  File "/opt/airflow/utils/utilities.py", line 3, in <module>
    from pymongo.mongo_client import MongoClient
ModuleNotFoundError: No module named 'pymongo'
[2025-07-06T20:23:08.649+0000] {processor.py:927} WARNING - No viable dags retrieved from /opt/airflow/dags/ener_suministrada_etl_dag.py
[2025-07-06T20:23:08.674+0000] {processor.py:208} INFO - Processing /opt/airflow/dags/ener_suministrada_etl_dag.py took 0.313 seconds
[2025-07-06T20:23:39.282+0000] {processor.py:186} INFO - Started process (PID=397) to work on /opt/airflow/dags/ener_suministrada_etl_dag.py
[2025-07-06T20:23:39.283+0000] {processor.py:914} INFO - Processing file /opt/airflow/dags/ener_suministrada_etl_dag.py for tasks to queue
[2025-07-06T20:23:39.286+0000] {logging_mixin.py:190} INFO - [2025-07-06T20:23:39.285+0000] {dagbag.py:588} INFO - Filling up the DagBag from /opt/airflow/dags/ener_suministrada_etl_dag.py
[2025-07-06T20:23:39.646+0000] {processor.py:925} INFO - DAG(s) 'etl_dag_datos_ener_suministrada' retrieved from /opt/airflow/dags/ener_suministrada_etl_dag.py
[2025-07-06T20:23:39.999+0000] {logging_mixin.py:190} INFO - [2025-07-06T20:23:39.998+0000] {override.py:1912} INFO - Created Permission View: can edit on DAG:etl_dag_datos_ener_suministrada
[2025-07-06T20:23:40.019+0000] {logging_mixin.py:190} INFO - [2025-07-06T20:23:40.019+0000] {override.py:1912} INFO - Created Permission View: can delete on DAG:etl_dag_datos_ener_suministrada
[2025-07-06T20:23:40.031+0000] {logging_mixin.py:190} INFO - [2025-07-06T20:23:40.031+0000] {override.py:1912} INFO - Created Permission View: can read on DAG:etl_dag_datos_ener_suministrada
[2025-07-06T20:23:40.047+0000] {logging_mixin.py:190} INFO - [2025-07-06T20:23:40.047+0000] {override.py:1912} INFO - Created Permission View: can create on DAG Run:etl_dag_datos_ener_suministrada
[2025-07-06T20:23:40.056+0000] {logging_mixin.py:190} INFO - [2025-07-06T20:23:40.056+0000] {override.py:1912} INFO - Created Permission View: can delete on DAG Run:etl_dag_datos_ener_suministrada
[2025-07-06T20:23:40.066+0000] {logging_mixin.py:190} INFO - [2025-07-06T20:23:40.066+0000] {override.py:1912} INFO - Created Permission View: can read on DAG Run:etl_dag_datos_ener_suministrada
[2025-07-06T20:23:40.074+0000] {logging_mixin.py:190} INFO - [2025-07-06T20:23:40.074+0000] {override.py:1912} INFO - Created Permission View: menu access on DAG Run:etl_dag_datos_ener_suministrada
[2025-07-06T20:23:40.075+0000] {logging_mixin.py:190} INFO - [2025-07-06T20:23:40.075+0000] {dag.py:3239} INFO - Sync 1 DAGs
[2025-07-06T20:23:40.093+0000] {logging_mixin.py:190} INFO - [2025-07-06T20:23:40.092+0000] {dag.py:3262} INFO - Creating ORM DAG for etl_dag_datos_ener_suministrada
[2025-07-06T20:23:40.094+0000] {logging_mixin.py:190} INFO - [2025-07-06T20:23:40.094+0000] {dag.py:4180} INFO - Setting next_dagrun for etl_dag_datos_ener_suministrada to None, run_after=None
[2025-07-06T20:23:40.119+0000] {processor.py:208} INFO - Processing /opt/airflow/dags/ener_suministrada_etl_dag.py took 0.847 seconds
[2025-07-06T20:24:11.451+0000] {processor.py:186} INFO - Started process (PID=57) to work on /opt/airflow/dags/ener_suministrada_etl_dag.py
[2025-07-06T20:24:11.457+0000] {processor.py:914} INFO - Processing file /opt/airflow/dags/ener_suministrada_etl_dag.py for tasks to queue
[2025-07-06T20:24:11.471+0000] {logging_mixin.py:190} INFO - [2025-07-06T20:24:11.468+0000] {dagbag.py:588} INFO - Filling up the DagBag from /opt/airflow/dags/ener_suministrada_etl_dag.py
[2025-07-06T20:24:12.456+0000] {processor.py:925} INFO - DAG(s) 'etl_dag_datos_ener_suministrada' retrieved from /opt/airflow/dags/ener_suministrada_etl_dag.py
[2025-07-06T20:24:12.493+0000] {logging_mixin.py:190} INFO - [2025-07-06T20:24:12.493+0000] {dag.py:3239} INFO - Sync 1 DAGs
[2025-07-06T20:24:12.515+0000] {logging_mixin.py:190} INFO - [2025-07-06T20:24:12.515+0000] {dag.py:4180} INFO - Setting next_dagrun for etl_dag_datos_ener_suministrada to None, run_after=None
[2025-07-06T20:24:12.536+0000] {processor.py:208} INFO - Processing /opt/airflow/dags/ener_suministrada_etl_dag.py took 1.113 seconds
[2025-07-06T20:24:42.683+0000] {processor.py:186} INFO - Started process (PID=75) to work on /opt/airflow/dags/ener_suministrada_etl_dag.py
[2025-07-06T20:24:42.684+0000] {processor.py:914} INFO - Processing file /opt/airflow/dags/ener_suministrada_etl_dag.py for tasks to queue
[2025-07-06T20:24:42.687+0000] {logging_mixin.py:190} INFO - [2025-07-06T20:24:42.687+0000] {dagbag.py:588} INFO - Filling up the DagBag from /opt/airflow/dags/ener_suministrada_etl_dag.py
[2025-07-06T20:24:43.400+0000] {processor.py:925} INFO - DAG(s) 'etl_dag_datos_ener_suministrada' retrieved from /opt/airflow/dags/ener_suministrada_etl_dag.py
[2025-07-06T20:24:43.432+0000] {logging_mixin.py:190} INFO - [2025-07-06T20:24:43.432+0000] {dag.py:3239} INFO - Sync 1 DAGs
[2025-07-06T20:24:43.449+0000] {logging_mixin.py:190} INFO - [2025-07-06T20:24:43.448+0000] {dag.py:4180} INFO - Setting next_dagrun for etl_dag_datos_ener_suministrada to None, run_after=None
[2025-07-06T20:24:43.467+0000] {processor.py:208} INFO - Processing /opt/airflow/dags/ener_suministrada_etl_dag.py took 0.792 seconds
[2025-07-06T20:25:13.715+0000] {processor.py:186} INFO - Started process (PID=93) to work on /opt/airflow/dags/ener_suministrada_etl_dag.py
[2025-07-06T20:25:13.716+0000] {processor.py:914} INFO - Processing file /opt/airflow/dags/ener_suministrada_etl_dag.py for tasks to queue
[2025-07-06T20:25:13.719+0000] {logging_mixin.py:190} INFO - [2025-07-06T20:25:13.718+0000] {dagbag.py:588} INFO - Filling up the DagBag from /opt/airflow/dags/ener_suministrada_etl_dag.py
[2025-07-06T20:25:14.364+0000] {processor.py:925} INFO - DAG(s) 'etl_dag_datos_ener_suministrada' retrieved from /opt/airflow/dags/ener_suministrada_etl_dag.py
[2025-07-06T20:25:14.386+0000] {logging_mixin.py:190} INFO - [2025-07-06T20:25:14.386+0000] {dag.py:3239} INFO - Sync 1 DAGs
[2025-07-06T20:25:14.399+0000] {logging_mixin.py:190} INFO - [2025-07-06T20:25:14.398+0000] {dag.py:4180} INFO - Setting next_dagrun for etl_dag_datos_ener_suministrada to None, run_after=None
[2025-07-06T20:25:14.415+0000] {processor.py:208} INFO - Processing /opt/airflow/dags/ener_suministrada_etl_dag.py took 0.710 seconds
[2025-07-06T20:25:44.582+0000] {processor.py:186} INFO - Started process (PID=112) to work on /opt/airflow/dags/ener_suministrada_etl_dag.py
[2025-07-06T20:25:44.583+0000] {processor.py:914} INFO - Processing file /opt/airflow/dags/ener_suministrada_etl_dag.py for tasks to queue
[2025-07-06T20:25:44.586+0000] {logging_mixin.py:190} INFO - [2025-07-06T20:25:44.586+0000] {dagbag.py:588} INFO - Filling up the DagBag from /opt/airflow/dags/ener_suministrada_etl_dag.py
[2025-07-06T20:25:45.084+0000] {processor.py:925} INFO - DAG(s) 'etl_dag_datos_ener_suministrada' retrieved from /opt/airflow/dags/ener_suministrada_etl_dag.py
[2025-07-06T20:25:45.107+0000] {logging_mixin.py:190} INFO - [2025-07-06T20:25:45.106+0000] {dag.py:3239} INFO - Sync 1 DAGs
[2025-07-06T20:25:45.118+0000] {logging_mixin.py:190} INFO - [2025-07-06T20:25:45.118+0000] {dag.py:4180} INFO - Setting next_dagrun for etl_dag_datos_ener_suministrada to None, run_after=None
[2025-07-06T20:25:45.133+0000] {processor.py:208} INFO - Processing /opt/airflow/dags/ener_suministrada_etl_dag.py took 0.556 seconds
[2025-07-06T20:26:15.601+0000] {processor.py:186} INFO - Started process (PID=130) to work on /opt/airflow/dags/ener_suministrada_etl_dag.py
[2025-07-06T20:26:15.602+0000] {processor.py:914} INFO - Processing file /opt/airflow/dags/ener_suministrada_etl_dag.py for tasks to queue
[2025-07-06T20:26:15.604+0000] {logging_mixin.py:190} INFO - [2025-07-06T20:26:15.603+0000] {dagbag.py:588} INFO - Filling up the DagBag from /opt/airflow/dags/ener_suministrada_etl_dag.py
[2025-07-06T20:26:16.113+0000] {processor.py:925} INFO - DAG(s) 'etl_dag_datos_ener_suministrada' retrieved from /opt/airflow/dags/ener_suministrada_etl_dag.py
[2025-07-06T20:26:16.135+0000] {logging_mixin.py:190} INFO - [2025-07-06T20:26:16.135+0000] {dag.py:3239} INFO - Sync 1 DAGs
[2025-07-06T20:26:16.150+0000] {logging_mixin.py:190} INFO - [2025-07-06T20:26:16.149+0000] {dag.py:4180} INFO - Setting next_dagrun for etl_dag_datos_ener_suministrada to None, run_after=None
[2025-07-06T20:26:16.167+0000] {processor.py:208} INFO - Processing /opt/airflow/dags/ener_suministrada_etl_dag.py took 0.572 seconds
[2025-07-06T20:26:46.231+0000] {processor.py:186} INFO - Started process (PID=148) to work on /opt/airflow/dags/ener_suministrada_etl_dag.py
[2025-07-06T20:26:46.232+0000] {processor.py:914} INFO - Processing file /opt/airflow/dags/ener_suministrada_etl_dag.py for tasks to queue
[2025-07-06T20:26:46.233+0000] {logging_mixin.py:190} INFO - [2025-07-06T20:26:46.233+0000] {dagbag.py:588} INFO - Filling up the DagBag from /opt/airflow/dags/ener_suministrada_etl_dag.py
[2025-07-06T20:26:46.726+0000] {processor.py:925} INFO - DAG(s) 'etl_dag_datos_ener_suministrada' retrieved from /opt/airflow/dags/ener_suministrada_etl_dag.py
[2025-07-06T20:26:46.750+0000] {logging_mixin.py:190} INFO - [2025-07-06T20:26:46.750+0000] {dag.py:3239} INFO - Sync 1 DAGs
[2025-07-06T20:26:46.763+0000] {logging_mixin.py:190} INFO - [2025-07-06T20:26:46.763+0000] {dag.py:4180} INFO - Setting next_dagrun for etl_dag_datos_ener_suministrada to None, run_after=None
[2025-07-06T20:26:46.778+0000] {processor.py:208} INFO - Processing /opt/airflow/dags/ener_suministrada_etl_dag.py took 0.552 seconds
[2025-07-06T20:27:17.243+0000] {processor.py:186} INFO - Started process (PID=172) to work on /opt/airflow/dags/ener_suministrada_etl_dag.py
[2025-07-06T20:27:17.244+0000] {processor.py:914} INFO - Processing file /opt/airflow/dags/ener_suministrada_etl_dag.py for tasks to queue
[2025-07-06T20:27:17.246+0000] {logging_mixin.py:190} INFO - [2025-07-06T20:27:17.246+0000] {dagbag.py:588} INFO - Filling up the DagBag from /opt/airflow/dags/ener_suministrada_etl_dag.py
[2025-07-06T20:27:17.693+0000] {processor.py:925} INFO - DAG(s) 'etl_dag_datos_ener_suministrada' retrieved from /opt/airflow/dags/ener_suministrada_etl_dag.py
[2025-07-06T20:27:17.713+0000] {logging_mixin.py:190} INFO - [2025-07-06T20:27:17.713+0000] {dag.py:3239} INFO - Sync 1 DAGs
[2025-07-06T20:27:17.723+0000] {logging_mixin.py:190} INFO - [2025-07-06T20:27:17.723+0000] {dag.py:4180} INFO - Setting next_dagrun for etl_dag_datos_ener_suministrada to None, run_after=None
[2025-07-06T20:27:17.737+0000] {processor.py:208} INFO - Processing /opt/airflow/dags/ener_suministrada_etl_dag.py took 0.499 seconds
[2025-07-06T20:27:48.514+0000] {processor.py:186} INFO - Started process (PID=190) to work on /opt/airflow/dags/ener_suministrada_etl_dag.py
[2025-07-06T20:27:48.515+0000] {processor.py:914} INFO - Processing file /opt/airflow/dags/ener_suministrada_etl_dag.py for tasks to queue
[2025-07-06T20:27:48.517+0000] {logging_mixin.py:190} INFO - [2025-07-06T20:27:48.517+0000] {dagbag.py:588} INFO - Filling up the DagBag from /opt/airflow/dags/ener_suministrada_etl_dag.py
[2025-07-06T20:27:48.983+0000] {processor.py:925} INFO - DAG(s) 'etl_dag_datos_ener_suministrada' retrieved from /opt/airflow/dags/ener_suministrada_etl_dag.py
[2025-07-06T20:27:49.002+0000] {logging_mixin.py:190} INFO - [2025-07-06T20:27:49.001+0000] {dag.py:3239} INFO - Sync 1 DAGs
[2025-07-06T20:27:49.011+0000] {logging_mixin.py:190} INFO - [2025-07-06T20:27:49.011+0000] {dag.py:4180} INFO - Setting next_dagrun for etl_dag_datos_ener_suministrada to None, run_after=None
[2025-07-06T20:27:49.024+0000] {processor.py:208} INFO - Processing /opt/airflow/dags/ener_suministrada_etl_dag.py took 0.515 seconds
[2025-07-06T20:28:19.159+0000] {processor.py:186} INFO - Started process (PID=208) to work on /opt/airflow/dags/ener_suministrada_etl_dag.py
[2025-07-06T20:28:19.160+0000] {processor.py:914} INFO - Processing file /opt/airflow/dags/ener_suministrada_etl_dag.py for tasks to queue
[2025-07-06T20:28:19.162+0000] {logging_mixin.py:190} INFO - [2025-07-06T20:28:19.161+0000] {dagbag.py:588} INFO - Filling up the DagBag from /opt/airflow/dags/ener_suministrada_etl_dag.py
[2025-07-06T20:28:19.651+0000] {processor.py:925} INFO - DAG(s) 'etl_dag_datos_ener_suministrada' retrieved from /opt/airflow/dags/ener_suministrada_etl_dag.py
[2025-07-06T20:28:19.671+0000] {logging_mixin.py:190} INFO - [2025-07-06T20:28:19.671+0000] {dag.py:3239} INFO - Sync 1 DAGs
[2025-07-06T20:28:19.682+0000] {logging_mixin.py:190} INFO - [2025-07-06T20:28:19.682+0000] {dag.py:4180} INFO - Setting next_dagrun for etl_dag_datos_ener_suministrada to None, run_after=None
[2025-07-06T20:28:19.696+0000] {processor.py:208} INFO - Processing /opt/airflow/dags/ener_suministrada_etl_dag.py took 0.542 seconds
[2025-07-06T20:28:49.969+0000] {processor.py:186} INFO - Started process (PID=226) to work on /opt/airflow/dags/ener_suministrada_etl_dag.py
[2025-07-06T20:28:49.970+0000] {processor.py:914} INFO - Processing file /opt/airflow/dags/ener_suministrada_etl_dag.py for tasks to queue
[2025-07-06T20:28:49.972+0000] {logging_mixin.py:190} INFO - [2025-07-06T20:28:49.972+0000] {dagbag.py:588} INFO - Filling up the DagBag from /opt/airflow/dags/ener_suministrada_etl_dag.py
[2025-07-06T20:28:50.417+0000] {processor.py:925} INFO - DAG(s) 'etl_dag_datos_ener_suministrada' retrieved from /opt/airflow/dags/ener_suministrada_etl_dag.py
[2025-07-06T20:28:50.438+0000] {logging_mixin.py:190} INFO - [2025-07-06T20:28:50.437+0000] {dag.py:3239} INFO - Sync 1 DAGs
[2025-07-06T20:28:50.450+0000] {logging_mixin.py:190} INFO - [2025-07-06T20:28:50.450+0000] {dag.py:4180} INFO - Setting next_dagrun for etl_dag_datos_ener_suministrada to None, run_after=None
[2025-07-06T20:28:50.466+0000] {processor.py:208} INFO - Processing /opt/airflow/dags/ener_suministrada_etl_dag.py took 0.502 seconds
[2025-07-06T20:29:20.836+0000] {processor.py:186} INFO - Started process (PID=244) to work on /opt/airflow/dags/ener_suministrada_etl_dag.py
[2025-07-06T20:29:20.837+0000] {processor.py:914} INFO - Processing file /opt/airflow/dags/ener_suministrada_etl_dag.py for tasks to queue
[2025-07-06T20:29:20.840+0000] {logging_mixin.py:190} INFO - [2025-07-06T20:29:20.839+0000] {dagbag.py:588} INFO - Filling up the DagBag from /opt/airflow/dags/ener_suministrada_etl_dag.py
[2025-07-06T20:29:21.346+0000] {processor.py:925} INFO - DAG(s) 'etl_dag_datos_ener_suministrada' retrieved from /opt/airflow/dags/ener_suministrada_etl_dag.py
[2025-07-06T20:29:21.371+0000] {logging_mixin.py:190} INFO - [2025-07-06T20:29:21.371+0000] {dag.py:3239} INFO - Sync 1 DAGs
[2025-07-06T20:29:21.383+0000] {logging_mixin.py:190} INFO - [2025-07-06T20:29:21.382+0000] {dag.py:4180} INFO - Setting next_dagrun for etl_dag_datos_ener_suministrada to None, run_after=None
[2025-07-06T20:29:21.397+0000] {processor.py:208} INFO - Processing /opt/airflow/dags/ener_suministrada_etl_dag.py took 0.568 seconds
[2025-07-06T20:29:52.224+0000] {processor.py:186} INFO - Started process (PID=264) to work on /opt/airflow/dags/ener_suministrada_etl_dag.py
[2025-07-06T20:29:52.225+0000] {processor.py:914} INFO - Processing file /opt/airflow/dags/ener_suministrada_etl_dag.py for tasks to queue
[2025-07-06T20:29:52.227+0000] {logging_mixin.py:190} INFO - [2025-07-06T20:29:52.227+0000] {dagbag.py:588} INFO - Filling up the DagBag from /opt/airflow/dags/ener_suministrada_etl_dag.py
[2025-07-06T20:29:52.736+0000] {processor.py:925} INFO - DAG(s) 'etl_dag_datos_ener_suministrada' retrieved from /opt/airflow/dags/ener_suministrada_etl_dag.py
[2025-07-06T20:29:52.756+0000] {logging_mixin.py:190} INFO - [2025-07-06T20:29:52.756+0000] {dag.py:3239} INFO - Sync 1 DAGs
[2025-07-06T20:29:52.766+0000] {logging_mixin.py:190} INFO - [2025-07-06T20:29:52.766+0000] {dag.py:4180} INFO - Setting next_dagrun for etl_dag_datos_ener_suministrada to None, run_after=None
[2025-07-06T20:29:52.781+0000] {processor.py:208} INFO - Processing /opt/airflow/dags/ener_suministrada_etl_dag.py took 0.563 seconds
[2025-07-06T20:30:22.898+0000] {processor.py:186} INFO - Started process (PID=282) to work on /opt/airflow/dags/ener_suministrada_etl_dag.py
[2025-07-06T20:30:22.899+0000] {processor.py:914} INFO - Processing file /opt/airflow/dags/ener_suministrada_etl_dag.py for tasks to queue
[2025-07-06T20:30:22.901+0000] {logging_mixin.py:190} INFO - [2025-07-06T20:30:22.901+0000] {dagbag.py:588} INFO - Filling up the DagBag from /opt/airflow/dags/ener_suministrada_etl_dag.py
[2025-07-06T20:30:23.439+0000] {processor.py:925} INFO - DAG(s) 'etl_dag_datos_ener_suministrada' retrieved from /opt/airflow/dags/ener_suministrada_etl_dag.py
[2025-07-06T20:30:23.460+0000] {logging_mixin.py:190} INFO - [2025-07-06T20:30:23.459+0000] {dag.py:3239} INFO - Sync 1 DAGs
[2025-07-06T20:30:23.470+0000] {logging_mixin.py:190} INFO - [2025-07-06T20:30:23.470+0000] {dag.py:4180} INFO - Setting next_dagrun for etl_dag_datos_ener_suministrada to None, run_after=None
[2025-07-06T20:30:23.483+0000] {processor.py:208} INFO - Processing /opt/airflow/dags/ener_suministrada_etl_dag.py took 0.591 seconds
[2025-07-06T20:30:53.855+0000] {processor.py:186} INFO - Started process (PID=300) to work on /opt/airflow/dags/ener_suministrada_etl_dag.py
[2025-07-06T20:30:53.856+0000] {processor.py:914} INFO - Processing file /opt/airflow/dags/ener_suministrada_etl_dag.py for tasks to queue
[2025-07-06T20:30:53.858+0000] {logging_mixin.py:190} INFO - [2025-07-06T20:30:53.858+0000] {dagbag.py:588} INFO - Filling up the DagBag from /opt/airflow/dags/ener_suministrada_etl_dag.py
[2025-07-06T20:30:54.332+0000] {processor.py:925} INFO - DAG(s) 'etl_dag_datos_ener_suministrada' retrieved from /opt/airflow/dags/ener_suministrada_etl_dag.py
[2025-07-06T20:30:54.355+0000] {logging_mixin.py:190} INFO - [2025-07-06T20:30:54.355+0000] {dag.py:3239} INFO - Sync 1 DAGs
[2025-07-06T20:30:54.367+0000] {logging_mixin.py:190} INFO - [2025-07-06T20:30:54.367+0000] {dag.py:4180} INFO - Setting next_dagrun for etl_dag_datos_ener_suministrada to None, run_after=None
[2025-07-06T20:30:54.382+0000] {processor.py:208} INFO - Processing /opt/airflow/dags/ener_suministrada_etl_dag.py took 0.532 seconds
[2025-07-06T20:31:24.614+0000] {processor.py:186} INFO - Started process (PID=319) to work on /opt/airflow/dags/ener_suministrada_etl_dag.py
[2025-07-06T20:31:24.615+0000] {processor.py:914} INFO - Processing file /opt/airflow/dags/ener_suministrada_etl_dag.py for tasks to queue
[2025-07-06T20:31:24.617+0000] {logging_mixin.py:190} INFO - [2025-07-06T20:31:24.617+0000] {dagbag.py:588} INFO - Filling up the DagBag from /opt/airflow/dags/ener_suministrada_etl_dag.py
[2025-07-06T20:31:25.055+0000] {processor.py:925} INFO - DAG(s) 'etl_dag_datos_ener_suministrada' retrieved from /opt/airflow/dags/ener_suministrada_etl_dag.py
[2025-07-06T20:31:25.074+0000] {logging_mixin.py:190} INFO - [2025-07-06T20:31:25.073+0000] {dag.py:3239} INFO - Sync 1 DAGs
[2025-07-06T20:31:25.084+0000] {logging_mixin.py:190} INFO - [2025-07-06T20:31:25.083+0000] {dag.py:4180} INFO - Setting next_dagrun for etl_dag_datos_ener_suministrada to None, run_after=None
[2025-07-06T20:31:25.097+0000] {processor.py:208} INFO - Processing /opt/airflow/dags/ener_suministrada_etl_dag.py took 0.488 seconds
[2025-07-06T20:31:55.501+0000] {processor.py:186} INFO - Started process (PID=361) to work on /opt/airflow/dags/ener_suministrada_etl_dag.py
[2025-07-06T20:31:55.502+0000] {processor.py:914} INFO - Processing file /opt/airflow/dags/ener_suministrada_etl_dag.py for tasks to queue
[2025-07-06T20:31:55.504+0000] {logging_mixin.py:190} INFO - [2025-07-06T20:31:55.504+0000] {dagbag.py:588} INFO - Filling up the DagBag from /opt/airflow/dags/ener_suministrada_etl_dag.py
[2025-07-06T20:31:55.977+0000] {processor.py:925} INFO - DAG(s) 'etl_dag_datos_ener_suministrada' retrieved from /opt/airflow/dags/ener_suministrada_etl_dag.py
[2025-07-06T20:31:56.000+0000] {logging_mixin.py:190} INFO - [2025-07-06T20:31:55.999+0000] {dag.py:3239} INFO - Sync 1 DAGs
[2025-07-06T20:31:56.011+0000] {logging_mixin.py:190} INFO - [2025-07-06T20:31:56.010+0000] {dag.py:4180} INFO - Setting next_dagrun for etl_dag_datos_ener_suministrada to None, run_after=None
[2025-07-06T20:31:56.025+0000] {processor.py:208} INFO - Processing /opt/airflow/dags/ener_suministrada_etl_dag.py took 0.532 seconds
[2025-07-06T20:32:26.589+0000] {processor.py:186} INFO - Started process (PID=383) to work on /opt/airflow/dags/ener_suministrada_etl_dag.py
[2025-07-06T20:32:26.590+0000] {processor.py:914} INFO - Processing file /opt/airflow/dags/ener_suministrada_etl_dag.py for tasks to queue
[2025-07-06T20:32:26.592+0000] {logging_mixin.py:190} INFO - [2025-07-06T20:32:26.592+0000] {dagbag.py:588} INFO - Filling up the DagBag from /opt/airflow/dags/ener_suministrada_etl_dag.py
[2025-07-06T20:32:27.066+0000] {processor.py:925} INFO - DAG(s) 'etl_dag_datos_ener_suministrada' retrieved from /opt/airflow/dags/ener_suministrada_etl_dag.py
[2025-07-06T20:32:27.086+0000] {logging_mixin.py:190} INFO - [2025-07-06T20:32:27.085+0000] {dag.py:3239} INFO - Sync 1 DAGs
[2025-07-06T20:32:27.096+0000] {logging_mixin.py:190} INFO - [2025-07-06T20:32:27.096+0000] {dag.py:4180} INFO - Setting next_dagrun for etl_dag_datos_ener_suministrada to None, run_after=None
[2025-07-06T20:32:27.111+0000] {processor.py:208} INFO - Processing /opt/airflow/dags/ener_suministrada_etl_dag.py took 0.531 seconds
[2025-07-06T20:32:57.176+0000] {processor.py:186} INFO - Started process (PID=401) to work on /opt/airflow/dags/ener_suministrada_etl_dag.py
[2025-07-06T20:32:57.176+0000] {processor.py:914} INFO - Processing file /opt/airflow/dags/ener_suministrada_etl_dag.py for tasks to queue
[2025-07-06T20:32:57.179+0000] {logging_mixin.py:190} INFO - [2025-07-06T20:32:57.178+0000] {dagbag.py:588} INFO - Filling up the DagBag from /opt/airflow/dags/ener_suministrada_etl_dag.py
[2025-07-06T20:32:57.608+0000] {processor.py:925} INFO - DAG(s) 'etl_dag_datos_ener_suministrada' retrieved from /opt/airflow/dags/ener_suministrada_etl_dag.py
[2025-07-06T20:32:57.628+0000] {logging_mixin.py:190} INFO - [2025-07-06T20:32:57.628+0000] {dag.py:3239} INFO - Sync 1 DAGs
[2025-07-06T20:32:57.638+0000] {logging_mixin.py:190} INFO - [2025-07-06T20:32:57.638+0000] {dag.py:4180} INFO - Setting next_dagrun for etl_dag_datos_ener_suministrada to None, run_after=None
[2025-07-06T20:32:57.651+0000] {processor.py:208} INFO - Processing /opt/airflow/dags/ener_suministrada_etl_dag.py took 0.484 seconds
[2025-07-06T20:33:27.972+0000] {processor.py:186} INFO - Started process (PID=419) to work on /opt/airflow/dags/ener_suministrada_etl_dag.py
[2025-07-06T20:33:27.973+0000] {processor.py:914} INFO - Processing file /opt/airflow/dags/ener_suministrada_etl_dag.py for tasks to queue
[2025-07-06T20:33:27.976+0000] {logging_mixin.py:190} INFO - [2025-07-06T20:33:27.975+0000] {dagbag.py:588} INFO - Filling up the DagBag from /opt/airflow/dags/ener_suministrada_etl_dag.py
[2025-07-06T20:33:28.432+0000] {processor.py:925} INFO - DAG(s) 'etl_dag_datos_ener_suministrada' retrieved from /opt/airflow/dags/ener_suministrada_etl_dag.py
[2025-07-06T20:33:28.457+0000] {logging_mixin.py:190} INFO - [2025-07-06T20:33:28.457+0000] {dag.py:3239} INFO - Sync 1 DAGs
[2025-07-06T20:33:28.471+0000] {logging_mixin.py:190} INFO - [2025-07-06T20:33:28.471+0000] {dag.py:4180} INFO - Setting next_dagrun for etl_dag_datos_ener_suministrada to None, run_after=None
[2025-07-06T20:33:28.487+0000] {processor.py:208} INFO - Processing /opt/airflow/dags/ener_suministrada_etl_dag.py took 0.524 seconds
[2025-07-06T20:33:58.885+0000] {processor.py:186} INFO - Started process (PID=441) to work on /opt/airflow/dags/ener_suministrada_etl_dag.py
[2025-07-06T20:33:58.886+0000] {processor.py:914} INFO - Processing file /opt/airflow/dags/ener_suministrada_etl_dag.py for tasks to queue
[2025-07-06T20:33:58.888+0000] {logging_mixin.py:190} INFO - [2025-07-06T20:33:58.888+0000] {dagbag.py:588} INFO - Filling up the DagBag from /opt/airflow/dags/ener_suministrada_etl_dag.py
[2025-07-06T20:33:59.516+0000] {processor.py:925} INFO - DAG(s) 'etl_dag_datos_ener_suministrada' retrieved from /opt/airflow/dags/ener_suministrada_etl_dag.py
[2025-07-06T20:33:59.549+0000] {logging_mixin.py:190} INFO - [2025-07-06T20:33:59.548+0000] {dag.py:3239} INFO - Sync 1 DAGs
[2025-07-06T20:33:59.564+0000] {logging_mixin.py:190} INFO - [2025-07-06T20:33:59.563+0000] {dag.py:4180} INFO - Setting next_dagrun for etl_dag_datos_ener_suministrada to None, run_after=None
[2025-07-06T20:33:59.585+0000] {processor.py:208} INFO - Processing /opt/airflow/dags/ener_suministrada_etl_dag.py took 0.710 seconds
[2025-07-06T20:34:29.923+0000] {processor.py:186} INFO - Started process (PID=459) to work on /opt/airflow/dags/ener_suministrada_etl_dag.py
[2025-07-06T20:34:29.924+0000] {processor.py:914} INFO - Processing file /opt/airflow/dags/ener_suministrada_etl_dag.py for tasks to queue
[2025-07-06T20:34:29.926+0000] {logging_mixin.py:190} INFO - [2025-07-06T20:34:29.926+0000] {dagbag.py:588} INFO - Filling up the DagBag from /opt/airflow/dags/ener_suministrada_etl_dag.py
[2025-07-06T20:34:30.387+0000] {processor.py:925} INFO - DAG(s) 'etl_dag_datos_ener_suministrada' retrieved from /opt/airflow/dags/ener_suministrada_etl_dag.py
[2025-07-06T20:34:30.408+0000] {logging_mixin.py:190} INFO - [2025-07-06T20:34:30.407+0000] {dag.py:3239} INFO - Sync 1 DAGs
[2025-07-06T20:34:30.418+0000] {logging_mixin.py:190} INFO - [2025-07-06T20:34:30.418+0000] {dag.py:4180} INFO - Setting next_dagrun for etl_dag_datos_ener_suministrada to None, run_after=None
[2025-07-06T20:34:30.432+0000] {processor.py:208} INFO - Processing /opt/airflow/dags/ener_suministrada_etl_dag.py took 0.517 seconds
[2025-07-06T20:35:00.531+0000] {processor.py:186} INFO - Started process (PID=477) to work on /opt/airflow/dags/ener_suministrada_etl_dag.py
[2025-07-06T20:35:00.533+0000] {processor.py:914} INFO - Processing file /opt/airflow/dags/ener_suministrada_etl_dag.py for tasks to queue
[2025-07-06T20:35:00.535+0000] {logging_mixin.py:190} INFO - [2025-07-06T20:35:00.535+0000] {dagbag.py:588} INFO - Filling up the DagBag from /opt/airflow/dags/ener_suministrada_etl_dag.py
[2025-07-06T20:35:00.873+0000] {processor.py:925} INFO - DAG(s) 'etl_dag_datos_ener_suministrada' retrieved from /opt/airflow/dags/ener_suministrada_etl_dag.py
[2025-07-06T20:35:00.895+0000] {logging_mixin.py:190} INFO - [2025-07-06T20:35:00.895+0000] {dag.py:3239} INFO - Sync 1 DAGs
[2025-07-06T20:35:00.906+0000] {logging_mixin.py:190} INFO - [2025-07-06T20:35:00.906+0000] {dag.py:4180} INFO - Setting next_dagrun for etl_dag_datos_ener_suministrada to None, run_after=None
[2025-07-06T20:35:00.921+0000] {processor.py:208} INFO - Processing /opt/airflow/dags/ener_suministrada_etl_dag.py took 0.399 seconds
[2025-07-06T20:35:31.195+0000] {processor.py:186} INFO - Started process (PID=503) to work on /opt/airflow/dags/ener_suministrada_etl_dag.py
[2025-07-06T20:35:31.197+0000] {processor.py:914} INFO - Processing file /opt/airflow/dags/ener_suministrada_etl_dag.py for tasks to queue
[2025-07-06T20:35:31.199+0000] {logging_mixin.py:190} INFO - [2025-07-06T20:35:31.198+0000] {dagbag.py:588} INFO - Filling up the DagBag from /opt/airflow/dags/ener_suministrada_etl_dag.py
[2025-07-06T20:35:31.510+0000] {processor.py:925} INFO - DAG(s) 'etl_dag_datos_ener_suministrada' retrieved from /opt/airflow/dags/ener_suministrada_etl_dag.py
[2025-07-06T20:35:31.533+0000] {logging_mixin.py:190} INFO - [2025-07-06T20:35:31.532+0000] {dag.py:3239} INFO - Sync 1 DAGs
[2025-07-06T20:35:31.545+0000] {logging_mixin.py:190} INFO - [2025-07-06T20:35:31.544+0000] {dag.py:4180} INFO - Setting next_dagrun for etl_dag_datos_ener_suministrada to None, run_after=None
[2025-07-06T20:35:31.561+0000] {processor.py:208} INFO - Processing /opt/airflow/dags/ener_suministrada_etl_dag.py took 0.375 seconds
[2025-07-06T20:36:01.749+0000] {processor.py:186} INFO - Started process (PID=521) to work on /opt/airflow/dags/ener_suministrada_etl_dag.py
[2025-07-06T20:36:01.750+0000] {processor.py:914} INFO - Processing file /opt/airflow/dags/ener_suministrada_etl_dag.py for tasks to queue
[2025-07-06T20:36:01.753+0000] {logging_mixin.py:190} INFO - [2025-07-06T20:36:01.752+0000] {dagbag.py:588} INFO - Filling up the DagBag from /opt/airflow/dags/ener_suministrada_etl_dag.py
[2025-07-06T20:36:02.105+0000] {processor.py:925} INFO - DAG(s) 'etl_dag_datos_ener_suministrada' retrieved from /opt/airflow/dags/ener_suministrada_etl_dag.py
[2025-07-06T20:36:02.131+0000] {logging_mixin.py:190} INFO - [2025-07-06T20:36:02.131+0000] {dag.py:3239} INFO - Sync 1 DAGs
[2025-07-06T20:36:02.146+0000] {logging_mixin.py:190} INFO - [2025-07-06T20:36:02.146+0000] {dag.py:4180} INFO - Setting next_dagrun for etl_dag_datos_ener_suministrada to None, run_after=None
[2025-07-06T20:36:02.163+0000] {processor.py:208} INFO - Processing /opt/airflow/dags/ener_suministrada_etl_dag.py took 0.423 seconds
[2025-07-06T20:36:32.806+0000] {processor.py:186} INFO - Started process (PID=539) to work on /opt/airflow/dags/ener_suministrada_etl_dag.py
[2025-07-06T20:36:32.807+0000] {processor.py:914} INFO - Processing file /opt/airflow/dags/ener_suministrada_etl_dag.py for tasks to queue
[2025-07-06T20:36:32.809+0000] {logging_mixin.py:190} INFO - [2025-07-06T20:36:32.809+0000] {dagbag.py:588} INFO - Filling up the DagBag from /opt/airflow/dags/ener_suministrada_etl_dag.py
[2025-07-06T20:36:33.166+0000] {processor.py:925} INFO - DAG(s) 'etl_dag_datos_ener_suministrada' retrieved from /opt/airflow/dags/ener_suministrada_etl_dag.py
[2025-07-06T20:36:33.193+0000] {logging_mixin.py:190} INFO - [2025-07-06T20:36:33.193+0000] {dag.py:3239} INFO - Sync 1 DAGs
[2025-07-06T20:36:33.209+0000] {logging_mixin.py:190} INFO - [2025-07-06T20:36:33.209+0000] {dag.py:4180} INFO - Setting next_dagrun for etl_dag_datos_ener_suministrada to None, run_after=None
[2025-07-06T20:36:33.228+0000] {processor.py:208} INFO - Processing /opt/airflow/dags/ener_suministrada_etl_dag.py took 0.431 seconds
[2025-07-06T20:37:03.303+0000] {processor.py:186} INFO - Started process (PID=557) to work on /opt/airflow/dags/ener_suministrada_etl_dag.py
[2025-07-06T20:37:03.304+0000] {processor.py:914} INFO - Processing file /opt/airflow/dags/ener_suministrada_etl_dag.py for tasks to queue
[2025-07-06T20:37:03.306+0000] {logging_mixin.py:190} INFO - [2025-07-06T20:37:03.306+0000] {dagbag.py:588} INFO - Filling up the DagBag from /opt/airflow/dags/ener_suministrada_etl_dag.py
[2025-07-06T20:37:03.650+0000] {processor.py:925} INFO - DAG(s) 'etl_dag_datos_ener_suministrada' retrieved from /opt/airflow/dags/ener_suministrada_etl_dag.py
[2025-07-06T20:37:03.678+0000] {logging_mixin.py:190} INFO - [2025-07-06T20:37:03.678+0000] {dag.py:3239} INFO - Sync 1 DAGs
[2025-07-06T20:37:03.693+0000] {logging_mixin.py:190} INFO - [2025-07-06T20:37:03.693+0000] {dag.py:4180} INFO - Setting next_dagrun for etl_dag_datos_ener_suministrada to None, run_after=None
[2025-07-06T20:37:03.710+0000] {processor.py:208} INFO - Processing /opt/airflow/dags/ener_suministrada_etl_dag.py took 0.417 seconds
[2025-07-06T20:37:33.799+0000] {processor.py:186} INFO - Started process (PID=575) to work on /opt/airflow/dags/ener_suministrada_etl_dag.py
[2025-07-06T20:37:33.800+0000] {processor.py:914} INFO - Processing file /opt/airflow/dags/ener_suministrada_etl_dag.py for tasks to queue
[2025-07-06T20:37:33.802+0000] {logging_mixin.py:190} INFO - [2025-07-06T20:37:33.802+0000] {dagbag.py:588} INFO - Filling up the DagBag from /opt/airflow/dags/ener_suministrada_etl_dag.py
[2025-07-06T20:37:34.118+0000] {processor.py:925} INFO - DAG(s) 'etl_dag_datos_ener_suministrada' retrieved from /opt/airflow/dags/ener_suministrada_etl_dag.py
[2025-07-06T20:37:34.143+0000] {logging_mixin.py:190} INFO - [2025-07-06T20:37:34.143+0000] {dag.py:3239} INFO - Sync 1 DAGs
[2025-07-06T20:37:34.155+0000] {logging_mixin.py:190} INFO - [2025-07-06T20:37:34.155+0000] {dag.py:4180} INFO - Setting next_dagrun for etl_dag_datos_ener_suministrada to None, run_after=None
[2025-07-06T20:37:34.171+0000] {processor.py:208} INFO - Processing /opt/airflow/dags/ener_suministrada_etl_dag.py took 0.380 seconds
[2025-07-06T20:38:04.293+0000] {processor.py:186} INFO - Started process (PID=593) to work on /opt/airflow/dags/ener_suministrada_etl_dag.py
[2025-07-06T20:38:04.294+0000] {processor.py:914} INFO - Processing file /opt/airflow/dags/ener_suministrada_etl_dag.py for tasks to queue
[2025-07-06T20:38:04.296+0000] {logging_mixin.py:190} INFO - [2025-07-06T20:38:04.296+0000] {dagbag.py:588} INFO - Filling up the DagBag from /opt/airflow/dags/ener_suministrada_etl_dag.py
[2025-07-06T20:38:04.603+0000] {processor.py:925} INFO - DAG(s) 'etl_dag_datos_ener_suministrada' retrieved from /opt/airflow/dags/ener_suministrada_etl_dag.py
[2025-07-06T20:38:04.630+0000] {logging_mixin.py:190} INFO - [2025-07-06T20:38:04.630+0000] {dag.py:3239} INFO - Sync 1 DAGs
[2025-07-06T20:38:04.643+0000] {logging_mixin.py:190} INFO - [2025-07-06T20:38:04.643+0000] {dag.py:4180} INFO - Setting next_dagrun for etl_dag_datos_ener_suministrada to None, run_after=None
[2025-07-06T20:38:04.659+0000] {processor.py:208} INFO - Processing /opt/airflow/dags/ener_suministrada_etl_dag.py took 0.375 seconds
[2025-07-06T20:38:34.811+0000] {processor.py:186} INFO - Started process (PID=611) to work on /opt/airflow/dags/ener_suministrada_etl_dag.py
[2025-07-06T20:38:34.812+0000] {processor.py:914} INFO - Processing file /opt/airflow/dags/ener_suministrada_etl_dag.py for tasks to queue
[2025-07-06T20:38:34.815+0000] {logging_mixin.py:190} INFO - [2025-07-06T20:38:34.814+0000] {dagbag.py:588} INFO - Filling up the DagBag from /opt/airflow/dags/ener_suministrada_etl_dag.py
[2025-07-06T20:38:35.136+0000] {processor.py:925} INFO - DAG(s) 'etl_dag_datos_ener_suministrada' retrieved from /opt/airflow/dags/ener_suministrada_etl_dag.py
[2025-07-06T20:38:35.160+0000] {logging_mixin.py:190} INFO - [2025-07-06T20:38:35.160+0000] {dag.py:3239} INFO - Sync 1 DAGs
[2025-07-06T20:38:35.173+0000] {logging_mixin.py:190} INFO - [2025-07-06T20:38:35.173+0000] {dag.py:4180} INFO - Setting next_dagrun for etl_dag_datos_ener_suministrada to None, run_after=None
[2025-07-06T20:38:35.188+0000] {processor.py:208} INFO - Processing /opt/airflow/dags/ener_suministrada_etl_dag.py took 0.385 seconds
[2025-07-06T20:39:05.298+0000] {processor.py:186} INFO - Started process (PID=629) to work on /opt/airflow/dags/ener_suministrada_etl_dag.py
[2025-07-06T20:39:05.299+0000] {processor.py:914} INFO - Processing file /opt/airflow/dags/ener_suministrada_etl_dag.py for tasks to queue
[2025-07-06T20:39:05.301+0000] {logging_mixin.py:190} INFO - [2025-07-06T20:39:05.301+0000] {dagbag.py:588} INFO - Filling up the DagBag from /opt/airflow/dags/ener_suministrada_etl_dag.py
[2025-07-06T20:39:05.632+0000] {processor.py:925} INFO - DAG(s) 'etl_dag_datos_ener_suministrada' retrieved from /opt/airflow/dags/ener_suministrada_etl_dag.py
[2025-07-06T20:39:05.664+0000] {logging_mixin.py:190} INFO - [2025-07-06T20:39:05.663+0000] {dag.py:3239} INFO - Sync 1 DAGs
[2025-07-06T20:39:05.680+0000] {logging_mixin.py:190} INFO - [2025-07-06T20:39:05.679+0000] {dag.py:4180} INFO - Setting next_dagrun for etl_dag_datos_ener_suministrada to None, run_after=None
[2025-07-06T20:39:05.697+0000] {processor.py:208} INFO - Processing /opt/airflow/dags/ener_suministrada_etl_dag.py took 0.409 seconds
[2025-07-06T20:39:35.877+0000] {processor.py:186} INFO - Started process (PID=655) to work on /opt/airflow/dags/ener_suministrada_etl_dag.py
[2025-07-06T20:39:35.878+0000] {processor.py:914} INFO - Processing file /opt/airflow/dags/ener_suministrada_etl_dag.py for tasks to queue
[2025-07-06T20:39:35.880+0000] {logging_mixin.py:190} INFO - [2025-07-06T20:39:35.880+0000] {dagbag.py:588} INFO - Filling up the DagBag from /opt/airflow/dags/ener_suministrada_etl_dag.py
[2025-07-06T20:39:36.310+0000] {processor.py:925} INFO - DAG(s) 'etl_dag_datos_ener_suministrada' retrieved from /opt/airflow/dags/ener_suministrada_etl_dag.py
[2025-07-06T20:39:36.364+0000] {logging_mixin.py:190} INFO - [2025-07-06T20:39:36.364+0000] {dag.py:3239} INFO - Sync 1 DAGs
[2025-07-06T20:39:36.392+0000] {logging_mixin.py:190} INFO - [2025-07-06T20:39:36.392+0000] {dag.py:4180} INFO - Setting next_dagrun for etl_dag_datos_ener_suministrada to None, run_after=None
[2025-07-06T20:39:36.413+0000] {processor.py:208} INFO - Processing /opt/airflow/dags/ener_suministrada_etl_dag.py took 0.545 seconds
[2025-07-06T20:40:06.593+0000] {processor.py:186} INFO - Started process (PID=673) to work on /opt/airflow/dags/ener_suministrada_etl_dag.py
[2025-07-06T20:40:06.594+0000] {processor.py:914} INFO - Processing file /opt/airflow/dags/ener_suministrada_etl_dag.py for tasks to queue
[2025-07-06T20:40:06.597+0000] {logging_mixin.py:190} INFO - [2025-07-06T20:40:06.597+0000] {dagbag.py:588} INFO - Filling up the DagBag from /opt/airflow/dags/ener_suministrada_etl_dag.py
[2025-07-06T20:40:07.065+0000] {processor.py:925} INFO - DAG(s) 'etl_dag_datos_ener_suministrada' retrieved from /opt/airflow/dags/ener_suministrada_etl_dag.py
[2025-07-06T20:40:07.094+0000] {logging_mixin.py:190} INFO - [2025-07-06T20:40:07.094+0000] {dag.py:3239} INFO - Sync 1 DAGs
[2025-07-06T20:40:07.109+0000] {logging_mixin.py:190} INFO - [2025-07-06T20:40:07.109+0000] {dag.py:4180} INFO - Setting next_dagrun for etl_dag_datos_ener_suministrada to None, run_after=None
[2025-07-06T20:40:07.127+0000] {processor.py:208} INFO - Processing /opt/airflow/dags/ener_suministrada_etl_dag.py took 0.544 seconds
[2025-07-06T20:40:37.571+0000] {processor.py:186} INFO - Started process (PID=691) to work on /opt/airflow/dags/ener_suministrada_etl_dag.py
[2025-07-06T20:40:37.572+0000] {processor.py:914} INFO - Processing file /opt/airflow/dags/ener_suministrada_etl_dag.py for tasks to queue
[2025-07-06T20:40:37.575+0000] {logging_mixin.py:190} INFO - [2025-07-06T20:40:37.575+0000] {dagbag.py:588} INFO - Filling up the DagBag from /opt/airflow/dags/ener_suministrada_etl_dag.py
[2025-07-06T20:40:37.909+0000] {processor.py:925} INFO - DAG(s) 'etl_dag_datos_ener_suministrada' retrieved from /opt/airflow/dags/ener_suministrada_etl_dag.py
[2025-07-06T20:40:37.936+0000] {logging_mixin.py:190} INFO - [2025-07-06T20:40:37.936+0000] {dag.py:3239} INFO - Sync 1 DAGs
[2025-07-06T20:40:37.950+0000] {logging_mixin.py:190} INFO - [2025-07-06T20:40:37.949+0000] {dag.py:4180} INFO - Setting next_dagrun for etl_dag_datos_ener_suministrada to None, run_after=None
[2025-07-06T20:40:37.967+0000] {processor.py:208} INFO - Processing /opt/airflow/dags/ener_suministrada_etl_dag.py took 0.405 seconds
[2025-07-06T20:41:08.133+0000] {processor.py:186} INFO - Started process (PID=709) to work on /opt/airflow/dags/ener_suministrada_etl_dag.py
[2025-07-06T20:41:08.134+0000] {processor.py:914} INFO - Processing file /opt/airflow/dags/ener_suministrada_etl_dag.py for tasks to queue
[2025-07-06T20:41:08.137+0000] {logging_mixin.py:190} INFO - [2025-07-06T20:41:08.136+0000] {dagbag.py:588} INFO - Filling up the DagBag from /opt/airflow/dags/ener_suministrada_etl_dag.py
[2025-07-06T20:41:08.464+0000] {processor.py:925} INFO - DAG(s) 'etl_dag_datos_ener_suministrada' retrieved from /opt/airflow/dags/ener_suministrada_etl_dag.py
[2025-07-06T20:41:08.489+0000] {logging_mixin.py:190} INFO - [2025-07-06T20:41:08.489+0000] {dag.py:3239} INFO - Sync 1 DAGs
[2025-07-06T20:41:08.501+0000] {logging_mixin.py:190} INFO - [2025-07-06T20:41:08.501+0000] {dag.py:4180} INFO - Setting next_dagrun for etl_dag_datos_ener_suministrada to None, run_after=None
[2025-07-06T20:41:08.517+0000] {processor.py:208} INFO - Processing /opt/airflow/dags/ener_suministrada_etl_dag.py took 0.392 seconds
[2025-07-06T20:41:38.638+0000] {processor.py:186} INFO - Started process (PID=727) to work on /opt/airflow/dags/ener_suministrada_etl_dag.py
[2025-07-06T20:41:38.639+0000] {processor.py:914} INFO - Processing file /opt/airflow/dags/ener_suministrada_etl_dag.py for tasks to queue
[2025-07-06T20:41:38.641+0000] {logging_mixin.py:190} INFO - [2025-07-06T20:41:38.641+0000] {dagbag.py:588} INFO - Filling up the DagBag from /opt/airflow/dags/ener_suministrada_etl_dag.py
[2025-07-06T20:41:38.948+0000] {processor.py:925} INFO - DAG(s) 'etl_dag_datos_ener_suministrada' retrieved from /opt/airflow/dags/ener_suministrada_etl_dag.py
[2025-07-06T20:41:38.973+0000] {logging_mixin.py:190} INFO - [2025-07-06T20:41:38.973+0000] {dag.py:3239} INFO - Sync 1 DAGs
[2025-07-06T20:41:38.986+0000] {logging_mixin.py:190} INFO - [2025-07-06T20:41:38.985+0000] {dag.py:4180} INFO - Setting next_dagrun for etl_dag_datos_ener_suministrada to None, run_after=None
[2025-07-06T20:41:39.000+0000] {processor.py:208} INFO - Processing /opt/airflow/dags/ener_suministrada_etl_dag.py took 0.374 seconds
[2025-07-06T20:42:09.132+0000] {processor.py:186} INFO - Started process (PID=745) to work on /opt/airflow/dags/ener_suministrada_etl_dag.py
[2025-07-06T20:42:09.133+0000] {processor.py:914} INFO - Processing file /opt/airflow/dags/ener_suministrada_etl_dag.py for tasks to queue
[2025-07-06T20:42:09.136+0000] {logging_mixin.py:190} INFO - [2025-07-06T20:42:09.135+0000] {dagbag.py:588} INFO - Filling up the DagBag from /opt/airflow/dags/ener_suministrada_etl_dag.py
[2025-07-06T20:42:09.482+0000] {processor.py:925} INFO - DAG(s) 'etl_dag_datos_ener_suministrada' retrieved from /opt/airflow/dags/ener_suministrada_etl_dag.py
[2025-07-06T20:42:09.509+0000] {logging_mixin.py:190} INFO - [2025-07-06T20:42:09.508+0000] {dag.py:3239} INFO - Sync 1 DAGs
[2025-07-06T20:42:09.524+0000] {logging_mixin.py:190} INFO - [2025-07-06T20:42:09.524+0000] {dag.py:4180} INFO - Setting next_dagrun for etl_dag_datos_ener_suministrada to None, run_after=None
[2025-07-06T20:42:09.540+0000] {processor.py:208} INFO - Processing /opt/airflow/dags/ener_suministrada_etl_dag.py took 0.418 seconds
[2025-07-06T20:42:39.669+0000] {processor.py:186} INFO - Started process (PID=763) to work on /opt/airflow/dags/ener_suministrada_etl_dag.py
[2025-07-06T20:42:39.671+0000] {processor.py:914} INFO - Processing file /opt/airflow/dags/ener_suministrada_etl_dag.py for tasks to queue
[2025-07-06T20:42:39.674+0000] {logging_mixin.py:190} INFO - [2025-07-06T20:42:39.673+0000] {dagbag.py:588} INFO - Filling up the DagBag from /opt/airflow/dags/ener_suministrada_etl_dag.py
[2025-07-06T20:42:40.016+0000] {processor.py:925} INFO - DAG(s) 'etl_dag_datos_ener_suministrada' retrieved from /opt/airflow/dags/ener_suministrada_etl_dag.py
[2025-07-06T20:42:40.043+0000] {logging_mixin.py:190} INFO - [2025-07-06T20:42:40.042+0000] {dag.py:3239} INFO - Sync 1 DAGs
[2025-07-06T20:42:40.056+0000] {logging_mixin.py:190} INFO - [2025-07-06T20:42:40.056+0000] {dag.py:4180} INFO - Setting next_dagrun for etl_dag_datos_ener_suministrada to None, run_after=None
[2025-07-06T20:42:40.071+0000] {processor.py:208} INFO - Processing /opt/airflow/dags/ener_suministrada_etl_dag.py took 0.412 seconds
[2025-07-06T20:43:10.154+0000] {processor.py:186} INFO - Started process (PID=781) to work on /opt/airflow/dags/ener_suministrada_etl_dag.py
[2025-07-06T20:43:10.155+0000] {processor.py:914} INFO - Processing file /opt/airflow/dags/ener_suministrada_etl_dag.py for tasks to queue
[2025-07-06T20:43:10.157+0000] {logging_mixin.py:190} INFO - [2025-07-06T20:43:10.157+0000] {dagbag.py:588} INFO - Filling up the DagBag from /opt/airflow/dags/ener_suministrada_etl_dag.py
[2025-07-06T20:43:10.473+0000] {processor.py:925} INFO - DAG(s) 'etl_dag_datos_ener_suministrada' retrieved from /opt/airflow/dags/ener_suministrada_etl_dag.py
[2025-07-06T20:43:10.498+0000] {logging_mixin.py:190} INFO - [2025-07-06T20:43:10.498+0000] {dag.py:3239} INFO - Sync 1 DAGs
[2025-07-06T20:43:10.513+0000] {logging_mixin.py:190} INFO - [2025-07-06T20:43:10.513+0000] {dag.py:4180} INFO - Setting next_dagrun for etl_dag_datos_ener_suministrada to None, run_after=None
[2025-07-06T20:43:10.528+0000] {processor.py:208} INFO - Processing /opt/airflow/dags/ener_suministrada_etl_dag.py took 0.382 seconds
[2025-07-06T20:43:40.723+0000] {processor.py:186} INFO - Started process (PID=799) to work on /opt/airflow/dags/ener_suministrada_etl_dag.py
[2025-07-06T20:43:40.724+0000] {processor.py:914} INFO - Processing file /opt/airflow/dags/ener_suministrada_etl_dag.py for tasks to queue
[2025-07-06T20:43:40.726+0000] {logging_mixin.py:190} INFO - [2025-07-06T20:43:40.726+0000] {dagbag.py:588} INFO - Filling up the DagBag from /opt/airflow/dags/ener_suministrada_etl_dag.py
[2025-07-06T20:43:41.039+0000] {processor.py:925} INFO - DAG(s) 'etl_dag_datos_ener_suministrada' retrieved from /opt/airflow/dags/ener_suministrada_etl_dag.py
[2025-07-06T20:43:41.065+0000] {logging_mixin.py:190} INFO - [2025-07-06T20:43:41.065+0000] {dag.py:3239} INFO - Sync 1 DAGs
[2025-07-06T20:43:41.080+0000] {logging_mixin.py:190} INFO - [2025-07-06T20:43:41.079+0000] {dag.py:4180} INFO - Setting next_dagrun for etl_dag_datos_ener_suministrada to None, run_after=None
[2025-07-06T20:43:41.096+0000] {processor.py:208} INFO - Processing /opt/airflow/dags/ener_suministrada_etl_dag.py took 0.382 seconds
[2025-07-06T20:44:11.254+0000] {processor.py:186} INFO - Started process (PID=817) to work on /opt/airflow/dags/ener_suministrada_etl_dag.py
[2025-07-06T20:44:11.254+0000] {processor.py:914} INFO - Processing file /opt/airflow/dags/ener_suministrada_etl_dag.py for tasks to queue
[2025-07-06T20:44:11.257+0000] {logging_mixin.py:190} INFO - [2025-07-06T20:44:11.256+0000] {dagbag.py:588} INFO - Filling up the DagBag from /opt/airflow/dags/ener_suministrada_etl_dag.py
[2025-07-06T20:44:11.600+0000] {processor.py:925} INFO - DAG(s) 'etl_dag_datos_ener_suministrada' retrieved from /opt/airflow/dags/ener_suministrada_etl_dag.py
[2025-07-06T20:44:11.629+0000] {logging_mixin.py:190} INFO - [2025-07-06T20:44:11.629+0000] {dag.py:3239} INFO - Sync 1 DAGs
[2025-07-06T20:44:11.643+0000] {logging_mixin.py:190} INFO - [2025-07-06T20:44:11.643+0000] {dag.py:4180} INFO - Setting next_dagrun for etl_dag_datos_ener_suministrada to None, run_after=None
[2025-07-06T20:44:11.659+0000] {processor.py:208} INFO - Processing /opt/airflow/dags/ener_suministrada_etl_dag.py took 0.414 seconds
[2025-07-06T20:44:41.757+0000] {processor.py:186} INFO - Started process (PID=835) to work on /opt/airflow/dags/ener_suministrada_etl_dag.py
[2025-07-06T20:44:41.758+0000] {processor.py:914} INFO - Processing file /opt/airflow/dags/ener_suministrada_etl_dag.py for tasks to queue
[2025-07-06T20:44:41.760+0000] {logging_mixin.py:190} INFO - [2025-07-06T20:44:41.760+0000] {dagbag.py:588} INFO - Filling up the DagBag from /opt/airflow/dags/ener_suministrada_etl_dag.py
[2025-07-06T20:44:42.088+0000] {processor.py:925} INFO - DAG(s) 'etl_dag_datos_ener_suministrada' retrieved from /opt/airflow/dags/ener_suministrada_etl_dag.py
[2025-07-06T20:44:42.114+0000] {logging_mixin.py:190} INFO - [2025-07-06T20:44:42.114+0000] {dag.py:3239} INFO - Sync 1 DAGs
[2025-07-06T20:44:42.128+0000] {logging_mixin.py:190} INFO - [2025-07-06T20:44:42.128+0000] {dag.py:4180} INFO - Setting next_dagrun for etl_dag_datos_ener_suministrada to None, run_after=None
[2025-07-06T20:44:42.146+0000] {processor.py:208} INFO - Processing /opt/airflow/dags/ener_suministrada_etl_dag.py took 0.397 seconds
[2025-07-06T20:45:12.299+0000] {processor.py:186} INFO - Started process (PID=861) to work on /opt/airflow/dags/ener_suministrada_etl_dag.py
[2025-07-06T20:45:12.300+0000] {processor.py:914} INFO - Processing file /opt/airflow/dags/ener_suministrada_etl_dag.py for tasks to queue
[2025-07-06T20:45:12.302+0000] {logging_mixin.py:190} INFO - [2025-07-06T20:45:12.302+0000] {dagbag.py:588} INFO - Filling up the DagBag from /opt/airflow/dags/ener_suministrada_etl_dag.py
[2025-07-06T20:45:12.620+0000] {processor.py:925} INFO - DAG(s) 'etl_dag_datos_ener_suministrada' retrieved from /opt/airflow/dags/ener_suministrada_etl_dag.py
[2025-07-06T20:45:12.642+0000] {logging_mixin.py:190} INFO - [2025-07-06T20:45:12.642+0000] {dag.py:3239} INFO - Sync 1 DAGs
[2025-07-06T20:45:12.654+0000] {logging_mixin.py:190} INFO - [2025-07-06T20:45:12.654+0000] {dag.py:4180} INFO - Setting next_dagrun for etl_dag_datos_ener_suministrada to None, run_after=None
[2025-07-06T20:45:12.668+0000] {processor.py:208} INFO - Processing /opt/airflow/dags/ener_suministrada_etl_dag.py took 0.378 seconds
[2025-07-06T20:45:42.867+0000] {processor.py:186} INFO - Started process (PID=879) to work on /opt/airflow/dags/ener_suministrada_etl_dag.py
[2025-07-06T20:45:42.868+0000] {processor.py:914} INFO - Processing file /opt/airflow/dags/ener_suministrada_etl_dag.py for tasks to queue
[2025-07-06T20:45:42.871+0000] {logging_mixin.py:190} INFO - [2025-07-06T20:45:42.870+0000] {dagbag.py:588} INFO - Filling up the DagBag from /opt/airflow/dags/ener_suministrada_etl_dag.py
[2025-07-06T20:45:43.200+0000] {processor.py:925} INFO - DAG(s) 'etl_dag_datos_ener_suministrada' retrieved from /opt/airflow/dags/ener_suministrada_etl_dag.py
[2025-07-06T20:45:43.228+0000] {logging_mixin.py:190} INFO - [2025-07-06T20:45:43.227+0000] {dag.py:3239} INFO - Sync 1 DAGs
[2025-07-06T20:45:43.243+0000] {logging_mixin.py:190} INFO - [2025-07-06T20:45:43.243+0000] {dag.py:4180} INFO - Setting next_dagrun for etl_dag_datos_ener_suministrada to None, run_after=None
[2025-07-06T20:45:43.260+0000] {processor.py:208} INFO - Processing /opt/airflow/dags/ener_suministrada_etl_dag.py took 0.401 seconds
[2025-07-06T20:46:13.348+0000] {processor.py:186} INFO - Started process (PID=897) to work on /opt/airflow/dags/ener_suministrada_etl_dag.py
[2025-07-06T20:46:13.349+0000] {processor.py:914} INFO - Processing file /opt/airflow/dags/ener_suministrada_etl_dag.py for tasks to queue
[2025-07-06T20:46:13.352+0000] {logging_mixin.py:190} INFO - [2025-07-06T20:46:13.351+0000] {dagbag.py:588} INFO - Filling up the DagBag from /opt/airflow/dags/ener_suministrada_etl_dag.py
[2025-07-06T20:46:13.717+0000] {processor.py:925} INFO - DAG(s) 'etl_dag_datos_ener_suministrada' retrieved from /opt/airflow/dags/ener_suministrada_etl_dag.py
[2025-07-06T20:46:13.744+0000] {logging_mixin.py:190} INFO - [2025-07-06T20:46:13.743+0000] {dag.py:3239} INFO - Sync 1 DAGs
[2025-07-06T20:46:13.760+0000] {logging_mixin.py:190} INFO - [2025-07-06T20:46:13.759+0000] {dag.py:4180} INFO - Setting next_dagrun for etl_dag_datos_ener_suministrada to None, run_after=None
[2025-07-06T20:46:13.777+0000] {processor.py:208} INFO - Processing /opt/airflow/dags/ener_suministrada_etl_dag.py took 0.440 seconds
[2025-07-06T20:46:43.864+0000] {processor.py:186} INFO - Started process (PID=915) to work on /opt/airflow/dags/ener_suministrada_etl_dag.py
[2025-07-06T20:46:43.865+0000] {processor.py:914} INFO - Processing file /opt/airflow/dags/ener_suministrada_etl_dag.py for tasks to queue
[2025-07-06T20:46:43.868+0000] {logging_mixin.py:190} INFO - [2025-07-06T20:46:43.868+0000] {dagbag.py:588} INFO - Filling up the DagBag from /opt/airflow/dags/ener_suministrada_etl_dag.py
[2025-07-06T20:46:44.265+0000] {processor.py:925} INFO - DAG(s) 'etl_dag_datos_ener_suministrada' retrieved from /opt/airflow/dags/ener_suministrada_etl_dag.py
[2025-07-06T20:46:44.297+0000] {logging_mixin.py:190} INFO - [2025-07-06T20:46:44.297+0000] {dag.py:3239} INFO - Sync 1 DAGs
[2025-07-06T20:46:44.313+0000] {logging_mixin.py:190} INFO - [2025-07-06T20:46:44.312+0000] {dag.py:4180} INFO - Setting next_dagrun for etl_dag_datos_ener_suministrada to None, run_after=None
[2025-07-06T20:46:44.332+0000] {processor.py:208} INFO - Processing /opt/airflow/dags/ener_suministrada_etl_dag.py took 0.480 seconds
[2025-07-06T20:47:14.437+0000] {processor.py:186} INFO - Started process (PID=933) to work on /opt/airflow/dags/ener_suministrada_etl_dag.py
[2025-07-06T20:47:14.438+0000] {processor.py:914} INFO - Processing file /opt/airflow/dags/ener_suministrada_etl_dag.py for tasks to queue
[2025-07-06T20:47:14.440+0000] {logging_mixin.py:190} INFO - [2025-07-06T20:47:14.440+0000] {dagbag.py:588} INFO - Filling up the DagBag from /opt/airflow/dags/ener_suministrada_etl_dag.py
[2025-07-06T20:47:14.749+0000] {processor.py:925} INFO - DAG(s) 'etl_dag_datos_ener_suministrada' retrieved from /opt/airflow/dags/ener_suministrada_etl_dag.py
[2025-07-06T20:47:14.775+0000] {logging_mixin.py:190} INFO - [2025-07-06T20:47:14.775+0000] {dag.py:3239} INFO - Sync 1 DAGs
[2025-07-06T20:47:14.788+0000] {logging_mixin.py:190} INFO - [2025-07-06T20:47:14.788+0000] {dag.py:4180} INFO - Setting next_dagrun for etl_dag_datos_ener_suministrada to None, run_after=None
[2025-07-06T20:47:14.804+0000] {processor.py:208} INFO - Processing /opt/airflow/dags/ener_suministrada_etl_dag.py took 0.376 seconds
[2025-07-06T20:47:44.903+0000] {processor.py:186} INFO - Started process (PID=951) to work on /opt/airflow/dags/ener_suministrada_etl_dag.py
[2025-07-06T20:47:44.904+0000] {processor.py:914} INFO - Processing file /opt/airflow/dags/ener_suministrada_etl_dag.py for tasks to queue
[2025-07-06T20:47:44.906+0000] {logging_mixin.py:190} INFO - [2025-07-06T20:47:44.906+0000] {dagbag.py:588} INFO - Filling up the DagBag from /opt/airflow/dags/ener_suministrada_etl_dag.py
[2025-07-06T20:47:45.249+0000] {processor.py:925} INFO - DAG(s) 'etl_dag_datos_ener_suministrada' retrieved from /opt/airflow/dags/ener_suministrada_etl_dag.py
[2025-07-06T20:47:45.287+0000] {logging_mixin.py:190} INFO - [2025-07-06T20:47:45.286+0000] {dag.py:3239} INFO - Sync 1 DAGs
[2025-07-06T20:47:45.304+0000] {logging_mixin.py:190} INFO - [2025-07-06T20:47:45.304+0000] {dag.py:4180} INFO - Setting next_dagrun for etl_dag_datos_ener_suministrada to None, run_after=None
[2025-07-06T20:47:45.323+0000] {processor.py:208} INFO - Processing /opt/airflow/dags/ener_suministrada_etl_dag.py took 0.429 seconds
[2025-07-06T20:48:15.424+0000] {processor.py:186} INFO - Started process (PID=969) to work on /opt/airflow/dags/ener_suministrada_etl_dag.py
[2025-07-06T20:48:15.425+0000] {processor.py:914} INFO - Processing file /opt/airflow/dags/ener_suministrada_etl_dag.py for tasks to queue
[2025-07-06T20:48:15.427+0000] {logging_mixin.py:190} INFO - [2025-07-06T20:48:15.427+0000] {dagbag.py:588} INFO - Filling up the DagBag from /opt/airflow/dags/ener_suministrada_etl_dag.py
[2025-07-06T20:48:15.762+0000] {processor.py:925} INFO - DAG(s) 'etl_dag_datos_ener_suministrada' retrieved from /opt/airflow/dags/ener_suministrada_etl_dag.py
[2025-07-06T20:48:15.787+0000] {logging_mixin.py:190} INFO - [2025-07-06T20:48:15.786+0000] {dag.py:3239} INFO - Sync 1 DAGs
[2025-07-06T20:48:15.800+0000] {logging_mixin.py:190} INFO - [2025-07-06T20:48:15.800+0000] {dag.py:4180} INFO - Setting next_dagrun for etl_dag_datos_ener_suministrada to None, run_after=None
[2025-07-06T20:48:15.815+0000] {processor.py:208} INFO - Processing /opt/airflow/dags/ener_suministrada_etl_dag.py took 0.400 seconds
[2025-07-06T20:48:45.942+0000] {processor.py:186} INFO - Started process (PID=987) to work on /opt/airflow/dags/ener_suministrada_etl_dag.py
[2025-07-06T20:48:45.943+0000] {processor.py:914} INFO - Processing file /opt/airflow/dags/ener_suministrada_etl_dag.py for tasks to queue
[2025-07-06T20:48:45.945+0000] {logging_mixin.py:190} INFO - [2025-07-06T20:48:45.944+0000] {dagbag.py:588} INFO - Filling up the DagBag from /opt/airflow/dags/ener_suministrada_etl_dag.py
[2025-07-06T20:48:46.257+0000] {processor.py:925} INFO - DAG(s) 'etl_dag_datos_ener_suministrada' retrieved from /opt/airflow/dags/ener_suministrada_etl_dag.py
[2025-07-06T20:48:46.282+0000] {logging_mixin.py:190} INFO - [2025-07-06T20:48:46.282+0000] {dag.py:3239} INFO - Sync 1 DAGs
[2025-07-06T20:48:46.295+0000] {logging_mixin.py:190} INFO - [2025-07-06T20:48:46.294+0000] {dag.py:4180} INFO - Setting next_dagrun for etl_dag_datos_ener_suministrada to None, run_after=None
[2025-07-06T20:48:46.309+0000] {processor.py:208} INFO - Processing /opt/airflow/dags/ener_suministrada_etl_dag.py took 0.376 seconds
[2025-07-06T20:49:16.384+0000] {processor.py:186} INFO - Started process (PID=1005) to work on /opt/airflow/dags/ener_suministrada_etl_dag.py
[2025-07-06T20:49:16.385+0000] {processor.py:914} INFO - Processing file /opt/airflow/dags/ener_suministrada_etl_dag.py for tasks to queue
[2025-07-06T20:49:16.388+0000] {logging_mixin.py:190} INFO - [2025-07-06T20:49:16.387+0000] {dagbag.py:588} INFO - Filling up the DagBag from /opt/airflow/dags/ener_suministrada_etl_dag.py
[2025-07-06T20:49:16.685+0000] {processor.py:925} INFO - DAG(s) 'etl_dag_datos_ener_suministrada' retrieved from /opt/airflow/dags/ener_suministrada_etl_dag.py
[2025-07-06T20:49:16.710+0000] {logging_mixin.py:190} INFO - [2025-07-06T20:49:16.709+0000] {dag.py:3239} INFO - Sync 1 DAGs
[2025-07-06T20:49:16.724+0000] {logging_mixin.py:190} INFO - [2025-07-06T20:49:16.723+0000] {dag.py:4180} INFO - Setting next_dagrun for etl_dag_datos_ener_suministrada to None, run_after=None
[2025-07-06T20:49:16.738+0000] {processor.py:208} INFO - Processing /opt/airflow/dags/ener_suministrada_etl_dag.py took 0.363 seconds
[2025-07-06T20:49:46.851+0000] {processor.py:186} INFO - Started process (PID=1023) to work on /opt/airflow/dags/ener_suministrada_etl_dag.py
[2025-07-06T20:49:46.852+0000] {processor.py:914} INFO - Processing file /opt/airflow/dags/ener_suministrada_etl_dag.py for tasks to queue
[2025-07-06T20:49:46.854+0000] {logging_mixin.py:190} INFO - [2025-07-06T20:49:46.854+0000] {dagbag.py:588} INFO - Filling up the DagBag from /opt/airflow/dags/ener_suministrada_etl_dag.py
[2025-07-06T20:49:47.147+0000] {processor.py:925} INFO - DAG(s) 'etl_dag_datos_ener_suministrada' retrieved from /opt/airflow/dags/ener_suministrada_etl_dag.py
[2025-07-06T20:49:47.168+0000] {logging_mixin.py:190} INFO - [2025-07-06T20:49:47.168+0000] {dag.py:3239} INFO - Sync 1 DAGs
[2025-07-06T20:49:47.179+0000] {logging_mixin.py:190} INFO - [2025-07-06T20:49:47.179+0000] {dag.py:4180} INFO - Setting next_dagrun for etl_dag_datos_ener_suministrada to None, run_after=None
[2025-07-06T20:49:47.193+0000] {processor.py:208} INFO - Processing /opt/airflow/dags/ener_suministrada_etl_dag.py took 0.351 seconds
[2025-07-06T20:50:17.416+0000] {processor.py:186} INFO - Started process (PID=1041) to work on /opt/airflow/dags/ener_suministrada_etl_dag.py
[2025-07-06T20:50:17.417+0000] {processor.py:914} INFO - Processing file /opt/airflow/dags/ener_suministrada_etl_dag.py for tasks to queue
[2025-07-06T20:50:17.419+0000] {logging_mixin.py:190} INFO - [2025-07-06T20:50:17.419+0000] {dagbag.py:588} INFO - Filling up the DagBag from /opt/airflow/dags/ener_suministrada_etl_dag.py
[2025-07-06T20:50:17.798+0000] {processor.py:925} INFO - DAG(s) 'etl_dag_datos_ener_suministrada' retrieved from /opt/airflow/dags/ener_suministrada_etl_dag.py
[2025-07-06T20:50:17.830+0000] {logging_mixin.py:190} INFO - [2025-07-06T20:50:17.830+0000] {dag.py:3239} INFO - Sync 1 DAGs
[2025-07-06T20:50:17.846+0000] {logging_mixin.py:190} INFO - [2025-07-06T20:50:17.846+0000] {dag.py:4180} INFO - Setting next_dagrun for etl_dag_datos_ener_suministrada to None, run_after=None
[2025-07-06T20:50:17.862+0000] {processor.py:208} INFO - Processing /opt/airflow/dags/ener_suministrada_etl_dag.py took 0.455 seconds
[2025-07-06T20:50:47.930+0000] {processor.py:186} INFO - Started process (PID=1059) to work on /opt/airflow/dags/ener_suministrada_etl_dag.py
[2025-07-06T20:50:47.931+0000] {processor.py:914} INFO - Processing file /opt/airflow/dags/ener_suministrada_etl_dag.py for tasks to queue
[2025-07-06T20:50:47.933+0000] {logging_mixin.py:190} INFO - [2025-07-06T20:50:47.933+0000] {dagbag.py:588} INFO - Filling up the DagBag from /opt/airflow/dags/ener_suministrada_etl_dag.py
[2025-07-06T20:50:48.217+0000] {processor.py:925} INFO - DAG(s) 'etl_dag_datos_ener_suministrada' retrieved from /opt/airflow/dags/ener_suministrada_etl_dag.py
[2025-07-06T20:50:48.240+0000] {logging_mixin.py:190} INFO - [2025-07-06T20:50:48.239+0000] {dag.py:3239} INFO - Sync 1 DAGs
[2025-07-06T20:50:48.251+0000] {logging_mixin.py:190} INFO - [2025-07-06T20:50:48.251+0000] {dag.py:4180} INFO - Setting next_dagrun for etl_dag_datos_ener_suministrada to None, run_after=None
[2025-07-06T20:50:48.265+0000] {processor.py:208} INFO - Processing /opt/airflow/dags/ener_suministrada_etl_dag.py took 0.344 seconds
[2025-07-06T20:51:18.588+0000] {processor.py:186} INFO - Started process (PID=1077) to work on /opt/airflow/dags/ener_suministrada_etl_dag.py
[2025-07-06T20:51:18.590+0000] {processor.py:914} INFO - Processing file /opt/airflow/dags/ener_suministrada_etl_dag.py for tasks to queue
[2025-07-06T20:51:18.593+0000] {logging_mixin.py:190} INFO - [2025-07-06T20:51:18.592+0000] {dagbag.py:588} INFO - Filling up the DagBag from /opt/airflow/dags/ener_suministrada_etl_dag.py
[2025-07-06T20:51:18.930+0000] {processor.py:925} INFO - DAG(s) 'etl_dag_datos_ener_suministrada' retrieved from /opt/airflow/dags/ener_suministrada_etl_dag.py
[2025-07-06T20:51:18.956+0000] {logging_mixin.py:190} INFO - [2025-07-06T20:51:18.955+0000] {dag.py:3239} INFO - Sync 1 DAGs
[2025-07-06T20:51:18.967+0000] {logging_mixin.py:190} INFO - [2025-07-06T20:51:18.967+0000] {dag.py:4180} INFO - Setting next_dagrun for etl_dag_datos_ener_suministrada to None, run_after=None
[2025-07-06T20:51:18.983+0000] {processor.py:208} INFO - Processing /opt/airflow/dags/ener_suministrada_etl_dag.py took 0.406 seconds
