[2025-07-06T20:14:56.776+0000] {processor.py:186} INFO - Started process (PID=70) to work on /opt/airflow/dags/ener_fact_dpt_etl_dag.py
[2025-07-06T20:14:56.781+0000] {processor.py:914} INFO - Processing file /opt/airflow/dags/ener_fact_dpt_etl_dag.py for tasks to queue
[2025-07-06T20:14:56.793+0000] {logging_mixin.py:190} INFO - [2025-07-06T20:14:56.792+0000] {dagbag.py:588} INFO - Filling up the DagBag from /opt/airflow/dags/ener_fact_dpt_etl_dag.py
[2025-07-06T20:14:58.248+0000] {logging_mixin.py:190} INFO - [2025-07-06T20:14:58.240+0000] {dagbag.py:387} ERROR - Failed to import: /opt/airflow/dags/ener_fact_dpt_etl_dag.py
Traceback (most recent call last):
  File "/home/airflow/.local/lib/python3.12/site-packages/airflow/models/dagbag.py", line 383, in parse
    loader.exec_module(new_module)
  File "<frozen importlib._bootstrap_external>", line 999, in exec_module
  File "<frozen importlib._bootstrap>", line 488, in _call_with_frames_removed
  File "/opt/airflow/dags/ener_fact_dpt_etl_dag.py", line 12, in <module>
    from utilities import construir_columna_fecha, obtener_cliente_db, desagregar_demanda_mensual
  File "/opt/airflow/utils/utilities.py", line 3, in <module>
    from pymongo.mongo_client import MongoClient
ModuleNotFoundError: No module named 'pymongo'
[2025-07-06T20:14:58.249+0000] {processor.py:927} WARNING - No viable dags retrieved from /opt/airflow/dags/ener_fact_dpt_etl_dag.py
[2025-07-06T20:14:58.311+0000] {processor.py:208} INFO - Processing /opt/airflow/dags/ener_fact_dpt_etl_dag.py took 1.542 seconds
[2025-07-06T20:15:28.961+0000] {processor.py:186} INFO - Started process (PID=88) to work on /opt/airflow/dags/ener_fact_dpt_etl_dag.py
[2025-07-06T20:15:28.962+0000] {processor.py:914} INFO - Processing file /opt/airflow/dags/ener_fact_dpt_etl_dag.py for tasks to queue
[2025-07-06T20:15:28.964+0000] {logging_mixin.py:190} INFO - [2025-07-06T20:15:28.964+0000] {dagbag.py:588} INFO - Filling up the DagBag from /opt/airflow/dags/ener_fact_dpt_etl_dag.py
[2025-07-06T20:15:29.400+0000] {logging_mixin.py:190} INFO - [2025-07-06T20:15:29.394+0000] {dagbag.py:387} ERROR - Failed to import: /opt/airflow/dags/ener_fact_dpt_etl_dag.py
Traceback (most recent call last):
  File "/home/airflow/.local/lib/python3.12/site-packages/airflow/models/dagbag.py", line 383, in parse
    loader.exec_module(new_module)
  File "<frozen importlib._bootstrap_external>", line 999, in exec_module
  File "<frozen importlib._bootstrap>", line 488, in _call_with_frames_removed
  File "/opt/airflow/dags/ener_fact_dpt_etl_dag.py", line 12, in <module>
    from utilities import construir_columna_fecha, obtener_cliente_db, desagregar_demanda_mensual
  File "/opt/airflow/utils/utilities.py", line 3, in <module>
    from pymongo.mongo_client import MongoClient
ModuleNotFoundError: No module named 'pymongo'
[2025-07-06T20:15:29.401+0000] {processor.py:927} WARNING - No viable dags retrieved from /opt/airflow/dags/ener_fact_dpt_etl_dag.py
[2025-07-06T20:15:29.422+0000] {processor.py:208} INFO - Processing /opt/airflow/dags/ener_fact_dpt_etl_dag.py took 0.467 seconds
[2025-07-06T20:15:59.732+0000] {processor.py:186} INFO - Started process (PID=106) to work on /opt/airflow/dags/ener_fact_dpt_etl_dag.py
[2025-07-06T20:15:59.733+0000] {processor.py:914} INFO - Processing file /opt/airflow/dags/ener_fact_dpt_etl_dag.py for tasks to queue
[2025-07-06T20:15:59.735+0000] {logging_mixin.py:190} INFO - [2025-07-06T20:15:59.735+0000] {dagbag.py:588} INFO - Filling up the DagBag from /opt/airflow/dags/ener_fact_dpt_etl_dag.py
[2025-07-06T20:16:00.260+0000] {logging_mixin.py:190} INFO - [2025-07-06T20:16:00.255+0000] {dagbag.py:387} ERROR - Failed to import: /opt/airflow/dags/ener_fact_dpt_etl_dag.py
Traceback (most recent call last):
  File "/home/airflow/.local/lib/python3.12/site-packages/airflow/models/dagbag.py", line 383, in parse
    loader.exec_module(new_module)
  File "<frozen importlib._bootstrap_external>", line 999, in exec_module
  File "<frozen importlib._bootstrap>", line 488, in _call_with_frames_removed
  File "/opt/airflow/dags/ener_fact_dpt_etl_dag.py", line 12, in <module>
    from utilities import construir_columna_fecha, obtener_cliente_db, desagregar_demanda_mensual
  File "/opt/airflow/utils/utilities.py", line 3, in <module>
    from pymongo.mongo_client import MongoClient
ModuleNotFoundError: No module named 'pymongo'
[2025-07-06T20:16:00.262+0000] {processor.py:927} WARNING - No viable dags retrieved from /opt/airflow/dags/ener_fact_dpt_etl_dag.py
[2025-07-06T20:16:00.282+0000] {processor.py:208} INFO - Processing /opt/airflow/dags/ener_fact_dpt_etl_dag.py took 0.556 seconds
[2025-07-06T20:16:30.455+0000] {processor.py:186} INFO - Started process (PID=124) to work on /opt/airflow/dags/ener_fact_dpt_etl_dag.py
[2025-07-06T20:16:30.456+0000] {processor.py:914} INFO - Processing file /opt/airflow/dags/ener_fact_dpt_etl_dag.py for tasks to queue
[2025-07-06T20:16:30.458+0000] {logging_mixin.py:190} INFO - [2025-07-06T20:16:30.457+0000] {dagbag.py:588} INFO - Filling up the DagBag from /opt/airflow/dags/ener_fact_dpt_etl_dag.py
[2025-07-06T20:16:30.905+0000] {logging_mixin.py:190} INFO - [2025-07-06T20:16:30.901+0000] {dagbag.py:387} ERROR - Failed to import: /opt/airflow/dags/ener_fact_dpt_etl_dag.py
Traceback (most recent call last):
  File "/home/airflow/.local/lib/python3.12/site-packages/airflow/models/dagbag.py", line 383, in parse
    loader.exec_module(new_module)
  File "<frozen importlib._bootstrap_external>", line 999, in exec_module
  File "<frozen importlib._bootstrap>", line 488, in _call_with_frames_removed
  File "/opt/airflow/dags/ener_fact_dpt_etl_dag.py", line 12, in <module>
    from utilities import construir_columna_fecha, obtener_cliente_db, desagregar_demanda_mensual
  File "/opt/airflow/utils/utilities.py", line 3, in <module>
    from pymongo.mongo_client import MongoClient
ModuleNotFoundError: No module named 'pymongo'
[2025-07-06T20:16:30.907+0000] {processor.py:927} WARNING - No viable dags retrieved from /opt/airflow/dags/ener_fact_dpt_etl_dag.py
[2025-07-06T20:16:30.923+0000] {processor.py:208} INFO - Processing /opt/airflow/dags/ener_fact_dpt_etl_dag.py took 0.474 seconds
[2025-07-06T20:17:01.294+0000] {processor.py:186} INFO - Started process (PID=142) to work on /opt/airflow/dags/ener_fact_dpt_etl_dag.py
[2025-07-06T20:17:01.294+0000] {processor.py:914} INFO - Processing file /opt/airflow/dags/ener_fact_dpt_etl_dag.py for tasks to queue
[2025-07-06T20:17:01.296+0000] {logging_mixin.py:190} INFO - [2025-07-06T20:17:01.296+0000] {dagbag.py:588} INFO - Filling up the DagBag from /opt/airflow/dags/ener_fact_dpt_etl_dag.py
[2025-07-06T20:17:01.834+0000] {logging_mixin.py:190} INFO - [2025-07-06T20:17:01.829+0000] {dagbag.py:387} ERROR - Failed to import: /opt/airflow/dags/ener_fact_dpt_etl_dag.py
Traceback (most recent call last):
  File "/home/airflow/.local/lib/python3.12/site-packages/airflow/models/dagbag.py", line 383, in parse
    loader.exec_module(new_module)
  File "<frozen importlib._bootstrap_external>", line 999, in exec_module
  File "<frozen importlib._bootstrap>", line 488, in _call_with_frames_removed
  File "/opt/airflow/dags/ener_fact_dpt_etl_dag.py", line 12, in <module>
    from utilities import construir_columna_fecha, obtener_cliente_db, desagregar_demanda_mensual
  File "/opt/airflow/utils/utilities.py", line 3, in <module>
    from pymongo.mongo_client import MongoClient
ModuleNotFoundError: No module named 'pymongo'
[2025-07-06T20:17:01.835+0000] {processor.py:927} WARNING - No viable dags retrieved from /opt/airflow/dags/ener_fact_dpt_etl_dag.py
[2025-07-06T20:17:01.851+0000] {processor.py:208} INFO - Processing /opt/airflow/dags/ener_fact_dpt_etl_dag.py took 0.564 seconds
[2025-07-06T20:17:32.125+0000] {processor.py:186} INFO - Started process (PID=160) to work on /opt/airflow/dags/ener_fact_dpt_etl_dag.py
[2025-07-06T20:17:32.126+0000] {processor.py:914} INFO - Processing file /opt/airflow/dags/ener_fact_dpt_etl_dag.py for tasks to queue
[2025-07-06T20:17:32.127+0000] {logging_mixin.py:190} INFO - [2025-07-06T20:17:32.127+0000] {dagbag.py:588} INFO - Filling up the DagBag from /opt/airflow/dags/ener_fact_dpt_etl_dag.py
[2025-07-06T20:17:32.637+0000] {logging_mixin.py:190} INFO - [2025-07-06T20:17:32.631+0000] {dagbag.py:387} ERROR - Failed to import: /opt/airflow/dags/ener_fact_dpt_etl_dag.py
Traceback (most recent call last):
  File "/home/airflow/.local/lib/python3.12/site-packages/airflow/models/dagbag.py", line 383, in parse
    loader.exec_module(new_module)
  File "<frozen importlib._bootstrap_external>", line 999, in exec_module
  File "<frozen importlib._bootstrap>", line 488, in _call_with_frames_removed
  File "/opt/airflow/dags/ener_fact_dpt_etl_dag.py", line 12, in <module>
    from utilities import construir_columna_fecha, obtener_cliente_db, desagregar_demanda_mensual
  File "/opt/airflow/utils/utilities.py", line 3, in <module>
    from pymongo.mongo_client import MongoClient
ModuleNotFoundError: No module named 'pymongo'
[2025-07-06T20:17:32.638+0000] {processor.py:927} WARNING - No viable dags retrieved from /opt/airflow/dags/ener_fact_dpt_etl_dag.py
[2025-07-06T20:17:32.658+0000] {processor.py:208} INFO - Processing /opt/airflow/dags/ener_fact_dpt_etl_dag.py took 0.539 seconds
[2025-07-06T20:18:02.934+0000] {processor.py:186} INFO - Started process (PID=178) to work on /opt/airflow/dags/ener_fact_dpt_etl_dag.py
[2025-07-06T20:18:02.935+0000] {processor.py:914} INFO - Processing file /opt/airflow/dags/ener_fact_dpt_etl_dag.py for tasks to queue
[2025-07-06T20:18:02.937+0000] {logging_mixin.py:190} INFO - [2025-07-06T20:18:02.937+0000] {dagbag.py:588} INFO - Filling up the DagBag from /opt/airflow/dags/ener_fact_dpt_etl_dag.py
[2025-07-06T20:18:03.381+0000] {logging_mixin.py:190} INFO - [2025-07-06T20:18:03.376+0000] {dagbag.py:387} ERROR - Failed to import: /opt/airflow/dags/ener_fact_dpt_etl_dag.py
Traceback (most recent call last):
  File "/home/airflow/.local/lib/python3.12/site-packages/airflow/models/dagbag.py", line 383, in parse
    loader.exec_module(new_module)
  File "<frozen importlib._bootstrap_external>", line 999, in exec_module
  File "<frozen importlib._bootstrap>", line 488, in _call_with_frames_removed
  File "/opt/airflow/dags/ener_fact_dpt_etl_dag.py", line 12, in <module>
    from utilities import construir_columna_fecha, obtener_cliente_db, desagregar_demanda_mensual
  File "/opt/airflow/utils/utilities.py", line 3, in <module>
    from pymongo.mongo_client import MongoClient
ModuleNotFoundError: No module named 'pymongo'
[2025-07-06T20:18:03.382+0000] {processor.py:927} WARNING - No viable dags retrieved from /opt/airflow/dags/ener_fact_dpt_etl_dag.py
[2025-07-06T20:18:03.401+0000] {processor.py:208} INFO - Processing /opt/airflow/dags/ener_fact_dpt_etl_dag.py took 0.472 seconds
[2025-07-06T20:18:33.664+0000] {processor.py:186} INFO - Started process (PID=196) to work on /opt/airflow/dags/ener_fact_dpt_etl_dag.py
[2025-07-06T20:18:33.665+0000] {processor.py:914} INFO - Processing file /opt/airflow/dags/ener_fact_dpt_etl_dag.py for tasks to queue
[2025-07-06T20:18:33.666+0000] {logging_mixin.py:190} INFO - [2025-07-06T20:18:33.666+0000] {dagbag.py:588} INFO - Filling up the DagBag from /opt/airflow/dags/ener_fact_dpt_etl_dag.py
[2025-07-06T20:18:34.140+0000] {logging_mixin.py:190} INFO - [2025-07-06T20:18:34.135+0000] {dagbag.py:387} ERROR - Failed to import: /opt/airflow/dags/ener_fact_dpt_etl_dag.py
Traceback (most recent call last):
  File "/home/airflow/.local/lib/python3.12/site-packages/airflow/models/dagbag.py", line 383, in parse
    loader.exec_module(new_module)
  File "<frozen importlib._bootstrap_external>", line 999, in exec_module
  File "<frozen importlib._bootstrap>", line 488, in _call_with_frames_removed
  File "/opt/airflow/dags/ener_fact_dpt_etl_dag.py", line 12, in <module>
    from utilities import construir_columna_fecha, obtener_cliente_db, desagregar_demanda_mensual
  File "/opt/airflow/utils/utilities.py", line 3, in <module>
    from pymongo.mongo_client import MongoClient
ModuleNotFoundError: No module named 'pymongo'
[2025-07-06T20:18:34.141+0000] {processor.py:927} WARNING - No viable dags retrieved from /opt/airflow/dags/ener_fact_dpt_etl_dag.py
[2025-07-06T20:18:34.164+0000] {processor.py:208} INFO - Processing /opt/airflow/dags/ener_fact_dpt_etl_dag.py took 0.507 seconds
[2025-07-06T20:19:04.460+0000] {processor.py:186} INFO - Started process (PID=214) to work on /opt/airflow/dags/ener_fact_dpt_etl_dag.py
[2025-07-06T20:19:04.461+0000] {processor.py:914} INFO - Processing file /opt/airflow/dags/ener_fact_dpt_etl_dag.py for tasks to queue
[2025-07-06T20:19:04.463+0000] {logging_mixin.py:190} INFO - [2025-07-06T20:19:04.463+0000] {dagbag.py:588} INFO - Filling up the DagBag from /opt/airflow/dags/ener_fact_dpt_etl_dag.py
[2025-07-06T20:19:04.926+0000] {logging_mixin.py:190} INFO - [2025-07-06T20:19:04.921+0000] {dagbag.py:387} ERROR - Failed to import: /opt/airflow/dags/ener_fact_dpt_etl_dag.py
Traceback (most recent call last):
  File "/home/airflow/.local/lib/python3.12/site-packages/airflow/models/dagbag.py", line 383, in parse
    loader.exec_module(new_module)
  File "<frozen importlib._bootstrap_external>", line 999, in exec_module
  File "<frozen importlib._bootstrap>", line 488, in _call_with_frames_removed
  File "/opt/airflow/dags/ener_fact_dpt_etl_dag.py", line 12, in <module>
    from utilities import construir_columna_fecha, obtener_cliente_db, desagregar_demanda_mensual
  File "/opt/airflow/utils/utilities.py", line 3, in <module>
    from pymongo.mongo_client import MongoClient
ModuleNotFoundError: No module named 'pymongo'
[2025-07-06T20:19:04.927+0000] {processor.py:927} WARNING - No viable dags retrieved from /opt/airflow/dags/ener_fact_dpt_etl_dag.py
[2025-07-06T20:19:04.945+0000] {processor.py:208} INFO - Processing /opt/airflow/dags/ener_fact_dpt_etl_dag.py took 0.491 seconds
[2025-07-06T20:19:35.337+0000] {processor.py:186} INFO - Started process (PID=232) to work on /opt/airflow/dags/ener_fact_dpt_etl_dag.py
[2025-07-06T20:19:35.338+0000] {processor.py:914} INFO - Processing file /opt/airflow/dags/ener_fact_dpt_etl_dag.py for tasks to queue
[2025-07-06T20:19:35.341+0000] {logging_mixin.py:190} INFO - [2025-07-06T20:19:35.340+0000] {dagbag.py:588} INFO - Filling up the DagBag from /opt/airflow/dags/ener_fact_dpt_etl_dag.py
[2025-07-06T20:19:36.068+0000] {logging_mixin.py:190} INFO - [2025-07-06T20:19:36.061+0000] {dagbag.py:387} ERROR - Failed to import: /opt/airflow/dags/ener_fact_dpt_etl_dag.py
Traceback (most recent call last):
  File "/home/airflow/.local/lib/python3.12/site-packages/airflow/models/dagbag.py", line 383, in parse
    loader.exec_module(new_module)
  File "<frozen importlib._bootstrap_external>", line 999, in exec_module
  File "<frozen importlib._bootstrap>", line 488, in _call_with_frames_removed
  File "/opt/airflow/dags/ener_fact_dpt_etl_dag.py", line 12, in <module>
    from utilities import construir_columna_fecha, obtener_cliente_db, desagregar_demanda_mensual
  File "/opt/airflow/utils/utilities.py", line 3, in <module>
    from pymongo.mongo_client import MongoClient
ModuleNotFoundError: No module named 'pymongo'
[2025-07-06T20:19:36.070+0000] {processor.py:927} WARNING - No viable dags retrieved from /opt/airflow/dags/ener_fact_dpt_etl_dag.py
[2025-07-06T20:19:36.092+0000] {processor.py:208} INFO - Processing /opt/airflow/dags/ener_fact_dpt_etl_dag.py took 0.762 seconds
[2025-07-06T20:20:06.399+0000] {processor.py:186} INFO - Started process (PID=250) to work on /opt/airflow/dags/ener_fact_dpt_etl_dag.py
[2025-07-06T20:20:06.399+0000] {processor.py:914} INFO - Processing file /opt/airflow/dags/ener_fact_dpt_etl_dag.py for tasks to queue
[2025-07-06T20:20:06.401+0000] {logging_mixin.py:190} INFO - [2025-07-06T20:20:06.401+0000] {dagbag.py:588} INFO - Filling up the DagBag from /opt/airflow/dags/ener_fact_dpt_etl_dag.py
[2025-07-06T20:20:06.858+0000] {logging_mixin.py:190} INFO - [2025-07-06T20:20:06.853+0000] {dagbag.py:387} ERROR - Failed to import: /opt/airflow/dags/ener_fact_dpt_etl_dag.py
Traceback (most recent call last):
  File "/home/airflow/.local/lib/python3.12/site-packages/airflow/models/dagbag.py", line 383, in parse
    loader.exec_module(new_module)
  File "<frozen importlib._bootstrap_external>", line 999, in exec_module
  File "<frozen importlib._bootstrap>", line 488, in _call_with_frames_removed
  File "/opt/airflow/dags/ener_fact_dpt_etl_dag.py", line 12, in <module>
    from utilities import construir_columna_fecha, obtener_cliente_db, desagregar_demanda_mensual
  File "/opt/airflow/utils/utilities.py", line 3, in <module>
    from pymongo.mongo_client import MongoClient
ModuleNotFoundError: No module named 'pymongo'
[2025-07-06T20:20:06.859+0000] {processor.py:927} WARNING - No viable dags retrieved from /opt/airflow/dags/ener_fact_dpt_etl_dag.py
[2025-07-06T20:20:06.879+0000] {processor.py:208} INFO - Processing /opt/airflow/dags/ener_fact_dpt_etl_dag.py took 0.486 seconds
[2025-07-06T20:20:37.241+0000] {processor.py:186} INFO - Started process (PID=268) to work on /opt/airflow/dags/ener_fact_dpt_etl_dag.py
[2025-07-06T20:20:37.241+0000] {processor.py:914} INFO - Processing file /opt/airflow/dags/ener_fact_dpt_etl_dag.py for tasks to queue
[2025-07-06T20:20:37.244+0000] {logging_mixin.py:190} INFO - [2025-07-06T20:20:37.243+0000] {dagbag.py:588} INFO - Filling up the DagBag from /opt/airflow/dags/ener_fact_dpt_etl_dag.py
[2025-07-06T20:20:37.707+0000] {logging_mixin.py:190} INFO - [2025-07-06T20:20:37.701+0000] {dagbag.py:387} ERROR - Failed to import: /opt/airflow/dags/ener_fact_dpt_etl_dag.py
Traceback (most recent call last):
  File "/home/airflow/.local/lib/python3.12/site-packages/airflow/models/dagbag.py", line 383, in parse
    loader.exec_module(new_module)
  File "<frozen importlib._bootstrap_external>", line 999, in exec_module
  File "<frozen importlib._bootstrap>", line 488, in _call_with_frames_removed
  File "/opt/airflow/dags/ener_fact_dpt_etl_dag.py", line 12, in <module>
    from utilities import construir_columna_fecha, obtener_cliente_db, desagregar_demanda_mensual
  File "/opt/airflow/utils/utilities.py", line 3, in <module>
    from pymongo.mongo_client import MongoClient
ModuleNotFoundError: No module named 'pymongo'
[2025-07-06T20:20:37.708+0000] {processor.py:927} WARNING - No viable dags retrieved from /opt/airflow/dags/ener_fact_dpt_etl_dag.py
[2025-07-06T20:20:37.727+0000] {processor.py:208} INFO - Processing /opt/airflow/dags/ener_fact_dpt_etl_dag.py took 0.493 seconds
[2025-07-06T20:21:08.132+0000] {processor.py:186} INFO - Started process (PID=286) to work on /opt/airflow/dags/ener_fact_dpt_etl_dag.py
[2025-07-06T20:21:08.134+0000] {processor.py:914} INFO - Processing file /opt/airflow/dags/ener_fact_dpt_etl_dag.py for tasks to queue
[2025-07-06T20:21:08.136+0000] {logging_mixin.py:190} INFO - [2025-07-06T20:21:08.136+0000] {dagbag.py:588} INFO - Filling up the DagBag from /opt/airflow/dags/ener_fact_dpt_etl_dag.py
[2025-07-06T20:21:08.709+0000] {logging_mixin.py:190} INFO - [2025-07-06T20:21:08.703+0000] {dagbag.py:387} ERROR - Failed to import: /opt/airflow/dags/ener_fact_dpt_etl_dag.py
Traceback (most recent call last):
  File "/home/airflow/.local/lib/python3.12/site-packages/airflow/models/dagbag.py", line 383, in parse
    loader.exec_module(new_module)
  File "<frozen importlib._bootstrap_external>", line 999, in exec_module
  File "<frozen importlib._bootstrap>", line 488, in _call_with_frames_removed
  File "/opt/airflow/dags/ener_fact_dpt_etl_dag.py", line 12, in <module>
    from utilities import construir_columna_fecha, obtener_cliente_db, desagregar_demanda_mensual
  File "/opt/airflow/utils/utilities.py", line 3, in <module>
    from pymongo.mongo_client import MongoClient
ModuleNotFoundError: No module named 'pymongo'
[2025-07-06T20:21:08.711+0000] {processor.py:927} WARNING - No viable dags retrieved from /opt/airflow/dags/ener_fact_dpt_etl_dag.py
[2025-07-06T20:21:08.733+0000] {processor.py:208} INFO - Processing /opt/airflow/dags/ener_fact_dpt_etl_dag.py took 0.610 seconds
[2025-07-06T20:21:39.088+0000] {processor.py:186} INFO - Started process (PID=304) to work on /opt/airflow/dags/ener_fact_dpt_etl_dag.py
[2025-07-06T20:21:39.089+0000] {processor.py:914} INFO - Processing file /opt/airflow/dags/ener_fact_dpt_etl_dag.py for tasks to queue
[2025-07-06T20:21:39.091+0000] {logging_mixin.py:190} INFO - [2025-07-06T20:21:39.091+0000] {dagbag.py:588} INFO - Filling up the DagBag from /opt/airflow/dags/ener_fact_dpt_etl_dag.py
[2025-07-06T20:21:39.600+0000] {logging_mixin.py:190} INFO - [2025-07-06T20:21:39.594+0000] {dagbag.py:387} ERROR - Failed to import: /opt/airflow/dags/ener_fact_dpt_etl_dag.py
Traceback (most recent call last):
  File "/home/airflow/.local/lib/python3.12/site-packages/airflow/models/dagbag.py", line 383, in parse
    loader.exec_module(new_module)
  File "<frozen importlib._bootstrap_external>", line 999, in exec_module
  File "<frozen importlib._bootstrap>", line 488, in _call_with_frames_removed
  File "/opt/airflow/dags/ener_fact_dpt_etl_dag.py", line 12, in <module>
    from utilities import construir_columna_fecha, obtener_cliente_db, desagregar_demanda_mensual
  File "/opt/airflow/utils/utilities.py", line 3, in <module>
    from pymongo.mongo_client import MongoClient
ModuleNotFoundError: No module named 'pymongo'
[2025-07-06T20:21:39.601+0000] {processor.py:927} WARNING - No viable dags retrieved from /opt/airflow/dags/ener_fact_dpt_etl_dag.py
[2025-07-06T20:21:39.621+0000] {processor.py:208} INFO - Processing /opt/airflow/dags/ener_fact_dpt_etl_dag.py took 0.540 seconds
[2025-07-06T20:22:09.949+0000] {processor.py:186} INFO - Started process (PID=322) to work on /opt/airflow/dags/ener_fact_dpt_etl_dag.py
[2025-07-06T20:22:09.950+0000] {processor.py:914} INFO - Processing file /opt/airflow/dags/ener_fact_dpt_etl_dag.py for tasks to queue
[2025-07-06T20:22:09.952+0000] {logging_mixin.py:190} INFO - [2025-07-06T20:22:09.952+0000] {dagbag.py:588} INFO - Filling up the DagBag from /opt/airflow/dags/ener_fact_dpt_etl_dag.py
[2025-07-06T20:22:10.450+0000] {logging_mixin.py:190} INFO - [2025-07-06T20:22:10.445+0000] {dagbag.py:387} ERROR - Failed to import: /opt/airflow/dags/ener_fact_dpt_etl_dag.py
Traceback (most recent call last):
  File "/home/airflow/.local/lib/python3.12/site-packages/airflow/models/dagbag.py", line 383, in parse
    loader.exec_module(new_module)
  File "<frozen importlib._bootstrap_external>", line 999, in exec_module
  File "<frozen importlib._bootstrap>", line 488, in _call_with_frames_removed
  File "/opt/airflow/dags/ener_fact_dpt_etl_dag.py", line 12, in <module>
    from utilities import construir_columna_fecha, obtener_cliente_db, desagregar_demanda_mensual
  File "/opt/airflow/utils/utilities.py", line 3, in <module>
    from pymongo.mongo_client import MongoClient
ModuleNotFoundError: No module named 'pymongo'
[2025-07-06T20:22:10.452+0000] {processor.py:927} WARNING - No viable dags retrieved from /opt/airflow/dags/ener_fact_dpt_etl_dag.py
[2025-07-06T20:22:10.481+0000] {processor.py:208} INFO - Processing /opt/airflow/dags/ener_fact_dpt_etl_dag.py took 0.538 seconds
[2025-07-06T20:22:40.801+0000] {processor.py:186} INFO - Started process (PID=341) to work on /opt/airflow/dags/ener_fact_dpt_etl_dag.py
[2025-07-06T20:22:40.802+0000] {processor.py:914} INFO - Processing file /opt/airflow/dags/ener_fact_dpt_etl_dag.py for tasks to queue
[2025-07-06T20:22:40.805+0000] {logging_mixin.py:190} INFO - [2025-07-06T20:22:40.805+0000] {dagbag.py:588} INFO - Filling up the DagBag from /opt/airflow/dags/ener_fact_dpt_etl_dag.py
[2025-07-06T20:22:41.073+0000] {logging_mixin.py:190} INFO - [2025-07-06T20:22:41.068+0000] {dagbag.py:387} ERROR - Failed to import: /opt/airflow/dags/ener_fact_dpt_etl_dag.py
Traceback (most recent call last):
  File "/home/airflow/.local/lib/python3.12/site-packages/airflow/models/dagbag.py", line 383, in parse
    loader.exec_module(new_module)
  File "<frozen importlib._bootstrap_external>", line 999, in exec_module
  File "<frozen importlib._bootstrap>", line 488, in _call_with_frames_removed
  File "/opt/airflow/dags/ener_fact_dpt_etl_dag.py", line 12, in <module>
    from utilities import construir_columna_fecha, obtener_cliente_db, desagregar_demanda_mensual
  File "/opt/airflow/utils/utilities.py", line 3, in <module>
    from pymongo.mongo_client import MongoClient
ModuleNotFoundError: No module named 'pymongo'
[2025-07-06T20:22:41.075+0000] {processor.py:927} WARNING - No viable dags retrieved from /opt/airflow/dags/ener_fact_dpt_etl_dag.py
[2025-07-06T20:22:41.101+0000] {processor.py:208} INFO - Processing /opt/airflow/dags/ener_fact_dpt_etl_dag.py took 0.306 seconds
[2025-07-06T20:23:11.740+0000] {processor.py:186} INFO - Started process (PID=367) to work on /opt/airflow/dags/ener_fact_dpt_etl_dag.py
[2025-07-06T20:23:11.741+0000] {processor.py:914} INFO - Processing file /opt/airflow/dags/ener_fact_dpt_etl_dag.py for tasks to queue
[2025-07-06T20:23:11.743+0000] {logging_mixin.py:190} INFO - [2025-07-06T20:23:11.743+0000] {dagbag.py:588} INFO - Filling up the DagBag from /opt/airflow/dags/ener_fact_dpt_etl_dag.py
[2025-07-06T20:23:12.018+0000] {logging_mixin.py:190} INFO - [2025-07-06T20:23:12.012+0000] {dagbag.py:387} ERROR - Failed to import: /opt/airflow/dags/ener_fact_dpt_etl_dag.py
Traceback (most recent call last):
  File "/home/airflow/.local/lib/python3.12/site-packages/airflow/models/dagbag.py", line 383, in parse
    loader.exec_module(new_module)
  File "<frozen importlib._bootstrap_external>", line 999, in exec_module
  File "<frozen importlib._bootstrap>", line 488, in _call_with_frames_removed
  File "/opt/airflow/dags/ener_fact_dpt_etl_dag.py", line 12, in <module>
    from utilities import construir_columna_fecha, obtener_cliente_db, desagregar_demanda_mensual
  File "/opt/airflow/utils/utilities.py", line 3, in <module>
    from pymongo.mongo_client import MongoClient
ModuleNotFoundError: No module named 'pymongo'
[2025-07-06T20:23:12.019+0000] {processor.py:927} WARNING - No viable dags retrieved from /opt/airflow/dags/ener_fact_dpt_etl_dag.py
[2025-07-06T20:23:12.041+0000] {processor.py:208} INFO - Processing /opt/airflow/dags/ener_fact_dpt_etl_dag.py took 0.307 seconds
[2025-07-06T20:23:42.640+0000] {processor.py:186} INFO - Started process (PID=403) to work on /opt/airflow/dags/ener_fact_dpt_etl_dag.py
[2025-07-06T20:23:42.641+0000] {processor.py:914} INFO - Processing file /opt/airflow/dags/ener_fact_dpt_etl_dag.py for tasks to queue
[2025-07-06T20:23:42.643+0000] {logging_mixin.py:190} INFO - [2025-07-06T20:23:42.643+0000] {dagbag.py:588} INFO - Filling up the DagBag from /opt/airflow/dags/ener_fact_dpt_etl_dag.py
[2025-07-06T20:23:43.017+0000] {processor.py:925} INFO - DAG(s) 'etl_dag_datos_ener_facturada_dpt' retrieved from /opt/airflow/dags/ener_fact_dpt_etl_dag.py
[2025-07-06T20:23:43.122+0000] {logging_mixin.py:190} INFO - [2025-07-06T20:23:43.121+0000] {override.py:1912} INFO - Created Permission View: can edit on DAG:etl_dag_datos_ener_facturada_dpt
[2025-07-06T20:23:43.136+0000] {logging_mixin.py:190} INFO - [2025-07-06T20:23:43.135+0000] {override.py:1912} INFO - Created Permission View: can delete on DAG:etl_dag_datos_ener_facturada_dpt
[2025-07-06T20:23:43.147+0000] {logging_mixin.py:190} INFO - [2025-07-06T20:23:43.147+0000] {override.py:1912} INFO - Created Permission View: can read on DAG:etl_dag_datos_ener_facturada_dpt
[2025-07-06T20:23:43.162+0000] {logging_mixin.py:190} INFO - [2025-07-06T20:23:43.162+0000] {override.py:1912} INFO - Created Permission View: can create on DAG Run:etl_dag_datos_ener_facturada_dpt
[2025-07-06T20:23:43.169+0000] {logging_mixin.py:190} INFO - [2025-07-06T20:23:43.168+0000] {override.py:1912} INFO - Created Permission View: can delete on DAG Run:etl_dag_datos_ener_facturada_dpt
[2025-07-06T20:23:43.176+0000] {logging_mixin.py:190} INFO - [2025-07-06T20:23:43.176+0000] {override.py:1912} INFO - Created Permission View: can read on DAG Run:etl_dag_datos_ener_facturada_dpt
[2025-07-06T20:23:43.192+0000] {logging_mixin.py:190} INFO - [2025-07-06T20:23:43.192+0000] {override.py:1912} INFO - Created Permission View: menu access on DAG Run:etl_dag_datos_ener_facturada_dpt
[2025-07-06T20:23:43.193+0000] {logging_mixin.py:190} INFO - [2025-07-06T20:23:43.193+0000] {dag.py:3239} INFO - Sync 1 DAGs
[2025-07-06T20:23:43.205+0000] {logging_mixin.py:190} INFO - [2025-07-06T20:23:43.205+0000] {dag.py:3262} INFO - Creating ORM DAG for etl_dag_datos_ener_facturada_dpt
[2025-07-06T20:23:43.206+0000] {logging_mixin.py:190} INFO - [2025-07-06T20:23:43.206+0000] {dag.py:4180} INFO - Setting next_dagrun for etl_dag_datos_ener_facturada_dpt to None, run_after=None
[2025-07-06T20:23:43.231+0000] {processor.py:208} INFO - Processing /opt/airflow/dags/ener_fact_dpt_etl_dag.py took 0.601 seconds
[2025-07-06T20:24:13.390+0000] {processor.py:186} INFO - Started process (PID=64) to work on /opt/airflow/dags/ener_fact_dpt_etl_dag.py
[2025-07-06T20:24:13.391+0000] {processor.py:914} INFO - Processing file /opt/airflow/dags/ener_fact_dpt_etl_dag.py for tasks to queue
[2025-07-06T20:24:13.394+0000] {logging_mixin.py:190} INFO - [2025-07-06T20:24:13.393+0000] {dagbag.py:588} INFO - Filling up the DagBag from /opt/airflow/dags/ener_fact_dpt_etl_dag.py
[2025-07-06T20:24:14.157+0000] {processor.py:925} INFO - DAG(s) 'etl_dag_datos_ener_facturada_dpt' retrieved from /opt/airflow/dags/ener_fact_dpt_etl_dag.py
[2025-07-06T20:24:14.228+0000] {logging_mixin.py:190} INFO - [2025-07-06T20:24:14.228+0000] {dag.py:3239} INFO - Sync 1 DAGs
[2025-07-06T20:24:14.256+0000] {logging_mixin.py:190} INFO - [2025-07-06T20:24:14.256+0000] {dag.py:4180} INFO - Setting next_dagrun for etl_dag_datos_ener_facturada_dpt to None, run_after=None
[2025-07-06T20:24:14.281+0000] {processor.py:208} INFO - Processing /opt/airflow/dags/ener_fact_dpt_etl_dag.py took 0.897 seconds
[2025-07-06T20:24:44.465+0000] {processor.py:186} INFO - Started process (PID=82) to work on /opt/airflow/dags/ener_fact_dpt_etl_dag.py
[2025-07-06T20:24:44.466+0000] {processor.py:914} INFO - Processing file /opt/airflow/dags/ener_fact_dpt_etl_dag.py for tasks to queue
[2025-07-06T20:24:44.467+0000] {logging_mixin.py:190} INFO - [2025-07-06T20:24:44.467+0000] {dagbag.py:588} INFO - Filling up the DagBag from /opt/airflow/dags/ener_fact_dpt_etl_dag.py
[2025-07-06T20:24:44.959+0000] {processor.py:925} INFO - DAG(s) 'etl_dag_datos_ener_facturada_dpt' retrieved from /opt/airflow/dags/ener_fact_dpt_etl_dag.py
[2025-07-06T20:24:44.980+0000] {logging_mixin.py:190} INFO - [2025-07-06T20:24:44.980+0000] {dag.py:3239} INFO - Sync 1 DAGs
[2025-07-06T20:24:44.991+0000] {logging_mixin.py:190} INFO - [2025-07-06T20:24:44.991+0000] {dag.py:4180} INFO - Setting next_dagrun for etl_dag_datos_ener_facturada_dpt to None, run_after=None
[2025-07-06T20:24:45.005+0000] {processor.py:208} INFO - Processing /opt/airflow/dags/ener_fact_dpt_etl_dag.py took 0.546 seconds
[2025-07-06T20:25:15.182+0000] {processor.py:186} INFO - Started process (PID=100) to work on /opt/airflow/dags/ener_fact_dpt_etl_dag.py
[2025-07-06T20:25:15.183+0000] {processor.py:914} INFO - Processing file /opt/airflow/dags/ener_fact_dpt_etl_dag.py for tasks to queue
[2025-07-06T20:25:15.185+0000] {logging_mixin.py:190} INFO - [2025-07-06T20:25:15.185+0000] {dagbag.py:588} INFO - Filling up the DagBag from /opt/airflow/dags/ener_fact_dpt_etl_dag.py
[2025-07-06T20:25:15.684+0000] {processor.py:925} INFO - DAG(s) 'etl_dag_datos_ener_facturada_dpt' retrieved from /opt/airflow/dags/ener_fact_dpt_etl_dag.py
[2025-07-06T20:25:15.704+0000] {logging_mixin.py:190} INFO - [2025-07-06T20:25:15.703+0000] {dag.py:3239} INFO - Sync 1 DAGs
[2025-07-06T20:25:15.714+0000] {logging_mixin.py:190} INFO - [2025-07-06T20:25:15.713+0000] {dag.py:4180} INFO - Setting next_dagrun for etl_dag_datos_ener_facturada_dpt to None, run_after=None
[2025-07-06T20:25:15.729+0000] {processor.py:208} INFO - Processing /opt/airflow/dags/ener_fact_dpt_etl_dag.py took 0.553 seconds
[2025-07-06T20:25:46.205+0000] {processor.py:186} INFO - Started process (PID=120) to work on /opt/airflow/dags/ener_fact_dpt_etl_dag.py
[2025-07-06T20:25:46.206+0000] {processor.py:914} INFO - Processing file /opt/airflow/dags/ener_fact_dpt_etl_dag.py for tasks to queue
[2025-07-06T20:25:46.209+0000] {logging_mixin.py:190} INFO - [2025-07-06T20:25:46.209+0000] {dagbag.py:588} INFO - Filling up the DagBag from /opt/airflow/dags/ener_fact_dpt_etl_dag.py
[2025-07-06T20:25:46.694+0000] {processor.py:925} INFO - DAG(s) 'etl_dag_datos_ener_facturada_dpt' retrieved from /opt/airflow/dags/ener_fact_dpt_etl_dag.py
[2025-07-06T20:25:46.713+0000] {logging_mixin.py:190} INFO - [2025-07-06T20:25:46.713+0000] {dag.py:3239} INFO - Sync 1 DAGs
[2025-07-06T20:25:46.722+0000] {logging_mixin.py:190} INFO - [2025-07-06T20:25:46.722+0000] {dag.py:4180} INFO - Setting next_dagrun for etl_dag_datos_ener_facturada_dpt to None, run_after=None
[2025-07-06T20:25:46.734+0000] {processor.py:208} INFO - Processing /opt/airflow/dags/ener_fact_dpt_etl_dag.py took 0.536 seconds
[2025-07-06T20:26:16.849+0000] {processor.py:186} INFO - Started process (PID=142) to work on /opt/airflow/dags/ener_fact_dpt_etl_dag.py
[2025-07-06T20:26:16.850+0000] {processor.py:914} INFO - Processing file /opt/airflow/dags/ener_fact_dpt_etl_dag.py for tasks to queue
[2025-07-06T20:26:16.852+0000] {logging_mixin.py:190} INFO - [2025-07-06T20:26:16.852+0000] {dagbag.py:588} INFO - Filling up the DagBag from /opt/airflow/dags/ener_fact_dpt_etl_dag.py
[2025-07-06T20:26:17.364+0000] {processor.py:925} INFO - DAG(s) 'etl_dag_datos_ener_facturada_dpt' retrieved from /opt/airflow/dags/ener_fact_dpt_etl_dag.py
[2025-07-06T20:26:17.383+0000] {logging_mixin.py:190} INFO - [2025-07-06T20:26:17.383+0000] {dag.py:3239} INFO - Sync 1 DAGs
[2025-07-06T20:26:17.394+0000] {logging_mixin.py:190} INFO - [2025-07-06T20:26:17.394+0000] {dag.py:4180} INFO - Setting next_dagrun for etl_dag_datos_ener_facturada_dpt to None, run_after=None
[2025-07-06T20:26:17.408+0000] {processor.py:208} INFO - Processing /opt/airflow/dags/ener_fact_dpt_etl_dag.py took 0.565 seconds
[2025-07-06T20:26:47.959+0000] {processor.py:186} INFO - Started process (PID=160) to work on /opt/airflow/dags/ener_fact_dpt_etl_dag.py
[2025-07-06T20:26:47.959+0000] {processor.py:914} INFO - Processing file /opt/airflow/dags/ener_fact_dpt_etl_dag.py for tasks to queue
[2025-07-06T20:26:47.962+0000] {logging_mixin.py:190} INFO - [2025-07-06T20:26:47.961+0000] {dagbag.py:588} INFO - Filling up the DagBag from /opt/airflow/dags/ener_fact_dpt_etl_dag.py
[2025-07-06T20:26:48.408+0000] {processor.py:925} INFO - DAG(s) 'etl_dag_datos_ener_facturada_dpt' retrieved from /opt/airflow/dags/ener_fact_dpt_etl_dag.py
[2025-07-06T20:26:48.427+0000] {logging_mixin.py:190} INFO - [2025-07-06T20:26:48.426+0000] {dag.py:3239} INFO - Sync 1 DAGs
[2025-07-06T20:26:48.435+0000] {logging_mixin.py:190} INFO - [2025-07-06T20:26:48.435+0000] {dag.py:4180} INFO - Setting next_dagrun for etl_dag_datos_ener_facturada_dpt to None, run_after=None
[2025-07-06T20:26:48.448+0000] {processor.py:208} INFO - Processing /opt/airflow/dags/ener_fact_dpt_etl_dag.py took 0.495 seconds
[2025-07-06T20:27:19.394+0000] {processor.py:186} INFO - Started process (PID=178) to work on /opt/airflow/dags/ener_fact_dpt_etl_dag.py
[2025-07-06T20:27:19.395+0000] {processor.py:914} INFO - Processing file /opt/airflow/dags/ener_fact_dpt_etl_dag.py for tasks to queue
[2025-07-06T20:27:19.397+0000] {logging_mixin.py:190} INFO - [2025-07-06T20:27:19.397+0000] {dagbag.py:588} INFO - Filling up the DagBag from /opt/airflow/dags/ener_fact_dpt_etl_dag.py
[2025-07-06T20:27:19.875+0000] {processor.py:925} INFO - DAG(s) 'etl_dag_datos_ener_facturada_dpt' retrieved from /opt/airflow/dags/ener_fact_dpt_etl_dag.py
[2025-07-06T20:27:19.895+0000] {logging_mixin.py:190} INFO - [2025-07-06T20:27:19.894+0000] {dag.py:3239} INFO - Sync 1 DAGs
[2025-07-06T20:27:19.906+0000] {logging_mixin.py:190} INFO - [2025-07-06T20:27:19.906+0000] {dag.py:4180} INFO - Setting next_dagrun for etl_dag_datos_ener_facturada_dpt to None, run_after=None
[2025-07-06T20:27:19.920+0000] {processor.py:208} INFO - Processing /opt/airflow/dags/ener_fact_dpt_etl_dag.py took 0.532 seconds
[2025-07-06T20:27:50.327+0000] {processor.py:186} INFO - Started process (PID=196) to work on /opt/airflow/dags/ener_fact_dpt_etl_dag.py
[2025-07-06T20:27:50.328+0000] {processor.py:914} INFO - Processing file /opt/airflow/dags/ener_fact_dpt_etl_dag.py for tasks to queue
[2025-07-06T20:27:50.331+0000] {logging_mixin.py:190} INFO - [2025-07-06T20:27:50.330+0000] {dagbag.py:588} INFO - Filling up the DagBag from /opt/airflow/dags/ener_fact_dpt_etl_dag.py
[2025-07-06T20:27:50.750+0000] {processor.py:925} INFO - DAG(s) 'etl_dag_datos_ener_facturada_dpt' retrieved from /opt/airflow/dags/ener_fact_dpt_etl_dag.py
[2025-07-06T20:27:50.767+0000] {logging_mixin.py:190} INFO - [2025-07-06T20:27:50.767+0000] {dag.py:3239} INFO - Sync 1 DAGs
[2025-07-06T20:27:50.777+0000] {logging_mixin.py:190} INFO - [2025-07-06T20:27:50.776+0000] {dag.py:4180} INFO - Setting next_dagrun for etl_dag_datos_ener_facturada_dpt to None, run_after=None
[2025-07-06T20:27:50.789+0000] {processor.py:208} INFO - Processing /opt/airflow/dags/ener_fact_dpt_etl_dag.py took 0.467 seconds
[2025-07-06T20:28:21.172+0000] {processor.py:186} INFO - Started process (PID=214) to work on /opt/airflow/dags/ener_fact_dpt_etl_dag.py
[2025-07-06T20:28:21.173+0000] {processor.py:914} INFO - Processing file /opt/airflow/dags/ener_fact_dpt_etl_dag.py for tasks to queue
[2025-07-06T20:28:21.175+0000] {logging_mixin.py:190} INFO - [2025-07-06T20:28:21.175+0000] {dagbag.py:588} INFO - Filling up the DagBag from /opt/airflow/dags/ener_fact_dpt_etl_dag.py
[2025-07-06T20:28:21.622+0000] {processor.py:925} INFO - DAG(s) 'etl_dag_datos_ener_facturada_dpt' retrieved from /opt/airflow/dags/ener_fact_dpt_etl_dag.py
[2025-07-06T20:28:21.641+0000] {logging_mixin.py:190} INFO - [2025-07-06T20:28:21.641+0000] {dag.py:3239} INFO - Sync 1 DAGs
[2025-07-06T20:28:21.651+0000] {logging_mixin.py:190} INFO - [2025-07-06T20:28:21.650+0000] {dag.py:4180} INFO - Setting next_dagrun for etl_dag_datos_ener_facturada_dpt to None, run_after=None
[2025-07-06T20:28:21.664+0000] {processor.py:208} INFO - Processing /opt/airflow/dags/ener_fact_dpt_etl_dag.py took 0.497 seconds
[2025-07-06T20:28:52.082+0000] {processor.py:186} INFO - Started process (PID=232) to work on /opt/airflow/dags/ener_fact_dpt_etl_dag.py
[2025-07-06T20:28:52.083+0000] {processor.py:914} INFO - Processing file /opt/airflow/dags/ener_fact_dpt_etl_dag.py for tasks to queue
[2025-07-06T20:28:52.085+0000] {logging_mixin.py:190} INFO - [2025-07-06T20:28:52.084+0000] {dagbag.py:588} INFO - Filling up the DagBag from /opt/airflow/dags/ener_fact_dpt_etl_dag.py
[2025-07-06T20:28:52.531+0000] {processor.py:925} INFO - DAG(s) 'etl_dag_datos_ener_facturada_dpt' retrieved from /opt/airflow/dags/ener_fact_dpt_etl_dag.py
[2025-07-06T20:28:52.551+0000] {logging_mixin.py:190} INFO - [2025-07-06T20:28:52.550+0000] {dag.py:3239} INFO - Sync 1 DAGs
[2025-07-06T20:28:52.560+0000] {logging_mixin.py:190} INFO - [2025-07-06T20:28:52.560+0000] {dag.py:4180} INFO - Setting next_dagrun for etl_dag_datos_ener_facturada_dpt to None, run_after=None
[2025-07-06T20:28:52.574+0000] {processor.py:208} INFO - Processing /opt/airflow/dags/ener_fact_dpt_etl_dag.py took 0.498 seconds
[2025-07-06T20:29:22.883+0000] {processor.py:186} INFO - Started process (PID=250) to work on /opt/airflow/dags/ener_fact_dpt_etl_dag.py
[2025-07-06T20:29:22.884+0000] {processor.py:914} INFO - Processing file /opt/airflow/dags/ener_fact_dpt_etl_dag.py for tasks to queue
[2025-07-06T20:29:22.886+0000] {logging_mixin.py:190} INFO - [2025-07-06T20:29:22.886+0000] {dagbag.py:588} INFO - Filling up the DagBag from /opt/airflow/dags/ener_fact_dpt_etl_dag.py
[2025-07-06T20:29:23.370+0000] {processor.py:925} INFO - DAG(s) 'etl_dag_datos_ener_facturada_dpt' retrieved from /opt/airflow/dags/ener_fact_dpt_etl_dag.py
[2025-07-06T20:29:23.389+0000] {logging_mixin.py:190} INFO - [2025-07-06T20:29:23.388+0000] {dag.py:3239} INFO - Sync 1 DAGs
[2025-07-06T20:29:23.398+0000] {logging_mixin.py:190} INFO - [2025-07-06T20:29:23.398+0000] {dag.py:4180} INFO - Setting next_dagrun for etl_dag_datos_ener_facturada_dpt to None, run_after=None
[2025-07-06T20:29:23.411+0000] {processor.py:208} INFO - Processing /opt/airflow/dags/ener_fact_dpt_etl_dag.py took 0.533 seconds
[2025-07-06T20:29:54.047+0000] {processor.py:186} INFO - Started process (PID=270) to work on /opt/airflow/dags/ener_fact_dpt_etl_dag.py
[2025-07-06T20:29:54.048+0000] {processor.py:914} INFO - Processing file /opt/airflow/dags/ener_fact_dpt_etl_dag.py for tasks to queue
[2025-07-06T20:29:54.050+0000] {logging_mixin.py:190} INFO - [2025-07-06T20:29:54.050+0000] {dagbag.py:588} INFO - Filling up the DagBag from /opt/airflow/dags/ener_fact_dpt_etl_dag.py
[2025-07-06T20:29:54.540+0000] {processor.py:925} INFO - DAG(s) 'etl_dag_datos_ener_facturada_dpt' retrieved from /opt/airflow/dags/ener_fact_dpt_etl_dag.py
[2025-07-06T20:29:54.561+0000] {logging_mixin.py:190} INFO - [2025-07-06T20:29:54.561+0000] {dag.py:3239} INFO - Sync 1 DAGs
[2025-07-06T20:29:54.574+0000] {logging_mixin.py:190} INFO - [2025-07-06T20:29:54.573+0000] {dag.py:4180} INFO - Setting next_dagrun for etl_dag_datos_ener_facturada_dpt to None, run_after=None
[2025-07-06T20:29:54.589+0000] {processor.py:208} INFO - Processing /opt/airflow/dags/ener_fact_dpt_etl_dag.py took 0.547 seconds
[2025-07-06T20:30:25.050+0000] {processor.py:186} INFO - Started process (PID=288) to work on /opt/airflow/dags/ener_fact_dpt_etl_dag.py
[2025-07-06T20:30:25.051+0000] {processor.py:914} INFO - Processing file /opt/airflow/dags/ener_fact_dpt_etl_dag.py for tasks to queue
[2025-07-06T20:30:25.053+0000] {logging_mixin.py:190} INFO - [2025-07-06T20:30:25.052+0000] {dagbag.py:588} INFO - Filling up the DagBag from /opt/airflow/dags/ener_fact_dpt_etl_dag.py
[2025-07-06T20:30:25.536+0000] {processor.py:925} INFO - DAG(s) 'etl_dag_datos_ener_facturada_dpt' retrieved from /opt/airflow/dags/ener_fact_dpt_etl_dag.py
[2025-07-06T20:30:25.560+0000] {logging_mixin.py:190} INFO - [2025-07-06T20:30:25.559+0000] {dag.py:3239} INFO - Sync 1 DAGs
[2025-07-06T20:30:25.572+0000] {logging_mixin.py:190} INFO - [2025-07-06T20:30:25.572+0000] {dag.py:4180} INFO - Setting next_dagrun for etl_dag_datos_ener_facturada_dpt to None, run_after=None
[2025-07-06T20:30:25.590+0000] {processor.py:208} INFO - Processing /opt/airflow/dags/ener_fact_dpt_etl_dag.py took 0.547 seconds
[2025-07-06T20:30:56.147+0000] {processor.py:186} INFO - Started process (PID=306) to work on /opt/airflow/dags/ener_fact_dpt_etl_dag.py
[2025-07-06T20:30:56.148+0000] {processor.py:914} INFO - Processing file /opt/airflow/dags/ener_fact_dpt_etl_dag.py for tasks to queue
[2025-07-06T20:30:56.150+0000] {logging_mixin.py:190} INFO - [2025-07-06T20:30:56.150+0000] {dagbag.py:588} INFO - Filling up the DagBag from /opt/airflow/dags/ener_fact_dpt_etl_dag.py
[2025-07-06T20:30:56.678+0000] {processor.py:925} INFO - DAG(s) 'etl_dag_datos_ener_facturada_dpt' retrieved from /opt/airflow/dags/ener_fact_dpt_etl_dag.py
[2025-07-06T20:30:56.702+0000] {logging_mixin.py:190} INFO - [2025-07-06T20:30:56.702+0000] {dag.py:3239} INFO - Sync 1 DAGs
[2025-07-06T20:30:56.714+0000] {logging_mixin.py:190} INFO - [2025-07-06T20:30:56.713+0000] {dag.py:4180} INFO - Setting next_dagrun for etl_dag_datos_ener_facturada_dpt to None, run_after=None
[2025-07-06T20:30:56.728+0000] {processor.py:208} INFO - Processing /opt/airflow/dags/ener_fact_dpt_etl_dag.py took 0.587 seconds
[2025-07-06T20:31:27.183+0000] {processor.py:186} INFO - Started process (PID=325) to work on /opt/airflow/dags/ener_fact_dpt_etl_dag.py
[2025-07-06T20:31:27.184+0000] {processor.py:914} INFO - Processing file /opt/airflow/dags/ener_fact_dpt_etl_dag.py for tasks to queue
[2025-07-06T20:31:27.186+0000] {logging_mixin.py:190} INFO - [2025-07-06T20:31:27.185+0000] {dagbag.py:588} INFO - Filling up the DagBag from /opt/airflow/dags/ener_fact_dpt_etl_dag.py
[2025-07-06T20:31:27.646+0000] {processor.py:925} INFO - DAG(s) 'etl_dag_datos_ener_facturada_dpt' retrieved from /opt/airflow/dags/ener_fact_dpt_etl_dag.py
[2025-07-06T20:31:27.667+0000] {logging_mixin.py:190} INFO - [2025-07-06T20:31:27.667+0000] {dag.py:3239} INFO - Sync 1 DAGs
[2025-07-06T20:31:27.677+0000] {logging_mixin.py:190} INFO - [2025-07-06T20:31:27.677+0000] {dag.py:4180} INFO - Setting next_dagrun for etl_dag_datos_ener_facturada_dpt to None, run_after=None
[2025-07-06T20:31:27.692+0000] {processor.py:208} INFO - Processing /opt/airflow/dags/ener_fact_dpt_etl_dag.py took 0.516 seconds
[2025-07-06T20:31:57.799+0000] {processor.py:186} INFO - Started process (PID=367) to work on /opt/airflow/dags/ener_fact_dpt_etl_dag.py
[2025-07-06T20:31:57.800+0000] {processor.py:914} INFO - Processing file /opt/airflow/dags/ener_fact_dpt_etl_dag.py for tasks to queue
[2025-07-06T20:31:57.802+0000] {logging_mixin.py:190} INFO - [2025-07-06T20:31:57.802+0000] {dagbag.py:588} INFO - Filling up the DagBag from /opt/airflow/dags/ener_fact_dpt_etl_dag.py
[2025-07-06T20:31:58.258+0000] {processor.py:925} INFO - DAG(s) 'etl_dag_datos_ener_facturada_dpt' retrieved from /opt/airflow/dags/ener_fact_dpt_etl_dag.py
[2025-07-06T20:31:58.278+0000] {logging_mixin.py:190} INFO - [2025-07-06T20:31:58.278+0000] {dag.py:3239} INFO - Sync 1 DAGs
[2025-07-06T20:31:58.288+0000] {logging_mixin.py:190} INFO - [2025-07-06T20:31:58.288+0000] {dag.py:4180} INFO - Setting next_dagrun for etl_dag_datos_ener_facturada_dpt to None, run_after=None
[2025-07-06T20:31:58.303+0000] {processor.py:208} INFO - Processing /opt/airflow/dags/ener_fact_dpt_etl_dag.py took 0.513 seconds
[2025-07-06T20:32:28.783+0000] {processor.py:186} INFO - Started process (PID=389) to work on /opt/airflow/dags/ener_fact_dpt_etl_dag.py
[2025-07-06T20:32:28.784+0000] {processor.py:914} INFO - Processing file /opt/airflow/dags/ener_fact_dpt_etl_dag.py for tasks to queue
[2025-07-06T20:32:28.786+0000] {logging_mixin.py:190} INFO - [2025-07-06T20:32:28.785+0000] {dagbag.py:588} INFO - Filling up the DagBag from /opt/airflow/dags/ener_fact_dpt_etl_dag.py
[2025-07-06T20:32:29.288+0000] {processor.py:925} INFO - DAG(s) 'etl_dag_datos_ener_facturada_dpt' retrieved from /opt/airflow/dags/ener_fact_dpt_etl_dag.py
[2025-07-06T20:32:29.310+0000] {logging_mixin.py:190} INFO - [2025-07-06T20:32:29.310+0000] {dag.py:3239} INFO - Sync 1 DAGs
[2025-07-06T20:32:29.322+0000] {logging_mixin.py:190} INFO - [2025-07-06T20:32:29.322+0000] {dag.py:4180} INFO - Setting next_dagrun for etl_dag_datos_ener_facturada_dpt to None, run_after=None
[2025-07-06T20:32:29.336+0000] {processor.py:208} INFO - Processing /opt/airflow/dags/ener_fact_dpt_etl_dag.py took 0.562 seconds
[2025-07-06T20:33:00.138+0000] {processor.py:186} INFO - Started process (PID=407) to work on /opt/airflow/dags/ener_fact_dpt_etl_dag.py
[2025-07-06T20:33:00.139+0000] {processor.py:914} INFO - Processing file /opt/airflow/dags/ener_fact_dpt_etl_dag.py for tasks to queue
[2025-07-06T20:33:00.141+0000] {logging_mixin.py:190} INFO - [2025-07-06T20:33:00.141+0000] {dagbag.py:588} INFO - Filling up the DagBag from /opt/airflow/dags/ener_fact_dpt_etl_dag.py
[2025-07-06T20:33:00.568+0000] {processor.py:925} INFO - DAG(s) 'etl_dag_datos_ener_facturada_dpt' retrieved from /opt/airflow/dags/ener_fact_dpt_etl_dag.py
[2025-07-06T20:33:00.588+0000] {logging_mixin.py:190} INFO - [2025-07-06T20:33:00.588+0000] {dag.py:3239} INFO - Sync 1 DAGs
[2025-07-06T20:33:00.598+0000] {logging_mixin.py:190} INFO - [2025-07-06T20:33:00.597+0000] {dag.py:4180} INFO - Setting next_dagrun for etl_dag_datos_ener_facturada_dpt to None, run_after=None
[2025-07-06T20:33:00.613+0000] {processor.py:208} INFO - Processing /opt/airflow/dags/ener_fact_dpt_etl_dag.py took 0.483 seconds
[2025-07-06T20:33:31.055+0000] {processor.py:186} INFO - Started process (PID=425) to work on /opt/airflow/dags/ener_fact_dpt_etl_dag.py
[2025-07-06T20:33:31.055+0000] {processor.py:914} INFO - Processing file /opt/airflow/dags/ener_fact_dpt_etl_dag.py for tasks to queue
[2025-07-06T20:33:31.058+0000] {logging_mixin.py:190} INFO - [2025-07-06T20:33:31.057+0000] {dagbag.py:588} INFO - Filling up the DagBag from /opt/airflow/dags/ener_fact_dpt_etl_dag.py
[2025-07-06T20:33:31.533+0000] {processor.py:925} INFO - DAG(s) 'etl_dag_datos_ener_facturada_dpt' retrieved from /opt/airflow/dags/ener_fact_dpt_etl_dag.py
[2025-07-06T20:33:31.555+0000] {logging_mixin.py:190} INFO - [2025-07-06T20:33:31.555+0000] {dag.py:3239} INFO - Sync 1 DAGs
[2025-07-06T20:33:31.566+0000] {logging_mixin.py:190} INFO - [2025-07-06T20:33:31.566+0000] {dag.py:4180} INFO - Setting next_dagrun for etl_dag_datos_ener_facturada_dpt to None, run_after=None
[2025-07-06T20:33:31.581+0000] {processor.py:208} INFO - Processing /opt/airflow/dags/ener_fact_dpt_etl_dag.py took 0.534 seconds
[2025-07-06T20:34:02.048+0000] {processor.py:186} INFO - Started process (PID=447) to work on /opt/airflow/dags/ener_fact_dpt_etl_dag.py
[2025-07-06T20:34:02.049+0000] {processor.py:914} INFO - Processing file /opt/airflow/dags/ener_fact_dpt_etl_dag.py for tasks to queue
[2025-07-06T20:34:02.051+0000] {logging_mixin.py:190} INFO - [2025-07-06T20:34:02.050+0000] {dagbag.py:588} INFO - Filling up the DagBag from /opt/airflow/dags/ener_fact_dpt_etl_dag.py
[2025-07-06T20:34:02.499+0000] {processor.py:925} INFO - DAG(s) 'etl_dag_datos_ener_facturada_dpt' retrieved from /opt/airflow/dags/ener_fact_dpt_etl_dag.py
[2025-07-06T20:34:02.518+0000] {logging_mixin.py:190} INFO - [2025-07-06T20:34:02.518+0000] {dag.py:3239} INFO - Sync 1 DAGs
[2025-07-06T20:34:02.528+0000] {logging_mixin.py:190} INFO - [2025-07-06T20:34:02.528+0000] {dag.py:4180} INFO - Setting next_dagrun for etl_dag_datos_ener_facturada_dpt to None, run_after=None
[2025-07-06T20:34:02.543+0000] {processor.py:208} INFO - Processing /opt/airflow/dags/ener_fact_dpt_etl_dag.py took 0.503 seconds
[2025-07-06T20:34:33.187+0000] {processor.py:186} INFO - Started process (PID=465) to work on /opt/airflow/dags/ener_fact_dpt_etl_dag.py
[2025-07-06T20:34:33.188+0000] {processor.py:914} INFO - Processing file /opt/airflow/dags/ener_fact_dpt_etl_dag.py for tasks to queue
[2025-07-06T20:34:33.377+0000] {logging_mixin.py:190} INFO - [2025-07-06T20:34:33.377+0000] {dagbag.py:588} INFO - Filling up the DagBag from /opt/airflow/dags/ener_fact_dpt_etl_dag.py
[2025-07-06T20:34:33.688+0000] {processor.py:925} INFO - DAG(s) 'etl_dag_datos_ener_facturada_dpt' retrieved from /opt/airflow/dags/ener_fact_dpt_etl_dag.py
[2025-07-06T20:34:33.707+0000] {logging_mixin.py:190} INFO - [2025-07-06T20:34:33.706+0000] {dag.py:3239} INFO - Sync 1 DAGs
[2025-07-06T20:34:33.717+0000] {logging_mixin.py:190} INFO - [2025-07-06T20:34:33.717+0000] {dag.py:4180} INFO - Setting next_dagrun for etl_dag_datos_ener_facturada_dpt to None, run_after=None
[2025-07-06T20:34:33.731+0000] {processor.py:208} INFO - Processing /opt/airflow/dags/ener_fact_dpt_etl_dag.py took 0.552 seconds
[2025-07-06T20:35:04.063+0000] {processor.py:186} INFO - Started process (PID=483) to work on /opt/airflow/dags/ener_fact_dpt_etl_dag.py
[2025-07-06T20:35:04.064+0000] {processor.py:914} INFO - Processing file /opt/airflow/dags/ener_fact_dpt_etl_dag.py for tasks to queue
[2025-07-06T20:35:04.066+0000] {logging_mixin.py:190} INFO - [2025-07-06T20:35:04.066+0000] {dagbag.py:588} INFO - Filling up the DagBag from /opt/airflow/dags/ener_fact_dpt_etl_dag.py
[2025-07-06T20:35:04.415+0000] {processor.py:925} INFO - DAG(s) 'etl_dag_datos_ener_facturada_dpt' retrieved from /opt/airflow/dags/ener_fact_dpt_etl_dag.py
[2025-07-06T20:35:04.442+0000] {logging_mixin.py:190} INFO - [2025-07-06T20:35:04.441+0000] {dag.py:3239} INFO - Sync 1 DAGs
[2025-07-06T20:35:04.456+0000] {logging_mixin.py:190} INFO - [2025-07-06T20:35:04.456+0000] {dag.py:4180} INFO - Setting next_dagrun for etl_dag_datos_ener_facturada_dpt to None, run_after=None
[2025-07-06T20:35:04.473+0000] {processor.py:208} INFO - Processing /opt/airflow/dags/ener_fact_dpt_etl_dag.py took 0.419 seconds
[2025-07-06T20:35:34.736+0000] {processor.py:186} INFO - Started process (PID=509) to work on /opt/airflow/dags/ener_fact_dpt_etl_dag.py
[2025-07-06T20:35:34.737+0000] {processor.py:914} INFO - Processing file /opt/airflow/dags/ener_fact_dpt_etl_dag.py for tasks to queue
[2025-07-06T20:35:34.740+0000] {logging_mixin.py:190} INFO - [2025-07-06T20:35:34.739+0000] {dagbag.py:588} INFO - Filling up the DagBag from /opt/airflow/dags/ener_fact_dpt_etl_dag.py
[2025-07-06T20:35:35.055+0000] {processor.py:925} INFO - DAG(s) 'etl_dag_datos_ener_facturada_dpt' retrieved from /opt/airflow/dags/ener_fact_dpt_etl_dag.py
[2025-07-06T20:35:35.078+0000] {logging_mixin.py:190} INFO - [2025-07-06T20:35:35.078+0000] {dag.py:3239} INFO - Sync 1 DAGs
[2025-07-06T20:35:35.090+0000] {logging_mixin.py:190} INFO - [2025-07-06T20:35:35.090+0000] {dag.py:4180} INFO - Setting next_dagrun for etl_dag_datos_ener_facturada_dpt to None, run_after=None
[2025-07-06T20:35:35.105+0000] {processor.py:208} INFO - Processing /opt/airflow/dags/ener_fact_dpt_etl_dag.py took 0.380 seconds
[2025-07-06T20:36:05.192+0000] {processor.py:186} INFO - Started process (PID=527) to work on /opt/airflow/dags/ener_fact_dpt_etl_dag.py
[2025-07-06T20:36:05.194+0000] {processor.py:914} INFO - Processing file /opt/airflow/dags/ener_fact_dpt_etl_dag.py for tasks to queue
[2025-07-06T20:36:05.196+0000] {logging_mixin.py:190} INFO - [2025-07-06T20:36:05.195+0000] {dagbag.py:588} INFO - Filling up the DagBag from /opt/airflow/dags/ener_fact_dpt_etl_dag.py
[2025-07-06T20:36:05.485+0000] {processor.py:925} INFO - DAG(s) 'etl_dag_datos_ener_facturada_dpt' retrieved from /opt/airflow/dags/ener_fact_dpt_etl_dag.py
[2025-07-06T20:36:05.508+0000] {logging_mixin.py:190} INFO - [2025-07-06T20:36:05.507+0000] {dag.py:3239} INFO - Sync 1 DAGs
[2025-07-06T20:36:05.518+0000] {logging_mixin.py:190} INFO - [2025-07-06T20:36:05.518+0000] {dag.py:4180} INFO - Setting next_dagrun for etl_dag_datos_ener_facturada_dpt to None, run_after=None
[2025-07-06T20:36:05.532+0000] {processor.py:208} INFO - Processing /opt/airflow/dags/ener_fact_dpt_etl_dag.py took 0.348 seconds
[2025-07-06T20:36:35.683+0000] {processor.py:186} INFO - Started process (PID=545) to work on /opt/airflow/dags/ener_fact_dpt_etl_dag.py
[2025-07-06T20:36:35.684+0000] {processor.py:914} INFO - Processing file /opt/airflow/dags/ener_fact_dpt_etl_dag.py for tasks to queue
[2025-07-06T20:36:35.686+0000] {logging_mixin.py:190} INFO - [2025-07-06T20:36:35.686+0000] {dagbag.py:588} INFO - Filling up the DagBag from /opt/airflow/dags/ener_fact_dpt_etl_dag.py
[2025-07-06T20:36:35.999+0000] {processor.py:925} INFO - DAG(s) 'etl_dag_datos_ener_facturada_dpt' retrieved from /opt/airflow/dags/ener_fact_dpt_etl_dag.py
[2025-07-06T20:36:36.023+0000] {logging_mixin.py:190} INFO - [2025-07-06T20:36:36.022+0000] {dag.py:3239} INFO - Sync 1 DAGs
[2025-07-06T20:36:36.035+0000] {logging_mixin.py:190} INFO - [2025-07-06T20:36:36.035+0000] {dag.py:4180} INFO - Setting next_dagrun for etl_dag_datos_ener_facturada_dpt to None, run_after=None
[2025-07-06T20:36:36.051+0000] {processor.py:208} INFO - Processing /opt/airflow/dags/ener_fact_dpt_etl_dag.py took 0.377 seconds
[2025-07-06T20:37:06.195+0000] {processor.py:186} INFO - Started process (PID=563) to work on /opt/airflow/dags/ener_fact_dpt_etl_dag.py
[2025-07-06T20:37:06.196+0000] {processor.py:914} INFO - Processing file /opt/airflow/dags/ener_fact_dpt_etl_dag.py for tasks to queue
[2025-07-06T20:37:06.199+0000] {logging_mixin.py:190} INFO - [2025-07-06T20:37:06.199+0000] {dagbag.py:588} INFO - Filling up the DagBag from /opt/airflow/dags/ener_fact_dpt_etl_dag.py
[2025-07-06T20:37:06.495+0000] {processor.py:925} INFO - DAG(s) 'etl_dag_datos_ener_facturada_dpt' retrieved from /opt/airflow/dags/ener_fact_dpt_etl_dag.py
[2025-07-06T20:37:06.518+0000] {logging_mixin.py:190} INFO - [2025-07-06T20:37:06.518+0000] {dag.py:3239} INFO - Sync 1 DAGs
[2025-07-06T20:37:06.529+0000] {logging_mixin.py:190} INFO - [2025-07-06T20:37:06.529+0000] {dag.py:4180} INFO - Setting next_dagrun for etl_dag_datos_ener_facturada_dpt to None, run_after=None
[2025-07-06T20:37:06.543+0000] {processor.py:208} INFO - Processing /opt/airflow/dags/ener_fact_dpt_etl_dag.py took 0.356 seconds
[2025-07-06T20:37:36.677+0000] {processor.py:186} INFO - Started process (PID=581) to work on /opt/airflow/dags/ener_fact_dpt_etl_dag.py
[2025-07-06T20:37:36.678+0000] {processor.py:914} INFO - Processing file /opt/airflow/dags/ener_fact_dpt_etl_dag.py for tasks to queue
[2025-07-06T20:37:36.680+0000] {logging_mixin.py:190} INFO - [2025-07-06T20:37:36.679+0000] {dagbag.py:588} INFO - Filling up the DagBag from /opt/airflow/dags/ener_fact_dpt_etl_dag.py
[2025-07-06T20:37:36.983+0000] {processor.py:925} INFO - DAG(s) 'etl_dag_datos_ener_facturada_dpt' retrieved from /opt/airflow/dags/ener_fact_dpt_etl_dag.py
[2025-07-06T20:37:37.004+0000] {logging_mixin.py:190} INFO - [2025-07-06T20:37:37.004+0000] {dag.py:3239} INFO - Sync 1 DAGs
[2025-07-06T20:37:37.016+0000] {logging_mixin.py:190} INFO - [2025-07-06T20:37:37.016+0000] {dag.py:4180} INFO - Setting next_dagrun for etl_dag_datos_ener_facturada_dpt to None, run_after=None
[2025-07-06T20:37:37.030+0000] {processor.py:208} INFO - Processing /opt/airflow/dags/ener_fact_dpt_etl_dag.py took 0.362 seconds
[2025-07-06T20:38:07.148+0000] {processor.py:186} INFO - Started process (PID=599) to work on /opt/airflow/dags/ener_fact_dpt_etl_dag.py
[2025-07-06T20:38:07.149+0000] {processor.py:914} INFO - Processing file /opt/airflow/dags/ener_fact_dpt_etl_dag.py for tasks to queue
[2025-07-06T20:38:07.151+0000] {logging_mixin.py:190} INFO - [2025-07-06T20:38:07.151+0000] {dagbag.py:588} INFO - Filling up the DagBag from /opt/airflow/dags/ener_fact_dpt_etl_dag.py
[2025-07-06T20:38:07.479+0000] {processor.py:925} INFO - DAG(s) 'etl_dag_datos_ener_facturada_dpt' retrieved from /opt/airflow/dags/ener_fact_dpt_etl_dag.py
[2025-07-06T20:38:07.502+0000] {logging_mixin.py:190} INFO - [2025-07-06T20:38:07.502+0000] {dag.py:3239} INFO - Sync 1 DAGs
[2025-07-06T20:38:07.514+0000] {logging_mixin.py:190} INFO - [2025-07-06T20:38:07.514+0000] {dag.py:4180} INFO - Setting next_dagrun for etl_dag_datos_ener_facturada_dpt to None, run_after=None
[2025-07-06T20:38:07.532+0000] {processor.py:208} INFO - Processing /opt/airflow/dags/ener_fact_dpt_etl_dag.py took 0.393 seconds
[2025-07-06T20:38:37.663+0000] {processor.py:186} INFO - Started process (PID=617) to work on /opt/airflow/dags/ener_fact_dpt_etl_dag.py
[2025-07-06T20:38:37.664+0000] {processor.py:914} INFO - Processing file /opt/airflow/dags/ener_fact_dpt_etl_dag.py for tasks to queue
[2025-07-06T20:38:37.667+0000] {logging_mixin.py:190} INFO - [2025-07-06T20:38:37.667+0000] {dagbag.py:588} INFO - Filling up the DagBag from /opt/airflow/dags/ener_fact_dpt_etl_dag.py
[2025-07-06T20:38:37.975+0000] {processor.py:925} INFO - DAG(s) 'etl_dag_datos_ener_facturada_dpt' retrieved from /opt/airflow/dags/ener_fact_dpt_etl_dag.py
[2025-07-06T20:38:38.001+0000] {logging_mixin.py:190} INFO - [2025-07-06T20:38:38.001+0000] {dag.py:3239} INFO - Sync 1 DAGs
[2025-07-06T20:38:38.012+0000] {logging_mixin.py:190} INFO - [2025-07-06T20:38:38.012+0000] {dag.py:4180} INFO - Setting next_dagrun for etl_dag_datos_ener_facturada_dpt to None, run_after=None
[2025-07-06T20:38:38.027+0000] {processor.py:208} INFO - Processing /opt/airflow/dags/ener_fact_dpt_etl_dag.py took 0.373 seconds
[2025-07-06T20:39:08.251+0000] {processor.py:186} INFO - Started process (PID=635) to work on /opt/airflow/dags/ener_fact_dpt_etl_dag.py
[2025-07-06T20:39:08.253+0000] {processor.py:914} INFO - Processing file /opt/airflow/dags/ener_fact_dpt_etl_dag.py for tasks to queue
[2025-07-06T20:39:08.256+0000] {logging_mixin.py:190} INFO - [2025-07-06T20:39:08.255+0000] {dagbag.py:588} INFO - Filling up the DagBag from /opt/airflow/dags/ener_fact_dpt_etl_dag.py
[2025-07-06T20:39:08.591+0000] {processor.py:925} INFO - DAG(s) 'etl_dag_datos_ener_facturada_dpt' retrieved from /opt/airflow/dags/ener_fact_dpt_etl_dag.py
[2025-07-06T20:39:08.614+0000] {logging_mixin.py:190} INFO - [2025-07-06T20:39:08.614+0000] {dag.py:3239} INFO - Sync 1 DAGs
[2025-07-06T20:39:08.627+0000] {logging_mixin.py:190} INFO - [2025-07-06T20:39:08.626+0000] {dag.py:4180} INFO - Setting next_dagrun for etl_dag_datos_ener_facturada_dpt to None, run_after=None
[2025-07-06T20:39:08.644+0000] {processor.py:208} INFO - Processing /opt/airflow/dags/ener_fact_dpt_etl_dag.py took 0.405 seconds
[2025-07-06T20:39:38.914+0000] {processor.py:186} INFO - Started process (PID=661) to work on /opt/airflow/dags/ener_fact_dpt_etl_dag.py
[2025-07-06T20:39:38.915+0000] {processor.py:914} INFO - Processing file /opt/airflow/dags/ener_fact_dpt_etl_dag.py for tasks to queue
[2025-07-06T20:39:38.917+0000] {logging_mixin.py:190} INFO - [2025-07-06T20:39:38.917+0000] {dagbag.py:588} INFO - Filling up the DagBag from /opt/airflow/dags/ener_fact_dpt_etl_dag.py
[2025-07-06T20:39:39.242+0000] {processor.py:925} INFO - DAG(s) 'etl_dag_datos_ener_facturada_dpt' retrieved from /opt/airflow/dags/ener_fact_dpt_etl_dag.py
[2025-07-06T20:39:39.267+0000] {logging_mixin.py:190} INFO - [2025-07-06T20:39:39.266+0000] {dag.py:3239} INFO - Sync 1 DAGs
[2025-07-06T20:39:39.278+0000] {logging_mixin.py:190} INFO - [2025-07-06T20:39:39.277+0000] {dag.py:4180} INFO - Setting next_dagrun for etl_dag_datos_ener_facturada_dpt to None, run_after=None
[2025-07-06T20:39:39.292+0000] {processor.py:208} INFO - Processing /opt/airflow/dags/ener_fact_dpt_etl_dag.py took 0.387 seconds
[2025-07-06T20:40:09.478+0000] {processor.py:186} INFO - Started process (PID=679) to work on /opt/airflow/dags/ener_fact_dpt_etl_dag.py
[2025-07-06T20:40:09.479+0000] {processor.py:914} INFO - Processing file /opt/airflow/dags/ener_fact_dpt_etl_dag.py for tasks to queue
[2025-07-06T20:40:09.482+0000] {logging_mixin.py:190} INFO - [2025-07-06T20:40:09.482+0000] {dagbag.py:588} INFO - Filling up the DagBag from /opt/airflow/dags/ener_fact_dpt_etl_dag.py
[2025-07-06T20:40:09.828+0000] {processor.py:925} INFO - DAG(s) 'etl_dag_datos_ener_facturada_dpt' retrieved from /opt/airflow/dags/ener_fact_dpt_etl_dag.py
[2025-07-06T20:40:09.854+0000] {logging_mixin.py:190} INFO - [2025-07-06T20:40:09.854+0000] {dag.py:3239} INFO - Sync 1 DAGs
[2025-07-06T20:40:09.869+0000] {logging_mixin.py:190} INFO - [2025-07-06T20:40:09.868+0000] {dag.py:4180} INFO - Setting next_dagrun for etl_dag_datos_ener_facturada_dpt to None, run_after=None
[2025-07-06T20:40:09.886+0000] {processor.py:208} INFO - Processing /opt/airflow/dags/ener_fact_dpt_etl_dag.py took 0.417 seconds
[2025-07-06T20:40:40.092+0000] {processor.py:186} INFO - Started process (PID=697) to work on /opt/airflow/dags/ener_fact_dpt_etl_dag.py
[2025-07-06T20:40:40.092+0000] {processor.py:914} INFO - Processing file /opt/airflow/dags/ener_fact_dpt_etl_dag.py for tasks to queue
[2025-07-06T20:40:40.095+0000] {logging_mixin.py:190} INFO - [2025-07-06T20:40:40.094+0000] {dagbag.py:588} INFO - Filling up the DagBag from /opt/airflow/dags/ener_fact_dpt_etl_dag.py
[2025-07-06T20:40:40.403+0000] {processor.py:925} INFO - DAG(s) 'etl_dag_datos_ener_facturada_dpt' retrieved from /opt/airflow/dags/ener_fact_dpt_etl_dag.py
[2025-07-06T20:40:40.425+0000] {logging_mixin.py:190} INFO - [2025-07-06T20:40:40.424+0000] {dag.py:3239} INFO - Sync 1 DAGs
[2025-07-06T20:40:40.436+0000] {logging_mixin.py:190} INFO - [2025-07-06T20:40:40.436+0000] {dag.py:4180} INFO - Setting next_dagrun for etl_dag_datos_ener_facturada_dpt to None, run_after=None
[2025-07-06T20:40:40.451+0000] {processor.py:208} INFO - Processing /opt/airflow/dags/ener_fact_dpt_etl_dag.py took 0.367 seconds
[2025-07-06T20:41:10.612+0000] {processor.py:186} INFO - Started process (PID=715) to work on /opt/airflow/dags/ener_fact_dpt_etl_dag.py
[2025-07-06T20:41:10.613+0000] {processor.py:914} INFO - Processing file /opt/airflow/dags/ener_fact_dpt_etl_dag.py for tasks to queue
[2025-07-06T20:41:10.615+0000] {logging_mixin.py:190} INFO - [2025-07-06T20:41:10.615+0000] {dagbag.py:588} INFO - Filling up the DagBag from /opt/airflow/dags/ener_fact_dpt_etl_dag.py
[2025-07-06T20:41:10.926+0000] {processor.py:925} INFO - DAG(s) 'etl_dag_datos_ener_facturada_dpt' retrieved from /opt/airflow/dags/ener_fact_dpt_etl_dag.py
[2025-07-06T20:41:10.948+0000] {logging_mixin.py:190} INFO - [2025-07-06T20:41:10.948+0000] {dag.py:3239} INFO - Sync 1 DAGs
[2025-07-06T20:41:10.960+0000] {logging_mixin.py:190} INFO - [2025-07-06T20:41:10.960+0000] {dag.py:4180} INFO - Setting next_dagrun for etl_dag_datos_ener_facturada_dpt to None, run_after=None
[2025-07-06T20:41:10.976+0000] {processor.py:208} INFO - Processing /opt/airflow/dags/ener_fact_dpt_etl_dag.py took 0.373 seconds
[2025-07-06T20:41:41.115+0000] {processor.py:186} INFO - Started process (PID=733) to work on /opt/airflow/dags/ener_fact_dpt_etl_dag.py
[2025-07-06T20:41:41.116+0000] {processor.py:914} INFO - Processing file /opt/airflow/dags/ener_fact_dpt_etl_dag.py for tasks to queue
[2025-07-06T20:41:41.118+0000] {logging_mixin.py:190} INFO - [2025-07-06T20:41:41.118+0000] {dagbag.py:588} INFO - Filling up the DagBag from /opt/airflow/dags/ener_fact_dpt_etl_dag.py
[2025-07-06T20:41:41.417+0000] {processor.py:925} INFO - DAG(s) 'etl_dag_datos_ener_facturada_dpt' retrieved from /opt/airflow/dags/ener_fact_dpt_etl_dag.py
[2025-07-06T20:41:41.439+0000] {logging_mixin.py:190} INFO - [2025-07-06T20:41:41.439+0000] {dag.py:3239} INFO - Sync 1 DAGs
[2025-07-06T20:41:41.450+0000] {logging_mixin.py:190} INFO - [2025-07-06T20:41:41.450+0000] {dag.py:4180} INFO - Setting next_dagrun for etl_dag_datos_ener_facturada_dpt to None, run_after=None
[2025-07-06T20:41:41.463+0000] {processor.py:208} INFO - Processing /opt/airflow/dags/ener_fact_dpt_etl_dag.py took 0.358 seconds
[2025-07-06T20:42:11.641+0000] {processor.py:186} INFO - Started process (PID=751) to work on /opt/airflow/dags/ener_fact_dpt_etl_dag.py
[2025-07-06T20:42:11.642+0000] {processor.py:914} INFO - Processing file /opt/airflow/dags/ener_fact_dpt_etl_dag.py for tasks to queue
[2025-07-06T20:42:11.644+0000] {logging_mixin.py:190} INFO - [2025-07-06T20:42:11.644+0000] {dagbag.py:588} INFO - Filling up the DagBag from /opt/airflow/dags/ener_fact_dpt_etl_dag.py
[2025-07-06T20:42:11.939+0000] {processor.py:925} INFO - DAG(s) 'etl_dag_datos_ener_facturada_dpt' retrieved from /opt/airflow/dags/ener_fact_dpt_etl_dag.py
[2025-07-06T20:42:11.962+0000] {logging_mixin.py:190} INFO - [2025-07-06T20:42:11.962+0000] {dag.py:3239} INFO - Sync 1 DAGs
[2025-07-06T20:42:11.973+0000] {logging_mixin.py:190} INFO - [2025-07-06T20:42:11.973+0000] {dag.py:4180} INFO - Setting next_dagrun for etl_dag_datos_ener_facturada_dpt to None, run_after=None
[2025-07-06T20:42:11.987+0000] {processor.py:208} INFO - Processing /opt/airflow/dags/ener_fact_dpt_etl_dag.py took 0.355 seconds
[2025-07-06T20:42:42.121+0000] {processor.py:186} INFO - Started process (PID=769) to work on /opt/airflow/dags/ener_fact_dpt_etl_dag.py
[2025-07-06T20:42:42.122+0000] {processor.py:914} INFO - Processing file /opt/airflow/dags/ener_fact_dpt_etl_dag.py for tasks to queue
[2025-07-06T20:42:42.124+0000] {logging_mixin.py:190} INFO - [2025-07-06T20:42:42.124+0000] {dagbag.py:588} INFO - Filling up the DagBag from /opt/airflow/dags/ener_fact_dpt_etl_dag.py
[2025-07-06T20:42:42.450+0000] {processor.py:925} INFO - DAG(s) 'etl_dag_datos_ener_facturada_dpt' retrieved from /opt/airflow/dags/ener_fact_dpt_etl_dag.py
[2025-07-06T20:42:42.472+0000] {logging_mixin.py:190} INFO - [2025-07-06T20:42:42.472+0000] {dag.py:3239} INFO - Sync 1 DAGs
[2025-07-06T20:42:42.484+0000] {logging_mixin.py:190} INFO - [2025-07-06T20:42:42.484+0000] {dag.py:4180} INFO - Setting next_dagrun for etl_dag_datos_ener_facturada_dpt to None, run_after=None
[2025-07-06T20:42:42.500+0000] {processor.py:208} INFO - Processing /opt/airflow/dags/ener_fact_dpt_etl_dag.py took 0.388 seconds
[2025-07-06T20:43:12.640+0000] {processor.py:186} INFO - Started process (PID=787) to work on /opt/airflow/dags/ener_fact_dpt_etl_dag.py
[2025-07-06T20:43:12.641+0000] {processor.py:914} INFO - Processing file /opt/airflow/dags/ener_fact_dpt_etl_dag.py for tasks to queue
[2025-07-06T20:43:12.643+0000] {logging_mixin.py:190} INFO - [2025-07-06T20:43:12.643+0000] {dagbag.py:588} INFO - Filling up the DagBag from /opt/airflow/dags/ener_fact_dpt_etl_dag.py
[2025-07-06T20:43:12.979+0000] {processor.py:925} INFO - DAG(s) 'etl_dag_datos_ener_facturada_dpt' retrieved from /opt/airflow/dags/ener_fact_dpt_etl_dag.py
[2025-07-06T20:43:13.005+0000] {logging_mixin.py:190} INFO - [2025-07-06T20:43:13.005+0000] {dag.py:3239} INFO - Sync 1 DAGs
[2025-07-06T20:43:13.017+0000] {logging_mixin.py:190} INFO - [2025-07-06T20:43:13.017+0000] {dag.py:4180} INFO - Setting next_dagrun for etl_dag_datos_ener_facturada_dpt to None, run_after=None
[2025-07-06T20:43:13.032+0000] {processor.py:208} INFO - Processing /opt/airflow/dags/ener_fact_dpt_etl_dag.py took 0.400 seconds
[2025-07-06T20:43:43.203+0000] {processor.py:186} INFO - Started process (PID=805) to work on /opt/airflow/dags/ener_fact_dpt_etl_dag.py
[2025-07-06T20:43:43.204+0000] {processor.py:914} INFO - Processing file /opt/airflow/dags/ener_fact_dpt_etl_dag.py for tasks to queue
[2025-07-06T20:43:43.206+0000] {logging_mixin.py:190} INFO - [2025-07-06T20:43:43.206+0000] {dagbag.py:588} INFO - Filling up the DagBag from /opt/airflow/dags/ener_fact_dpt_etl_dag.py
[2025-07-06T20:43:43.534+0000] {processor.py:925} INFO - DAG(s) 'etl_dag_datos_ener_facturada_dpt' retrieved from /opt/airflow/dags/ener_fact_dpt_etl_dag.py
[2025-07-06T20:43:43.558+0000] {logging_mixin.py:190} INFO - [2025-07-06T20:43:43.558+0000] {dag.py:3239} INFO - Sync 1 DAGs
[2025-07-06T20:43:43.571+0000] {logging_mixin.py:190} INFO - [2025-07-06T20:43:43.571+0000] {dag.py:4180} INFO - Setting next_dagrun for etl_dag_datos_ener_facturada_dpt to None, run_after=None
[2025-07-06T20:43:43.589+0000] {processor.py:208} INFO - Processing /opt/airflow/dags/ener_fact_dpt_etl_dag.py took 0.394 seconds
[2025-07-06T20:44:13.709+0000] {processor.py:186} INFO - Started process (PID=823) to work on /opt/airflow/dags/ener_fact_dpt_etl_dag.py
[2025-07-06T20:44:13.710+0000] {processor.py:914} INFO - Processing file /opt/airflow/dags/ener_fact_dpt_etl_dag.py for tasks to queue
[2025-07-06T20:44:13.713+0000] {logging_mixin.py:190} INFO - [2025-07-06T20:44:13.713+0000] {dagbag.py:588} INFO - Filling up the DagBag from /opt/airflow/dags/ener_fact_dpt_etl_dag.py
[2025-07-06T20:44:14.020+0000] {processor.py:925} INFO - DAG(s) 'etl_dag_datos_ener_facturada_dpt' retrieved from /opt/airflow/dags/ener_fact_dpt_etl_dag.py
[2025-07-06T20:44:14.044+0000] {logging_mixin.py:190} INFO - [2025-07-06T20:44:14.044+0000] {dag.py:3239} INFO - Sync 1 DAGs
[2025-07-06T20:44:14.057+0000] {logging_mixin.py:190} INFO - [2025-07-06T20:44:14.057+0000] {dag.py:4180} INFO - Setting next_dagrun for etl_dag_datos_ener_facturada_dpt to None, run_after=None
[2025-07-06T20:44:14.072+0000] {processor.py:208} INFO - Processing /opt/airflow/dags/ener_fact_dpt_etl_dag.py took 0.373 seconds
[2025-07-06T20:44:44.243+0000] {processor.py:186} INFO - Started process (PID=841) to work on /opt/airflow/dags/ener_fact_dpt_etl_dag.py
[2025-07-06T20:44:44.244+0000] {processor.py:914} INFO - Processing file /opt/airflow/dags/ener_fact_dpt_etl_dag.py for tasks to queue
[2025-07-06T20:44:44.246+0000] {logging_mixin.py:190} INFO - [2025-07-06T20:44:44.246+0000] {dagbag.py:588} INFO - Filling up the DagBag from /opt/airflow/dags/ener_fact_dpt_etl_dag.py
[2025-07-06T20:44:44.553+0000] {processor.py:925} INFO - DAG(s) 'etl_dag_datos_ener_facturada_dpt' retrieved from /opt/airflow/dags/ener_fact_dpt_etl_dag.py
[2025-07-06T20:44:44.575+0000] {logging_mixin.py:190} INFO - [2025-07-06T20:44:44.575+0000] {dag.py:3239} INFO - Sync 1 DAGs
[2025-07-06T20:44:44.587+0000] {logging_mixin.py:190} INFO - [2025-07-06T20:44:44.587+0000] {dag.py:4180} INFO - Setting next_dagrun for etl_dag_datos_ener_facturada_dpt to None, run_after=None
[2025-07-06T20:44:44.602+0000] {processor.py:208} INFO - Processing /opt/airflow/dags/ener_fact_dpt_etl_dag.py took 0.367 seconds
[2025-07-06T20:45:14.790+0000] {processor.py:186} INFO - Started process (PID=867) to work on /opt/airflow/dags/ener_fact_dpt_etl_dag.py
[2025-07-06T20:45:14.791+0000] {processor.py:914} INFO - Processing file /opt/airflow/dags/ener_fact_dpt_etl_dag.py for tasks to queue
[2025-07-06T20:45:14.793+0000] {logging_mixin.py:190} INFO - [2025-07-06T20:45:14.793+0000] {dagbag.py:588} INFO - Filling up the DagBag from /opt/airflow/dags/ener_fact_dpt_etl_dag.py
[2025-07-06T20:45:15.093+0000] {processor.py:925} INFO - DAG(s) 'etl_dag_datos_ener_facturada_dpt' retrieved from /opt/airflow/dags/ener_fact_dpt_etl_dag.py
[2025-07-06T20:45:15.115+0000] {logging_mixin.py:190} INFO - [2025-07-06T20:45:15.115+0000] {dag.py:3239} INFO - Sync 1 DAGs
[2025-07-06T20:45:15.126+0000] {logging_mixin.py:190} INFO - [2025-07-06T20:45:15.126+0000] {dag.py:4180} INFO - Setting next_dagrun for etl_dag_datos_ener_facturada_dpt to None, run_after=None
[2025-07-06T20:45:15.140+0000] {processor.py:208} INFO - Processing /opt/airflow/dags/ener_fact_dpt_etl_dag.py took 0.359 seconds
[2025-07-06T20:45:45.915+0000] {processor.py:186} INFO - Started process (PID=885) to work on /opt/airflow/dags/ener_fact_dpt_etl_dag.py
[2025-07-06T20:45:45.916+0000] {processor.py:914} INFO - Processing file /opt/airflow/dags/ener_fact_dpt_etl_dag.py for tasks to queue
[2025-07-06T20:45:45.918+0000] {logging_mixin.py:190} INFO - [2025-07-06T20:45:45.918+0000] {dagbag.py:588} INFO - Filling up the DagBag from /opt/airflow/dags/ener_fact_dpt_etl_dag.py
[2025-07-06T20:45:46.220+0000] {processor.py:925} INFO - DAG(s) 'etl_dag_datos_ener_facturada_dpt' retrieved from /opt/airflow/dags/ener_fact_dpt_etl_dag.py
[2025-07-06T20:45:46.245+0000] {logging_mixin.py:190} INFO - [2025-07-06T20:45:46.245+0000] {dag.py:3239} INFO - Sync 1 DAGs
[2025-07-06T20:45:46.257+0000] {logging_mixin.py:190} INFO - [2025-07-06T20:45:46.257+0000] {dag.py:4180} INFO - Setting next_dagrun for etl_dag_datos_ener_facturada_dpt to None, run_after=None
[2025-07-06T20:45:46.272+0000] {processor.py:208} INFO - Processing /opt/airflow/dags/ener_fact_dpt_etl_dag.py took 0.365 seconds
[2025-07-06T20:46:16.393+0000] {processor.py:186} INFO - Started process (PID=903) to work on /opt/airflow/dags/ener_fact_dpt_etl_dag.py
[2025-07-06T20:46:16.394+0000] {processor.py:914} INFO - Processing file /opt/airflow/dags/ener_fact_dpt_etl_dag.py for tasks to queue
[2025-07-06T20:46:16.397+0000] {logging_mixin.py:190} INFO - [2025-07-06T20:46:16.396+0000] {dagbag.py:588} INFO - Filling up the DagBag from /opt/airflow/dags/ener_fact_dpt_etl_dag.py
[2025-07-06T20:46:16.739+0000] {processor.py:925} INFO - DAG(s) 'etl_dag_datos_ener_facturada_dpt' retrieved from /opt/airflow/dags/ener_fact_dpt_etl_dag.py
[2025-07-06T20:46:16.767+0000] {logging_mixin.py:190} INFO - [2025-07-06T20:46:16.766+0000] {dag.py:3239} INFO - Sync 1 DAGs
[2025-07-06T20:46:16.781+0000] {logging_mixin.py:190} INFO - [2025-07-06T20:46:16.781+0000] {dag.py:4180} INFO - Setting next_dagrun for etl_dag_datos_ener_facturada_dpt to None, run_after=None
[2025-07-06T20:46:16.799+0000] {processor.py:208} INFO - Processing /opt/airflow/dags/ener_fact_dpt_etl_dag.py took 0.416 seconds
[2025-07-06T20:46:47.342+0000] {processor.py:186} INFO - Started process (PID=921) to work on /opt/airflow/dags/ener_fact_dpt_etl_dag.py
[2025-07-06T20:46:47.344+0000] {processor.py:914} INFO - Processing file /opt/airflow/dags/ener_fact_dpt_etl_dag.py for tasks to queue
[2025-07-06T20:46:47.346+0000] {logging_mixin.py:190} INFO - [2025-07-06T20:46:47.346+0000] {dagbag.py:588} INFO - Filling up the DagBag from /opt/airflow/dags/ener_fact_dpt_etl_dag.py
[2025-07-06T20:46:47.722+0000] {processor.py:925} INFO - DAG(s) 'etl_dag_datos_ener_facturada_dpt' retrieved from /opt/airflow/dags/ener_fact_dpt_etl_dag.py
[2025-07-06T20:46:47.749+0000] {logging_mixin.py:190} INFO - [2025-07-06T20:46:47.749+0000] {dag.py:3239} INFO - Sync 1 DAGs
[2025-07-06T20:46:47.763+0000] {logging_mixin.py:190} INFO - [2025-07-06T20:46:47.762+0000] {dag.py:4180} INFO - Setting next_dagrun for etl_dag_datos_ener_facturada_dpt to None, run_after=None
[2025-07-06T20:46:47.781+0000] {processor.py:208} INFO - Processing /opt/airflow/dags/ener_fact_dpt_etl_dag.py took 0.448 seconds
[2025-07-06T20:47:17.875+0000] {processor.py:186} INFO - Started process (PID=939) to work on /opt/airflow/dags/ener_fact_dpt_etl_dag.py
[2025-07-06T20:47:17.876+0000] {processor.py:914} INFO - Processing file /opt/airflow/dags/ener_fact_dpt_etl_dag.py for tasks to queue
[2025-07-06T20:47:17.878+0000] {logging_mixin.py:190} INFO - [2025-07-06T20:47:17.877+0000] {dagbag.py:588} INFO - Filling up the DagBag from /opt/airflow/dags/ener_fact_dpt_etl_dag.py
[2025-07-06T20:47:18.178+0000] {processor.py:925} INFO - DAG(s) 'etl_dag_datos_ener_facturada_dpt' retrieved from /opt/airflow/dags/ener_fact_dpt_etl_dag.py
[2025-07-06T20:47:18.200+0000] {logging_mixin.py:190} INFO - [2025-07-06T20:47:18.200+0000] {dag.py:3239} INFO - Sync 1 DAGs
[2025-07-06T20:47:18.212+0000] {logging_mixin.py:190} INFO - [2025-07-06T20:47:18.212+0000] {dag.py:4180} INFO - Setting next_dagrun for etl_dag_datos_ener_facturada_dpt to None, run_after=None
[2025-07-06T20:47:18.226+0000] {processor.py:208} INFO - Processing /opt/airflow/dags/ener_fact_dpt_etl_dag.py took 0.360 seconds
[2025-07-06T20:47:48.397+0000] {processor.py:186} INFO - Started process (PID=957) to work on /opt/airflow/dags/ener_fact_dpt_etl_dag.py
[2025-07-06T20:47:48.398+0000] {processor.py:914} INFO - Processing file /opt/airflow/dags/ener_fact_dpt_etl_dag.py for tasks to queue
[2025-07-06T20:47:48.400+0000] {logging_mixin.py:190} INFO - [2025-07-06T20:47:48.399+0000] {dagbag.py:588} INFO - Filling up the DagBag from /opt/airflow/dags/ener_fact_dpt_etl_dag.py
[2025-07-06T20:47:48.711+0000] {processor.py:925} INFO - DAG(s) 'etl_dag_datos_ener_facturada_dpt' retrieved from /opt/airflow/dags/ener_fact_dpt_etl_dag.py
[2025-07-06T20:47:48.735+0000] {logging_mixin.py:190} INFO - [2025-07-06T20:47:48.735+0000] {dag.py:3239} INFO - Sync 1 DAGs
[2025-07-06T20:47:48.750+0000] {logging_mixin.py:190} INFO - [2025-07-06T20:47:48.750+0000] {dag.py:4180} INFO - Setting next_dagrun for etl_dag_datos_ener_facturada_dpt to None, run_after=None
[2025-07-06T20:47:48.765+0000] {processor.py:208} INFO - Processing /opt/airflow/dags/ener_fact_dpt_etl_dag.py took 0.376 seconds
[2025-07-06T20:48:18.872+0000] {processor.py:186} INFO - Started process (PID=975) to work on /opt/airflow/dags/ener_fact_dpt_etl_dag.py
[2025-07-06T20:48:18.873+0000] {processor.py:914} INFO - Processing file /opt/airflow/dags/ener_fact_dpt_etl_dag.py for tasks to queue
[2025-07-06T20:48:18.875+0000] {logging_mixin.py:190} INFO - [2025-07-06T20:48:18.874+0000] {dagbag.py:588} INFO - Filling up the DagBag from /opt/airflow/dags/ener_fact_dpt_etl_dag.py
[2025-07-06T20:48:19.199+0000] {processor.py:925} INFO - DAG(s) 'etl_dag_datos_ener_facturada_dpt' retrieved from /opt/airflow/dags/ener_fact_dpt_etl_dag.py
[2025-07-06T20:48:19.226+0000] {logging_mixin.py:190} INFO - [2025-07-06T20:48:19.226+0000] {dag.py:3239} INFO - Sync 1 DAGs
[2025-07-06T20:48:19.242+0000] {logging_mixin.py:190} INFO - [2025-07-06T20:48:19.242+0000] {dag.py:4180} INFO - Setting next_dagrun for etl_dag_datos_ener_facturada_dpt to None, run_after=None
[2025-07-06T20:48:19.257+0000] {processor.py:208} INFO - Processing /opt/airflow/dags/ener_fact_dpt_etl_dag.py took 0.393 seconds
[2025-07-06T20:48:49.379+0000] {processor.py:186} INFO - Started process (PID=999) to work on /opt/airflow/dags/ener_fact_dpt_etl_dag.py
[2025-07-06T20:48:49.380+0000] {processor.py:914} INFO - Processing file /opt/airflow/dags/ener_fact_dpt_etl_dag.py for tasks to queue
[2025-07-06T20:48:49.382+0000] {logging_mixin.py:190} INFO - [2025-07-06T20:48:49.381+0000] {dagbag.py:588} INFO - Filling up the DagBag from /opt/airflow/dags/ener_fact_dpt_etl_dag.py
[2025-07-06T20:48:49.697+0000] {processor.py:925} INFO - DAG(s) 'etl_dag_datos_ener_facturada_dpt' retrieved from /opt/airflow/dags/ener_fact_dpt_etl_dag.py
[2025-07-06T20:48:49.722+0000] {logging_mixin.py:190} INFO - [2025-07-06T20:48:49.722+0000] {dag.py:3239} INFO - Sync 1 DAGs
[2025-07-06T20:48:49.736+0000] {logging_mixin.py:190} INFO - [2025-07-06T20:48:49.736+0000] {dag.py:4180} INFO - Setting next_dagrun for etl_dag_datos_ener_facturada_dpt to None, run_after=None
[2025-07-06T20:48:49.751+0000] {processor.py:208} INFO - Processing /opt/airflow/dags/ener_fact_dpt_etl_dag.py took 0.381 seconds
[2025-07-06T20:49:19.841+0000] {processor.py:186} INFO - Started process (PID=1017) to work on /opt/airflow/dags/ener_fact_dpt_etl_dag.py
[2025-07-06T20:49:19.842+0000] {processor.py:914} INFO - Processing file /opt/airflow/dags/ener_fact_dpt_etl_dag.py for tasks to queue
[2025-07-06T20:49:19.844+0000] {logging_mixin.py:190} INFO - [2025-07-06T20:49:19.844+0000] {dagbag.py:588} INFO - Filling up the DagBag from /opt/airflow/dags/ener_fact_dpt_etl_dag.py
[2025-07-06T20:49:20.173+0000] {processor.py:925} INFO - DAG(s) 'etl_dag_datos_ener_facturada_dpt' retrieved from /opt/airflow/dags/ener_fact_dpt_etl_dag.py
[2025-07-06T20:49:20.199+0000] {logging_mixin.py:190} INFO - [2025-07-06T20:49:20.199+0000] {dag.py:3239} INFO - Sync 1 DAGs
[2025-07-06T20:49:20.211+0000] {logging_mixin.py:190} INFO - [2025-07-06T20:49:20.211+0000] {dag.py:4180} INFO - Setting next_dagrun for etl_dag_datos_ener_facturada_dpt to None, run_after=None
[2025-07-06T20:49:20.226+0000] {processor.py:208} INFO - Processing /opt/airflow/dags/ener_fact_dpt_etl_dag.py took 0.393 seconds
[2025-07-06T20:49:50.338+0000] {processor.py:186} INFO - Started process (PID=1035) to work on /opt/airflow/dags/ener_fact_dpt_etl_dag.py
[2025-07-06T20:49:50.338+0000] {processor.py:914} INFO - Processing file /opt/airflow/dags/ener_fact_dpt_etl_dag.py for tasks to queue
[2025-07-06T20:49:50.341+0000] {logging_mixin.py:190} INFO - [2025-07-06T20:49:50.340+0000] {dagbag.py:588} INFO - Filling up the DagBag from /opt/airflow/dags/ener_fact_dpt_etl_dag.py
[2025-07-06T20:49:50.682+0000] {processor.py:925} INFO - DAG(s) 'etl_dag_datos_ener_facturada_dpt' retrieved from /opt/airflow/dags/ener_fact_dpt_etl_dag.py
[2025-07-06T20:49:50.707+0000] {logging_mixin.py:190} INFO - [2025-07-06T20:49:50.707+0000] {dag.py:3239} INFO - Sync 1 DAGs
[2025-07-06T20:49:50.722+0000] {logging_mixin.py:190} INFO - [2025-07-06T20:49:50.722+0000] {dag.py:4180} INFO - Setting next_dagrun for etl_dag_datos_ener_facturada_dpt to None, run_after=None
[2025-07-06T20:49:50.740+0000] {processor.py:208} INFO - Processing /opt/airflow/dags/ener_fact_dpt_etl_dag.py took 0.411 seconds
[2025-07-06T20:50:20.883+0000] {processor.py:186} INFO - Started process (PID=1053) to work on /opt/airflow/dags/ener_fact_dpt_etl_dag.py
[2025-07-06T20:50:20.884+0000] {processor.py:914} INFO - Processing file /opt/airflow/dags/ener_fact_dpt_etl_dag.py for tasks to queue
[2025-07-06T20:50:20.887+0000] {logging_mixin.py:190} INFO - [2025-07-06T20:50:20.886+0000] {dagbag.py:588} INFO - Filling up the DagBag from /opt/airflow/dags/ener_fact_dpt_etl_dag.py
[2025-07-06T20:50:21.231+0000] {processor.py:925} INFO - DAG(s) 'etl_dag_datos_ener_facturada_dpt' retrieved from /opt/airflow/dags/ener_fact_dpt_etl_dag.py
[2025-07-06T20:50:21.257+0000] {logging_mixin.py:190} INFO - [2025-07-06T20:50:21.257+0000] {dag.py:3239} INFO - Sync 1 DAGs
[2025-07-06T20:50:21.270+0000] {logging_mixin.py:190} INFO - [2025-07-06T20:50:21.270+0000] {dag.py:4180} INFO - Setting next_dagrun for etl_dag_datos_ener_facturada_dpt to None, run_after=None
[2025-07-06T20:50:21.287+0000] {processor.py:208} INFO - Processing /opt/airflow/dags/ener_fact_dpt_etl_dag.py took 0.411 seconds
[2025-07-06T20:50:51.426+0000] {processor.py:186} INFO - Started process (PID=1071) to work on /opt/airflow/dags/ener_fact_dpt_etl_dag.py
[2025-07-06T20:50:51.427+0000] {processor.py:914} INFO - Processing file /opt/airflow/dags/ener_fact_dpt_etl_dag.py for tasks to queue
[2025-07-06T20:50:51.430+0000] {logging_mixin.py:190} INFO - [2025-07-06T20:50:51.429+0000] {dagbag.py:588} INFO - Filling up the DagBag from /opt/airflow/dags/ener_fact_dpt_etl_dag.py
[2025-07-06T20:50:51.856+0000] {processor.py:925} INFO - DAG(s) 'etl_dag_datos_ener_facturada_dpt' retrieved from /opt/airflow/dags/ener_fact_dpt_etl_dag.py
[2025-07-06T20:50:51.885+0000] {logging_mixin.py:190} INFO - [2025-07-06T20:50:51.885+0000] {dag.py:3239} INFO - Sync 1 DAGs
[2025-07-06T20:50:51.901+0000] {logging_mixin.py:190} INFO - [2025-07-06T20:50:51.901+0000] {dag.py:4180} INFO - Setting next_dagrun for etl_dag_datos_ener_facturada_dpt to None, run_after=None
[2025-07-06T20:50:51.927+0000] {processor.py:208} INFO - Processing /opt/airflow/dags/ener_fact_dpt_etl_dag.py took 0.510 seconds
[2025-07-06T20:51:22.049+0000] {processor.py:186} INFO - Started process (PID=1089) to work on /opt/airflow/dags/ener_fact_dpt_etl_dag.py
[2025-07-06T20:51:22.050+0000] {processor.py:914} INFO - Processing file /opt/airflow/dags/ener_fact_dpt_etl_dag.py for tasks to queue
[2025-07-06T20:51:22.052+0000] {logging_mixin.py:190} INFO - [2025-07-06T20:51:22.052+0000] {dagbag.py:588} INFO - Filling up the DagBag from /opt/airflow/dags/ener_fact_dpt_etl_dag.py
[2025-07-06T20:51:22.389+0000] {processor.py:925} INFO - DAG(s) 'etl_dag_datos_ener_facturada_dpt' retrieved from /opt/airflow/dags/ener_fact_dpt_etl_dag.py
[2025-07-06T20:51:22.415+0000] {logging_mixin.py:190} INFO - [2025-07-06T20:51:22.414+0000] {dag.py:3239} INFO - Sync 1 DAGs
[2025-07-06T20:51:22.429+0000] {logging_mixin.py:190} INFO - [2025-07-06T20:51:22.429+0000] {dag.py:4180} INFO - Setting next_dagrun for etl_dag_datos_ener_facturada_dpt to None, run_after=None
[2025-07-06T20:51:22.446+0000] {processor.py:208} INFO - Processing /opt/airflow/dags/ener_fact_dpt_etl_dag.py took 0.406 seconds
