[2025-07-06T20:14:52.922+0000] {processor.py:186} INFO - Started process (PID=57) to work on /opt/airflow/dags/potencia_etl_dag.py
[2025-07-06T20:14:52.932+0000] {processor.py:914} INFO - Processing file /opt/airflow/dags/potencia_etl_dag.py for tasks to queue
[2025-07-06T20:14:52.941+0000] {logging_mixin.py:190} INFO - [2025-07-06T20:14:52.941+0000] {dagbag.py:588} INFO - Filling up the DagBag from /opt/airflow/dags/potencia_etl_dag.py
[2025-07-06T20:14:55.713+0000] {logging_mixin.py:190} INFO - [2025-07-06T20:14:55.681+0000] {dagbag.py:387} ERROR - Failed to import: /opt/airflow/dags/potencia_etl_dag.py
Traceback (most recent call last):
  File "/home/airflow/.local/lib/python3.12/site-packages/airflow/models/dagbag.py", line 383, in parse
    loader.exec_module(new_module)
  File "<frozen importlib._bootstrap_external>", line 999, in exec_module
  File "<frozen importlib._bootstrap>", line 488, in _call_with_frames_removed
  File "/opt/airflow/dags/potencia_etl_dag.py", line 11, in <module>
    from utilities import construir_columna_fecha, obtener_cliente_db
  File "/opt/airflow/utils/utilities.py", line 3, in <module>
    from pymongo.mongo_client import MongoClient
ModuleNotFoundError: No module named 'pymongo'
[2025-07-06T20:14:55.715+0000] {processor.py:927} WARNING - No viable dags retrieved from /opt/airflow/dags/potencia_etl_dag.py
[2025-07-06T20:14:55.755+0000] {processor.py:208} INFO - Processing /opt/airflow/dags/potencia_etl_dag.py took 2.876 seconds
[2025-07-06T20:15:26.233+0000] {processor.py:186} INFO - Started process (PID=81) to work on /opt/airflow/dags/potencia_etl_dag.py
[2025-07-06T20:15:26.234+0000] {processor.py:914} INFO - Processing file /opt/airflow/dags/potencia_etl_dag.py for tasks to queue
[2025-07-06T20:15:26.240+0000] {logging_mixin.py:190} INFO - [2025-07-06T20:15:26.239+0000] {dagbag.py:588} INFO - Filling up the DagBag from /opt/airflow/dags/potencia_etl_dag.py
[2025-07-06T20:15:26.854+0000] {logging_mixin.py:190} INFO - [2025-07-06T20:15:26.848+0000] {dagbag.py:387} ERROR - Failed to import: /opt/airflow/dags/potencia_etl_dag.py
Traceback (most recent call last):
  File "/home/airflow/.local/lib/python3.12/site-packages/airflow/models/dagbag.py", line 383, in parse
    loader.exec_module(new_module)
  File "<frozen importlib._bootstrap_external>", line 999, in exec_module
  File "<frozen importlib._bootstrap>", line 488, in _call_with_frames_removed
  File "/opt/airflow/dags/potencia_etl_dag.py", line 11, in <module>
    from utilities import construir_columna_fecha, obtener_cliente_db
  File "/opt/airflow/utils/utilities.py", line 3, in <module>
    from pymongo.mongo_client import MongoClient
ModuleNotFoundError: No module named 'pymongo'
[2025-07-06T20:15:26.855+0000] {processor.py:927} WARNING - No viable dags retrieved from /opt/airflow/dags/potencia_etl_dag.py
[2025-07-06T20:15:26.876+0000] {processor.py:208} INFO - Processing /opt/airflow/dags/potencia_etl_dag.py took 0.650 seconds
[2025-07-06T20:15:36.551+0000] {processor.py:186} INFO - Started process (PID=92) to work on /opt/airflow/dags/potencia_etl_dag.py
[2025-07-06T20:15:36.552+0000] {processor.py:914} INFO - Processing file /opt/airflow/dags/potencia_etl_dag.py for tasks to queue
[2025-07-06T20:15:36.555+0000] {logging_mixin.py:190} INFO - [2025-07-06T20:15:36.554+0000] {dagbag.py:588} INFO - Filling up the DagBag from /opt/airflow/dags/potencia_etl_dag.py
[2025-07-06T20:15:37.009+0000] {logging_mixin.py:190} INFO - [2025-07-06T20:15:37.002+0000] {dagbag.py:387} ERROR - Failed to import: /opt/airflow/dags/potencia_etl_dag.py
Traceback (most recent call last):
  File "/home/airflow/.local/lib/python3.12/site-packages/airflow/models/dagbag.py", line 383, in parse
    loader.exec_module(new_module)
  File "<frozen importlib._bootstrap_external>", line 999, in exec_module
  File "<frozen importlib._bootstrap>", line 488, in _call_with_frames_removed
  File "/opt/airflow/dags/potencia_etl_dag.py", line 13, in <module>
    from utilities import construir_columna_fecha, obtener_cliente_db
  File "/opt/airflow/utils/utilities.py", line 3, in <module>
    from pymongo.mongo_client import MongoClient
ModuleNotFoundError: No module named 'pymongo'
[2025-07-06T20:15:37.010+0000] {processor.py:927} WARNING - No viable dags retrieved from /opt/airflow/dags/potencia_etl_dag.py
[2025-07-06T20:15:37.026+0000] {processor.py:208} INFO - Processing /opt/airflow/dags/potencia_etl_dag.py took 0.480 seconds
[2025-07-06T20:16:07.298+0000] {processor.py:186} INFO - Started process (PID=110) to work on /opt/airflow/dags/potencia_etl_dag.py
[2025-07-06T20:16:07.299+0000] {processor.py:914} INFO - Processing file /opt/airflow/dags/potencia_etl_dag.py for tasks to queue
[2025-07-06T20:16:07.301+0000] {logging_mixin.py:190} INFO - [2025-07-06T20:16:07.301+0000] {dagbag.py:588} INFO - Filling up the DagBag from /opt/airflow/dags/potencia_etl_dag.py
[2025-07-06T20:16:07.713+0000] {logging_mixin.py:190} INFO - [2025-07-06T20:16:07.709+0000] {dagbag.py:387} ERROR - Failed to import: /opt/airflow/dags/potencia_etl_dag.py
Traceback (most recent call last):
  File "/home/airflow/.local/lib/python3.12/site-packages/airflow/models/dagbag.py", line 383, in parse
    loader.exec_module(new_module)
  File "<frozen importlib._bootstrap_external>", line 999, in exec_module
  File "<frozen importlib._bootstrap>", line 488, in _call_with_frames_removed
  File "/opt/airflow/dags/potencia_etl_dag.py", line 13, in <module>
    from utilities import construir_columna_fecha, obtener_cliente_db
  File "/opt/airflow/utils/utilities.py", line 3, in <module>
    from pymongo.mongo_client import MongoClient
ModuleNotFoundError: No module named 'pymongo'
[2025-07-06T20:16:07.715+0000] {processor.py:927} WARNING - No viable dags retrieved from /opt/airflow/dags/potencia_etl_dag.py
[2025-07-06T20:16:07.734+0000] {processor.py:208} INFO - Processing /opt/airflow/dags/potencia_etl_dag.py took 0.441 seconds
[2025-07-06T20:16:38.029+0000] {processor.py:186} INFO - Started process (PID=128) to work on /opt/airflow/dags/potencia_etl_dag.py
[2025-07-06T20:16:38.030+0000] {processor.py:914} INFO - Processing file /opt/airflow/dags/potencia_etl_dag.py for tasks to queue
[2025-07-06T20:16:38.032+0000] {logging_mixin.py:190} INFO - [2025-07-06T20:16:38.032+0000] {dagbag.py:588} INFO - Filling up the DagBag from /opt/airflow/dags/potencia_etl_dag.py
[2025-07-06T20:16:38.514+0000] {logging_mixin.py:190} INFO - [2025-07-06T20:16:38.509+0000] {dagbag.py:387} ERROR - Failed to import: /opt/airflow/dags/potencia_etl_dag.py
Traceback (most recent call last):
  File "/home/airflow/.local/lib/python3.12/site-packages/airflow/models/dagbag.py", line 383, in parse
    loader.exec_module(new_module)
  File "<frozen importlib._bootstrap_external>", line 999, in exec_module
  File "<frozen importlib._bootstrap>", line 488, in _call_with_frames_removed
  File "/opt/airflow/dags/potencia_etl_dag.py", line 13, in <module>
    from utilities import construir_columna_fecha, obtener_cliente_db
  File "/opt/airflow/utils/utilities.py", line 3, in <module>
    from pymongo.mongo_client import MongoClient
ModuleNotFoundError: No module named 'pymongo'
[2025-07-06T20:16:38.515+0000] {processor.py:927} WARNING - No viable dags retrieved from /opt/airflow/dags/potencia_etl_dag.py
[2025-07-06T20:16:38.532+0000] {processor.py:208} INFO - Processing /opt/airflow/dags/potencia_etl_dag.py took 0.508 seconds
[2025-07-06T20:17:08.956+0000] {processor.py:186} INFO - Started process (PID=146) to work on /opt/airflow/dags/potencia_etl_dag.py
[2025-07-06T20:17:08.956+0000] {processor.py:914} INFO - Processing file /opt/airflow/dags/potencia_etl_dag.py for tasks to queue
[2025-07-06T20:17:08.959+0000] {logging_mixin.py:190} INFO - [2025-07-06T20:17:08.958+0000] {dagbag.py:588} INFO - Filling up the DagBag from /opt/airflow/dags/potencia_etl_dag.py
[2025-07-06T20:17:09.403+0000] {logging_mixin.py:190} INFO - [2025-07-06T20:17:09.397+0000] {dagbag.py:387} ERROR - Failed to import: /opt/airflow/dags/potencia_etl_dag.py
Traceback (most recent call last):
  File "/home/airflow/.local/lib/python3.12/site-packages/airflow/models/dagbag.py", line 383, in parse
    loader.exec_module(new_module)
  File "<frozen importlib._bootstrap_external>", line 999, in exec_module
  File "<frozen importlib._bootstrap>", line 488, in _call_with_frames_removed
  File "/opt/airflow/dags/potencia_etl_dag.py", line 13, in <module>
    from utilities import construir_columna_fecha, obtener_cliente_db
  File "/opt/airflow/utils/utilities.py", line 3, in <module>
    from pymongo.mongo_client import MongoClient
ModuleNotFoundError: No module named 'pymongo'
[2025-07-06T20:17:09.404+0000] {processor.py:927} WARNING - No viable dags retrieved from /opt/airflow/dags/potencia_etl_dag.py
[2025-07-06T20:17:09.422+0000] {processor.py:208} INFO - Processing /opt/airflow/dags/potencia_etl_dag.py took 0.471 seconds
[2025-07-06T20:17:39.754+0000] {processor.py:186} INFO - Started process (PID=164) to work on /opt/airflow/dags/potencia_etl_dag.py
[2025-07-06T20:17:39.755+0000] {processor.py:914} INFO - Processing file /opt/airflow/dags/potencia_etl_dag.py for tasks to queue
[2025-07-06T20:17:39.758+0000] {logging_mixin.py:190} INFO - [2025-07-06T20:17:39.758+0000] {dagbag.py:588} INFO - Filling up the DagBag from /opt/airflow/dags/potencia_etl_dag.py
[2025-07-06T20:17:40.218+0000] {logging_mixin.py:190} INFO - [2025-07-06T20:17:40.213+0000] {dagbag.py:387} ERROR - Failed to import: /opt/airflow/dags/potencia_etl_dag.py
Traceback (most recent call last):
  File "/home/airflow/.local/lib/python3.12/site-packages/airflow/models/dagbag.py", line 383, in parse
    loader.exec_module(new_module)
  File "<frozen importlib._bootstrap_external>", line 999, in exec_module
  File "<frozen importlib._bootstrap>", line 488, in _call_with_frames_removed
  File "/opt/airflow/dags/potencia_etl_dag.py", line 13, in <module>
    from utilities import construir_columna_fecha, obtener_cliente_db
  File "/opt/airflow/utils/utilities.py", line 3, in <module>
    from pymongo.mongo_client import MongoClient
ModuleNotFoundError: No module named 'pymongo'
[2025-07-06T20:17:40.219+0000] {processor.py:927} WARNING - No viable dags retrieved from /opt/airflow/dags/potencia_etl_dag.py
[2025-07-06T20:17:40.239+0000] {processor.py:208} INFO - Processing /opt/airflow/dags/potencia_etl_dag.py took 0.490 seconds
[2025-07-06T20:18:10.503+0000] {processor.py:186} INFO - Started process (PID=182) to work on /opt/airflow/dags/potencia_etl_dag.py
[2025-07-06T20:18:10.504+0000] {processor.py:914} INFO - Processing file /opt/airflow/dags/potencia_etl_dag.py for tasks to queue
[2025-07-06T20:18:10.506+0000] {logging_mixin.py:190} INFO - [2025-07-06T20:18:10.505+0000] {dagbag.py:588} INFO - Filling up the DagBag from /opt/airflow/dags/potencia_etl_dag.py
[2025-07-06T20:18:10.937+0000] {logging_mixin.py:190} INFO - [2025-07-06T20:18:10.932+0000] {dagbag.py:387} ERROR - Failed to import: /opt/airflow/dags/potencia_etl_dag.py
Traceback (most recent call last):
  File "/home/airflow/.local/lib/python3.12/site-packages/airflow/models/dagbag.py", line 383, in parse
    loader.exec_module(new_module)
  File "<frozen importlib._bootstrap_external>", line 999, in exec_module
  File "<frozen importlib._bootstrap>", line 488, in _call_with_frames_removed
  File "/opt/airflow/dags/potencia_etl_dag.py", line 13, in <module>
    from utilities import construir_columna_fecha, obtener_cliente_db
  File "/opt/airflow/utils/utilities.py", line 3, in <module>
    from pymongo.mongo_client import MongoClient
ModuleNotFoundError: No module named 'pymongo'
[2025-07-06T20:18:10.938+0000] {processor.py:927} WARNING - No viable dags retrieved from /opt/airflow/dags/potencia_etl_dag.py
[2025-07-06T20:18:10.965+0000] {processor.py:208} INFO - Processing /opt/airflow/dags/potencia_etl_dag.py took 0.468 seconds
[2025-07-06T20:18:41.266+0000] {processor.py:186} INFO - Started process (PID=200) to work on /opt/airflow/dags/potencia_etl_dag.py
[2025-07-06T20:18:41.267+0000] {processor.py:914} INFO - Processing file /opt/airflow/dags/potencia_etl_dag.py for tasks to queue
[2025-07-06T20:18:41.269+0000] {logging_mixin.py:190} INFO - [2025-07-06T20:18:41.269+0000] {dagbag.py:588} INFO - Filling up the DagBag from /opt/airflow/dags/potencia_etl_dag.py
[2025-07-06T20:18:41.768+0000] {logging_mixin.py:190} INFO - [2025-07-06T20:18:41.763+0000] {dagbag.py:387} ERROR - Failed to import: /opt/airflow/dags/potencia_etl_dag.py
Traceback (most recent call last):
  File "/home/airflow/.local/lib/python3.12/site-packages/airflow/models/dagbag.py", line 383, in parse
    loader.exec_module(new_module)
  File "<frozen importlib._bootstrap_external>", line 999, in exec_module
  File "<frozen importlib._bootstrap>", line 488, in _call_with_frames_removed
  File "/opt/airflow/dags/potencia_etl_dag.py", line 13, in <module>
    from utilities import construir_columna_fecha, obtener_cliente_db
  File "/opt/airflow/utils/utilities.py", line 3, in <module>
    from pymongo.mongo_client import MongoClient
ModuleNotFoundError: No module named 'pymongo'
[2025-07-06T20:18:41.770+0000] {processor.py:927} WARNING - No viable dags retrieved from /opt/airflow/dags/potencia_etl_dag.py
[2025-07-06T20:18:41.787+0000] {processor.py:208} INFO - Processing /opt/airflow/dags/potencia_etl_dag.py took 0.528 seconds
[2025-07-06T20:19:12.077+0000] {processor.py:186} INFO - Started process (PID=218) to work on /opt/airflow/dags/potencia_etl_dag.py
[2025-07-06T20:19:12.078+0000] {processor.py:914} INFO - Processing file /opt/airflow/dags/potencia_etl_dag.py for tasks to queue
[2025-07-06T20:19:12.081+0000] {logging_mixin.py:190} INFO - [2025-07-06T20:19:12.080+0000] {dagbag.py:588} INFO - Filling up the DagBag from /opt/airflow/dags/potencia_etl_dag.py
[2025-07-06T20:19:12.499+0000] {logging_mixin.py:190} INFO - [2025-07-06T20:19:12.494+0000] {dagbag.py:387} ERROR - Failed to import: /opt/airflow/dags/potencia_etl_dag.py
Traceback (most recent call last):
  File "/home/airflow/.local/lib/python3.12/site-packages/airflow/models/dagbag.py", line 383, in parse
    loader.exec_module(new_module)
  File "<frozen importlib._bootstrap_external>", line 999, in exec_module
  File "<frozen importlib._bootstrap>", line 488, in _call_with_frames_removed
  File "/opt/airflow/dags/potencia_etl_dag.py", line 13, in <module>
    from utilities import construir_columna_fecha, obtener_cliente_db
  File "/opt/airflow/utils/utilities.py", line 3, in <module>
    from pymongo.mongo_client import MongoClient
ModuleNotFoundError: No module named 'pymongo'
[2025-07-06T20:19:12.501+0000] {processor.py:927} WARNING - No viable dags retrieved from /opt/airflow/dags/potencia_etl_dag.py
[2025-07-06T20:19:12.517+0000] {processor.py:208} INFO - Processing /opt/airflow/dags/potencia_etl_dag.py took 0.446 seconds
[2025-07-06T20:19:43.218+0000] {processor.py:186} INFO - Started process (PID=236) to work on /opt/airflow/dags/potencia_etl_dag.py
[2025-07-06T20:19:43.219+0000] {processor.py:914} INFO - Processing file /opt/airflow/dags/potencia_etl_dag.py for tasks to queue
[2025-07-06T20:19:43.221+0000] {logging_mixin.py:190} INFO - [2025-07-06T20:19:43.221+0000] {dagbag.py:588} INFO - Filling up the DagBag from /opt/airflow/dags/potencia_etl_dag.py
[2025-07-06T20:19:43.691+0000] {logging_mixin.py:190} INFO - [2025-07-06T20:19:43.686+0000] {dagbag.py:387} ERROR - Failed to import: /opt/airflow/dags/potencia_etl_dag.py
Traceback (most recent call last):
  File "/home/airflow/.local/lib/python3.12/site-packages/airflow/models/dagbag.py", line 383, in parse
    loader.exec_module(new_module)
  File "<frozen importlib._bootstrap_external>", line 999, in exec_module
  File "<frozen importlib._bootstrap>", line 488, in _call_with_frames_removed
  File "/opt/airflow/dags/potencia_etl_dag.py", line 13, in <module>
    from utilities import construir_columna_fecha, obtener_cliente_db
  File "/opt/airflow/utils/utilities.py", line 3, in <module>
    from pymongo.mongo_client import MongoClient
ModuleNotFoundError: No module named 'pymongo'
[2025-07-06T20:19:43.692+0000] {processor.py:927} WARNING - No viable dags retrieved from /opt/airflow/dags/potencia_etl_dag.py
[2025-07-06T20:19:43.708+0000] {processor.py:208} INFO - Processing /opt/airflow/dags/potencia_etl_dag.py took 0.497 seconds
[2025-07-06T20:20:13.979+0000] {processor.py:186} INFO - Started process (PID=254) to work on /opt/airflow/dags/potencia_etl_dag.py
[2025-07-06T20:20:13.979+0000] {processor.py:914} INFO - Processing file /opt/airflow/dags/potencia_etl_dag.py for tasks to queue
[2025-07-06T20:20:13.982+0000] {logging_mixin.py:190} INFO - [2025-07-06T20:20:13.982+0000] {dagbag.py:588} INFO - Filling up the DagBag from /opt/airflow/dags/potencia_etl_dag.py
[2025-07-06T20:20:14.411+0000] {logging_mixin.py:190} INFO - [2025-07-06T20:20:14.406+0000] {dagbag.py:387} ERROR - Failed to import: /opt/airflow/dags/potencia_etl_dag.py
Traceback (most recent call last):
  File "/home/airflow/.local/lib/python3.12/site-packages/airflow/models/dagbag.py", line 383, in parse
    loader.exec_module(new_module)
  File "<frozen importlib._bootstrap_external>", line 999, in exec_module
  File "<frozen importlib._bootstrap>", line 488, in _call_with_frames_removed
  File "/opt/airflow/dags/potencia_etl_dag.py", line 13, in <module>
    from utilities import construir_columna_fecha, obtener_cliente_db
  File "/opt/airflow/utils/utilities.py", line 3, in <module>
    from pymongo.mongo_client import MongoClient
ModuleNotFoundError: No module named 'pymongo'
[2025-07-06T20:20:14.413+0000] {processor.py:927} WARNING - No viable dags retrieved from /opt/airflow/dags/potencia_etl_dag.py
[2025-07-06T20:20:14.432+0000] {processor.py:208} INFO - Processing /opt/airflow/dags/potencia_etl_dag.py took 0.459 seconds
[2025-07-06T20:20:44.836+0000] {processor.py:186} INFO - Started process (PID=272) to work on /opt/airflow/dags/potencia_etl_dag.py
[2025-07-06T20:20:44.837+0000] {processor.py:914} INFO - Processing file /opt/airflow/dags/potencia_etl_dag.py for tasks to queue
[2025-07-06T20:20:44.839+0000] {logging_mixin.py:190} INFO - [2025-07-06T20:20:44.839+0000] {dagbag.py:588} INFO - Filling up the DagBag from /opt/airflow/dags/potencia_etl_dag.py
[2025-07-06T20:20:45.326+0000] {logging_mixin.py:190} INFO - [2025-07-06T20:20:45.320+0000] {dagbag.py:387} ERROR - Failed to import: /opt/airflow/dags/potencia_etl_dag.py
Traceback (most recent call last):
  File "/home/airflow/.local/lib/python3.12/site-packages/airflow/models/dagbag.py", line 383, in parse
    loader.exec_module(new_module)
  File "<frozen importlib._bootstrap_external>", line 999, in exec_module
  File "<frozen importlib._bootstrap>", line 488, in _call_with_frames_removed
  File "/opt/airflow/dags/potencia_etl_dag.py", line 13, in <module>
    from utilities import construir_columna_fecha, obtener_cliente_db
  File "/opt/airflow/utils/utilities.py", line 3, in <module>
    from pymongo.mongo_client import MongoClient
ModuleNotFoundError: No module named 'pymongo'
[2025-07-06T20:20:45.327+0000] {processor.py:927} WARNING - No viable dags retrieved from /opt/airflow/dags/potencia_etl_dag.py
[2025-07-06T20:20:45.347+0000] {processor.py:208} INFO - Processing /opt/airflow/dags/potencia_etl_dag.py took 0.517 seconds
[2025-07-06T20:21:15.808+0000] {processor.py:186} INFO - Started process (PID=290) to work on /opt/airflow/dags/potencia_etl_dag.py
[2025-07-06T20:21:15.809+0000] {processor.py:914} INFO - Processing file /opt/airflow/dags/potencia_etl_dag.py for tasks to queue
[2025-07-06T20:21:15.811+0000] {logging_mixin.py:190} INFO - [2025-07-06T20:21:15.811+0000] {dagbag.py:588} INFO - Filling up the DagBag from /opt/airflow/dags/potencia_etl_dag.py
[2025-07-06T20:21:16.278+0000] {logging_mixin.py:190} INFO - [2025-07-06T20:21:16.273+0000] {dagbag.py:387} ERROR - Failed to import: /opt/airflow/dags/potencia_etl_dag.py
Traceback (most recent call last):
  File "/home/airflow/.local/lib/python3.12/site-packages/airflow/models/dagbag.py", line 383, in parse
    loader.exec_module(new_module)
  File "<frozen importlib._bootstrap_external>", line 999, in exec_module
  File "<frozen importlib._bootstrap>", line 488, in _call_with_frames_removed
  File "/opt/airflow/dags/potencia_etl_dag.py", line 13, in <module>
    from utilities import construir_columna_fecha, obtener_cliente_db
  File "/opt/airflow/utils/utilities.py", line 3, in <module>
    from pymongo.mongo_client import MongoClient
ModuleNotFoundError: No module named 'pymongo'
[2025-07-06T20:21:16.280+0000] {processor.py:927} WARNING - No viable dags retrieved from /opt/airflow/dags/potencia_etl_dag.py
[2025-07-06T20:21:16.296+0000] {processor.py:208} INFO - Processing /opt/airflow/dags/potencia_etl_dag.py took 0.494 seconds
[2025-07-06T20:21:46.734+0000] {processor.py:186} INFO - Started process (PID=308) to work on /opt/airflow/dags/potencia_etl_dag.py
[2025-07-06T20:21:46.735+0000] {processor.py:914} INFO - Processing file /opt/airflow/dags/potencia_etl_dag.py for tasks to queue
[2025-07-06T20:21:46.737+0000] {logging_mixin.py:190} INFO - [2025-07-06T20:21:46.736+0000] {dagbag.py:588} INFO - Filling up the DagBag from /opt/airflow/dags/potencia_etl_dag.py
[2025-07-06T20:21:47.187+0000] {logging_mixin.py:190} INFO - [2025-07-06T20:21:47.182+0000] {dagbag.py:387} ERROR - Failed to import: /opt/airflow/dags/potencia_etl_dag.py
Traceback (most recent call last):
  File "/home/airflow/.local/lib/python3.12/site-packages/airflow/models/dagbag.py", line 383, in parse
    loader.exec_module(new_module)
  File "<frozen importlib._bootstrap_external>", line 999, in exec_module
  File "<frozen importlib._bootstrap>", line 488, in _call_with_frames_removed
  File "/opt/airflow/dags/potencia_etl_dag.py", line 13, in <module>
    from utilities import construir_columna_fecha, obtener_cliente_db
  File "/opt/airflow/utils/utilities.py", line 3, in <module>
    from pymongo.mongo_client import MongoClient
ModuleNotFoundError: No module named 'pymongo'
[2025-07-06T20:21:47.188+0000] {processor.py:927} WARNING - No viable dags retrieved from /opt/airflow/dags/potencia_etl_dag.py
[2025-07-06T20:21:47.209+0000] {processor.py:208} INFO - Processing /opt/airflow/dags/potencia_etl_dag.py took 0.481 seconds
[2025-07-06T20:22:17.591+0000] {processor.py:186} INFO - Started process (PID=326) to work on /opt/airflow/dags/potencia_etl_dag.py
[2025-07-06T20:22:17.592+0000] {processor.py:914} INFO - Processing file /opt/airflow/dags/potencia_etl_dag.py for tasks to queue
[2025-07-06T20:22:17.594+0000] {logging_mixin.py:190} INFO - [2025-07-06T20:22:17.594+0000] {dagbag.py:588} INFO - Filling up the DagBag from /opt/airflow/dags/potencia_etl_dag.py
[2025-07-06T20:22:18.059+0000] {logging_mixin.py:190} INFO - [2025-07-06T20:22:18.054+0000] {dagbag.py:387} ERROR - Failed to import: /opt/airflow/dags/potencia_etl_dag.py
Traceback (most recent call last):
  File "/home/airflow/.local/lib/python3.12/site-packages/airflow/models/dagbag.py", line 383, in parse
    loader.exec_module(new_module)
  File "<frozen importlib._bootstrap_external>", line 999, in exec_module
  File "<frozen importlib._bootstrap>", line 488, in _call_with_frames_removed
  File "/opt/airflow/dags/potencia_etl_dag.py", line 13, in <module>
    from utilities import construir_columna_fecha, obtener_cliente_db
  File "/opt/airflow/utils/utilities.py", line 3, in <module>
    from pymongo.mongo_client import MongoClient
ModuleNotFoundError: No module named 'pymongo'
[2025-07-06T20:22:18.060+0000] {processor.py:927} WARNING - No viable dags retrieved from /opt/airflow/dags/potencia_etl_dag.py
[2025-07-06T20:22:18.076+0000] {processor.py:208} INFO - Processing /opt/airflow/dags/potencia_etl_dag.py took 0.493 seconds
[2025-07-06T20:22:48.201+0000] {processor.py:186} INFO - Started process (PID=345) to work on /opt/airflow/dags/potencia_etl_dag.py
[2025-07-06T20:22:48.202+0000] {processor.py:914} INFO - Processing file /opt/airflow/dags/potencia_etl_dag.py for tasks to queue
[2025-07-06T20:22:48.204+0000] {logging_mixin.py:190} INFO - [2025-07-06T20:22:48.204+0000] {dagbag.py:588} INFO - Filling up the DagBag from /opt/airflow/dags/potencia_etl_dag.py
[2025-07-06T20:22:48.471+0000] {logging_mixin.py:190} INFO - [2025-07-06T20:22:48.466+0000] {dagbag.py:387} ERROR - Failed to import: /opt/airflow/dags/potencia_etl_dag.py
Traceback (most recent call last):
  File "/home/airflow/.local/lib/python3.12/site-packages/airflow/models/dagbag.py", line 383, in parse
    loader.exec_module(new_module)
  File "<frozen importlib._bootstrap_external>", line 999, in exec_module
  File "<frozen importlib._bootstrap>", line 488, in _call_with_frames_removed
  File "/opt/airflow/dags/potencia_etl_dag.py", line 13, in <module>
    from utilities import construir_columna_fecha, obtener_cliente_db
  File "/opt/airflow/utils/utilities.py", line 3, in <module>
    from pymongo.mongo_client import MongoClient
ModuleNotFoundError: No module named 'pymongo'
[2025-07-06T20:22:48.473+0000] {processor.py:927} WARNING - No viable dags retrieved from /opt/airflow/dags/potencia_etl_dag.py
[2025-07-06T20:22:48.490+0000] {processor.py:208} INFO - Processing /opt/airflow/dags/potencia_etl_dag.py took 0.295 seconds
[2025-07-06T20:23:19.114+0000] {processor.py:186} INFO - Started process (PID=371) to work on /opt/airflow/dags/potencia_etl_dag.py
[2025-07-06T20:23:19.115+0000] {processor.py:914} INFO - Processing file /opt/airflow/dags/potencia_etl_dag.py for tasks to queue
[2025-07-06T20:23:19.118+0000] {logging_mixin.py:190} INFO - [2025-07-06T20:23:19.117+0000] {dagbag.py:588} INFO - Filling up the DagBag from /opt/airflow/dags/potencia_etl_dag.py
[2025-07-06T20:23:19.398+0000] {logging_mixin.py:190} INFO - [2025-07-06T20:23:19.392+0000] {dagbag.py:387} ERROR - Failed to import: /opt/airflow/dags/potencia_etl_dag.py
Traceback (most recent call last):
  File "/home/airflow/.local/lib/python3.12/site-packages/airflow/models/dagbag.py", line 383, in parse
    loader.exec_module(new_module)
  File "<frozen importlib._bootstrap_external>", line 999, in exec_module
  File "<frozen importlib._bootstrap>", line 488, in _call_with_frames_removed
  File "/opt/airflow/dags/potencia_etl_dag.py", line 13, in <module>
    from utilities import construir_columna_fecha, obtener_cliente_db
  File "/opt/airflow/utils/utilities.py", line 3, in <module>
    from pymongo.mongo_client import MongoClient
ModuleNotFoundError: No module named 'pymongo'
[2025-07-06T20:23:19.399+0000] {processor.py:927} WARNING - No viable dags retrieved from /opt/airflow/dags/potencia_etl_dag.py
[2025-07-06T20:23:19.422+0000] {processor.py:208} INFO - Processing /opt/airflow/dags/potencia_etl_dag.py took 0.313 seconds
[2025-07-06T20:23:50.348+0000] {processor.py:186} INFO - Started process (PID=407) to work on /opt/airflow/dags/potencia_etl_dag.py
[2025-07-06T20:23:50.349+0000] {processor.py:914} INFO - Processing file /opt/airflow/dags/potencia_etl_dag.py for tasks to queue
[2025-07-06T20:23:50.352+0000] {logging_mixin.py:190} INFO - [2025-07-06T20:23:50.352+0000] {dagbag.py:588} INFO - Filling up the DagBag from /opt/airflow/dags/potencia_etl_dag.py
[2025-07-06T20:23:50.665+0000] {processor.py:925} INFO - DAG(s) 'etl_dag_datos_potencia' retrieved from /opt/airflow/dags/potencia_etl_dag.py
[2025-07-06T20:23:50.799+0000] {logging_mixin.py:190} INFO - [2025-07-06T20:23:50.798+0000] {override.py:1912} INFO - Created Permission View: can edit on DAG:etl_dag_datos_potencia
[2025-07-06T20:23:50.813+0000] {logging_mixin.py:190} INFO - [2025-07-06T20:23:50.812+0000] {override.py:1912} INFO - Created Permission View: can delete on DAG:etl_dag_datos_potencia
[2025-07-06T20:23:50.823+0000] {logging_mixin.py:190} INFO - [2025-07-06T20:23:50.822+0000] {override.py:1912} INFO - Created Permission View: can read on DAG:etl_dag_datos_potencia
[2025-07-06T20:23:50.837+0000] {logging_mixin.py:190} INFO - [2025-07-06T20:23:50.837+0000] {override.py:1912} INFO - Created Permission View: can create on DAG Run:etl_dag_datos_potencia
[2025-07-06T20:23:50.848+0000] {logging_mixin.py:190} INFO - [2025-07-06T20:23:50.847+0000] {override.py:1912} INFO - Created Permission View: can delete on DAG Run:etl_dag_datos_potencia
[2025-07-06T20:23:50.858+0000] {logging_mixin.py:190} INFO - [2025-07-06T20:23:50.858+0000] {override.py:1912} INFO - Created Permission View: can read on DAG Run:etl_dag_datos_potencia
[2025-07-06T20:23:50.869+0000] {logging_mixin.py:190} INFO - [2025-07-06T20:23:50.869+0000] {override.py:1912} INFO - Created Permission View: menu access on DAG Run:etl_dag_datos_potencia
[2025-07-06T20:23:50.870+0000] {logging_mixin.py:190} INFO - [2025-07-06T20:23:50.869+0000] {dag.py:3239} INFO - Sync 1 DAGs
[2025-07-06T20:23:50.881+0000] {logging_mixin.py:190} INFO - [2025-07-06T20:23:50.881+0000] {dag.py:3262} INFO - Creating ORM DAG for etl_dag_datos_potencia
[2025-07-06T20:23:50.882+0000] {logging_mixin.py:190} INFO - [2025-07-06T20:23:50.882+0000] {dag.py:4180} INFO - Setting next_dagrun for etl_dag_datos_potencia to None, run_after=None
[2025-07-06T20:23:50.907+0000] {processor.py:208} INFO - Processing /opt/airflow/dags/potencia_etl_dag.py took 0.573 seconds
[2025-07-06T20:24:11.422+0000] {processor.py:186} INFO - Started process (PID=56) to work on /opt/airflow/dags/potencia_etl_dag.py
[2025-07-06T20:24:11.427+0000] {processor.py:914} INFO - Processing file /opt/airflow/dags/potencia_etl_dag.py for tasks to queue
[2025-07-06T20:24:11.436+0000] {logging_mixin.py:190} INFO - [2025-07-06T20:24:11.435+0000] {dagbag.py:588} INFO - Filling up the DagBag from /opt/airflow/dags/potencia_etl_dag.py
[2025-07-06T20:24:12.436+0000] {processor.py:925} INFO - DAG(s) 'etl_dag_datos_potencia' retrieved from /opt/airflow/dags/potencia_etl_dag.py
[2025-07-06T20:24:12.458+0000] {logging_mixin.py:190} INFO - [2025-07-06T20:24:12.457+0000] {dag.py:3239} INFO - Sync 1 DAGs
[2025-07-06T20:24:12.481+0000] {logging_mixin.py:190} INFO - [2025-07-06T20:24:12.481+0000] {dag.py:4180} INFO - Setting next_dagrun for etl_dag_datos_potencia to None, run_after=None
[2025-07-06T20:24:12.508+0000] {processor.py:208} INFO - Processing /opt/airflow/dags/potencia_etl_dag.py took 1.113 seconds
[2025-07-06T20:24:42.672+0000] {processor.py:186} INFO - Started process (PID=74) to work on /opt/airflow/dags/potencia_etl_dag.py
[2025-07-06T20:24:42.674+0000] {processor.py:914} INFO - Processing file /opt/airflow/dags/potencia_etl_dag.py for tasks to queue
[2025-07-06T20:24:42.677+0000] {logging_mixin.py:190} INFO - [2025-07-06T20:24:42.677+0000] {dagbag.py:588} INFO - Filling up the DagBag from /opt/airflow/dags/potencia_etl_dag.py
[2025-07-06T20:24:43.406+0000] {processor.py:925} INFO - DAG(s) 'etl_dag_datos_potencia' retrieved from /opt/airflow/dags/potencia_etl_dag.py
[2025-07-06T20:24:43.441+0000] {logging_mixin.py:190} INFO - [2025-07-06T20:24:43.440+0000] {dag.py:3239} INFO - Sync 1 DAGs
[2025-07-06T20:24:43.456+0000] {logging_mixin.py:190} INFO - [2025-07-06T20:24:43.455+0000] {dag.py:4180} INFO - Setting next_dagrun for etl_dag_datos_potencia to None, run_after=None
[2025-07-06T20:24:43.473+0000] {processor.py:208} INFO - Processing /opt/airflow/dags/potencia_etl_dag.py took 0.813 seconds
[2025-07-06T20:25:13.702+0000] {processor.py:186} INFO - Started process (PID=92) to work on /opt/airflow/dags/potencia_etl_dag.py
[2025-07-06T20:25:13.703+0000] {processor.py:914} INFO - Processing file /opt/airflow/dags/potencia_etl_dag.py for tasks to queue
[2025-07-06T20:25:13.706+0000] {logging_mixin.py:190} INFO - [2025-07-06T20:25:13.705+0000] {dagbag.py:588} INFO - Filling up the DagBag from /opt/airflow/dags/potencia_etl_dag.py
[2025-07-06T20:25:14.363+0000] {processor.py:925} INFO - DAG(s) 'etl_dag_datos_potencia' retrieved from /opt/airflow/dags/potencia_etl_dag.py
[2025-07-06T20:25:14.386+0000] {logging_mixin.py:190} INFO - [2025-07-06T20:25:14.386+0000] {dag.py:3239} INFO - Sync 1 DAGs
[2025-07-06T20:25:14.398+0000] {logging_mixin.py:190} INFO - [2025-07-06T20:25:14.398+0000] {dag.py:4180} INFO - Setting next_dagrun for etl_dag_datos_potencia to None, run_after=None
[2025-07-06T20:25:14.417+0000] {processor.py:208} INFO - Processing /opt/airflow/dags/potencia_etl_dag.py took 0.722 seconds
[2025-07-06T20:25:39.972+0000] {processor.py:186} INFO - Started process (PID=110) to work on /opt/airflow/dags/potencia_etl_dag.py
[2025-07-06T20:25:39.973+0000] {processor.py:914} INFO - Processing file /opt/airflow/dags/potencia_etl_dag.py for tasks to queue
[2025-07-06T20:25:39.976+0000] {logging_mixin.py:190} INFO - [2025-07-06T20:25:39.975+0000] {dagbag.py:588} INFO - Filling up the DagBag from /opt/airflow/dags/potencia_etl_dag.py
[2025-07-06T20:25:40.518+0000] {processor.py:925} INFO - DAG(s) 'etl_dag_datos_potencia' retrieved from /opt/airflow/dags/potencia_etl_dag.py
[2025-07-06T20:25:40.621+0000] {logging_mixin.py:190} INFO - [2025-07-06T20:25:40.620+0000] {dag.py:3239} INFO - Sync 1 DAGs
[2025-07-06T20:25:40.630+0000] {logging_mixin.py:190} INFO - [2025-07-06T20:25:40.630+0000] {dag.py:4180} INFO - Setting next_dagrun for etl_dag_datos_potencia to None, run_after=None
[2025-07-06T20:25:40.650+0000] {processor.py:208} INFO - Processing /opt/airflow/dags/potencia_etl_dag.py took 0.683 seconds
[2025-07-06T20:26:11.542+0000] {processor.py:186} INFO - Started process (PID=128) to work on /opt/airflow/dags/potencia_etl_dag.py
[2025-07-06T20:26:11.543+0000] {processor.py:914} INFO - Processing file /opt/airflow/dags/potencia_etl_dag.py for tasks to queue
[2025-07-06T20:26:11.545+0000] {logging_mixin.py:190} INFO - [2025-07-06T20:26:11.545+0000] {dagbag.py:588} INFO - Filling up the DagBag from /opt/airflow/dags/potencia_etl_dag.py
[2025-07-06T20:26:12.443+0000] {processor.py:925} INFO - DAG(s) 'etl_dag_datos_potencia' retrieved from /opt/airflow/dags/potencia_etl_dag.py
[2025-07-06T20:26:12.481+0000] {logging_mixin.py:190} INFO - [2025-07-06T20:26:12.480+0000] {dag.py:3239} INFO - Sync 1 DAGs
[2025-07-06T20:26:12.511+0000] {logging_mixin.py:190} INFO - [2025-07-06T20:26:12.511+0000] {dag.py:4180} INFO - Setting next_dagrun for etl_dag_datos_potencia to None, run_after=None
[2025-07-06T20:26:12.545+0000] {processor.py:208} INFO - Processing /opt/airflow/dags/potencia_etl_dag.py took 1.010 seconds
[2025-07-06T20:26:42.646+0000] {processor.py:186} INFO - Started process (PID=146) to work on /opt/airflow/dags/potencia_etl_dag.py
[2025-07-06T20:26:42.647+0000] {processor.py:914} INFO - Processing file /opt/airflow/dags/potencia_etl_dag.py for tasks to queue
[2025-07-06T20:26:42.649+0000] {logging_mixin.py:190} INFO - [2025-07-06T20:26:42.649+0000] {dagbag.py:588} INFO - Filling up the DagBag from /opt/airflow/dags/potencia_etl_dag.py
[2025-07-06T20:26:43.191+0000] {processor.py:925} INFO - DAG(s) 'etl_dag_datos_potencia' retrieved from /opt/airflow/dags/potencia_etl_dag.py
[2025-07-06T20:26:43.212+0000] {logging_mixin.py:190} INFO - [2025-07-06T20:26:43.212+0000] {dag.py:3239} INFO - Sync 1 DAGs
[2025-07-06T20:26:43.222+0000] {logging_mixin.py:190} INFO - [2025-07-06T20:26:43.222+0000] {dag.py:4180} INFO - Setting next_dagrun for etl_dag_datos_potencia to None, run_after=None
[2025-07-06T20:26:43.239+0000] {processor.py:208} INFO - Processing /opt/airflow/dags/potencia_etl_dag.py took 0.598 seconds
[2025-07-06T20:27:14.158+0000] {processor.py:186} INFO - Started process (PID=164) to work on /opt/airflow/dags/potencia_etl_dag.py
[2025-07-06T20:27:14.158+0000] {processor.py:914} INFO - Processing file /opt/airflow/dags/potencia_etl_dag.py for tasks to queue
[2025-07-06T20:27:14.160+0000] {logging_mixin.py:190} INFO - [2025-07-06T20:27:14.160+0000] {dagbag.py:588} INFO - Filling up the DagBag from /opt/airflow/dags/potencia_etl_dag.py
[2025-07-06T20:27:14.643+0000] {processor.py:925} INFO - DAG(s) 'etl_dag_datos_potencia' retrieved from /opt/airflow/dags/potencia_etl_dag.py
[2025-07-06T20:27:14.663+0000] {logging_mixin.py:190} INFO - [2025-07-06T20:27:14.662+0000] {dag.py:3239} INFO - Sync 1 DAGs
[2025-07-06T20:27:14.673+0000] {logging_mixin.py:190} INFO - [2025-07-06T20:27:14.673+0000] {dag.py:4180} INFO - Setting next_dagrun for etl_dag_datos_potencia to None, run_after=None
[2025-07-06T20:27:14.687+0000] {processor.py:208} INFO - Processing /opt/airflow/dags/potencia_etl_dag.py took 0.534 seconds
[2025-07-06T20:27:45.152+0000] {processor.py:186} INFO - Started process (PID=182) to work on /opt/airflow/dags/potencia_etl_dag.py
[2025-07-06T20:27:45.153+0000] {processor.py:914} INFO - Processing file /opt/airflow/dags/potencia_etl_dag.py for tasks to queue
[2025-07-06T20:27:45.155+0000] {logging_mixin.py:190} INFO - [2025-07-06T20:27:45.155+0000] {dagbag.py:588} INFO - Filling up the DagBag from /opt/airflow/dags/potencia_etl_dag.py
[2025-07-06T20:27:45.604+0000] {processor.py:925} INFO - DAG(s) 'etl_dag_datos_potencia' retrieved from /opt/airflow/dags/potencia_etl_dag.py
[2025-07-06T20:27:45.625+0000] {logging_mixin.py:190} INFO - [2025-07-06T20:27:45.624+0000] {dag.py:3239} INFO - Sync 1 DAGs
[2025-07-06T20:27:45.635+0000] {logging_mixin.py:190} INFO - [2025-07-06T20:27:45.634+0000] {dag.py:4180} INFO - Setting next_dagrun for etl_dag_datos_potencia to None, run_after=None
[2025-07-06T20:27:45.648+0000] {processor.py:208} INFO - Processing /opt/airflow/dags/potencia_etl_dag.py took 0.501 seconds
[2025-07-06T20:28:16.533+0000] {processor.py:186} INFO - Started process (PID=206) to work on /opt/airflow/dags/potencia_etl_dag.py
[2025-07-06T20:28:16.534+0000] {processor.py:914} INFO - Processing file /opt/airflow/dags/potencia_etl_dag.py for tasks to queue
[2025-07-06T20:28:16.537+0000] {logging_mixin.py:190} INFO - [2025-07-06T20:28:16.536+0000] {dagbag.py:588} INFO - Filling up the DagBag from /opt/airflow/dags/potencia_etl_dag.py
[2025-07-06T20:28:17.043+0000] {processor.py:925} INFO - DAG(s) 'etl_dag_datos_potencia' retrieved from /opt/airflow/dags/potencia_etl_dag.py
[2025-07-06T20:28:17.064+0000] {logging_mixin.py:190} INFO - [2025-07-06T20:28:17.064+0000] {dag.py:3239} INFO - Sync 1 DAGs
[2025-07-06T20:28:17.076+0000] {logging_mixin.py:190} INFO - [2025-07-06T20:28:17.076+0000] {dag.py:4180} INFO - Setting next_dagrun for etl_dag_datos_potencia to None, run_after=None
[2025-07-06T20:28:17.092+0000] {processor.py:208} INFO - Processing /opt/airflow/dags/potencia_etl_dag.py took 0.565 seconds
[2025-07-06T20:28:47.405+0000] {processor.py:186} INFO - Started process (PID=224) to work on /opt/airflow/dags/potencia_etl_dag.py
[2025-07-06T20:28:47.406+0000] {processor.py:914} INFO - Processing file /opt/airflow/dags/potencia_etl_dag.py for tasks to queue
[2025-07-06T20:28:47.408+0000] {logging_mixin.py:190} INFO - [2025-07-06T20:28:47.408+0000] {dagbag.py:588} INFO - Filling up the DagBag from /opt/airflow/dags/potencia_etl_dag.py
[2025-07-06T20:28:47.864+0000] {processor.py:925} INFO - DAG(s) 'etl_dag_datos_potencia' retrieved from /opt/airflow/dags/potencia_etl_dag.py
[2025-07-06T20:28:47.883+0000] {logging_mixin.py:190} INFO - [2025-07-06T20:28:47.883+0000] {dag.py:3239} INFO - Sync 1 DAGs
[2025-07-06T20:28:47.893+0000] {logging_mixin.py:190} INFO - [2025-07-06T20:28:47.893+0000] {dag.py:4180} INFO - Setting next_dagrun for etl_dag_datos_potencia to None, run_after=None
[2025-07-06T20:28:47.905+0000] {processor.py:208} INFO - Processing /opt/airflow/dags/potencia_etl_dag.py took 0.505 seconds
[2025-07-06T20:29:18.219+0000] {processor.py:186} INFO - Started process (PID=242) to work on /opt/airflow/dags/potencia_etl_dag.py
[2025-07-06T20:29:18.220+0000] {processor.py:914} INFO - Processing file /opt/airflow/dags/potencia_etl_dag.py for tasks to queue
[2025-07-06T20:29:18.222+0000] {logging_mixin.py:190} INFO - [2025-07-06T20:29:18.221+0000] {dagbag.py:588} INFO - Filling up the DagBag from /opt/airflow/dags/potencia_etl_dag.py
[2025-07-06T20:29:18.713+0000] {processor.py:925} INFO - DAG(s) 'etl_dag_datos_potencia' retrieved from /opt/airflow/dags/potencia_etl_dag.py
[2025-07-06T20:29:18.734+0000] {logging_mixin.py:190} INFO - [2025-07-06T20:29:18.734+0000] {dag.py:3239} INFO - Sync 1 DAGs
[2025-07-06T20:29:18.745+0000] {logging_mixin.py:190} INFO - [2025-07-06T20:29:18.745+0000] {dag.py:4180} INFO - Setting next_dagrun for etl_dag_datos_potencia to None, run_after=None
[2025-07-06T20:29:18.761+0000] {processor.py:208} INFO - Processing /opt/airflow/dags/potencia_etl_dag.py took 0.548 seconds
[2025-07-06T20:29:31.975+0000] {processor.py:186} INFO - Started process (PID=254) to work on /opt/airflow/dags/potencia_etl_dag.py
[2025-07-06T20:29:31.976+0000] {processor.py:914} INFO - Processing file /opt/airflow/dags/potencia_etl_dag.py for tasks to queue
[2025-07-06T20:29:31.978+0000] {logging_mixin.py:190} INFO - [2025-07-06T20:29:31.978+0000] {dagbag.py:588} INFO - Filling up the DagBag from /opt/airflow/dags/potencia_etl_dag.py
[2025-07-06T20:29:32.553+0000] {processor.py:925} INFO - DAG(s) 'etl_dag_datos_potencia' retrieved from /opt/airflow/dags/potencia_etl_dag.py
[2025-07-06T20:29:32.576+0000] {logging_mixin.py:190} INFO - [2025-07-06T20:29:32.576+0000] {dag.py:3239} INFO - Sync 1 DAGs
[2025-07-06T20:29:32.587+0000] {logging_mixin.py:190} INFO - [2025-07-06T20:29:32.587+0000] {dag.py:4180} INFO - Setting next_dagrun for etl_dag_datos_potencia to None, run_after=None
[2025-07-06T20:29:32.605+0000] {processor.py:208} INFO - Processing /opt/airflow/dags/potencia_etl_dag.py took 0.636 seconds
[2025-07-06T20:29:40.729+0000] {processor.py:186} INFO - Started process (PID=256) to work on /opt/airflow/dags/potencia_etl_dag.py
[2025-07-06T20:29:40.730+0000] {processor.py:914} INFO - Processing file /opt/airflow/dags/potencia_etl_dag.py for tasks to queue
[2025-07-06T20:29:40.732+0000] {logging_mixin.py:190} INFO - [2025-07-06T20:29:40.732+0000] {dagbag.py:588} INFO - Filling up the DagBag from /opt/airflow/dags/potencia_etl_dag.py
[2025-07-06T20:29:41.236+0000] {processor.py:925} INFO - DAG(s) 'etl_dag_datos_potencia' retrieved from /opt/airflow/dags/potencia_etl_dag.py
[2025-07-06T20:29:41.255+0000] {logging_mixin.py:190} INFO - [2025-07-06T20:29:41.255+0000] {dag.py:3239} INFO - Sync 1 DAGs
[2025-07-06T20:29:41.264+0000] {logging_mixin.py:190} INFO - [2025-07-06T20:29:41.264+0000] {dag.py:4180} INFO - Setting next_dagrun for etl_dag_datos_potencia to None, run_after=None
[2025-07-06T20:29:41.284+0000] {processor.py:208} INFO - Processing /opt/airflow/dags/potencia_etl_dag.py took 0.562 seconds
[2025-07-06T20:30:12.197+0000] {processor.py:186} INFO - Started process (PID=274) to work on /opt/airflow/dags/potencia_etl_dag.py
[2025-07-06T20:30:12.198+0000] {processor.py:914} INFO - Processing file /opt/airflow/dags/potencia_etl_dag.py for tasks to queue
[2025-07-06T20:30:12.200+0000] {logging_mixin.py:190} INFO - [2025-07-06T20:30:12.200+0000] {dagbag.py:588} INFO - Filling up the DagBag from /opt/airflow/dags/potencia_etl_dag.py
[2025-07-06T20:30:12.720+0000] {processor.py:925} INFO - DAG(s) 'etl_dag_datos_potencia' retrieved from /opt/airflow/dags/potencia_etl_dag.py
[2025-07-06T20:30:12.747+0000] {logging_mixin.py:190} INFO - [2025-07-06T20:30:12.746+0000] {dag.py:3239} INFO - Sync 1 DAGs
[2025-07-06T20:30:12.760+0000] {logging_mixin.py:190} INFO - [2025-07-06T20:30:12.759+0000] {dag.py:4180} INFO - Setting next_dagrun for etl_dag_datos_potencia to None, run_after=None
[2025-07-06T20:30:12.776+0000] {processor.py:208} INFO - Processing /opt/airflow/dags/potencia_etl_dag.py took 0.584 seconds
[2025-07-06T20:30:43.264+0000] {processor.py:186} INFO - Started process (PID=292) to work on /opt/airflow/dags/potencia_etl_dag.py
[2025-07-06T20:30:43.265+0000] {processor.py:914} INFO - Processing file /opt/airflow/dags/potencia_etl_dag.py for tasks to queue
[2025-07-06T20:30:43.267+0000] {logging_mixin.py:190} INFO - [2025-07-06T20:30:43.267+0000] {dagbag.py:588} INFO - Filling up the DagBag from /opt/airflow/dags/potencia_etl_dag.py
[2025-07-06T20:30:43.781+0000] {processor.py:925} INFO - DAG(s) 'etl_dag_datos_potencia' retrieved from /opt/airflow/dags/potencia_etl_dag.py
[2025-07-06T20:30:43.802+0000] {logging_mixin.py:190} INFO - [2025-07-06T20:30:43.802+0000] {dag.py:3239} INFO - Sync 1 DAGs
[2025-07-06T20:30:43.813+0000] {logging_mixin.py:190} INFO - [2025-07-06T20:30:43.813+0000] {dag.py:4180} INFO - Setting next_dagrun for etl_dag_datos_potencia to None, run_after=None
[2025-07-06T20:30:43.829+0000] {processor.py:208} INFO - Processing /opt/airflow/dags/potencia_etl_dag.py took 0.571 seconds
[2025-07-06T20:31:14.296+0000] {processor.py:186} INFO - Started process (PID=310) to work on /opt/airflow/dags/potencia_etl_dag.py
[2025-07-06T20:31:14.297+0000] {processor.py:914} INFO - Processing file /opt/airflow/dags/potencia_etl_dag.py for tasks to queue
[2025-07-06T20:31:14.300+0000] {logging_mixin.py:190} INFO - [2025-07-06T20:31:14.300+0000] {dagbag.py:588} INFO - Filling up the DagBag from /opt/airflow/dags/potencia_etl_dag.py
[2025-07-06T20:31:14.853+0000] {processor.py:925} INFO - DAG(s) 'etl_dag_datos_potencia' retrieved from /opt/airflow/dags/potencia_etl_dag.py
[2025-07-06T20:31:14.877+0000] {logging_mixin.py:190} INFO - [2025-07-06T20:31:14.877+0000] {dag.py:3239} INFO - Sync 1 DAGs
[2025-07-06T20:31:14.891+0000] {logging_mixin.py:190} INFO - [2025-07-06T20:31:14.891+0000] {dag.py:4180} INFO - Setting next_dagrun for etl_dag_datos_potencia to None, run_after=None
[2025-07-06T20:31:14.907+0000] {processor.py:208} INFO - Processing /opt/airflow/dags/potencia_etl_dag.py took 0.617 seconds
[2025-07-06T20:31:45.331+0000] {processor.py:186} INFO - Started process (PID=353) to work on /opt/airflow/dags/potencia_etl_dag.py
[2025-07-06T20:31:45.332+0000] {processor.py:914} INFO - Processing file /opt/airflow/dags/potencia_etl_dag.py for tasks to queue
[2025-07-06T20:31:45.334+0000] {logging_mixin.py:190} INFO - [2025-07-06T20:31:45.334+0000] {dagbag.py:588} INFO - Filling up the DagBag from /opt/airflow/dags/potencia_etl_dag.py
[2025-07-06T20:31:45.881+0000] {processor.py:925} INFO - DAG(s) 'etl_dag_datos_potencia' retrieved from /opt/airflow/dags/potencia_etl_dag.py
[2025-07-06T20:31:45.905+0000] {logging_mixin.py:190} INFO - [2025-07-06T20:31:45.905+0000] {dag.py:3239} INFO - Sync 1 DAGs
[2025-07-06T20:31:45.918+0000] {logging_mixin.py:190} INFO - [2025-07-06T20:31:45.917+0000] {dag.py:4180} INFO - Setting next_dagrun for etl_dag_datos_potencia to None, run_after=None
[2025-07-06T20:31:45.932+0000] {processor.py:208} INFO - Processing /opt/airflow/dags/potencia_etl_dag.py took 0.609 seconds
[2025-07-06T20:32:16.138+0000] {processor.py:186} INFO - Started process (PID=375) to work on /opt/airflow/dags/potencia_etl_dag.py
[2025-07-06T20:32:16.138+0000] {processor.py:914} INFO - Processing file /opt/airflow/dags/potencia_etl_dag.py for tasks to queue
[2025-07-06T20:32:16.141+0000] {logging_mixin.py:190} INFO - [2025-07-06T20:32:16.140+0000] {dagbag.py:588} INFO - Filling up the DagBag from /opt/airflow/dags/potencia_etl_dag.py
[2025-07-06T20:32:16.579+0000] {processor.py:925} INFO - DAG(s) 'etl_dag_datos_potencia' retrieved from /opt/airflow/dags/potencia_etl_dag.py
[2025-07-06T20:32:16.598+0000] {logging_mixin.py:190} INFO - [2025-07-06T20:32:16.597+0000] {dag.py:3239} INFO - Sync 1 DAGs
[2025-07-06T20:32:16.607+0000] {logging_mixin.py:190} INFO - [2025-07-06T20:32:16.607+0000] {dag.py:4180} INFO - Setting next_dagrun for etl_dag_datos_potencia to None, run_after=None
[2025-07-06T20:32:16.619+0000] {processor.py:208} INFO - Processing /opt/airflow/dags/potencia_etl_dag.py took 0.490 seconds
[2025-07-06T20:32:46.924+0000] {processor.py:186} INFO - Started process (PID=393) to work on /opt/airflow/dags/potencia_etl_dag.py
[2025-07-06T20:32:46.925+0000] {processor.py:914} INFO - Processing file /opt/airflow/dags/potencia_etl_dag.py for tasks to queue
[2025-07-06T20:32:46.928+0000] {logging_mixin.py:190} INFO - [2025-07-06T20:32:46.927+0000] {dagbag.py:588} INFO - Filling up the DagBag from /opt/airflow/dags/potencia_etl_dag.py
[2025-07-06T20:32:47.386+0000] {processor.py:925} INFO - DAG(s) 'etl_dag_datos_potencia' retrieved from /opt/airflow/dags/potencia_etl_dag.py
[2025-07-06T20:32:47.407+0000] {logging_mixin.py:190} INFO - [2025-07-06T20:32:47.407+0000] {dag.py:3239} INFO - Sync 1 DAGs
[2025-07-06T20:32:47.417+0000] {logging_mixin.py:190} INFO - [2025-07-06T20:32:47.417+0000] {dag.py:4180} INFO - Setting next_dagrun for etl_dag_datos_potencia to None, run_after=None
[2025-07-06T20:32:47.430+0000] {processor.py:208} INFO - Processing /opt/airflow/dags/potencia_etl_dag.py took 0.514 seconds
[2025-07-06T20:33:18.280+0000] {processor.py:186} INFO - Started process (PID=417) to work on /opt/airflow/dags/potencia_etl_dag.py
[2025-07-06T20:33:18.281+0000] {processor.py:914} INFO - Processing file /opt/airflow/dags/potencia_etl_dag.py for tasks to queue
[2025-07-06T20:33:18.283+0000] {logging_mixin.py:190} INFO - [2025-07-06T20:33:18.283+0000] {dagbag.py:588} INFO - Filling up the DagBag from /opt/airflow/dags/potencia_etl_dag.py
[2025-07-06T20:33:18.802+0000] {processor.py:925} INFO - DAG(s) 'etl_dag_datos_potencia' retrieved from /opt/airflow/dags/potencia_etl_dag.py
[2025-07-06T20:33:18.826+0000] {logging_mixin.py:190} INFO - [2025-07-06T20:33:18.825+0000] {dag.py:3239} INFO - Sync 1 DAGs
[2025-07-06T20:33:18.836+0000] {logging_mixin.py:190} INFO - [2025-07-06T20:33:18.836+0000] {dag.py:4180} INFO - Setting next_dagrun for etl_dag_datos_potencia to None, run_after=None
[2025-07-06T20:33:18.853+0000] {processor.py:208} INFO - Processing /opt/airflow/dags/potencia_etl_dag.py took 0.581 seconds
[2025-07-06T20:33:49.220+0000] {processor.py:186} INFO - Started process (PID=439) to work on /opt/airflow/dags/potencia_etl_dag.py
[2025-07-06T20:33:49.221+0000] {processor.py:914} INFO - Processing file /opt/airflow/dags/potencia_etl_dag.py for tasks to queue
[2025-07-06T20:33:49.223+0000] {logging_mixin.py:190} INFO - [2025-07-06T20:33:49.223+0000] {dagbag.py:588} INFO - Filling up the DagBag from /opt/airflow/dags/potencia_etl_dag.py
[2025-07-06T20:33:49.718+0000] {processor.py:925} INFO - DAG(s) 'etl_dag_datos_potencia' retrieved from /opt/airflow/dags/potencia_etl_dag.py
[2025-07-06T20:33:49.739+0000] {logging_mixin.py:190} INFO - [2025-07-06T20:33:49.738+0000] {dag.py:3239} INFO - Sync 1 DAGs
[2025-07-06T20:33:49.750+0000] {logging_mixin.py:190} INFO - [2025-07-06T20:33:49.750+0000] {dag.py:4180} INFO - Setting next_dagrun for etl_dag_datos_potencia to None, run_after=None
[2025-07-06T20:33:49.764+0000] {processor.py:208} INFO - Processing /opt/airflow/dags/potencia_etl_dag.py took 0.553 seconds
[2025-07-06T20:34:20.243+0000] {processor.py:186} INFO - Started process (PID=457) to work on /opt/airflow/dags/potencia_etl_dag.py
[2025-07-06T20:34:20.244+0000] {processor.py:914} INFO - Processing file /opt/airflow/dags/potencia_etl_dag.py for tasks to queue
[2025-07-06T20:34:20.246+0000] {logging_mixin.py:190} INFO - [2025-07-06T20:34:20.246+0000] {dagbag.py:588} INFO - Filling up the DagBag from /opt/airflow/dags/potencia_etl_dag.py
[2025-07-06T20:34:20.764+0000] {processor.py:925} INFO - DAG(s) 'etl_dag_datos_potencia' retrieved from /opt/airflow/dags/potencia_etl_dag.py
[2025-07-06T20:34:20.784+0000] {logging_mixin.py:190} INFO - [2025-07-06T20:34:20.784+0000] {dag.py:3239} INFO - Sync 1 DAGs
[2025-07-06T20:34:20.795+0000] {logging_mixin.py:190} INFO - [2025-07-06T20:34:20.795+0000] {dag.py:4180} INFO - Setting next_dagrun for etl_dag_datos_potencia to None, run_after=None
[2025-07-06T20:34:20.807+0000] {processor.py:208} INFO - Processing /opt/airflow/dags/potencia_etl_dag.py took 0.573 seconds
[2025-07-06T20:34:51.045+0000] {processor.py:186} INFO - Started process (PID=475) to work on /opt/airflow/dags/potencia_etl_dag.py
[2025-07-06T20:34:51.046+0000] {processor.py:914} INFO - Processing file /opt/airflow/dags/potencia_etl_dag.py for tasks to queue
[2025-07-06T20:34:51.049+0000] {logging_mixin.py:190} INFO - [2025-07-06T20:34:51.049+0000] {dagbag.py:588} INFO - Filling up the DagBag from /opt/airflow/dags/potencia_etl_dag.py
[2025-07-06T20:34:51.372+0000] {processor.py:925} INFO - DAG(s) 'etl_dag_datos_potencia' retrieved from /opt/airflow/dags/potencia_etl_dag.py
[2025-07-06T20:34:51.395+0000] {logging_mixin.py:190} INFO - [2025-07-06T20:34:51.394+0000] {dag.py:3239} INFO - Sync 1 DAGs
[2025-07-06T20:34:51.406+0000] {logging_mixin.py:190} INFO - [2025-07-06T20:34:51.406+0000] {dag.py:4180} INFO - Setting next_dagrun for etl_dag_datos_potencia to None, run_after=None
[2025-07-06T20:34:51.421+0000] {processor.py:208} INFO - Processing /opt/airflow/dags/potencia_etl_dag.py took 0.384 seconds
[2025-07-06T20:35:11.600+0000] {processor.py:186} INFO - Started process (PID=487) to work on /opt/airflow/dags/potencia_etl_dag.py
[2025-07-06T20:35:11.602+0000] {processor.py:914} INFO - Processing file /opt/airflow/dags/potencia_etl_dag.py for tasks to queue
[2025-07-06T20:35:11.605+0000] {logging_mixin.py:190} INFO - [2025-07-06T20:35:11.604+0000] {dagbag.py:588} INFO - Filling up the DagBag from /opt/airflow/dags/potencia_etl_dag.py
[2025-07-06T20:35:12.049+0000] {processor.py:925} INFO - DAG(s) 'etl_dag_datos_potencia' retrieved from /opt/airflow/dags/potencia_etl_dag.py
[2025-07-06T20:35:12.076+0000] {logging_mixin.py:190} INFO - [2025-07-06T20:35:12.075+0000] {dag.py:3239} INFO - Sync 1 DAGs
[2025-07-06T20:35:12.091+0000] {logging_mixin.py:190} INFO - [2025-07-06T20:35:12.090+0000] {dag.py:4180} INFO - Setting next_dagrun for etl_dag_datos_potencia to None, run_after=None
[2025-07-06T20:35:12.111+0000] {processor.py:208} INFO - Processing /opt/airflow/dags/potencia_etl_dag.py took 0.520 seconds
[2025-07-06T20:35:42.215+0000] {processor.py:186} INFO - Started process (PID=513) to work on /opt/airflow/dags/potencia_etl_dag.py
[2025-07-06T20:35:42.216+0000] {processor.py:914} INFO - Processing file /opt/airflow/dags/potencia_etl_dag.py for tasks to queue
[2025-07-06T20:35:42.218+0000] {logging_mixin.py:190} INFO - [2025-07-06T20:35:42.218+0000] {dagbag.py:588} INFO - Filling up the DagBag from /opt/airflow/dags/potencia_etl_dag.py
[2025-07-06T20:35:42.518+0000] {processor.py:925} INFO - DAG(s) 'etl_dag_datos_potencia' retrieved from /opt/airflow/dags/potencia_etl_dag.py
[2025-07-06T20:35:42.541+0000] {logging_mixin.py:190} INFO - [2025-07-06T20:35:42.541+0000] {dag.py:3239} INFO - Sync 1 DAGs
[2025-07-06T20:35:42.554+0000] {logging_mixin.py:190} INFO - [2025-07-06T20:35:42.554+0000] {dag.py:4180} INFO - Setting next_dagrun for etl_dag_datos_potencia to None, run_after=None
[2025-07-06T20:35:42.570+0000] {processor.py:208} INFO - Processing /opt/airflow/dags/potencia_etl_dag.py took 0.364 seconds
[2025-07-06T20:36:12.633+0000] {processor.py:186} INFO - Started process (PID=531) to work on /opt/airflow/dags/potencia_etl_dag.py
[2025-07-06T20:36:12.634+0000] {processor.py:914} INFO - Processing file /opt/airflow/dags/potencia_etl_dag.py for tasks to queue
[2025-07-06T20:36:12.637+0000] {logging_mixin.py:190} INFO - [2025-07-06T20:36:12.636+0000] {dagbag.py:588} INFO - Filling up the DagBag from /opt/airflow/dags/potencia_etl_dag.py
[2025-07-06T20:36:12.958+0000] {processor.py:925} INFO - DAG(s) 'etl_dag_datos_potencia' retrieved from /opt/airflow/dags/potencia_etl_dag.py
[2025-07-06T20:36:12.984+0000] {logging_mixin.py:190} INFO - [2025-07-06T20:36:12.984+0000] {dag.py:3239} INFO - Sync 1 DAGs
[2025-07-06T20:36:12.998+0000] {logging_mixin.py:190} INFO - [2025-07-06T20:36:12.998+0000] {dag.py:4180} INFO - Setting next_dagrun for etl_dag_datos_potencia to None, run_after=None
[2025-07-06T20:36:13.013+0000] {processor.py:208} INFO - Processing /opt/airflow/dags/potencia_etl_dag.py took 0.388 seconds
[2025-07-06T20:36:43.158+0000] {processor.py:186} INFO - Started process (PID=549) to work on /opt/airflow/dags/potencia_etl_dag.py
[2025-07-06T20:36:43.160+0000] {processor.py:914} INFO - Processing file /opt/airflow/dags/potencia_etl_dag.py for tasks to queue
[2025-07-06T20:36:43.164+0000] {logging_mixin.py:190} INFO - [2025-07-06T20:36:43.163+0000] {dagbag.py:588} INFO - Filling up the DagBag from /opt/airflow/dags/potencia_etl_dag.py
[2025-07-06T20:36:43.513+0000] {processor.py:925} INFO - DAG(s) 'etl_dag_datos_potencia' retrieved from /opt/airflow/dags/potencia_etl_dag.py
[2025-07-06T20:36:43.537+0000] {logging_mixin.py:190} INFO - [2025-07-06T20:36:43.536+0000] {dag.py:3239} INFO - Sync 1 DAGs
[2025-07-06T20:36:43.550+0000] {logging_mixin.py:190} INFO - [2025-07-06T20:36:43.550+0000] {dag.py:4180} INFO - Setting next_dagrun for etl_dag_datos_potencia to None, run_after=None
[2025-07-06T20:36:43.566+0000] {processor.py:208} INFO - Processing /opt/airflow/dags/potencia_etl_dag.py took 0.421 seconds
[2025-07-06T20:37:13.644+0000] {processor.py:186} INFO - Started process (PID=567) to work on /opt/airflow/dags/potencia_etl_dag.py
[2025-07-06T20:37:13.645+0000] {processor.py:914} INFO - Processing file /opt/airflow/dags/potencia_etl_dag.py for tasks to queue
[2025-07-06T20:37:13.648+0000] {logging_mixin.py:190} INFO - [2025-07-06T20:37:13.648+0000] {dagbag.py:588} INFO - Filling up the DagBag from /opt/airflow/dags/potencia_etl_dag.py
[2025-07-06T20:37:13.991+0000] {processor.py:925} INFO - DAG(s) 'etl_dag_datos_potencia' retrieved from /opt/airflow/dags/potencia_etl_dag.py
[2025-07-06T20:37:14.015+0000] {logging_mixin.py:190} INFO - [2025-07-06T20:37:14.015+0000] {dag.py:3239} INFO - Sync 1 DAGs
[2025-07-06T20:37:14.028+0000] {logging_mixin.py:190} INFO - [2025-07-06T20:37:14.028+0000] {dag.py:4180} INFO - Setting next_dagrun for etl_dag_datos_potencia to None, run_after=None
[2025-07-06T20:37:14.045+0000] {processor.py:208} INFO - Processing /opt/airflow/dags/potencia_etl_dag.py took 0.409 seconds
[2025-07-06T20:37:44.131+0000] {processor.py:186} INFO - Started process (PID=585) to work on /opt/airflow/dags/potencia_etl_dag.py
[2025-07-06T20:37:44.132+0000] {processor.py:914} INFO - Processing file /opt/airflow/dags/potencia_etl_dag.py for tasks to queue
[2025-07-06T20:37:44.134+0000] {logging_mixin.py:190} INFO - [2025-07-06T20:37:44.134+0000] {dagbag.py:588} INFO - Filling up the DagBag from /opt/airflow/dags/potencia_etl_dag.py
[2025-07-06T20:37:44.467+0000] {processor.py:925} INFO - DAG(s) 'etl_dag_datos_potencia' retrieved from /opt/airflow/dags/potencia_etl_dag.py
[2025-07-06T20:37:44.492+0000] {logging_mixin.py:190} INFO - [2025-07-06T20:37:44.491+0000] {dag.py:3239} INFO - Sync 1 DAGs
[2025-07-06T20:37:44.504+0000] {logging_mixin.py:190} INFO - [2025-07-06T20:37:44.504+0000] {dag.py:4180} INFO - Setting next_dagrun for etl_dag_datos_potencia to None, run_after=None
[2025-07-06T20:37:44.521+0000] {processor.py:208} INFO - Processing /opt/airflow/dags/potencia_etl_dag.py took 0.399 seconds
[2025-07-06T20:38:14.639+0000] {processor.py:186} INFO - Started process (PID=603) to work on /opt/airflow/dags/potencia_etl_dag.py
[2025-07-06T20:38:14.640+0000] {processor.py:914} INFO - Processing file /opt/airflow/dags/potencia_etl_dag.py for tasks to queue
[2025-07-06T20:38:14.642+0000] {logging_mixin.py:190} INFO - [2025-07-06T20:38:14.642+0000] {dagbag.py:588} INFO - Filling up the DagBag from /opt/airflow/dags/potencia_etl_dag.py
[2025-07-06T20:38:14.955+0000] {processor.py:925} INFO - DAG(s) 'etl_dag_datos_potencia' retrieved from /opt/airflow/dags/potencia_etl_dag.py
[2025-07-06T20:38:14.982+0000] {logging_mixin.py:190} INFO - [2025-07-06T20:38:14.981+0000] {dag.py:3239} INFO - Sync 1 DAGs
[2025-07-06T20:38:14.995+0000] {logging_mixin.py:190} INFO - [2025-07-06T20:38:14.995+0000] {dag.py:4180} INFO - Setting next_dagrun for etl_dag_datos_potencia to None, run_after=None
[2025-07-06T20:38:15.012+0000] {processor.py:208} INFO - Processing /opt/airflow/dags/potencia_etl_dag.py took 0.382 seconds
[2025-07-06T20:38:45.131+0000] {processor.py:186} INFO - Started process (PID=621) to work on /opt/airflow/dags/potencia_etl_dag.py
[2025-07-06T20:38:45.132+0000] {processor.py:914} INFO - Processing file /opt/airflow/dags/potencia_etl_dag.py for tasks to queue
[2025-07-06T20:38:45.134+0000] {logging_mixin.py:190} INFO - [2025-07-06T20:38:45.134+0000] {dagbag.py:588} INFO - Filling up the DagBag from /opt/airflow/dags/potencia_etl_dag.py
[2025-07-06T20:38:45.495+0000] {processor.py:925} INFO - DAG(s) 'etl_dag_datos_potencia' retrieved from /opt/airflow/dags/potencia_etl_dag.py
[2025-07-06T20:38:45.521+0000] {logging_mixin.py:190} INFO - [2025-07-06T20:38:45.521+0000] {dag.py:3239} INFO - Sync 1 DAGs
[2025-07-06T20:38:45.536+0000] {logging_mixin.py:190} INFO - [2025-07-06T20:38:45.536+0000] {dag.py:4180} INFO - Setting next_dagrun for etl_dag_datos_potencia to None, run_after=None
[2025-07-06T20:38:45.553+0000] {processor.py:208} INFO - Processing /opt/airflow/dags/potencia_etl_dag.py took 0.431 seconds
[2025-07-06T20:39:15.712+0000] {processor.py:186} INFO - Started process (PID=639) to work on /opt/airflow/dags/potencia_etl_dag.py
[2025-07-06T20:39:15.713+0000] {processor.py:914} INFO - Processing file /opt/airflow/dags/potencia_etl_dag.py for tasks to queue
[2025-07-06T20:39:15.716+0000] {logging_mixin.py:190} INFO - [2025-07-06T20:39:15.715+0000] {dagbag.py:588} INFO - Filling up the DagBag from /opt/airflow/dags/potencia_etl_dag.py
[2025-07-06T20:39:16.075+0000] {processor.py:925} INFO - DAG(s) 'etl_dag_datos_potencia' retrieved from /opt/airflow/dags/potencia_etl_dag.py
[2025-07-06T20:39:16.106+0000] {logging_mixin.py:190} INFO - [2025-07-06T20:39:16.105+0000] {dag.py:3239} INFO - Sync 1 DAGs
[2025-07-06T20:39:16.122+0000] {logging_mixin.py:190} INFO - [2025-07-06T20:39:16.122+0000] {dag.py:4180} INFO - Setting next_dagrun for etl_dag_datos_potencia to None, run_after=None
[2025-07-06T20:39:16.142+0000] {processor.py:208} INFO - Processing /opt/airflow/dags/potencia_etl_dag.py took 0.438 seconds
[2025-07-06T20:39:46.395+0000] {processor.py:186} INFO - Started process (PID=665) to work on /opt/airflow/dags/potencia_etl_dag.py
[2025-07-06T20:39:46.396+0000] {processor.py:914} INFO - Processing file /opt/airflow/dags/potencia_etl_dag.py for tasks to queue
[2025-07-06T20:39:46.398+0000] {logging_mixin.py:190} INFO - [2025-07-06T20:39:46.398+0000] {dagbag.py:588} INFO - Filling up the DagBag from /opt/airflow/dags/potencia_etl_dag.py
[2025-07-06T20:39:46.698+0000] {processor.py:925} INFO - DAG(s) 'etl_dag_datos_potencia' retrieved from /opt/airflow/dags/potencia_etl_dag.py
[2025-07-06T20:39:46.719+0000] {logging_mixin.py:190} INFO - [2025-07-06T20:39:46.719+0000] {dag.py:3239} INFO - Sync 1 DAGs
[2025-07-06T20:39:46.730+0000] {logging_mixin.py:190} INFO - [2025-07-06T20:39:46.730+0000] {dag.py:4180} INFO - Setting next_dagrun for etl_dag_datos_potencia to None, run_after=None
[2025-07-06T20:39:46.743+0000] {processor.py:208} INFO - Processing /opt/airflow/dags/potencia_etl_dag.py took 0.355 seconds
[2025-07-06T20:40:16.993+0000] {processor.py:186} INFO - Started process (PID=683) to work on /opt/airflow/dags/potencia_etl_dag.py
[2025-07-06T20:40:16.994+0000] {processor.py:914} INFO - Processing file /opt/airflow/dags/potencia_etl_dag.py for tasks to queue
[2025-07-06T20:40:16.996+0000] {logging_mixin.py:190} INFO - [2025-07-06T20:40:16.996+0000] {dagbag.py:588} INFO - Filling up the DagBag from /opt/airflow/dags/potencia_etl_dag.py
[2025-07-06T20:40:17.312+0000] {processor.py:925} INFO - DAG(s) 'etl_dag_datos_potencia' retrieved from /opt/airflow/dags/potencia_etl_dag.py
[2025-07-06T20:40:17.339+0000] {logging_mixin.py:190} INFO - [2025-07-06T20:40:17.339+0000] {dag.py:3239} INFO - Sync 1 DAGs
[2025-07-06T20:40:17.355+0000] {logging_mixin.py:190} INFO - [2025-07-06T20:40:17.355+0000] {dag.py:4180} INFO - Setting next_dagrun for etl_dag_datos_potencia to None, run_after=None
[2025-07-06T20:40:17.370+0000] {processor.py:208} INFO - Processing /opt/airflow/dags/potencia_etl_dag.py took 0.386 seconds
[2025-07-06T20:40:47.554+0000] {processor.py:186} INFO - Started process (PID=701) to work on /opt/airflow/dags/potencia_etl_dag.py
[2025-07-06T20:40:47.555+0000] {processor.py:914} INFO - Processing file /opt/airflow/dags/potencia_etl_dag.py for tasks to queue
[2025-07-06T20:40:47.557+0000] {logging_mixin.py:190} INFO - [2025-07-06T20:40:47.557+0000] {dagbag.py:588} INFO - Filling up the DagBag from /opt/airflow/dags/potencia_etl_dag.py
[2025-07-06T20:40:47.887+0000] {processor.py:925} INFO - DAG(s) 'etl_dag_datos_potencia' retrieved from /opt/airflow/dags/potencia_etl_dag.py
[2025-07-06T20:40:47.914+0000] {logging_mixin.py:190} INFO - [2025-07-06T20:40:47.913+0000] {dag.py:3239} INFO - Sync 1 DAGs
[2025-07-06T20:40:47.928+0000] {logging_mixin.py:190} INFO - [2025-07-06T20:40:47.928+0000] {dag.py:4180} INFO - Setting next_dagrun for etl_dag_datos_potencia to None, run_after=None
[2025-07-06T20:40:47.944+0000] {processor.py:208} INFO - Processing /opt/airflow/dags/potencia_etl_dag.py took 0.400 seconds
[2025-07-06T20:41:18.080+0000] {processor.py:186} INFO - Started process (PID=719) to work on /opt/airflow/dags/potencia_etl_dag.py
[2025-07-06T20:41:18.081+0000] {processor.py:914} INFO - Processing file /opt/airflow/dags/potencia_etl_dag.py for tasks to queue
[2025-07-06T20:41:18.084+0000] {logging_mixin.py:190} INFO - [2025-07-06T20:41:18.083+0000] {dagbag.py:588} INFO - Filling up the DagBag from /opt/airflow/dags/potencia_etl_dag.py
[2025-07-06T20:41:18.397+0000] {processor.py:925} INFO - DAG(s) 'etl_dag_datos_potencia' retrieved from /opt/airflow/dags/potencia_etl_dag.py
[2025-07-06T20:41:18.422+0000] {logging_mixin.py:190} INFO - [2025-07-06T20:41:18.421+0000] {dag.py:3239} INFO - Sync 1 DAGs
[2025-07-06T20:41:18.435+0000] {logging_mixin.py:190} INFO - [2025-07-06T20:41:18.435+0000] {dag.py:4180} INFO - Setting next_dagrun for etl_dag_datos_potencia to None, run_after=None
[2025-07-06T20:41:18.451+0000] {processor.py:208} INFO - Processing /opt/airflow/dags/potencia_etl_dag.py took 0.379 seconds
[2025-07-06T20:41:48.563+0000] {processor.py:186} INFO - Started process (PID=743) to work on /opt/airflow/dags/potencia_etl_dag.py
[2025-07-06T20:41:48.564+0000] {processor.py:914} INFO - Processing file /opt/airflow/dags/potencia_etl_dag.py for tasks to queue
[2025-07-06T20:41:48.566+0000] {logging_mixin.py:190} INFO - [2025-07-06T20:41:48.566+0000] {dagbag.py:588} INFO - Filling up the DagBag from /opt/airflow/dags/potencia_etl_dag.py
[2025-07-06T20:41:48.891+0000] {processor.py:925} INFO - DAG(s) 'etl_dag_datos_potencia' retrieved from /opt/airflow/dags/potencia_etl_dag.py
[2025-07-06T20:41:48.914+0000] {logging_mixin.py:190} INFO - [2025-07-06T20:41:48.914+0000] {dag.py:3239} INFO - Sync 1 DAGs
[2025-07-06T20:41:48.927+0000] {logging_mixin.py:190} INFO - [2025-07-06T20:41:48.926+0000] {dag.py:4180} INFO - Setting next_dagrun for etl_dag_datos_potencia to None, run_after=None
[2025-07-06T20:41:48.943+0000] {processor.py:208} INFO - Processing /opt/airflow/dags/potencia_etl_dag.py took 0.388 seconds
[2025-07-06T20:42:19.094+0000] {processor.py:186} INFO - Started process (PID=761) to work on /opt/airflow/dags/potencia_etl_dag.py
[2025-07-06T20:42:19.095+0000] {processor.py:914} INFO - Processing file /opt/airflow/dags/potencia_etl_dag.py for tasks to queue
[2025-07-06T20:42:19.097+0000] {logging_mixin.py:190} INFO - [2025-07-06T20:42:19.097+0000] {dagbag.py:588} INFO - Filling up the DagBag from /opt/airflow/dags/potencia_etl_dag.py
[2025-07-06T20:42:19.428+0000] {processor.py:925} INFO - DAG(s) 'etl_dag_datos_potencia' retrieved from /opt/airflow/dags/potencia_etl_dag.py
[2025-07-06T20:42:19.455+0000] {logging_mixin.py:190} INFO - [2025-07-06T20:42:19.454+0000] {dag.py:3239} INFO - Sync 1 DAGs
[2025-07-06T20:42:19.468+0000] {logging_mixin.py:190} INFO - [2025-07-06T20:42:19.468+0000] {dag.py:4180} INFO - Setting next_dagrun for etl_dag_datos_potencia to None, run_after=None
[2025-07-06T20:42:19.483+0000] {processor.py:208} INFO - Processing /opt/airflow/dags/potencia_etl_dag.py took 0.397 seconds
[2025-07-06T20:42:49.605+0000] {processor.py:186} INFO - Started process (PID=779) to work on /opt/airflow/dags/potencia_etl_dag.py
[2025-07-06T20:42:49.606+0000] {processor.py:914} INFO - Processing file /opt/airflow/dags/potencia_etl_dag.py for tasks to queue
[2025-07-06T20:42:49.608+0000] {logging_mixin.py:190} INFO - [2025-07-06T20:42:49.608+0000] {dagbag.py:588} INFO - Filling up the DagBag from /opt/airflow/dags/potencia_etl_dag.py
[2025-07-06T20:42:49.916+0000] {processor.py:925} INFO - DAG(s) 'etl_dag_datos_potencia' retrieved from /opt/airflow/dags/potencia_etl_dag.py
[2025-07-06T20:42:49.942+0000] {logging_mixin.py:190} INFO - [2025-07-06T20:42:49.942+0000] {dag.py:3239} INFO - Sync 1 DAGs
[2025-07-06T20:42:49.957+0000] {logging_mixin.py:190} INFO - [2025-07-06T20:42:49.956+0000] {dag.py:4180} INFO - Setting next_dagrun for etl_dag_datos_potencia to None, run_after=None
[2025-07-06T20:42:49.973+0000] {processor.py:208} INFO - Processing /opt/airflow/dags/potencia_etl_dag.py took 0.377 seconds
[2025-07-06T20:43:20.141+0000] {processor.py:186} INFO - Started process (PID=797) to work on /opt/airflow/dags/potencia_etl_dag.py
[2025-07-06T20:43:20.142+0000] {processor.py:914} INFO - Processing file /opt/airflow/dags/potencia_etl_dag.py for tasks to queue
[2025-07-06T20:43:20.145+0000] {logging_mixin.py:190} INFO - [2025-07-06T20:43:20.145+0000] {dagbag.py:588} INFO - Filling up the DagBag from /opt/airflow/dags/potencia_etl_dag.py
[2025-07-06T20:43:20.477+0000] {processor.py:925} INFO - DAG(s) 'etl_dag_datos_potencia' retrieved from /opt/airflow/dags/potencia_etl_dag.py
[2025-07-06T20:43:20.502+0000] {logging_mixin.py:190} INFO - [2025-07-06T20:43:20.502+0000] {dag.py:3239} INFO - Sync 1 DAGs
[2025-07-06T20:43:20.516+0000] {logging_mixin.py:190} INFO - [2025-07-06T20:43:20.515+0000] {dag.py:4180} INFO - Setting next_dagrun for etl_dag_datos_potencia to None, run_after=None
[2025-07-06T20:43:20.532+0000] {processor.py:208} INFO - Processing /opt/airflow/dags/potencia_etl_dag.py took 0.399 seconds
[2025-07-06T20:43:50.682+0000] {processor.py:186} INFO - Started process (PID=815) to work on /opt/airflow/dags/potencia_etl_dag.py
[2025-07-06T20:43:50.683+0000] {processor.py:914} INFO - Processing file /opt/airflow/dags/potencia_etl_dag.py for tasks to queue
[2025-07-06T20:43:50.685+0000] {logging_mixin.py:190} INFO - [2025-07-06T20:43:50.685+0000] {dagbag.py:588} INFO - Filling up the DagBag from /opt/airflow/dags/potencia_etl_dag.py
[2025-07-06T20:43:51.005+0000] {processor.py:925} INFO - DAG(s) 'etl_dag_datos_potencia' retrieved from /opt/airflow/dags/potencia_etl_dag.py
[2025-07-06T20:43:51.032+0000] {logging_mixin.py:190} INFO - [2025-07-06T20:43:51.032+0000] {dag.py:3239} INFO - Sync 1 DAGs
[2025-07-06T20:43:51.046+0000] {logging_mixin.py:190} INFO - [2025-07-06T20:43:51.046+0000] {dag.py:4180} INFO - Setting next_dagrun for etl_dag_datos_potencia to None, run_after=None
[2025-07-06T20:43:51.061+0000] {processor.py:208} INFO - Processing /opt/airflow/dags/potencia_etl_dag.py took 0.387 seconds
[2025-07-06T20:44:21.179+0000] {processor.py:186} INFO - Started process (PID=833) to work on /opt/airflow/dags/potencia_etl_dag.py
[2025-07-06T20:44:21.181+0000] {processor.py:914} INFO - Processing file /opt/airflow/dags/potencia_etl_dag.py for tasks to queue
[2025-07-06T20:44:21.183+0000] {logging_mixin.py:190} INFO - [2025-07-06T20:44:21.183+0000] {dagbag.py:588} INFO - Filling up the DagBag from /opt/airflow/dags/potencia_etl_dag.py
[2025-07-06T20:44:21.520+0000] {processor.py:925} INFO - DAG(s) 'etl_dag_datos_potencia' retrieved from /opt/airflow/dags/potencia_etl_dag.py
[2025-07-06T20:44:21.544+0000] {logging_mixin.py:190} INFO - [2025-07-06T20:44:21.543+0000] {dag.py:3239} INFO - Sync 1 DAGs
[2025-07-06T20:44:21.557+0000] {logging_mixin.py:190} INFO - [2025-07-06T20:44:21.556+0000] {dag.py:4180} INFO - Setting next_dagrun for etl_dag_datos_potencia to None, run_after=None
[2025-07-06T20:44:21.573+0000] {processor.py:208} INFO - Processing /opt/airflow/dags/potencia_etl_dag.py took 0.403 seconds
[2025-07-06T20:44:51.716+0000] {processor.py:186} INFO - Started process (PID=851) to work on /opt/airflow/dags/potencia_etl_dag.py
[2025-07-06T20:44:51.717+0000] {processor.py:914} INFO - Processing file /opt/airflow/dags/potencia_etl_dag.py for tasks to queue
[2025-07-06T20:44:51.721+0000] {logging_mixin.py:190} INFO - [2025-07-06T20:44:51.720+0000] {dagbag.py:588} INFO - Filling up the DagBag from /opt/airflow/dags/potencia_etl_dag.py
[2025-07-06T20:44:52.056+0000] {processor.py:925} INFO - DAG(s) 'etl_dag_datos_potencia' retrieved from /opt/airflow/dags/potencia_etl_dag.py
[2025-07-06T20:44:52.080+0000] {logging_mixin.py:190} INFO - [2025-07-06T20:44:52.079+0000] {dag.py:3239} INFO - Sync 1 DAGs
[2025-07-06T20:44:52.091+0000] {logging_mixin.py:190} INFO - [2025-07-06T20:44:52.091+0000] {dag.py:4180} INFO - Setting next_dagrun for etl_dag_datos_potencia to None, run_after=None
[2025-07-06T20:44:52.105+0000] {processor.py:208} INFO - Processing /opt/airflow/dags/potencia_etl_dag.py took 0.400 seconds
[2025-07-06T20:45:22.250+0000] {processor.py:186} INFO - Started process (PID=877) to work on /opt/airflow/dags/potencia_etl_dag.py
[2025-07-06T20:45:22.251+0000] {processor.py:914} INFO - Processing file /opt/airflow/dags/potencia_etl_dag.py for tasks to queue
[2025-07-06T20:45:22.253+0000] {logging_mixin.py:190} INFO - [2025-07-06T20:45:22.253+0000] {dagbag.py:588} INFO - Filling up the DagBag from /opt/airflow/dags/potencia_etl_dag.py
[2025-07-06T20:45:22.619+0000] {processor.py:925} INFO - DAG(s) 'etl_dag_datos_potencia' retrieved from /opt/airflow/dags/potencia_etl_dag.py
[2025-07-06T20:45:22.648+0000] {logging_mixin.py:190} INFO - [2025-07-06T20:45:22.648+0000] {dag.py:3239} INFO - Sync 1 DAGs
[2025-07-06T20:45:22.663+0000] {logging_mixin.py:190} INFO - [2025-07-06T20:45:22.663+0000] {dag.py:4180} INFO - Setting next_dagrun for etl_dag_datos_potencia to None, run_after=None
[2025-07-06T20:45:22.682+0000] {processor.py:208} INFO - Processing /opt/airflow/dags/potencia_etl_dag.py took 0.440 seconds
[2025-07-06T20:45:52.760+0000] {processor.py:186} INFO - Started process (PID=895) to work on /opt/airflow/dags/potencia_etl_dag.py
[2025-07-06T20:45:52.761+0000] {processor.py:914} INFO - Processing file /opt/airflow/dags/potencia_etl_dag.py for tasks to queue
[2025-07-06T20:45:52.763+0000] {logging_mixin.py:190} INFO - [2025-07-06T20:45:52.762+0000] {dagbag.py:588} INFO - Filling up the DagBag from /opt/airflow/dags/potencia_etl_dag.py
[2025-07-06T20:45:53.094+0000] {processor.py:925} INFO - DAG(s) 'etl_dag_datos_potencia' retrieved from /opt/airflow/dags/potencia_etl_dag.py
[2025-07-06T20:45:53.121+0000] {logging_mixin.py:190} INFO - [2025-07-06T20:45:53.120+0000] {dag.py:3239} INFO - Sync 1 DAGs
[2025-07-06T20:45:53.133+0000] {logging_mixin.py:190} INFO - [2025-07-06T20:45:53.133+0000] {dag.py:4180} INFO - Setting next_dagrun for etl_dag_datos_potencia to None, run_after=None
[2025-07-06T20:45:53.148+0000] {processor.py:208} INFO - Processing /opt/airflow/dags/potencia_etl_dag.py took 0.397 seconds
[2025-07-06T20:46:23.293+0000] {processor.py:186} INFO - Started process (PID=913) to work on /opt/airflow/dags/potencia_etl_dag.py
[2025-07-06T20:46:23.293+0000] {processor.py:914} INFO - Processing file /opt/airflow/dags/potencia_etl_dag.py for tasks to queue
[2025-07-06T20:46:23.296+0000] {logging_mixin.py:190} INFO - [2025-07-06T20:46:23.295+0000] {dagbag.py:588} INFO - Filling up the DagBag from /opt/airflow/dags/potencia_etl_dag.py
[2025-07-06T20:46:23.609+0000] {processor.py:925} INFO - DAG(s) 'etl_dag_datos_potencia' retrieved from /opt/airflow/dags/potencia_etl_dag.py
[2025-07-06T20:46:23.635+0000] {logging_mixin.py:190} INFO - [2025-07-06T20:46:23.635+0000] {dag.py:3239} INFO - Sync 1 DAGs
[2025-07-06T20:46:23.650+0000] {logging_mixin.py:190} INFO - [2025-07-06T20:46:23.650+0000] {dag.py:4180} INFO - Setting next_dagrun for etl_dag_datos_potencia to None, run_after=None
[2025-07-06T20:46:23.667+0000] {processor.py:208} INFO - Processing /opt/airflow/dags/potencia_etl_dag.py took 0.383 seconds
[2025-07-06T20:46:53.873+0000] {processor.py:186} INFO - Started process (PID=931) to work on /opt/airflow/dags/potencia_etl_dag.py
[2025-07-06T20:46:53.874+0000] {processor.py:914} INFO - Processing file /opt/airflow/dags/potencia_etl_dag.py for tasks to queue
[2025-07-06T20:46:53.877+0000] {logging_mixin.py:190} INFO - [2025-07-06T20:46:53.877+0000] {dagbag.py:588} INFO - Filling up the DagBag from /opt/airflow/dags/potencia_etl_dag.py
[2025-07-06T20:46:54.200+0000] {processor.py:925} INFO - DAG(s) 'etl_dag_datos_potencia' retrieved from /opt/airflow/dags/potencia_etl_dag.py
[2025-07-06T20:46:54.225+0000] {logging_mixin.py:190} INFO - [2025-07-06T20:46:54.225+0000] {dag.py:3239} INFO - Sync 1 DAGs
[2025-07-06T20:46:54.237+0000] {logging_mixin.py:190} INFO - [2025-07-06T20:46:54.237+0000] {dag.py:4180} INFO - Setting next_dagrun for etl_dag_datos_potencia to None, run_after=None
[2025-07-06T20:46:54.252+0000] {processor.py:208} INFO - Processing /opt/airflow/dags/potencia_etl_dag.py took 0.388 seconds
[2025-07-06T20:47:24.320+0000] {processor.py:186} INFO - Started process (PID=949) to work on /opt/airflow/dags/potencia_etl_dag.py
[2025-07-06T20:47:24.321+0000] {processor.py:914} INFO - Processing file /opt/airflow/dags/potencia_etl_dag.py for tasks to queue
[2025-07-06T20:47:24.323+0000] {logging_mixin.py:190} INFO - [2025-07-06T20:47:24.322+0000] {dagbag.py:588} INFO - Filling up the DagBag from /opt/airflow/dags/potencia_etl_dag.py
[2025-07-06T20:47:24.662+0000] {processor.py:925} INFO - DAG(s) 'etl_dag_datos_potencia' retrieved from /opt/airflow/dags/potencia_etl_dag.py
[2025-07-06T20:47:24.686+0000] {logging_mixin.py:190} INFO - [2025-07-06T20:47:24.686+0000] {dag.py:3239} INFO - Sync 1 DAGs
[2025-07-06T20:47:24.699+0000] {logging_mixin.py:190} INFO - [2025-07-06T20:47:24.699+0000] {dag.py:4180} INFO - Setting next_dagrun for etl_dag_datos_potencia to None, run_after=None
[2025-07-06T20:47:24.714+0000] {processor.py:208} INFO - Processing /opt/airflow/dags/potencia_etl_dag.py took 0.403 seconds
[2025-07-06T20:47:54.857+0000] {processor.py:186} INFO - Started process (PID=967) to work on /opt/airflow/dags/potencia_etl_dag.py
[2025-07-06T20:47:54.858+0000] {processor.py:914} INFO - Processing file /opt/airflow/dags/potencia_etl_dag.py for tasks to queue
[2025-07-06T20:47:54.861+0000] {logging_mixin.py:190} INFO - [2025-07-06T20:47:54.860+0000] {dagbag.py:588} INFO - Filling up the DagBag from /opt/airflow/dags/potencia_etl_dag.py
[2025-07-06T20:47:55.191+0000] {processor.py:925} INFO - DAG(s) 'etl_dag_datos_potencia' retrieved from /opt/airflow/dags/potencia_etl_dag.py
[2025-07-06T20:47:55.217+0000] {logging_mixin.py:190} INFO - [2025-07-06T20:47:55.216+0000] {dag.py:3239} INFO - Sync 1 DAGs
[2025-07-06T20:47:55.230+0000] {logging_mixin.py:190} INFO - [2025-07-06T20:47:55.230+0000] {dag.py:4180} INFO - Setting next_dagrun for etl_dag_datos_potencia to None, run_after=None
[2025-07-06T20:47:55.245+0000] {processor.py:208} INFO - Processing /opt/airflow/dags/potencia_etl_dag.py took 0.398 seconds
[2025-07-06T20:48:25.353+0000] {processor.py:186} INFO - Started process (PID=985) to work on /opt/airflow/dags/potencia_etl_dag.py
[2025-07-06T20:48:25.353+0000] {processor.py:914} INFO - Processing file /opt/airflow/dags/potencia_etl_dag.py for tasks to queue
[2025-07-06T20:48:25.356+0000] {logging_mixin.py:190} INFO - [2025-07-06T20:48:25.355+0000] {dagbag.py:588} INFO - Filling up the DagBag from /opt/airflow/dags/potencia_etl_dag.py
[2025-07-06T20:48:25.699+0000] {processor.py:925} INFO - DAG(s) 'etl_dag_datos_potencia' retrieved from /opt/airflow/dags/potencia_etl_dag.py
[2025-07-06T20:48:25.730+0000] {logging_mixin.py:190} INFO - [2025-07-06T20:48:25.730+0000] {dag.py:3239} INFO - Sync 1 DAGs
[2025-07-06T20:48:25.746+0000] {logging_mixin.py:190} INFO - [2025-07-06T20:48:25.746+0000] {dag.py:4180} INFO - Setting next_dagrun for etl_dag_datos_potencia to None, run_after=None
[2025-07-06T20:48:25.762+0000] {processor.py:208} INFO - Processing /opt/airflow/dags/potencia_etl_dag.py took 0.418 seconds
[2025-07-06T20:48:55.843+0000] {processor.py:186} INFO - Started process (PID=1003) to work on /opt/airflow/dags/potencia_etl_dag.py
[2025-07-06T20:48:55.844+0000] {processor.py:914} INFO - Processing file /opt/airflow/dags/potencia_etl_dag.py for tasks to queue
[2025-07-06T20:48:55.846+0000] {logging_mixin.py:190} INFO - [2025-07-06T20:48:55.846+0000] {dagbag.py:588} INFO - Filling up the DagBag from /opt/airflow/dags/potencia_etl_dag.py
[2025-07-06T20:48:56.156+0000] {processor.py:925} INFO - DAG(s) 'etl_dag_datos_potencia' retrieved from /opt/airflow/dags/potencia_etl_dag.py
[2025-07-06T20:48:56.180+0000] {logging_mixin.py:190} INFO - [2025-07-06T20:48:56.180+0000] {dag.py:3239} INFO - Sync 1 DAGs
[2025-07-06T20:48:56.192+0000] {logging_mixin.py:190} INFO - [2025-07-06T20:48:56.192+0000] {dag.py:4180} INFO - Setting next_dagrun for etl_dag_datos_potencia to None, run_after=None
[2025-07-06T20:48:56.208+0000] {processor.py:208} INFO - Processing /opt/airflow/dags/potencia_etl_dag.py took 0.373 seconds
[2025-07-06T20:49:26.318+0000] {processor.py:186} INFO - Started process (PID=1021) to work on /opt/airflow/dags/potencia_etl_dag.py
[2025-07-06T20:49:26.318+0000] {processor.py:914} INFO - Processing file /opt/airflow/dags/potencia_etl_dag.py for tasks to queue
[2025-07-06T20:49:26.321+0000] {logging_mixin.py:190} INFO - [2025-07-06T20:49:26.320+0000] {dagbag.py:588} INFO - Filling up the DagBag from /opt/airflow/dags/potencia_etl_dag.py
[2025-07-06T20:49:26.626+0000] {processor.py:925} INFO - DAG(s) 'etl_dag_datos_potencia' retrieved from /opt/airflow/dags/potencia_etl_dag.py
[2025-07-06T20:49:26.648+0000] {logging_mixin.py:190} INFO - [2025-07-06T20:49:26.648+0000] {dag.py:3239} INFO - Sync 1 DAGs
[2025-07-06T20:49:26.660+0000] {logging_mixin.py:190} INFO - [2025-07-06T20:49:26.660+0000] {dag.py:4180} INFO - Setting next_dagrun for etl_dag_datos_potencia to None, run_after=None
[2025-07-06T20:49:26.674+0000] {processor.py:208} INFO - Processing /opt/airflow/dags/potencia_etl_dag.py took 0.364 seconds
[2025-07-06T20:49:56.834+0000] {processor.py:186} INFO - Started process (PID=1039) to work on /opt/airflow/dags/potencia_etl_dag.py
[2025-07-06T20:49:56.835+0000] {processor.py:914} INFO - Processing file /opt/airflow/dags/potencia_etl_dag.py for tasks to queue
[2025-07-06T20:49:56.838+0000] {logging_mixin.py:190} INFO - [2025-07-06T20:49:56.837+0000] {dagbag.py:588} INFO - Filling up the DagBag from /opt/airflow/dags/potencia_etl_dag.py
[2025-07-06T20:49:57.174+0000] {processor.py:925} INFO - DAG(s) 'etl_dag_datos_potencia' retrieved from /opt/airflow/dags/potencia_etl_dag.py
[2025-07-06T20:49:57.202+0000] {logging_mixin.py:190} INFO - [2025-07-06T20:49:57.202+0000] {dag.py:3239} INFO - Sync 1 DAGs
[2025-07-06T20:49:57.216+0000] {logging_mixin.py:190} INFO - [2025-07-06T20:49:57.216+0000] {dag.py:4180} INFO - Setting next_dagrun for etl_dag_datos_potencia to None, run_after=None
[2025-07-06T20:49:57.233+0000] {processor.py:208} INFO - Processing /opt/airflow/dags/potencia_etl_dag.py took 0.407 seconds
[2025-07-06T20:50:27.386+0000] {processor.py:186} INFO - Started process (PID=1057) to work on /opt/airflow/dags/potencia_etl_dag.py
[2025-07-06T20:50:27.387+0000] {processor.py:914} INFO - Processing file /opt/airflow/dags/potencia_etl_dag.py for tasks to queue
[2025-07-06T20:50:27.389+0000] {logging_mixin.py:190} INFO - [2025-07-06T20:50:27.389+0000] {dagbag.py:588} INFO - Filling up the DagBag from /opt/airflow/dags/potencia_etl_dag.py
[2025-07-06T20:50:27.697+0000] {processor.py:925} INFO - DAG(s) 'etl_dag_datos_potencia' retrieved from /opt/airflow/dags/potencia_etl_dag.py
[2025-07-06T20:50:27.720+0000] {logging_mixin.py:190} INFO - [2025-07-06T20:50:27.720+0000] {dag.py:3239} INFO - Sync 1 DAGs
[2025-07-06T20:50:27.732+0000] {logging_mixin.py:190} INFO - [2025-07-06T20:50:27.732+0000] {dag.py:4180} INFO - Setting next_dagrun for etl_dag_datos_potencia to None, run_after=None
[2025-07-06T20:50:27.747+0000] {processor.py:208} INFO - Processing /opt/airflow/dags/potencia_etl_dag.py took 0.368 seconds
[2025-07-06T20:50:58.018+0000] {processor.py:186} INFO - Started process (PID=1075) to work on /opt/airflow/dags/potencia_etl_dag.py
[2025-07-06T20:50:58.019+0000] {processor.py:914} INFO - Processing file /opt/airflow/dags/potencia_etl_dag.py for tasks to queue
[2025-07-06T20:50:58.021+0000] {logging_mixin.py:190} INFO - [2025-07-06T20:50:58.021+0000] {dagbag.py:588} INFO - Filling up the DagBag from /opt/airflow/dags/potencia_etl_dag.py
[2025-07-06T20:50:58.343+0000] {processor.py:925} INFO - DAG(s) 'etl_dag_datos_potencia' retrieved from /opt/airflow/dags/potencia_etl_dag.py
[2025-07-06T20:50:58.370+0000] {logging_mixin.py:190} INFO - [2025-07-06T20:50:58.369+0000] {dag.py:3239} INFO - Sync 1 DAGs
[2025-07-06T20:50:58.384+0000] {logging_mixin.py:190} INFO - [2025-07-06T20:50:58.384+0000] {dag.py:4180} INFO - Setting next_dagrun for etl_dag_datos_potencia to None, run_after=None
[2025-07-06T20:50:58.400+0000] {processor.py:208} INFO - Processing /opt/airflow/dags/potencia_etl_dag.py took 0.390 seconds
[2025-07-06T20:51:28.539+0000] {processor.py:186} INFO - Started process (PID=1093) to work on /opt/airflow/dags/potencia_etl_dag.py
[2025-07-06T20:51:28.540+0000] {processor.py:914} INFO - Processing file /opt/airflow/dags/potencia_etl_dag.py for tasks to queue
[2025-07-06T20:51:28.543+0000] {logging_mixin.py:190} INFO - [2025-07-06T20:51:28.542+0000] {dagbag.py:588} INFO - Filling up the DagBag from /opt/airflow/dags/potencia_etl_dag.py
[2025-07-06T20:51:28.860+0000] {processor.py:925} INFO - DAG(s) 'etl_dag_datos_potencia' retrieved from /opt/airflow/dags/potencia_etl_dag.py
[2025-07-06T20:51:28.885+0000] {logging_mixin.py:190} INFO - [2025-07-06T20:51:28.885+0000] {dag.py:3239} INFO - Sync 1 DAGs
[2025-07-06T20:51:28.899+0000] {logging_mixin.py:190} INFO - [2025-07-06T20:51:28.898+0000] {dag.py:4180} INFO - Setting next_dagrun for etl_dag_datos_potencia to None, run_after=None
[2025-07-06T20:51:28.915+0000] {processor.py:208} INFO - Processing /opt/airflow/dags/potencia_etl_dag.py took 0.387 seconds
