[2025-07-06T20:14:52.653+0000] {manager.py:483} INFO - Processing files using up to 2 processes at a time 
[2025-07-06T20:14:52.653+0000] {manager.py:484} INFO - Process each file at most once every 30 seconds
[2025-07-06T20:14:52.654+0000] {manager.py:485} INFO - Checking for new files in /opt/airflow/dags every 300 seconds
[2025-07-06T20:14:52.654+0000] {manager.py:821} INFO - Searching for files in /opt/airflow/dags
[2025-07-06T20:14:52.773+0000] {manager.py:824} INFO - There are 6 files in /opt/airflow/dags
[2025-07-06T20:14:52.944+0000] {manager.py:997} INFO - 
================================================================================
DAG File Processing Stats

File Path                                         PID  Runtime      # DAGs    # Errors  Last Runtime    Last Run      Last # of DB Queries
----------------------------------------------  -----  ---------  --------  ----------  --------------  ----------  ----------------------
/opt/airflow/dags/clientes_dpt_etl_dag.py                                0           0                                                   0
/opt/airflow/dags/clientes_sisdat_etl_dag.py                             0           0                                                   0
/opt/airflow/dags/ener_fact_dpt_etl_dag.py                               0           0                                                   0
/opt/airflow/dags/ener_fact_sisdat_etl_dag.py                            0           0                                                   0
/opt/airflow/dags/ener_suministrada_etl_dag.py     56  0.11s             0           0                                                   0
/opt/airflow/dags/potencia_etl_dag.py              57  0.09s             0           0                                                   0
================================================================================
[2025-07-06T20:15:23.151+0000] {manager.py:997} INFO - 
================================================================================
DAG File Processing Stats

File Path                                       PID    Runtime      # DAGs    # Errors  Last Runtime    Last Run               Last # of DB Queries
----------------------------------------------  -----  ---------  --------  ----------  --------------  -------------------  ----------------------
/opt/airflow/dags/ener_suministrada_etl_dag.py                           0           1  3.00s           2025-07-06T20:14:55                       3
/opt/airflow/dags/potencia_etl_dag.py                                    0           1  2.95s           2025-07-06T20:14:55                       3
/opt/airflow/dags/clientes_dpt_etl_dag.py                                0           1  1.74s           2025-07-06T20:14:58                       3
/opt/airflow/dags/ener_fact_dpt_etl_dag.py                               0           1  1.59s           2025-07-06T20:14:58                       3
/opt/airflow/dags/clientes_sisdat_etl_dag.py                             0           1  1.17s           2025-07-06T20:14:57                       3
/opt/airflow/dags/ener_fact_sisdat_etl_dag.py                            0           1  0.92s           2025-07-06T20:14:56                       3
================================================================================
[2025-07-06T20:15:53.175+0000] {manager.py:997} INFO - 
================================================================================
DAG File Processing Stats

File Path                                       PID    Runtime      # DAGs    # Errors  Last Runtime    Last Run               Last # of DB Queries
----------------------------------------------  -----  ---------  --------  ----------  --------------  -------------------  ----------------------
/opt/airflow/dags/ener_suministrada_etl_dag.py                           0           1  0.71s           2025-07-06T20:15:26                       5
/opt/airflow/dags/ener_fact_sisdat_etl_dag.py                            0           1  0.55s           2025-07-06T20:15:27                       5
/opt/airflow/dags/clientes_sisdat_etl_dag.py                             0           1  0.55s           2025-07-06T20:15:28                       5
/opt/airflow/dags/clientes_dpt_etl_dag.py                                0           1  0.52s           2025-07-06T20:15:29                       5
/opt/airflow/dags/potencia_etl_dag.py                                    0           1  0.52s           2025-07-06T20:15:37                       5
/opt/airflow/dags/ener_fact_dpt_etl_dag.py                               0           1  0.50s           2025-07-06T20:15:29                       5
================================================================================
[2025-07-06T20:16:23.477+0000] {manager.py:997} INFO - 
================================================================================
DAG File Processing Stats

File Path                                       PID    Runtime      # DAGs    # Errors  Last Runtime    Last Run               Last # of DB Queries
----------------------------------------------  -----  ---------  --------  ----------  --------------  -------------------  ----------------------
/opt/airflow/dags/ener_fact_dpt_etl_dag.py                               0           1  0.60s           2025-07-06T20:16:00                       5
/opt/airflow/dags/clientes_dpt_etl_dag.py                                0           1  0.59s           2025-07-06T20:16:00                       5
/opt/airflow/dags/ener_suministrada_etl_dag.py                           0           1  0.53s           2025-07-06T20:15:57                       5
/opt/airflow/dags/ener_fact_sisdat_etl_dag.py                            0           1  0.49s           2025-07-06T20:15:58                       5
/opt/airflow/dags/clientes_sisdat_etl_dag.py                             0           1  0.49s           2025-07-06T20:15:58                       5
/opt/airflow/dags/potencia_etl_dag.py                                    0           1  0.48s           2025-07-06T20:16:07                       5
================================================================================
[2025-07-06T20:16:53.665+0000] {manager.py:997} INFO - 
================================================================================
DAG File Processing Stats

File Path                                       PID    Runtime      # DAGs    # Errors  Last Runtime    Last Run               Last # of DB Queries
----------------------------------------------  -----  ---------  --------  ----------  --------------  -------------------  ----------------------
/opt/airflow/dags/potencia_etl_dag.py                                    0           1  0.54s           2025-07-06T20:16:38                       5
/opt/airflow/dags/ener_suministrada_etl_dag.py                           0           1  0.53s           2025-07-06T20:16:28                       5
/opt/airflow/dags/ener_fact_dpt_etl_dag.py                               0           1  0.51s           2025-07-06T20:16:30                       5
/opt/airflow/dags/clientes_dpt_etl_dag.py                                0           1  0.51s           2025-07-06T20:16:30                       5
/opt/airflow/dags/ener_fact_sisdat_etl_dag.py                            0           1  0.51s           2025-07-06T20:16:28                       5
/opt/airflow/dags/clientes_sisdat_etl_dag.py                             0           1  0.49s           2025-07-06T20:16:29                       5
================================================================================
[2025-07-06T20:17:24.064+0000] {manager.py:997} INFO - 
================================================================================
DAG File Processing Stats

File Path                                       PID    Runtime      # DAGs    # Errors  Last Runtime    Last Run               Last # of DB Queries
----------------------------------------------  -----  ---------  --------  ----------  --------------  -------------------  ----------------------
/opt/airflow/dags/clientes_dpt_etl_dag.py                                0           1  0.60s           2025-07-06T20:17:01                       5
/opt/airflow/dags/ener_fact_dpt_etl_dag.py                               0           1  0.60s           2025-07-06T20:17:01                       5
/opt/airflow/dags/clientes_sisdat_etl_dag.py                             0           1  0.59s           2025-07-06T20:17:00                       5
/opt/airflow/dags/ener_suministrada_etl_dag.py                           0           1  0.54s           2025-07-06T20:16:59                       5
/opt/airflow/dags/ener_fact_sisdat_etl_dag.py                            0           1  0.53s           2025-07-06T20:16:59                       5
/opt/airflow/dags/potencia_etl_dag.py                                    0           1  0.51s           2025-07-06T20:17:09                       5
================================================================================
[2025-07-06T20:17:54.369+0000] {manager.py:997} INFO - 
================================================================================
DAG File Processing Stats

File Path                                       PID    Runtime      # DAGs    # Errors  Last Runtime    Last Run               Last # of DB Queries
----------------------------------------------  -----  ---------  --------  ----------  --------------  -------------------  ----------------------
/opt/airflow/dags/ener_fact_dpt_etl_dag.py                               0           1  0.58s           2025-07-06T20:17:32                       5
/opt/airflow/dags/clientes_dpt_etl_dag.py                                0           1  0.55s           2025-07-06T20:17:32                       5
/opt/airflow/dags/ener_suministrada_etl_dag.py                           0           1  0.55s           2025-07-06T20:17:30                       5
/opt/airflow/dags/potencia_etl_dag.py                                    0           1  0.53s           2025-07-06T20:17:40                       5
/opt/airflow/dags/clientes_sisdat_etl_dag.py                             0           1  0.48s           2025-07-06T20:17:31                       5
/opt/airflow/dags/ener_fact_sisdat_etl_dag.py                            0           1  0.48s           2025-07-06T20:17:30                       5
================================================================================
[2025-07-06T20:18:24.596+0000] {manager.py:997} INFO - 
================================================================================
DAG File Processing Stats

File Path                                       PID    Runtime      # DAGs    # Errors  Last Runtime    Last Run               Last # of DB Queries
----------------------------------------------  -----  ---------  --------  ----------  --------------  -------------------  ----------------------
/opt/airflow/dags/ener_suministrada_etl_dag.py                           0           1  0.54s           2025-07-06T20:18:00                       5
/opt/airflow/dags/clientes_dpt_etl_dag.py                                0           1  0.52s           2025-07-06T20:18:03                       5
/opt/airflow/dags/ener_fact_dpt_etl_dag.py                               0           1  0.51s           2025-07-06T20:18:03                       5
/opt/airflow/dags/clientes_sisdat_etl_dag.py                             0           1  0.51s           2025-07-06T20:18:01                       5
/opt/airflow/dags/potencia_etl_dag.py                                    0           1  0.50s           2025-07-06T20:18:10                       5
/opt/airflow/dags/ener_fact_sisdat_etl_dag.py                            0           1  0.48s           2025-07-06T20:18:01                       5
================================================================================
[2025-07-06T20:18:54.914+0000] {manager.py:997} INFO - 
================================================================================
DAG File Processing Stats

File Path                                       PID    Runtime      # DAGs    # Errors  Last Runtime    Last Run               Last # of DB Queries
----------------------------------------------  -----  ---------  --------  ----------  --------------  -------------------  ----------------------
/opt/airflow/dags/potencia_etl_dag.py                                    0           1  0.56s           2025-07-06T20:18:41                       5
/opt/airflow/dags/ener_fact_dpt_etl_dag.py                               0           1  0.54s           2025-07-06T20:18:34                       5
/opt/airflow/dags/clientes_dpt_etl_dag.py                                0           1  0.53s           2025-07-06T20:18:34                       5
/opt/airflow/dags/ener_suministrada_etl_dag.py                           0           1  0.51s           2025-07-06T20:18:31                       5
/opt/airflow/dags/ener_fact_sisdat_etl_dag.py                            0           1  0.48s           2025-07-06T20:18:32                       5
/opt/airflow/dags/clientes_sisdat_etl_dag.py                             0           1  0.48s           2025-07-06T20:18:32                       5
================================================================================
[2025-07-06T20:19:25.161+0000] {manager.py:997} INFO - 
================================================================================
DAG File Processing Stats

File Path                                       PID    Runtime      # DAGs    # Errors  Last Runtime    Last Run               Last # of DB Queries
----------------------------------------------  -----  ---------  --------  ----------  --------------  -------------------  ----------------------
/opt/airflow/dags/clientes_dpt_etl_dag.py                                0           1  0.55s           2025-07-06T20:19:04                       5
/opt/airflow/dags/ener_fact_dpt_etl_dag.py                               0           1  0.53s           2025-07-06T20:19:04                       5
/opt/airflow/dags/ener_fact_sisdat_etl_dag.py                            0           1  0.51s           2025-07-06T20:19:02                       5
/opt/airflow/dags/ener_suministrada_etl_dag.py                           0           1  0.49s           2025-07-06T20:19:02                       5
/opt/airflow/dags/potencia_etl_dag.py                                    0           1  0.49s           2025-07-06T20:19:12                       5
/opt/airflow/dags/clientes_sisdat_etl_dag.py                             0           1  0.48s           2025-07-06T20:19:03                       5
================================================================================
[2025-07-06T20:19:52.792+0000] {manager.py:821} INFO - Searching for files in /opt/airflow/dags
[2025-07-06T20:19:52.831+0000] {manager.py:824} INFO - There are 6 files in /opt/airflow/dags
[2025-07-06T20:19:55.311+0000] {manager.py:997} INFO - 
================================================================================
DAG File Processing Stats

File Path                                       PID    Runtime      # DAGs    # Errors  Last Runtime    Last Run               Last # of DB Queries
----------------------------------------------  -----  ---------  --------  ----------  --------------  -------------------  ----------------------
/opt/airflow/dags/ener_fact_sisdat_etl_dag.py                            0           1  0.95s           2025-07-06T20:19:34                       5
/opt/airflow/dags/clientes_dpt_etl_dag.py                                0           1  0.84s           2025-07-06T20:19:36                       5
/opt/airflow/dags/ener_fact_dpt_etl_dag.py                               0           1  0.82s           2025-07-06T20:19:36                       5
/opt/airflow/dags/clientes_sisdat_etl_dag.py                             0           1  0.67s           2025-07-06T20:19:34                       5
/opt/airflow/dags/ener_suministrada_etl_dag.py                           0           1  0.59s           2025-07-06T20:19:33                       5
/opt/airflow/dags/potencia_etl_dag.py                                    0           1  0.53s           2025-07-06T20:19:43                       5
================================================================================
[2025-07-06T20:20:25.540+0000] {manager.py:997} INFO - 
================================================================================
DAG File Processing Stats

File Path                                       PID    Runtime      # DAGs    # Errors  Last Runtime    Last Run               Last # of DB Queries
----------------------------------------------  -----  ---------  --------  ----------  --------------  -------------------  ----------------------
/opt/airflow/dags/ener_suministrada_etl_dag.py                           0           1  0.54s           2025-07-06T20:20:03                       5
/opt/airflow/dags/clientes_dpt_etl_dag.py                                0           1  0.53s           2025-07-06T20:20:06                       5
/opt/airflow/dags/ener_fact_dpt_etl_dag.py                               0           1  0.53s           2025-07-06T20:20:06                       5
/opt/airflow/dags/potencia_etl_dag.py                                    0           1  0.50s           2025-07-06T20:20:14                       5
/opt/airflow/dags/ener_fact_sisdat_etl_dag.py                            0           1  0.49s           2025-07-06T20:20:04                       5
/opt/airflow/dags/clientes_sisdat_etl_dag.py                             0           1  0.48s           2025-07-06T20:20:05                       5
================================================================================
[2025-07-06T20:20:55.906+0000] {manager.py:997} INFO - 
================================================================================
DAG File Processing Stats

File Path                                       PID    Runtime      # DAGs    # Errors  Last Runtime    Last Run               Last # of DB Queries
----------------------------------------------  -----  ---------  --------  ----------  --------------  -------------------  ----------------------
/opt/airflow/dags/clientes_sisdat_etl_dag.py                             0           1  0.59s           2025-07-06T20:20:36                       5
/opt/airflow/dags/ener_fact_sisdat_etl_dag.py                            0           1  0.58s           2025-07-06T20:20:36                       5
/opt/airflow/dags/ener_suministrada_etl_dag.py                           0           1  0.57s           2025-07-06T20:20:34                       5
/opt/airflow/dags/potencia_etl_dag.py                                    0           1  0.55s           2025-07-06T20:20:45                       5
/opt/airflow/dags/ener_fact_dpt_etl_dag.py                               0           1  0.54s           2025-07-06T20:20:37                       5
/opt/airflow/dags/clientes_dpt_etl_dag.py                                0           1  0.53s           2025-07-06T20:20:37                       5
================================================================================
[2025-07-06T20:21:26.397+0000] {manager.py:997} INFO - 
================================================================================
DAG File Processing Stats

File Path                                       PID    Runtime      # DAGs    # Errors  Last Runtime    Last Run               Last # of DB Queries
----------------------------------------------  -----  ---------  --------  ----------  --------------  -------------------  ----------------------
/opt/airflow/dags/ener_fact_dpt_etl_dag.py                               0           1  0.65s           2025-07-06T20:21:08                       5
/opt/airflow/dags/clientes_dpt_etl_dag.py                                0           1  0.60s           2025-07-06T20:21:08                       5
/opt/airflow/dags/clientes_sisdat_etl_dag.py                             0           1  0.59s           2025-07-06T20:21:07                       5
/opt/airflow/dags/ener_fact_sisdat_etl_dag.py                            0           1  0.58s           2025-07-06T20:21:07                       5
/opt/airflow/dags/potencia_etl_dag.py                                    0           1  0.53s           2025-07-06T20:21:16                       5
/opt/airflow/dags/ener_suministrada_etl_dag.py                           0           1  0.51s           2025-07-06T20:21:05                       5
================================================================================
[2025-07-06T20:21:56.823+0000] {manager.py:997} INFO - 
================================================================================
DAG File Processing Stats

File Path                                       PID    Runtime      # DAGs    # Errors  Last Runtime    Last Run               Last # of DB Queries
----------------------------------------------  -----  ---------  --------  ----------  --------------  -------------------  ----------------------
/opt/airflow/dags/clientes_dpt_etl_dag.py                                0           1  0.61s           2025-07-06T20:21:39                       5
/opt/airflow/dags/ener_fact_dpt_etl_dag.py                               0           1  0.58s           2025-07-06T20:21:39                       5
/opt/airflow/dags/clientes_sisdat_etl_dag.py                             0           1  0.58s           2025-07-06T20:21:38                       5
/opt/airflow/dags/ener_fact_sisdat_etl_dag.py                            0           1  0.57s           2025-07-06T20:21:38                       5
/opt/airflow/dags/ener_suministrada_etl_dag.py                           0           1  0.54s           2025-07-06T20:21:36                       5
/opt/airflow/dags/potencia_etl_dag.py                                    0           1  0.52s           2025-07-06T20:21:47                       5
================================================================================
[2025-07-06T20:22:27.176+0000] {manager.py:997} INFO - 
================================================================================
DAG File Processing Stats

File Path                                       PID    Runtime      # DAGs    # Errors  Last Runtime    Last Run               Last # of DB Queries
----------------------------------------------  -----  ---------  --------  ----------  --------------  -------------------  ----------------------
/opt/airflow/dags/ener_fact_dpt_etl_dag.py                               0           1  0.58s           2025-07-06T20:22:10                       5
/opt/airflow/dags/clientes_dpt_etl_dag.py                                0           1  0.56s           2025-07-06T20:22:10                       5
/opt/airflow/dags/potencia_etl_dag.py                                    0           1  0.53s           2025-07-06T20:22:18                       5
/opt/airflow/dags/ener_suministrada_etl_dag.py                           0           1  0.53s           2025-07-06T20:22:07                       5
/opt/airflow/dags/ener_fact_sisdat_etl_dag.py                            0           1  0.52s           2025-07-06T20:22:08                       5
/opt/airflow/dags/clientes_sisdat_etl_dag.py                             0           1  0.51s           2025-07-06T20:22:08                       5
================================================================================
[2025-07-06T20:22:57.267+0000] {manager.py:997} INFO - 
================================================================================
DAG File Processing Stats

File Path                                       PID    Runtime      # DAGs    # Errors  Last Runtime    Last Run               Last # of DB Queries
----------------------------------------------  -----  ---------  --------  ----------  --------------  -------------------  ----------------------
/opt/airflow/dags/ener_suministrada_etl_dag.py                           0           1  0.52s           2025-07-06T20:22:38                       5
/opt/airflow/dags/ener_fact_sisdat_etl_dag.py                            0           1  0.50s           2025-07-06T20:22:39                       5
/opt/airflow/dags/clientes_sisdat_etl_dag.py                             0           1  0.36s           2025-07-06T20:22:39                       5
/opt/airflow/dags/ener_fact_dpt_etl_dag.py                               0           1  0.33s           2025-07-06T20:22:41                       5
/opt/airflow/dags/clientes_dpt_etl_dag.py                                0           1  0.33s           2025-07-06T20:22:41                       5
/opt/airflow/dags/potencia_etl_dag.py                                    0           1  0.32s           2025-07-06T20:22:48                       5
================================================================================
[2025-07-06T20:23:27.496+0000] {manager.py:997} INFO - 
================================================================================
DAG File Processing Stats

File Path                                       PID    Runtime      # DAGs    # Errors  Last Runtime    Last Run               Last # of DB Queries
----------------------------------------------  -----  ---------  --------  ----------  --------------  -------------------  ----------------------
/opt/airflow/dags/ener_fact_sisdat_etl_dag.py                            0           1  0.36s           2025-07-06T20:23:11                       5
/opt/airflow/dags/clientes_sisdat_etl_dag.py                             0           1  0.35s           2025-07-06T20:23:11                       5
/opt/airflow/dags/ener_suministrada_etl_dag.py                           0           1  0.34s           2025-07-06T20:23:08                       5
/opt/airflow/dags/potencia_etl_dag.py                                    0           1  0.34s           2025-07-06T20:23:19                       5
/opt/airflow/dags/ener_fact_dpt_etl_dag.py                               0           1  0.34s           2025-07-06T20:23:12                       5
/opt/airflow/dags/clientes_dpt_etl_dag.py                                0           1  0.33s           2025-07-06T20:23:12                       5
================================================================================
[2025-07-06T20:23:53.282+0000] {manager.py:465} INFO - Exiting gracefully upon receiving signal 15
